#
# A fatal error has been detected by the Java Runtime Environment:
#
#  EXCEPTION_ACCESS_VIOLATION (0xc0000005) at pc=0x00007ff83342f71d, pid=137792, tid=130288
#
# JRE version: OpenJDK Runtime Environment (11.0.1+3) (build 11.0.0.1+3-5)
# Java VM: OpenJDK 64-Bit Server VM (11.0.0.1+3-5, mixed mode, tiered, compressed oops, g1 gc, windows-amd64)
# Problematic frame:
# C  [ntdll.dll+0x3f71d]
#
# No core dump will be written. Minidumps are not enabled by default on client versions of Windows
#
# If you would like to submit a bug report, please visit:
#   http://bugreport.java.com/bugreport/crash.jsp
# The crash happened outside the Java Virtual Machine in native code.
# See problematic frame for where to report the bug.
#

---------------  S U M M A R Y ------------

Command Line: -Dcom.sun.management.jmxremote -Dcom.sun.management.jmxremote.port=60452 -Dcom.sun.management.jmxremote.authenticate=false -Dcom.sun.management.jmxremote.ssl=false -Djava.rmi.server.hostname=localhost -Dspring.jmx.enabled=true -Dspring.liveBeansView.mbeanDomain -Dspring.application.admin.enabled=true -XX:TieredStopAtLevel=1 -Dspring.boot.project.name=backend -Dfile.encoding=utf-8 com.lostay.backend.BackendApplication --spring.output.ansi.enabled=always

Host: AMD Ryzen 7 5825U with Radeon Graphics         , 16 cores, 15G,  Windows 10 , 64 bit Build 22621 (10.0.22621.3958)
Time: Sun Nov  3 13:43:06 2024 대한민국 표준시 elapsed time: 1 seconds (0d 0h 0m 1s)

---------------  T H R E A D  ---------------

Current thread (0x000001c98ba2a800):  JavaThread "main" [_thread_in_native, id=130288, stack(0x00000045cae00000,0x00000045caf00000)]

Stack: [0x00000045cae00000,0x00000045caf00000],  sp=0x00000045caefd5d0,  free space=1013k
Native frames: (J=compiled Java code, j=interpreted, Vv=VM code, C=native code)
C  [ntdll.dll+0x3f71d]
C  [ntdll.dll+0x3d219]
C  [ucrtbase.dll+0x133ae]
C  [verify.dll+0x2540]
C  [verify.dll+0x1347]
V  [jvm.dll+0x764aa9]
V  [jvm.dll+0x7666e7]
V  [jvm.dll+0x37a62f]
V  [jvm.dll+0x3797fa]
V  [jvm.dll+0x379798]
V  [jvm.dll+0x536502]
V  [jvm.dll+0x535434]
V  [jvm.dll+0x38bb4b]
V  [jvm.dll+0x38b213]
C  0x000001c993d3ddf8

Java frames: (J=compiled Java code, j=interpreted, Vv=VM code)
j  org.apache.commons.logging.LogAdapter$Slf4jAdapter.createLocationAwareLog(Ljava/lang/String;)Lorg/apache/commons/logging/Log;+1
j  org.apache.commons.logging.LogAdapter.createLog(Ljava/lang/String;)Lorg/apache/commons/logging/Log;+42
j  org.apache.commons.logging.LogFactory.getLog(Ljava/lang/String;)Lorg/apache/commons/logging/Log;+1
j  org.apache.commons.logging.LogFactory.getLog(Ljava/lang/Class;)Lorg/apache/commons/logging/Log;+4
j  org.springframework.boot.SpringApplication.<clinit>()V+2
v  ~StubRoutines::call_stub
j  com.lostay.backend.BackendApplication.main([Ljava/lang/String;)V+3
v  ~StubRoutines::call_stub

siginfo: EXCEPTION_ACCESS_VIOLATION (0xc0000005), reading address 0x0000000e0000000d


Register to memory mapping:

RIP=0x00007ff83342f71d ntdll.dll
RAX=0x0000000e0000000d is an unknown value
RBX=0x000001c9896e0000 points into unknown readable memory
RCX=0x0000000000000007 is an unknown value
RDX=0x00007ff83352d0a0 ntdll.dll
RSP=0x00000045caefd5d0 is pointing into the stack for thread: 0x000001c98ba2a800
RBP=0x00000045caefd8c9 is pointing into the stack for thread: 0x000001c98ba2a800
RSI=0x000001c9b0f98e50 points into unknown readable memory
RDI=0x0000000000000007 is an unknown value
R8 =0x000001c9b0e2e860 points into unknown readable memory
R9 =0x000001c9896e0320 points into unknown readable memory
R10=0x0000000000000003 is an unknown value
R11=0x00000045caefd560 is pointing into the stack for thread: 0x000001c98ba2a800
R12=0x0 is NULL
R13=0x0 is NULL
R14=0x000001c9b0f99250 points into unknown readable memory
R15=0x000001c9b0f99260 points into unknown readable memory


Registers:
RAX=0x0000000e0000000d, RBX=0x000001c9896e0000, RCX=0x0000000000000007, RDX=0x00007ff83352d0a0
RSP=0x00000045caefd5d0, RBP=0x00000045caefd8c9, RSI=0x000001c9b0f98e50, RDI=0x0000000000000007
R8 =0x000001c9b0e2e860, R9 =0x000001c9896e0320, R10=0x0000000000000003, R11=0x00000045caefd560
R12=0x0000000000000000, R13=0x0000000000000000, R14=0x000001c9b0f99250, R15=0x000001c9b0f99260
RIP=0x00007ff83342f71d, EFLAGS=0x0000000000010293

Top of Stack: (sp=0x00000045caefd5d0)
0x00000045caefd5d0:   000001c9896e0000 000001c9b0f98e50
0x00000045caefd5e0:   000001c9b0f98e50 0000000000000047
0x00000045caefd5f0:   0000000000000047 0000000000000047
0x00000045caefd600:   00000001896e0001 000001c9b0f98e5a
0x00000045caefd610:   000001c9b0f92300 0000000000000000
0x00000045caefd620:   0000000000000000 0000000000000000
0x00000045caefd630:   0000000189770009 0000000000000040
0x00000045caefd640:   0000004700000000 000001c900000000
0x00000045caefd650:   0000000000000000 0000000000000047
0x00000045caefd660:   000001c9b0f98e50 0000000000000080
0x00000045caefd670:   0000004600000000 00007fff00000000
0x00000045caefd680:   00000000000007f0 000001c9b0f98e50
0x00000045caefd690:   0000000000000040 0000000000000000
0x00000045caefd6a0:   00007fffdf5eb580 000001c9896e0328
0x00000045caefd6b0:   000001c9896e0150 000001c9b0f98660
0x00000045caefd6c0:   0000000000000080 000001c9b0d70000 

Instructions: (pc=0x00007ff83342f71d)
0x00007ff83342f6fd:   00 00 41 0f b7 40 f8 66 89 44 24 60 0f b7 c0 48
0x00007ff83342f70d:   3b f8 0f 87 3f 11 00 00 4d 8d 7e 10 49 8b 40 08
0x00007ff83342f71d:   48 8b 08 49 3b c8 0f 85 dd 01 00 00 4d 89 07 49
0x00007ff83342f72d:   89 47 08 4c 89 38 4d 89 78 08 41 0f b7 46 08 48 



---------------  P R O C E S S  ---------------

Threads class SMR info:
_java_thread_list=0x000001c9b0f5a900, length=14, elements={
0x000001c98ba2a800, 0x000001c9b01f8000, 0x000001c9b0224800, 0x000001c9b028c000,
0x000001c9b0290000, 0x000001c9b0291000, 0x000001c9b029f800, 0x000001c9b01f1000,
0x000001c9b0452000, 0x000001c9b0453000, 0x000001c9b04cd800, 0x000001c9b0e15800,
0x000001c9b0e2d800, 0x000001c9b0f71800
}

Java Threads: ( => current thread )
=>0x000001c98ba2a800 JavaThread "main" [_thread_in_native, id=130288, stack(0x00000045cae00000,0x00000045caf00000)]
  0x000001c9b01f8000 JavaThread "Reference Handler" daemon [_thread_blocked, id=137808, stack(0x00000045cb500000,0x00000045cb600000)]
  0x000001c9b0224800 JavaThread "Finalizer" daemon [_thread_blocked, id=138412, stack(0x00000045cb600000,0x00000045cb700000)]
  0x000001c9b028c000 JavaThread "Signal Dispatcher" daemon [_thread_blocked, id=130204, stack(0x00000045cb700000,0x00000045cb800000)]
  0x000001c9b0290000 JavaThread "Attach Listener" daemon [_thread_blocked, id=138928, stack(0x00000045cb800000,0x00000045cb900000)]
  0x000001c9b0291000 JavaThread "C1 CompilerThread0" daemon [_thread_blocked, id=138592, stack(0x00000045cb900000,0x00000045cba00000)]
  0x000001c9b029f800 JavaThread "Sweeper thread" daemon [_thread_blocked, id=109448, stack(0x00000045cba00000,0x00000045cbb00000)]
  0x000001c9b01f1000 JavaThread "Common-Cleaner" daemon [_thread_blocked, id=138992, stack(0x00000045cbb00000,0x00000045cbc00000)]
  0x000001c9b0452000 JavaThread "C1 CompilerThread1" daemon [_thread_blocked, id=126400, stack(0x00000045cbc00000,0x00000045cbd00000)]
  0x000001c9b0453000 JavaThread "C1 CompilerThread2" daemon [_thread_blocked, id=139416, stack(0x00000045cbd00000,0x00000045cbe00000)]
  0x000001c9b04cd800 JavaThread "Service Thread" daemon [_thread_blocked, id=56816, stack(0x00000045cbe00000,0x00000045cbf00000)]
  0x000001c9b0e15800 JavaThread "RMI TCP Accept-0" daemon [_thread_in_native, id=130088, stack(0x00000045cbf00000,0x00000045cc000000)]
  0x000001c9b0e2d800 JavaThread "RMI TCP Accept-60452" daemon [_thread_in_native, id=138896, stack(0x00000045cc000000,0x00000045cc100000)]
  0x000001c9b0f71800 JavaThread "RMI TCP Accept-0" daemon [_thread_in_native, id=5864, stack(0x00000045cc100000,0x00000045cc200000)]

Other Threads:
  0x000001c9b01f2000 VMThread "VM Thread" [stack: 0x00000045cb400000,0x00000045cb500000] [id=128852]
  0x000001c9b0f73000 WatcherThread [stack: 0x00000045cc200000,0x00000045cc300000] [id=111432]
  0x000001c98ba43800 GCTaskThread "GC Thread#0" [stack: 0x00000045caf00000,0x00000045cb000000] [id=138036]
  0x000001c98ba9f800 ConcurrentGCThread "G1 Main Marker" [stack: 0x00000045cb000000,0x00000045cb100000] [id=132564]
  0x000001c98baa1000 ConcurrentGCThread "G1 Conc#0" [stack: 0x00000045cb100000,0x00000045cb200000] [id=127740]
  0x000001c9af84b000 ConcurrentGCThread "G1 Refine#0" [stack: 0x00000045cb200000,0x00000045cb300000] [id=129744]
  0x000001c9af84c000 ConcurrentGCThread "G1 Young RemSet Sampling" [stack: 0x00000045cb300000,0x00000045cb400000] [id=125524]

Threads with active compile tasks:

VM state:not at safepoint (normal execution)

VM Mutex/Monitor currently owned by a thread: None

Heap address: 0x0000000709800000, size: 3944 MB, Compressed Oops mode: Zero based, Oop shift amount: 3
Narrow klass base: 0x0000000800000000, Narrow klass shift: 0
Compressed class space size: 1073741824 Address: 0x0000000800000000

Heap:
 garbage-first heap   total 253952K, used 24576K [0x0000000709800000, 0x0000000800000000)
  region size 1024K, 21 young (21504K), 0 survivors (0K)
 Metaspace       used 12324K, capacity 12719K, committed 13056K, reserved 1060864K
  class space    used 1295K, capacity 1436K, committed 1536K, reserved 1048576K
Heap Regions: E=young(eden), S=young(survivor), O=old, HS=humongous(starts), HC=humongous(continues), CS=collection set, F=free, A=archive, TAMS=top-at-mark-start (previous, next)
|   0|0x0000000709800000, 0x0000000709900000, 0x0000000709900000|100%|HS|  |TAMS 0x0000000709800000, 0x0000000709800000| Complete 
|   1|0x0000000709900000, 0x0000000709a00000, 0x0000000709a00000|100%|HS|  |TAMS 0x0000000709900000, 0x0000000709900000| Complete 
|   2|0x0000000709a00000, 0x0000000709b00000, 0x0000000709b00000|100%|HS|  |TAMS 0x0000000709a00000, 0x0000000709a00000| Complete 
|   3|0x0000000709b00000, 0x0000000709c00000, 0x0000000709c00000|100%|HS|  |TAMS 0x0000000709b00000, 0x0000000709b00000| Complete 
|   4|0x0000000709c00000, 0x0000000709d00000, 0x0000000709d00000|100%|HC|  |TAMS 0x0000000709c00000, 0x0000000709c00000| Complete 
|   5|0x0000000709d00000, 0x0000000709d00000, 0x0000000709e00000|  0%| F|  |TAMS 0x0000000709d00000, 0x0000000709d00000| Untracked 
|   6|0x0000000709e00000, 0x0000000709e00000, 0x0000000709f00000|  0%| F|  |TAMS 0x0000000709e00000, 0x0000000709e00000| Untracked 
|   7|0x0000000709f00000, 0x0000000709f00000, 0x000000070a000000|  0%| F|  |TAMS 0x0000000709f00000, 0x0000000709f00000| Untracked 
|   8|0x000000070a000000, 0x000000070a000000, 0x000000070a100000|  0%| F|  |TAMS 0x000000070a000000, 0x000000070a000000| Untracked 
|   9|0x000000070a100000, 0x000000070a100000, 0x000000070a200000|  0%| F|  |TAMS 0x000000070a100000, 0x000000070a100000| Untracked 
|  10|0x000000070a200000, 0x000000070a200000, 0x000000070a300000|  0%| F|  |TAMS 0x000000070a200000, 0x000000070a200000| Untracked 
|  11|0x000000070a300000, 0x000000070a300000, 0x000000070a400000|  0%| F|  |TAMS 0x000000070a300000, 0x000000070a300000| Untracked 
|  12|0x000000070a400000, 0x000000070a400000, 0x000000070a500000|  0%| F|  |TAMS 0x000000070a400000, 0x000000070a400000| Untracked 
|  13|0x000000070a500000, 0x000000070a500000, 0x000000070a600000|  0%| F|  |TAMS 0x000000070a500000, 0x000000070a500000| Untracked 
|  14|0x000000070a600000, 0x000000070a600000, 0x000000070a700000|  0%| F|  |TAMS 0x000000070a600000, 0x000000070a600000| Untracked 
|  15|0x000000070a700000, 0x000000070a700000, 0x000000070a800000|  0%| F|  |TAMS 0x000000070a700000, 0x000000070a700000| Untracked 
|  16|0x000000070a800000, 0x000000070a800000, 0x000000070a900000|  0%| F|  |TAMS 0x000000070a800000, 0x000000070a800000| Untracked 
|  17|0x000000070a900000, 0x000000070a900000, 0x000000070aa00000|  0%| F|  |TAMS 0x000000070a900000, 0x000000070a900000| Untracked 
|  18|0x000000070aa00000, 0x000000070aa00000, 0x000000070ab00000|  0%| F|  |TAMS 0x000000070aa00000, 0x000000070aa00000| Untracked 
|  19|0x000000070ab00000, 0x000000070ab00000, 0x000000070ac00000|  0%| F|  |TAMS 0x000000070ab00000, 0x000000070ab00000| Untracked 
|  20|0x000000070ac00000, 0x000000070ac00000, 0x000000070ad00000|  0%| F|  |TAMS 0x000000070ac00000, 0x000000070ac00000| Untracked 
|  21|0x000000070ad00000, 0x000000070ad00000, 0x000000070ae00000|  0%| F|  |TAMS 0x000000070ad00000, 0x000000070ad00000| Untracked 
|  22|0x000000070ae00000, 0x000000070ae00000, 0x000000070af00000|  0%| F|  |TAMS 0x000000070ae00000, 0x000000070ae00000| Untracked 
|  23|0x000000070af00000, 0x000000070af00000, 0x000000070b000000|  0%| F|  |TAMS 0x000000070af00000, 0x000000070af00000| Untracked 
|  24|0x000000070b000000, 0x000000070b000000, 0x000000070b100000|  0%| F|  |TAMS 0x000000070b000000, 0x000000070b000000| Untracked 
|  25|0x000000070b100000, 0x000000070b100000, 0x000000070b200000|  0%| F|  |TAMS 0x000000070b100000, 0x000000070b100000| Untracked 
|  26|0x000000070b200000, 0x000000070b200000, 0x000000070b300000|  0%| F|  |TAMS 0x000000070b200000, 0x000000070b200000| Untracked 
|  27|0x000000070b300000, 0x000000070b300000, 0x000000070b400000|  0%| F|  |TAMS 0x000000070b300000, 0x000000070b300000| Untracked 
|  28|0x000000070b400000, 0x000000070b400000, 0x000000070b500000|  0%| F|  |TAMS 0x000000070b400000, 0x000000070b400000| Untracked 
|  29|0x000000070b500000, 0x000000070b500000, 0x000000070b600000|  0%| F|  |TAMS 0x000000070b500000, 0x000000070b500000| Untracked 
|  30|0x000000070b600000, 0x000000070b600000, 0x000000070b700000|  0%| F|  |TAMS 0x000000070b600000, 0x000000070b600000| Untracked 
|  31|0x000000070b700000, 0x000000070b700000, 0x000000070b800000|  0%| F|  |TAMS 0x000000070b700000, 0x000000070b700000| Untracked 
|  32|0x000000070b800000, 0x000000070b800000, 0x000000070b900000|  0%| F|  |TAMS 0x000000070b800000, 0x000000070b800000| Untracked 
|  33|0x000000070b900000, 0x000000070b900000, 0x000000070ba00000|  0%| F|  |TAMS 0x000000070b900000, 0x000000070b900000| Untracked 
|  34|0x000000070ba00000, 0x000000070ba00000, 0x000000070bb00000|  0%| F|  |TAMS 0x000000070ba00000, 0x000000070ba00000| Untracked 
|  35|0x000000070bb00000, 0x000000070bb00000, 0x000000070bc00000|  0%| F|  |TAMS 0x000000070bb00000, 0x000000070bb00000| Untracked 
|  36|0x000000070bc00000, 0x000000070bc00000, 0x000000070bd00000|  0%| F|  |TAMS 0x000000070bc00000, 0x000000070bc00000| Untracked 
|  37|0x000000070bd00000, 0x000000070bd00000, 0x000000070be00000|  0%| F|  |TAMS 0x000000070bd00000, 0x000000070bd00000| Untracked 
|  38|0x000000070be00000, 0x000000070be00000, 0x000000070bf00000|  0%| F|  |TAMS 0x000000070be00000, 0x000000070be00000| Untracked 
|  39|0x000000070bf00000, 0x000000070bf00000, 0x000000070c000000|  0%| F|  |TAMS 0x000000070bf00000, 0x000000070bf00000| Untracked 
|  40|0x000000070c000000, 0x000000070c000000, 0x000000070c100000|  0%| F|  |TAMS 0x000000070c000000, 0x000000070c000000| Untracked 
|  41|0x000000070c100000, 0x000000070c100000, 0x000000070c200000|  0%| F|  |TAMS 0x000000070c100000, 0x000000070c100000| Untracked 
|  42|0x000000070c200000, 0x000000070c200000, 0x000000070c300000|  0%| F|  |TAMS 0x000000070c200000, 0x000000070c200000| Untracked 
|  43|0x000000070c300000, 0x000000070c300000, 0x000000070c400000|  0%| F|  |TAMS 0x000000070c300000, 0x000000070c300000| Untracked 
|  44|0x000000070c400000, 0x000000070c400000, 0x000000070c500000|  0%| F|  |TAMS 0x000000070c400000, 0x000000070c400000| Untracked 
|  45|0x000000070c500000, 0x000000070c500000, 0x000000070c600000|  0%| F|  |TAMS 0x000000070c500000, 0x000000070c500000| Untracked 
|  46|0x000000070c600000, 0x000000070c600000, 0x000000070c700000|  0%| F|  |TAMS 0x000000070c600000, 0x000000070c600000| Untracked 
|  47|0x000000070c700000, 0x000000070c700000, 0x000000070c800000|  0%| F|  |TAMS 0x000000070c700000, 0x000000070c700000| Untracked 
|  48|0x000000070c800000, 0x000000070c800000, 0x000000070c900000|  0%| F|  |TAMS 0x000000070c800000, 0x000000070c800000| Untracked 
|  49|0x000000070c900000, 0x000000070c900000, 0x000000070ca00000|  0%| F|  |TAMS 0x000000070c900000, 0x000000070c900000| Untracked 
|  50|0x000000070ca00000, 0x000000070ca00000, 0x000000070cb00000|  0%| F|  |TAMS 0x000000070ca00000, 0x000000070ca00000| Untracked 
|  51|0x000000070cb00000, 0x000000070cb00000, 0x000000070cc00000|  0%| F|  |TAMS 0x000000070cb00000, 0x000000070cb00000| Untracked 
|  52|0x000000070cc00000, 0x000000070cc00000, 0x000000070cd00000|  0%| F|  |TAMS 0x000000070cc00000, 0x000000070cc00000| Untracked 
|  53|0x000000070cd00000, 0x000000070cd00000, 0x000000070ce00000|  0%| F|  |TAMS 0x000000070cd00000, 0x000000070cd00000| Untracked 
|  54|0x000000070ce00000, 0x000000070ce00000, 0x000000070cf00000|  0%| F|  |TAMS 0x000000070ce00000, 0x000000070ce00000| Untracked 
|  55|0x000000070cf00000, 0x000000070cf00000, 0x000000070d000000|  0%| F|  |TAMS 0x000000070cf00000, 0x000000070cf00000| Untracked 
|  56|0x000000070d000000, 0x000000070d000000, 0x000000070d100000|  0%| F|  |TAMS 0x000000070d000000, 0x000000070d000000| Untracked 
|  57|0x000000070d100000, 0x000000070d100000, 0x000000070d200000|  0%| F|  |TAMS 0x000000070d100000, 0x000000070d100000| Untracked 
|  58|0x000000070d200000, 0x000000070d200000, 0x000000070d300000|  0%| F|  |TAMS 0x000000070d200000, 0x000000070d200000| Untracked 
|  59|0x000000070d300000, 0x000000070d300000, 0x000000070d400000|  0%| F|  |TAMS 0x000000070d300000, 0x000000070d300000| Untracked 
|  60|0x000000070d400000, 0x000000070d400000, 0x000000070d500000|  0%| F|  |TAMS 0x000000070d400000, 0x000000070d400000| Untracked 
|  61|0x000000070d500000, 0x000000070d500000, 0x000000070d600000|  0%| F|  |TAMS 0x000000070d500000, 0x000000070d500000| Untracked 
|  62|0x000000070d600000, 0x000000070d600000, 0x000000070d700000|  0%| F|  |TAMS 0x000000070d600000, 0x000000070d600000| Untracked 
|  63|0x000000070d700000, 0x000000070d700000, 0x000000070d800000|  0%| F|  |TAMS 0x000000070d700000, 0x000000070d700000| Untracked 
|  64|0x000000070d800000, 0x000000070d800000, 0x000000070d900000|  0%| F|  |TAMS 0x000000070d800000, 0x000000070d800000| Untracked 
|  65|0x000000070d900000, 0x000000070d900000, 0x000000070da00000|  0%| F|  |TAMS 0x000000070d900000, 0x000000070d900000| Untracked 
|  66|0x000000070da00000, 0x000000070da00000, 0x000000070db00000|  0%| F|  |TAMS 0x000000070da00000, 0x000000070da00000| Untracked 
|  67|0x000000070db00000, 0x000000070db00000, 0x000000070dc00000|  0%| F|  |TAMS 0x000000070db00000, 0x000000070db00000| Untracked 
|  68|0x000000070dc00000, 0x000000070dc00000, 0x000000070dd00000|  0%| F|  |TAMS 0x000000070dc00000, 0x000000070dc00000| Untracked 
|  69|0x000000070dd00000, 0x000000070dd00000, 0x000000070de00000|  0%| F|  |TAMS 0x000000070dd00000, 0x000000070dd00000| Untracked 
|  70|0x000000070de00000, 0x000000070de00000, 0x000000070df00000|  0%| F|  |TAMS 0x000000070de00000, 0x000000070de00000| Untracked 
|  71|0x000000070df00000, 0x000000070df00000, 0x000000070e000000|  0%| F|  |TAMS 0x000000070df00000, 0x000000070df00000| Untracked 
|  72|0x000000070e000000, 0x000000070e000000, 0x000000070e100000|  0%| F|  |TAMS 0x000000070e000000, 0x000000070e000000| Untracked 
|  73|0x000000070e100000, 0x000000070e100000, 0x000000070e200000|  0%| F|  |TAMS 0x000000070e100000, 0x000000070e100000| Untracked 
|  74|0x000000070e200000, 0x000000070e200000, 0x000000070e300000|  0%| F|  |TAMS 0x000000070e200000, 0x000000070e200000| Untracked 
|  75|0x000000070e300000, 0x000000070e300000, 0x000000070e400000|  0%| F|  |TAMS 0x000000070e300000, 0x000000070e300000| Untracked 
|  76|0x000000070e400000, 0x000000070e400000, 0x000000070e500000|  0%| F|  |TAMS 0x000000070e400000, 0x000000070e400000| Untracked 
|  77|0x000000070e500000, 0x000000070e500000, 0x000000070e600000|  0%| F|  |TAMS 0x000000070e500000, 0x000000070e500000| Untracked 
|  78|0x000000070e600000, 0x000000070e600000, 0x000000070e700000|  0%| F|  |TAMS 0x000000070e600000, 0x000000070e600000| Untracked 
|  79|0x000000070e700000, 0x000000070e700000, 0x000000070e800000|  0%| F|  |TAMS 0x000000070e700000, 0x000000070e700000| Untracked 
|  80|0x000000070e800000, 0x000000070e800000, 0x000000070e900000|  0%| F|  |TAMS 0x000000070e800000, 0x000000070e800000| Untracked 
|  81|0x000000070e900000, 0x000000070e900000, 0x000000070ea00000|  0%| F|  |TAMS 0x000000070e900000, 0x000000070e900000| Untracked 
|  82|0x000000070ea00000, 0x000000070ea00000, 0x000000070eb00000|  0%| F|  |TAMS 0x000000070ea00000, 0x000000070ea00000| Untracked 
|  83|0x000000070eb00000, 0x000000070eb00000, 0x000000070ec00000|  0%| F|  |TAMS 0x000000070eb00000, 0x000000070eb00000| Untracked 
|  84|0x000000070ec00000, 0x000000070ec00000, 0x000000070ed00000|  0%| F|  |TAMS 0x000000070ec00000, 0x000000070ec00000| Untracked 
|  85|0x000000070ed00000, 0x000000070ed00000, 0x000000070ee00000|  0%| F|  |TAMS 0x000000070ed00000, 0x000000070ed00000| Untracked 
|  86|0x000000070ee00000, 0x000000070ee00000, 0x000000070ef00000|  0%| F|  |TAMS 0x000000070ee00000, 0x000000070ee00000| Untracked 
|  87|0x000000070ef00000, 0x000000070ef00000, 0x000000070f000000|  0%| F|  |TAMS 0x000000070ef00000, 0x000000070ef00000| Untracked 
|  88|0x000000070f000000, 0x000000070f000000, 0x000000070f100000|  0%| F|  |TAMS 0x000000070f000000, 0x000000070f000000| Untracked 
|  89|0x000000070f100000, 0x000000070f100000, 0x000000070f200000|  0%| F|  |TAMS 0x000000070f100000, 0x000000070f100000| Untracked 
|  90|0x000000070f200000, 0x000000070f200000, 0x000000070f300000|  0%| F|  |TAMS 0x000000070f200000, 0x000000070f200000| Untracked 
|  91|0x000000070f300000, 0x000000070f300000, 0x000000070f400000|  0%| F|  |TAMS 0x000000070f300000, 0x000000070f300000| Untracked 
|  92|0x000000070f400000, 0x000000070f400000, 0x000000070f500000|  0%| F|  |TAMS 0x000000070f400000, 0x000000070f400000| Untracked 
|  93|0x000000070f500000, 0x000000070f500000, 0x000000070f600000|  0%| F|  |TAMS 0x000000070f500000, 0x000000070f500000| Untracked 
|  94|0x000000070f600000, 0x000000070f600000, 0x000000070f700000|  0%| F|  |TAMS 0x000000070f600000, 0x000000070f600000| Untracked 
|  95|0x000000070f700000, 0x000000070f700000, 0x000000070f800000|  0%| F|  |TAMS 0x000000070f700000, 0x000000070f700000| Untracked 
|  96|0x000000070f800000, 0x000000070f800000, 0x000000070f900000|  0%| F|  |TAMS 0x000000070f800000, 0x000000070f800000| Untracked 
|  97|0x000000070f900000, 0x000000070f900000, 0x000000070fa00000|  0%| F|  |TAMS 0x000000070f900000, 0x000000070f900000| Untracked 
|  98|0x000000070fa00000, 0x000000070fa00000, 0x000000070fb00000|  0%| F|  |TAMS 0x000000070fa00000, 0x000000070fa00000| Untracked 
|  99|0x000000070fb00000, 0x000000070fb00000, 0x000000070fc00000|  0%| F|  |TAMS 0x000000070fb00000, 0x000000070fb00000| Untracked 
| 100|0x000000070fc00000, 0x000000070fc00000, 0x000000070fd00000|  0%| F|  |TAMS 0x000000070fc00000, 0x000000070fc00000| Untracked 
| 101|0x000000070fd00000, 0x000000070fd00000, 0x000000070fe00000|  0%| F|  |TAMS 0x000000070fd00000, 0x000000070fd00000| Untracked 
| 102|0x000000070fe00000, 0x000000070fe00000, 0x000000070ff00000|  0%| F|  |TAMS 0x000000070fe00000, 0x000000070fe00000| Untracked 
| 103|0x000000070ff00000, 0x000000070ff00000, 0x0000000710000000|  0%| F|  |TAMS 0x000000070ff00000, 0x000000070ff00000| Untracked 
| 104|0x0000000710000000, 0x0000000710000000, 0x0000000710100000|  0%| F|  |TAMS 0x0000000710000000, 0x0000000710000000| Untracked 
| 105|0x0000000710100000, 0x0000000710100000, 0x0000000710200000|  0%| F|  |TAMS 0x0000000710100000, 0x0000000710100000| Untracked 
| 106|0x0000000710200000, 0x0000000710200000, 0x0000000710300000|  0%| F|  |TAMS 0x0000000710200000, 0x0000000710200000| Untracked 
| 107|0x0000000710300000, 0x0000000710300000, 0x0000000710400000|  0%| F|  |TAMS 0x0000000710300000, 0x0000000710300000| Untracked 
| 108|0x0000000710400000, 0x0000000710400000, 0x0000000710500000|  0%| F|  |TAMS 0x0000000710400000, 0x0000000710400000| Untracked 
| 109|0x0000000710500000, 0x0000000710500000, 0x0000000710600000|  0%| F|  |TAMS 0x0000000710500000, 0x0000000710500000| Untracked 
| 110|0x0000000710600000, 0x0000000710600000, 0x0000000710700000|  0%| F|  |TAMS 0x0000000710600000, 0x0000000710600000| Untracked 
| 111|0x0000000710700000, 0x0000000710700000, 0x0000000710800000|  0%| F|  |TAMS 0x0000000710700000, 0x0000000710700000| Untracked 
| 112|0x0000000710800000, 0x0000000710800000, 0x0000000710900000|  0%| F|  |TAMS 0x0000000710800000, 0x0000000710800000| Untracked 
| 113|0x0000000710900000, 0x0000000710900000, 0x0000000710a00000|  0%| F|  |TAMS 0x0000000710900000, 0x0000000710900000| Untracked 
| 114|0x0000000710a00000, 0x0000000710a00000, 0x0000000710b00000|  0%| F|  |TAMS 0x0000000710a00000, 0x0000000710a00000| Untracked 
| 115|0x0000000710b00000, 0x0000000710b00000, 0x0000000710c00000|  0%| F|  |TAMS 0x0000000710b00000, 0x0000000710b00000| Untracked 
| 116|0x0000000710c00000, 0x0000000710c00000, 0x0000000710d00000|  0%| F|  |TAMS 0x0000000710c00000, 0x0000000710c00000| Untracked 
| 117|0x0000000710d00000, 0x0000000710d00000, 0x0000000710e00000|  0%| F|  |TAMS 0x0000000710d00000, 0x0000000710d00000| Untracked 
| 118|0x0000000710e00000, 0x0000000710e00000, 0x0000000710f00000|  0%| F|  |TAMS 0x0000000710e00000, 0x0000000710e00000| Untracked 
| 119|0x0000000710f00000, 0x0000000710f00000, 0x0000000711000000|  0%| F|  |TAMS 0x0000000710f00000, 0x0000000710f00000| Untracked 
| 120|0x0000000711000000, 0x0000000711000000, 0x0000000711100000|  0%| F|  |TAMS 0x0000000711000000, 0x0000000711000000| Untracked 
| 121|0x0000000711100000, 0x0000000711100000, 0x0000000711200000|  0%| F|  |TAMS 0x0000000711100000, 0x0000000711100000| Untracked 
| 122|0x0000000711200000, 0x0000000711200000, 0x0000000711300000|  0%| F|  |TAMS 0x0000000711200000, 0x0000000711200000| Untracked 
| 123|0x0000000711300000, 0x0000000711300000, 0x0000000711400000|  0%| F|  |TAMS 0x0000000711300000, 0x0000000711300000| Untracked 
| 124|0x0000000711400000, 0x0000000711400000, 0x0000000711500000|  0%| F|  |TAMS 0x0000000711400000, 0x0000000711400000| Untracked 
| 125|0x0000000711500000, 0x0000000711500000, 0x0000000711600000|  0%| F|  |TAMS 0x0000000711500000, 0x0000000711500000| Untracked 
| 126|0x0000000711600000, 0x0000000711600000, 0x0000000711700000|  0%| F|  |TAMS 0x0000000711600000, 0x0000000711600000| Untracked 
| 127|0x0000000711700000, 0x0000000711700000, 0x0000000711800000|  0%| F|  |TAMS 0x0000000711700000, 0x0000000711700000| Untracked 
| 128|0x0000000711800000, 0x0000000711800000, 0x0000000711900000|  0%| F|  |TAMS 0x0000000711800000, 0x0000000711800000| Untracked 
| 129|0x0000000711900000, 0x0000000711900000, 0x0000000711a00000|  0%| F|  |TAMS 0x0000000711900000, 0x0000000711900000| Untracked 
| 130|0x0000000711a00000, 0x0000000711a00000, 0x0000000711b00000|  0%| F|  |TAMS 0x0000000711a00000, 0x0000000711a00000| Untracked 
| 131|0x0000000711b00000, 0x0000000711b00000, 0x0000000711c00000|  0%| F|  |TAMS 0x0000000711b00000, 0x0000000711b00000| Untracked 
| 132|0x0000000711c00000, 0x0000000711c00000, 0x0000000711d00000|  0%| F|  |TAMS 0x0000000711c00000, 0x0000000711c00000| Untracked 
| 133|0x0000000711d00000, 0x0000000711d00000, 0x0000000711e00000|  0%| F|  |TAMS 0x0000000711d00000, 0x0000000711d00000| Untracked 
| 134|0x0000000711e00000, 0x0000000711e00000, 0x0000000711f00000|  0%| F|  |TAMS 0x0000000711e00000, 0x0000000711e00000| Untracked 
| 135|0x0000000711f00000, 0x0000000711f00000, 0x0000000712000000|  0%| F|  |TAMS 0x0000000711f00000, 0x0000000711f00000| Untracked 
| 136|0x0000000712000000, 0x0000000712000000, 0x0000000712100000|  0%| F|  |TAMS 0x0000000712000000, 0x0000000712000000| Untracked 
| 137|0x0000000712100000, 0x0000000712100000, 0x0000000712200000|  0%| F|  |TAMS 0x0000000712100000, 0x0000000712100000| Untracked 
| 138|0x0000000712200000, 0x0000000712200000, 0x0000000712300000|  0%| F|  |TAMS 0x0000000712200000, 0x0000000712200000| Untracked 
| 139|0x0000000712300000, 0x0000000712300000, 0x0000000712400000|  0%| F|  |TAMS 0x0000000712300000, 0x0000000712300000| Untracked 
| 140|0x0000000712400000, 0x0000000712400000, 0x0000000712500000|  0%| F|  |TAMS 0x0000000712400000, 0x0000000712400000| Untracked 
| 141|0x0000000712500000, 0x0000000712500000, 0x0000000712600000|  0%| F|  |TAMS 0x0000000712500000, 0x0000000712500000| Untracked 
| 142|0x0000000712600000, 0x0000000712600000, 0x0000000712700000|  0%| F|  |TAMS 0x0000000712600000, 0x0000000712600000| Untracked 
| 143|0x0000000712700000, 0x0000000712700000, 0x0000000712800000|  0%| F|  |TAMS 0x0000000712700000, 0x0000000712700000| Untracked 
| 144|0x0000000712800000, 0x0000000712800000, 0x0000000712900000|  0%| F|  |TAMS 0x0000000712800000, 0x0000000712800000| Untracked 
| 145|0x0000000712900000, 0x0000000712900000, 0x0000000712a00000|  0%| F|  |TAMS 0x0000000712900000, 0x0000000712900000| Untracked 
| 146|0x0000000712a00000, 0x0000000712a00000, 0x0000000712b00000|  0%| F|  |TAMS 0x0000000712a00000, 0x0000000712a00000| Untracked 
| 147|0x0000000712b00000, 0x0000000712b00000, 0x0000000712c00000|  0%| F|  |TAMS 0x0000000712b00000, 0x0000000712b00000| Untracked 
| 148|0x0000000712c00000, 0x0000000712c00000, 0x0000000712d00000|  0%| F|  |TAMS 0x0000000712c00000, 0x0000000712c00000| Untracked 
| 149|0x0000000712d00000, 0x0000000712d00000, 0x0000000712e00000|  0%| F|  |TAMS 0x0000000712d00000, 0x0000000712d00000| Untracked 
| 150|0x0000000712e00000, 0x0000000712e00000, 0x0000000712f00000|  0%| F|  |TAMS 0x0000000712e00000, 0x0000000712e00000| Untracked 
| 151|0x0000000712f00000, 0x0000000712f00000, 0x0000000713000000|  0%| F|  |TAMS 0x0000000712f00000, 0x0000000712f00000| Untracked 
| 152|0x0000000713000000, 0x0000000713000000, 0x0000000713100000|  0%| F|  |TAMS 0x0000000713000000, 0x0000000713000000| Untracked 
| 153|0x0000000713100000, 0x0000000713100000, 0x0000000713200000|  0%| F|  |TAMS 0x0000000713100000, 0x0000000713100000| Untracked 
| 154|0x0000000713200000, 0x0000000713200000, 0x0000000713300000|  0%| F|  |TAMS 0x0000000713200000, 0x0000000713200000| Untracked 
| 155|0x0000000713300000, 0x0000000713300000, 0x0000000713400000|  0%| F|  |TAMS 0x0000000713300000, 0x0000000713300000| Untracked 
| 156|0x0000000713400000, 0x0000000713400000, 0x0000000713500000|  0%| F|  |TAMS 0x0000000713400000, 0x0000000713400000| Untracked 
| 157|0x0000000713500000, 0x0000000713500000, 0x0000000713600000|  0%| F|  |TAMS 0x0000000713500000, 0x0000000713500000| Untracked 
| 158|0x0000000713600000, 0x0000000713600000, 0x0000000713700000|  0%| F|  |TAMS 0x0000000713600000, 0x0000000713600000| Untracked 
| 159|0x0000000713700000, 0x0000000713700000, 0x0000000713800000|  0%| F|  |TAMS 0x0000000713700000, 0x0000000713700000| Untracked 
| 160|0x0000000713800000, 0x0000000713800000, 0x0000000713900000|  0%| F|  |TAMS 0x0000000713800000, 0x0000000713800000| Untracked 
| 161|0x0000000713900000, 0x0000000713900000, 0x0000000713a00000|  0%| F|  |TAMS 0x0000000713900000, 0x0000000713900000| Untracked 
| 162|0x0000000713a00000, 0x0000000713a00000, 0x0000000713b00000|  0%| F|  |TAMS 0x0000000713a00000, 0x0000000713a00000| Untracked 
| 163|0x0000000713b00000, 0x0000000713b00000, 0x0000000713c00000|  0%| F|  |TAMS 0x0000000713b00000, 0x0000000713b00000| Untracked 
| 164|0x0000000713c00000, 0x0000000713c00000, 0x0000000713d00000|  0%| F|  |TAMS 0x0000000713c00000, 0x0000000713c00000| Untracked 
| 165|0x0000000713d00000, 0x0000000713d00000, 0x0000000713e00000|  0%| F|  |TAMS 0x0000000713d00000, 0x0000000713d00000| Untracked 
| 166|0x0000000713e00000, 0x0000000713e00000, 0x0000000713f00000|  0%| F|  |TAMS 0x0000000713e00000, 0x0000000713e00000| Untracked 
| 167|0x0000000713f00000, 0x0000000713f00000, 0x0000000714000000|  0%| F|  |TAMS 0x0000000713f00000, 0x0000000713f00000| Untracked 
| 168|0x0000000714000000, 0x0000000714000000, 0x0000000714100000|  0%| F|  |TAMS 0x0000000714000000, 0x0000000714000000| Untracked 
| 169|0x0000000714100000, 0x0000000714100000, 0x0000000714200000|  0%| F|  |TAMS 0x0000000714100000, 0x0000000714100000| Untracked 
| 170|0x0000000714200000, 0x0000000714200000, 0x0000000714300000|  0%| F|  |TAMS 0x0000000714200000, 0x0000000714200000| Untracked 
| 171|0x0000000714300000, 0x0000000714300000, 0x0000000714400000|  0%| F|  |TAMS 0x0000000714300000, 0x0000000714300000| Untracked 
| 172|0x0000000714400000, 0x0000000714400000, 0x0000000714500000|  0%| F|  |TAMS 0x0000000714400000, 0x0000000714400000| Untracked 
| 173|0x0000000714500000, 0x0000000714500000, 0x0000000714600000|  0%| F|  |TAMS 0x0000000714500000, 0x0000000714500000| Untracked 
| 174|0x0000000714600000, 0x0000000714600000, 0x0000000714700000|  0%| F|  |TAMS 0x0000000714600000, 0x0000000714600000| Untracked 
| 175|0x0000000714700000, 0x0000000714700000, 0x0000000714800000|  0%| F|  |TAMS 0x0000000714700000, 0x0000000714700000| Untracked 
| 176|0x0000000714800000, 0x0000000714800000, 0x0000000714900000|  0%| F|  |TAMS 0x0000000714800000, 0x0000000714800000| Untracked 
| 177|0x0000000714900000, 0x0000000714900000, 0x0000000714a00000|  0%| F|  |TAMS 0x0000000714900000, 0x0000000714900000| Untracked 
| 178|0x0000000714a00000, 0x0000000714a00000, 0x0000000714b00000|  0%| F|  |TAMS 0x0000000714a00000, 0x0000000714a00000| Untracked 
| 179|0x0000000714b00000, 0x0000000714b00000, 0x0000000714c00000|  0%| F|  |TAMS 0x0000000714b00000, 0x0000000714b00000| Untracked 
| 180|0x0000000714c00000, 0x0000000714c00000, 0x0000000714d00000|  0%| F|  |TAMS 0x0000000714c00000, 0x0000000714c00000| Untracked 
| 181|0x0000000714d00000, 0x0000000714d00000, 0x0000000714e00000|  0%| F|  |TAMS 0x0000000714d00000, 0x0000000714d00000| Untracked 
| 182|0x0000000714e00000, 0x0000000714e00000, 0x0000000714f00000|  0%| F|  |TAMS 0x0000000714e00000, 0x0000000714e00000| Untracked 
| 183|0x0000000714f00000, 0x0000000714f00000, 0x0000000715000000|  0%| F|  |TAMS 0x0000000714f00000, 0x0000000714f00000| Untracked 
| 184|0x0000000715000000, 0x0000000715000000, 0x0000000715100000|  0%| F|  |TAMS 0x0000000715000000, 0x0000000715000000| Untracked 
| 185|0x0000000715100000, 0x0000000715100000, 0x0000000715200000|  0%| F|  |TAMS 0x0000000715100000, 0x0000000715100000| Untracked 
| 186|0x0000000715200000, 0x0000000715200000, 0x0000000715300000|  0%| F|  |TAMS 0x0000000715200000, 0x0000000715200000| Untracked 
| 187|0x0000000715300000, 0x0000000715300000, 0x0000000715400000|  0%| F|  |TAMS 0x0000000715300000, 0x0000000715300000| Untracked 
| 188|0x0000000715400000, 0x0000000715400000, 0x0000000715500000|  0%| F|  |TAMS 0x0000000715400000, 0x0000000715400000| Untracked 
| 189|0x0000000715500000, 0x0000000715500000, 0x0000000715600000|  0%| F|  |TAMS 0x0000000715500000, 0x0000000715500000| Untracked 
| 190|0x0000000715600000, 0x0000000715600000, 0x0000000715700000|  0%| F|  |TAMS 0x0000000715600000, 0x0000000715600000| Untracked 
| 191|0x0000000715700000, 0x0000000715700000, 0x0000000715800000|  0%| F|  |TAMS 0x0000000715700000, 0x0000000715700000| Untracked 
| 192|0x0000000715800000, 0x0000000715800000, 0x0000000715900000|  0%| F|  |TAMS 0x0000000715800000, 0x0000000715800000| Untracked 
| 193|0x0000000715900000, 0x0000000715900000, 0x0000000715a00000|  0%| F|  |TAMS 0x0000000715900000, 0x0000000715900000| Untracked 
| 194|0x0000000715a00000, 0x0000000715a00000, 0x0000000715b00000|  0%| F|  |TAMS 0x0000000715a00000, 0x0000000715a00000| Untracked 
| 195|0x0000000715b00000, 0x0000000715b00000, 0x0000000715c00000|  0%| F|  |TAMS 0x0000000715b00000, 0x0000000715b00000| Untracked 
| 196|0x0000000715c00000, 0x0000000715c00000, 0x0000000715d00000|  0%| F|  |TAMS 0x0000000715c00000, 0x0000000715c00000| Untracked 
| 197|0x0000000715d00000, 0x0000000715d00000, 0x0000000715e00000|  0%| F|  |TAMS 0x0000000715d00000, 0x0000000715d00000| Untracked 
| 198|0x0000000715e00000, 0x0000000715e00000, 0x0000000715f00000|  0%| F|  |TAMS 0x0000000715e00000, 0x0000000715e00000| Untracked 
| 199|0x0000000715f00000, 0x0000000715f00000, 0x0000000716000000|  0%| F|  |TAMS 0x0000000715f00000, 0x0000000715f00000| Untracked 
| 200|0x0000000716000000, 0x0000000716000000, 0x0000000716100000|  0%| F|  |TAMS 0x0000000716000000, 0x0000000716000000| Untracked 
| 201|0x0000000716100000, 0x0000000716100000, 0x0000000716200000|  0%| F|  |TAMS 0x0000000716100000, 0x0000000716100000| Untracked 
| 202|0x0000000716200000, 0x0000000716200000, 0x0000000716300000|  0%| F|  |TAMS 0x0000000716200000, 0x0000000716200000| Untracked 
| 203|0x0000000716300000, 0x0000000716300000, 0x0000000716400000|  0%| F|  |TAMS 0x0000000716300000, 0x0000000716300000| Untracked 
| 204|0x0000000716400000, 0x0000000716400000, 0x0000000716500000|  0%| F|  |TAMS 0x0000000716400000, 0x0000000716400000| Untracked 
| 205|0x0000000716500000, 0x0000000716500000, 0x0000000716600000|  0%| F|  |TAMS 0x0000000716500000, 0x0000000716500000| Untracked 
| 206|0x0000000716600000, 0x0000000716600000, 0x0000000716700000|  0%| F|  |TAMS 0x0000000716600000, 0x0000000716600000| Untracked 
| 207|0x0000000716700000, 0x0000000716700000, 0x0000000716800000|  0%| F|  |TAMS 0x0000000716700000, 0x0000000716700000| Untracked 
| 208|0x0000000716800000, 0x0000000716800000, 0x0000000716900000|  0%| F|  |TAMS 0x0000000716800000, 0x0000000716800000| Untracked 
| 209|0x0000000716900000, 0x0000000716900000, 0x0000000716a00000|  0%| F|  |TAMS 0x0000000716900000, 0x0000000716900000| Untracked 
| 210|0x0000000716a00000, 0x0000000716a00000, 0x0000000716b00000|  0%| F|  |TAMS 0x0000000716a00000, 0x0000000716a00000| Untracked 
| 211|0x0000000716b00000, 0x0000000716b00000, 0x0000000716c00000|  0%| F|  |TAMS 0x0000000716b00000, 0x0000000716b00000| Untracked 
| 212|0x0000000716c00000, 0x0000000716c00000, 0x0000000716d00000|  0%| F|  |TAMS 0x0000000716c00000, 0x0000000716c00000| Untracked 
| 213|0x0000000716d00000, 0x0000000716d00000, 0x0000000716e00000|  0%| F|  |TAMS 0x0000000716d00000, 0x0000000716d00000| Untracked 
| 214|0x0000000716e00000, 0x0000000716e00000, 0x0000000716f00000|  0%| F|  |TAMS 0x0000000716e00000, 0x0000000716e00000| Untracked 
| 215|0x0000000716f00000, 0x0000000716f00000, 0x0000000717000000|  0%| F|  |TAMS 0x0000000716f00000, 0x0000000716f00000| Untracked 
| 216|0x0000000717000000, 0x0000000717000000, 0x0000000717100000|  0%| F|  |TAMS 0x0000000717000000, 0x0000000717000000| Untracked 
| 217|0x0000000717100000, 0x0000000717100000, 0x0000000717200000|  0%| F|  |TAMS 0x0000000717100000, 0x0000000717100000| Untracked 
| 218|0x0000000717200000, 0x0000000717200000, 0x0000000717300000|  0%| F|  |TAMS 0x0000000717200000, 0x0000000717200000| Untracked 
| 219|0x0000000717300000, 0x0000000717300000, 0x0000000717400000|  0%| F|  |TAMS 0x0000000717300000, 0x0000000717300000| Untracked 
| 220|0x0000000717400000, 0x0000000717400000, 0x0000000717500000|  0%| F|  |TAMS 0x0000000717400000, 0x0000000717400000| Untracked 
| 221|0x0000000717500000, 0x0000000717500000, 0x0000000717600000|  0%| F|  |TAMS 0x0000000717500000, 0x0000000717500000| Untracked 
| 222|0x0000000717600000, 0x0000000717600000, 0x0000000717700000|  0%| F|  |TAMS 0x0000000717600000, 0x0000000717600000| Untracked 
| 223|0x0000000717700000, 0x0000000717700000, 0x0000000717800000|  0%| F|  |TAMS 0x0000000717700000, 0x0000000717700000| Untracked 
| 224|0x0000000717800000, 0x0000000717800000, 0x0000000717900000|  0%| F|  |TAMS 0x0000000717800000, 0x0000000717800000| Untracked 
| 225|0x0000000717900000, 0x0000000717900000, 0x0000000717a00000|  0%| F|  |TAMS 0x0000000717900000, 0x0000000717900000| Untracked 
| 226|0x0000000717a00000, 0x0000000717a00000, 0x0000000717b00000|  0%| F|  |TAMS 0x0000000717a00000, 0x0000000717a00000| Untracked 
| 227|0x0000000717b00000, 0x0000000717b7b638, 0x0000000717c00000| 48%| E|  |TAMS 0x0000000717b00000, 0x0000000717b00000| Complete 
| 228|0x0000000717c00000, 0x0000000717d00000, 0x0000000717d00000|100%| E|CS|TAMS 0x0000000717c00000, 0x0000000717c00000| Complete 
| 229|0x0000000717d00000, 0x0000000717e00000, 0x0000000717e00000|100%| E|CS|TAMS 0x0000000717d00000, 0x0000000717d00000| Complete 
| 230|0x0000000717e00000, 0x0000000717f00000, 0x0000000717f00000|100%| E|CS|TAMS 0x0000000717e00000, 0x0000000717e00000| Complete 
| 231|0x0000000717f00000, 0x0000000718000000, 0x0000000718000000|100%| E|CS|TAMS 0x0000000717f00000, 0x0000000717f00000| Complete 
| 232|0x0000000718000000, 0x0000000718100000, 0x0000000718100000|100%| E|CS|TAMS 0x0000000718000000, 0x0000000718000000| Complete 
| 233|0x0000000718100000, 0x0000000718200000, 0x0000000718200000|100%| E|CS|TAMS 0x0000000718100000, 0x0000000718100000| Complete 
| 234|0x0000000718200000, 0x0000000718300000, 0x0000000718300000|100%| E|CS|TAMS 0x0000000718200000, 0x0000000718200000| Complete 
| 235|0x0000000718300000, 0x0000000718400000, 0x0000000718400000|100%| E|CS|TAMS 0x0000000718300000, 0x0000000718300000| Complete 
| 236|0x0000000718400000, 0x0000000718500000, 0x0000000718500000|100%| E|CS|TAMS 0x0000000718400000, 0x0000000718400000| Complete 
| 237|0x0000000718500000, 0x0000000718600000, 0x0000000718600000|100%| E|CS|TAMS 0x0000000718500000, 0x0000000718500000| Complete 
| 238|0x0000000718600000, 0x0000000718700000, 0x0000000718700000|100%| E|CS|TAMS 0x0000000718600000, 0x0000000718600000| Complete 
| 239|0x0000000718700000, 0x0000000718800000, 0x0000000718800000|100%| E|CS|TAMS 0x0000000718700000, 0x0000000718700000| Complete 
| 240|0x0000000718800000, 0x0000000718900000, 0x0000000718900000|100%| E|CS|TAMS 0x0000000718800000, 0x0000000718800000| Complete 
| 241|0x0000000718900000, 0x0000000718a00000, 0x0000000718a00000|100%| E|CS|TAMS 0x0000000718900000, 0x0000000718900000| Complete 
| 242|0x0000000718a00000, 0x0000000718b00000, 0x0000000718b00000|100%| E|  |TAMS 0x0000000718a00000, 0x0000000718a00000| Complete 
| 243|0x0000000718b00000, 0x0000000718c00000, 0x0000000718c00000|100%| E|CS|TAMS 0x0000000718b00000, 0x0000000718b00000| Complete 
| 244|0x0000000718c00000, 0x0000000718d00000, 0x0000000718d00000|100%| E|CS|TAMS 0x0000000718c00000, 0x0000000718c00000| Complete 
| 245|0x0000000718d00000, 0x0000000718e00000, 0x0000000718e00000|100%| E|CS|TAMS 0x0000000718d00000, 0x0000000718d00000| Complete 
| 246|0x0000000718e00000, 0x0000000718f00000, 0x0000000718f00000|100%| E|CS|TAMS 0x0000000718e00000, 0x0000000718e00000| Complete 
| 247|0x0000000718f00000, 0x0000000719000000, 0x0000000719000000|100%| E|CS|TAMS 0x0000000718f00000, 0x0000000718f00000| Complete 

Card table byte_map: [0x000001c9a3d60000,0x000001c9a4520000] _byte_map_base: 0x000001c9a0514000

Marking Bits (Prev, Next): (CMBitMap*) 0x000001c98ba8f608, (CMBitMap*) 0x000001c98ba8f640
 Prev Bits: [0x000001c9a4ce0000, 0x000001c9a8a80000)
 Next Bits: [0x000001c9a8a80000, 0x000001c9ac820000)

Polling page: 0x000001c98b170000

Metaspace:

Usage:
  Non-class:     11.02 MB capacity,    10.77 MB ( 98%) used,   224.38 KB (  2%) free+waste,    29.81 KB ( <1%) overhead. 
      Class:      1.40 MB capacity,     1.27 MB ( 90%) used,   125.16 KB (  9%) free+waste,    14.88 KB (  1%) overhead. 
       Both:     12.42 MB capacity,    12.04 MB ( 97%) used,   349.54 KB (  3%) free+waste,    44.69 KB ( <1%) overhead. 

Virtual space:
  Non-class space:       12.00 MB reserved,      11.25 MB ( 94%) committed 
      Class space:        1.00 GB reserved,       1.50 MB ( <1%) committed 
             Both:        1.01 GB reserved,      12.75 MB (  1%) committed 

Chunk freelists:
   Non-Class:  5.63 KB
       Class:  512 bytes
        Both:  6.13 KB

CodeHeap 'non-profiled nmethods': size=233856Kb used=1497Kb max_used=1497Kb free=232358Kb
 bounds [0x000001c9948c0000, 0x000001c994b30000, 0x000001c9a2d20000]
CodeHeap 'non-nmethods': size=11904Kb used=2236Kb max_used=2236Kb free=9667Kb
 bounds [0x000001c993d20000, 0x000001c993f90000, 0x000001c9948c0000]
 total_blobs=1480 nmethods=1061 adapters=327
 compilation: enabled
              stopped_count=0, restarted_count=0
 full_count=0

Compilation events (10 events):
Event: 1.207 Thread 0x000001c9b0453000 nmethod 1055 0x000001c994a33e90 code [0x000001c994a340e0, 0x000001c994a34750]
Event: 1.207 Thread 0x000001c9b0291000 nmethod 1056 0x000001c994a34a90 code [0x000001c994a34c80, 0x000001c994a35170]
Event: 1.207 Thread 0x000001c9b0452000 1058       1       java.io.FilterInputStream::<init> (10 bytes)
Event: 1.207 Thread 0x000001c9b0452000 nmethod 1058 0x000001c994a35490 code [0x000001c994a35640, 0x000001c994a357b8]
Event: 1.208 Thread 0x000001c9b0453000 1059       1       java.nio.charset.Charset::lookup (44 bytes)
Event: 1.208 Thread 0x000001c9b0453000 nmethod 1059 0x000001c994a35810 code [0x000001c994a35a00, 0x000001c994a35cf0]
Event: 1.208 Thread 0x000001c9b0291000 1060       1       java.util.Collections$SetFromMap::add (22 bytes)
Event: 1.208 Thread 0x000001c9b0291000 nmethod 1060 0x000001c994a35e90 code [0x000001c994a36040, 0x000001c994a361b0]
Event: 1.208 Thread 0x000001c9b0452000 1061       1       jdk.internal.loader.URLClassPath$Loader::getBaseURL (5 bytes)
Event: 1.208 Thread 0x000001c9b0452000 nmethod 1061 0x000001c994a36210 code [0x000001c994a363c0, 0x000001c994a364d8]

GC Heap History (0 events):
No events

Deoptimization events (0 events):
No events

Classes redefined (0 events):
No events

Internal exceptions (10 events):
Event: 0.812 Thread 0x000001c98ba2a800 Exception <a 'java/lang/NoSuchMethodError'{0x00000007180f3be8}: java.lang.invoke.DirectMethodHandle$Holder.invokeSpecialIFC(Ljava/lang/Object;Ljava/lang/Object;Ljava/lang/Object;)I> (0x00000007180f3be8) thrown at [c:/sb/prod/1680893669/workspace/open/src/
Event: 0.826 Thread 0x000001c98ba2a800 Exception <a 'java/lang/NoSuchMethodError'{0x0000000717f56830}: java.lang.invoke.DirectMethodHandle$Holder.invokeStatic(Ljava/lang/Object;IIII)Ljava/lang/Object;> (0x0000000717f56830) thrown at [c:/sb/prod/1680893669/workspace/open/src/hotspot/share/inter
Event: 0.826 Thread 0x000001c98ba2a800 Exception <a 'java/lang/NoSuchMethodError'{0x0000000717f59948}: java.lang.invoke.DirectMethodHandle$Holder.invokeStaticInit(Ljava/lang/Object;IIII)Ljava/lang/Object;> (0x0000000717f59948) thrown at [c:/sb/prod/1680893669/workspace/open/src/hotspot/share/i
Event: 1.132 Thread 0x000001c98ba2a800 Exception <a 'java/lang/NoSuchMethodError'{0x0000000717f873a0}: java.lang.invoke.DirectMethodHandle$Holder.invokeStatic(Ljava/lang/Object;Ljava/lang/Object;IIII)Ljava/lang/Object;> (0x0000000717f873a0) thrown at [c:/sb/prod/1680893669/workspace/open/src/h
Event: 1.132 Thread 0x000001c98ba2a800 Exception <a 'java/lang/NoSuchMethodError'{0x0000000717f8a6e8}: java.lang.invoke.DirectMethodHandle$Holder.invokeStaticInit(Ljava/lang/Object;Ljava/lang/Object;IIII)Ljava/lang/Object;> (0x0000000717f8a6e8) thrown at [c:/sb/prod/1680893669/workspace/open/s
Event: 1.141 Thread 0x000001c98ba2a800 Exception <a 'java/lang/ClassNotFoundException'{0x0000000717fa7f00}: javax/management/remote/rmi/RMIServerImpl_Skel> (0x0000000717fa7f00) thrown at [c:/sb/prod/1680893669/workspace/open/src/hotspot/share/classfile/systemDictionary.cpp, line 231]
Event: 1.173 Thread 0x000001c98ba2a800 Exception <a 'java/lang/ClassNotFoundException'{0x0000000717eb9618}: jdk/internal/agent/resources/spi/agentProvider> (0x0000000717eb9618) thrown at [c:/sb/prod/1680893669/workspace/open/src/hotspot/share/classfile/systemDictionary.cpp, line 231]
Event: 1.178 Thread 0x000001c98ba2a800 Exception <a 'java/lang/NoSuchMethodError'{0x0000000717d0f550}: java.lang.invoke.DirectMethodHandle$Holder.invokeStatic(Ljava/lang/Object;Ljava/lang/Object;Ljava/lang/Object;Ljava/lang/Object;Ljava/lang/Object;Ljava/lang/Object;Ljava/lang/Object;Ljava/lan
Event: 1.179 Thread 0x000001c98ba2a800 Exception <a 'java/lang/NoSuchMethodError'{0x0000000717d1bd70}: java.lang.invoke.DirectMethodHandle$Holder.invokeStatic(Ljava/lang/Object;Ljava/lang/Object;Ljava/lang/Object;Ljava/lang/Object;Ljava/lang/Object;Ljava/lang/Object;Ljava/lang/Object;Ljava/lan
Event: 1.180 Thread 0x000001c98ba2a800 Exception <a 'java/lang/NoSuchMethodError'{0x0000000717d35848}: java.lang.invoke.DelegatingMethodHandle$Holder.reinvoke_L(Ljava/lang/Object;ILjava/lang/Object;)Ljava/lang/Object;> (0x0000000717d35848) thrown at [c:/sb/prod/1680893669/workspace/open/src/ho

Events (10 events):
Event: 1.209 loading class org/apache/commons/logging/LogAdapter$1
Event: 1.209 loading class org/apache/commons/logging/LogAdapter$1 done
Event: 1.209 loading class java/lang/NoSuchFieldError
Event: 1.209 loading class java/lang/NoSuchFieldError done
Event: 1.209 loading class org/apache/commons/logging/LogAdapter$Slf4jAdapter
Event: 1.209 loading class org/apache/commons/logging/LogAdapter$Slf4jAdapter done
Event: 1.209 loading class org/apache/commons/logging/Log
Event: 1.209 loading class org/apache/commons/logging/Log done
Event: 1.210 loading class org/slf4j/LoggerFactory
Event: 1.210 loading class org/slf4j/LoggerFactory done


Dynamic libraries:
0x00007ff766cf0000 - 0x00007ff766d35000 	C:\java\jdk-11.0.0.1\bin\javaw.exe
0x00007ff8333f0000 - 0x00007ff833607000 	C:\WINDOWS\SYSTEM32\ntdll.dll
0x00007ff831f40000 - 0x00007ff832004000 	C:\WINDOWS\System32\KERNEL32.DLL
0x00007ff830780000 - 0x00007ff830b37000 	C:\WINDOWS\System32\KERNELBASE.dll
0x00007ff832950000 - 0x00007ff832aff000 	C:\WINDOWS\System32\USER32.dll
0x00007ff830f50000 - 0x00007ff830f76000 	C:\WINDOWS\System32\win32u.dll
0x00007ff832890000 - 0x00007ff8328b9000 	C:\WINDOWS\System32\GDI32.dll
0x00007ff830e30000 - 0x00007ff830f48000 	C:\WINDOWS\System32\gdi32full.dll
0x00007ff830b40000 - 0x00007ff830bda000 	C:\WINDOWS\System32\msvcp_win.dll
0x00007ff830d10000 - 0x00007ff830e21000 	C:\WINDOWS\System32\ucrtbase.dll
0x00007ff826830000 - 0x00007ff826ac3000 	C:\WINDOWS\WinSxS\amd64_microsoft.windows.common-controls_6595b64144ccf1df_6.0.22621.3672_none_2713b9d173822955\COMCTL32.dll
0x00007ff831dd0000 - 0x00007ff831e77000 	C:\WINDOWS\System32\msvcrt.dll
0x00007ff833210000 - 0x00007ff833241000 	C:\WINDOWS\System32\IMM32.DLL
0x00007ff823c80000 - 0x00007ff823c96000 	C:\java\jdk-11.0.0.1\bin\vcruntime140.dll
0x00007ff806bf0000 - 0x00007ff806c9a000 	C:\java\jdk-11.0.0.1\bin\msvcp140.dll
0x00007fffded30000 - 0x00007fffdf873000 	C:\java\jdk-11.0.0.1\bin\server\jvm.dll
0x00007ff831600000 - 0x00007ff8316b2000 	C:\WINDOWS\System32\ADVAPI32.dll
0x00007ff832b00000 - 0x00007ff832ba8000 	C:\WINDOWS\System32\sechost.dll
0x00007ff830f80000 - 0x00007ff830fa8000 	C:\WINDOWS\System32\bcrypt.dll
0x00007ff831120000 - 0x00007ff831234000 	C:\WINDOWS\System32\RPCRT4.dll
0x00007ff832880000 - 0x00007ff832888000 	C:\WINDOWS\System32\PSAPI.DLL
0x00007ff8277d0000 - 0x00007ff8277da000 	C:\WINDOWS\SYSTEM32\VERSION.dll
0x00007ff815240000 - 0x00007ff815249000 	C:\WINDOWS\SYSTEM32\WSOCK32.dll
0x00007ff82acc0000 - 0x00007ff82acf4000 	C:\WINDOWS\SYSTEM32\WINMM.dll
0x00007ff833190000 - 0x00007ff833201000 	C:\WINDOWS\System32\WS2_32.dll
0x00007ff82f840000 - 0x00007ff82f858000 	C:\WINDOWS\SYSTEM32\kernel.appcore.dll
0x00007ff826ad0000 - 0x00007ff826ae1000 	C:\java\jdk-11.0.0.1\bin\verify.dll
0x00007ff82e0d0000 - 0x00007ff82e302000 	C:\WINDOWS\SYSTEM32\DBGHELP.DLL
0x00007ff831980000 - 0x00007ff831d0e000 	C:\WINDOWS\System32\combase.dll
0x00007ff833250000 - 0x00007ff833327000 	C:\WINDOWS\System32\OLEAUT32.dll
0x00007ff8245b0000 - 0x00007ff8245e2000 	C:\WINDOWS\SYSTEM32\dbgcore.DLL
0x00007ff830700000 - 0x00007ff83077b000 	C:\WINDOWS\System32\bcryptPrimitives.dll
0x00007ff8224a0000 - 0x00007ff8224c8000 	C:\java\jdk-11.0.0.1\bin\java.dll
0x00007ff823f60000 - 0x00007ff823f76000 	C:\java\jdk-11.0.0.1\bin\zip.dll
0x00007ff827be0000 - 0x00007ff827bea000 	C:\java\jdk-11.0.0.1\bin\jimage.dll
0x00007ff832010000 - 0x00007ff832879000 	C:\WINDOWS\System32\SHELL32.dll
0x00007ff82e680000 - 0x00007ff82ef7f000 	C:\WINDOWS\SYSTEM32\windows.storage.dll
0x00007ff82e540000 - 0x00007ff82e67f000 	C:\WINDOWS\SYSTEM32\wintypes.dll
0x00007ff831240000 - 0x00007ff831339000 	C:\WINDOWS\System32\SHCORE.dll
0x00007ff8318d0000 - 0x00007ff83192e000 	C:\WINDOWS\System32\shlwapi.dll
0x00007ff830630000 - 0x00007ff830657000 	C:\WINDOWS\SYSTEM32\profapi.dll
0x00007ff823dc0000 - 0x00007ff823dd9000 	C:\java\jdk-11.0.0.1\bin\net.dll
0x00007ff82c020000 - 0x00007ff82c156000 	C:\WINDOWS\SYSTEM32\WINHTTP.dll
0x00007ff82fcb0000 - 0x00007ff82fd19000 	C:\WINDOWS\system32\mswsock.dll
0x00007ff823ba0000 - 0x00007ff823bb3000 	C:\java\jdk-11.0.0.1\bin\nio.dll
0x00007ff82c380000 - 0x00007ff82c389000 	C:\java\jdk-11.0.0.1\bin\management.dll
0x00007ff8277e0000 - 0x00007ff8277ec000 	C:\java\jdk-11.0.0.1\bin\management_ext.dll
0x00007ff81bdc0000 - 0x00007ff81bdd7000 	C:\WINDOWS\system32\napinsp.dll
0x00007ff811500000 - 0x00007ff81151b000 	C:\WINDOWS\system32\pnrpnsp.dll
0x00007ff82f270000 - 0x00007ff82f372000 	C:\WINDOWS\SYSTEM32\DNSAPI.dll
0x00007ff82f240000 - 0x00007ff82f26d000 	C:\WINDOWS\SYSTEM32\IPHLPAPI.DLL
0x00007ff831e80000 - 0x00007ff831e89000 	C:\WINDOWS\System32\NSI.dll
0x00007ff8114b0000 - 0x00007ff8114c1000 	C:\WINDOWS\System32\winrnr.dll
0x00007ff829fe0000 - 0x00007ff829ff5000 	C:\WINDOWS\system32\wshbth.dll
0x00007ff811480000 - 0x00007ff8114a7000 	C:\WINDOWS\system32\nlansp_c.dll
0x00007ff82b430000 - 0x00007ff82b43a000 	C:\Windows\System32\rasadhlp.dll
0x00007ff82a1f0000 - 0x00007ff82a273000 	C:\WINDOWS\System32\fwpuclnt.dll
0x00007ff82ff10000 - 0x00007ff82ff2b000 	C:\WINDOWS\SYSTEM32\CRYPTSP.dll
0x00007ff82f7a0000 - 0x00007ff82f7d5000 	C:\WINDOWS\system32\rsaenh.dll
0x00007ff82fda0000 - 0x00007ff82fdc8000 	C:\WINDOWS\SYSTEM32\USERENV.dll
0x00007ff82ff00000 - 0x00007ff82ff0c000 	C:\WINDOWS\SYSTEM32\CRYPTBASE.dll
0x00007ff82b470000 - 0x00007ff82b489000 	C:\WINDOWS\SYSTEM32\dhcpcsvc6.DLL
0x00007ff82b450000 - 0x00007ff82b46f000 	C:\WINDOWS\SYSTEM32\dhcpcsvc.DLL

dbghelp: loaded successfully - version: 4.0.5 - missing functions: none
symbol engine: initialized successfully - sym options: 0x614 - pdb path: .;C:\java\jdk-11.0.0.1\bin;C:\WINDOWS\SYSTEM32;C:\WINDOWS\WinSxS\amd64_microsoft.windows.common-controls_6595b64144ccf1df_6.0.22621.3672_none_2713b9d173822955;C:\java\jdk-11.0.0.1\bin\server

VM Arguments:
jvm_args: -Dcom.sun.management.jmxremote -Dcom.sun.management.jmxremote.port=60452 -Dcom.sun.management.jmxremote.authenticate=false -Dcom.sun.management.jmxremote.ssl=false -Djava.rmi.server.hostname=localhost -Dspring.jmx.enabled=true -Dspring.liveBeansView.mbeanDomain -Dspring.application.admin.enabled=true -XX:TieredStopAtLevel=1 -Dspring.boot.project.name=backend -Dfile.encoding=utf-8 
java_command: com.lostay.backend.BackendApplication --spring.output.ansi.enabled=always
java_class_path (initial): C:\Lostay\backend\bin\main;C:\Users\pinoa\.gradle\caches\modules-2\files-2.1\org.projectlombok\lombok\1.18.24\13a394eed5c4f9efb2a6d956e2086f1d81e857d9\lombok-1.18.24.jar;C:\Users\pinoa\.gradle\caches\modules-2\files-2.1\org.mapstruct\mapstruct-processor\1.5.5.Final\897f6f115930b936287bef552bf5fe28cc64717d\mapstruct-processor-1.5.5.Final.jar;C:\Users\pinoa\.gradle\caches\modules-2\files-2.1\org.springframework.boot\spring-boot-starter-batch\2.7.6\809a8f204509de836753ae3fee2e4fe700fe4dd0\spring-boot-starter-batch-2.7.6.jar;C:\Users\pinoa\.gradle\caches\modules-2\files-2.1\org.springframework.boot\spring-boot-starter-data-jpa\2.7.6\7eef599012347f2fb7f84ba71eba10caf094dfb5\spring-boot-starter-data-jpa-2.7.6.jar;C:\Users\pinoa\.gradle\caches\modules-2\files-2.1\org.springframework.boot\spring-boot-starter-security\2.7.6\2718e4587f4271468ba20da8b4fd8195c798fb88\spring-boot-starter-security-2.7.6.jar;C:\Users\pinoa\.gradle\caches\modules-2\files-2.1\org.springframework.boot\spring-boot-starter-web\2.7.6\9d0166a0390df593243bdc798ca7a1db20ddea9c\spring-boot-starter-web-2.7.6.jar;C:\Users\pinoa\.gradle\caches\modules-2\files-2.1\org.mapstruct\mapstruct\1.5.5.Final\2ca3cbe39b6e9ea8d5ea521965a89bef2a1e8eeb\mapstruct-1.5.5.Final.jar;C:\Users\pinoa\.gradle\caches\modules-2\files-2.1\org.springframework.boot\spring-boot-starter-thymeleaf\2.7.6\18056127ee9253fbbb71d80e9dbd10827555ec27\spring-boot-starter-thymeleaf-2.7.6.jar;C:\Users\pinoa\.gradle\caches\modules-2\files-2.1\com.github.iamport\iamport-rest-client-java\0.2.21\1e77090406ae4623225425e7fae3f38142614294\iamport-rest-client-java-0.2.21.jar;C:\Users\pinoa\.gradle\caches\modules-2\files-2.1\org.json\json\20210307\528c8df3757e8bcf151817b1d7b9b434f6aa08d5\json-20210307.jar;C:\Users\pinoa\.gradle\caches\modules-2\files-2.1\org.springframework.security\spring-security-oauth2-client\5.7.5\44843928477508b4a73ca970f9e12145bf35d29f\spring-security-oauth2-client-5.7.5.jar;C:\Users\pinoa\.gradle\caches\mod
Launcher Type: SUN_STANDARD

[Global flags]
     intx CICompilerCount                          = 12                                        {product} {ergonomic}
     uint ConcGCThreads                            = 3                                         {product} {ergonomic}
     uint G1ConcRefinementThreads                  = 13                                        {product} {ergonomic}
   size_t G1HeapRegionSize                         = 1048576                                   {product} {ergonomic}
    uintx GCDrainStackTargetSize                   = 64                                        {product} {ergonomic}
   size_t InitialHeapSize                          = 260046848                                 {product} {ergonomic}
     bool ManagementServer                         = true                                      {product} {command line}
   size_t MarkStackSize                            = 4194304                                   {product} {ergonomic}
   size_t MaxHeapSize                              = 4135583744                                {product} {ergonomic}
   size_t MaxNewSize                               = 2480930816                                {product} {ergonomic}
   size_t MinHeapDeltaBytes                        = 1048576                                   {product} {ergonomic}
    uintx NonNMethodCodeHeapSize                   = 12163472                               {pd product} {ergonomic}
    uintx NonProfiledCodeHeapSize                  = 239494768                              {pd product} {ergonomic}
    uintx ProfiledCodeHeapSize                     = 0                                      {pd product} {ergonomic}
    uintx ReservedCodeCacheSize                    = 251658240                              {pd product} {ergonomic}
     bool SegmentedCodeCache                       = true                                      {product} {ergonomic}
     intx TieredStopAtLevel                        = 1                                         {product} {command line}
     bool UseCompressedClassPointers               = true                                 {lp64_product} {ergonomic}
     bool UseCompressedOops                        = true                                 {lp64_product} {ergonomic}
     bool UseG1GC                                  = true                                      {product} {ergonomic}
     bool UseLargePagesIndividualAllocation        = false                                  {pd product} {ergonomic}

Logging:
Log output configuration:
 #0: stdout all=warning uptime,level,tags
 #1: stderr all=off uptime,level,tags

Environment Variables:
JAVA_HOME=C:\java\jdk-11.0.0.1
CLASSPATH=C:\java\jdk-11.0.0.1\lib
PATH=C:/java/jdk-11.0.0.1/bin/server;C:/java/jdk-11.0.0.1/bin;C:\app\pinoa\product\21c\dbhomeXE\bin;C:\java\jdk-11.0.0.1\bin;C:\WINDOWS\system32;C:\WINDOWS;C:\WINDOWS\System32\Wbem;C:\WINDOWS\System32\WindowsPowerShell\v1.0\;C:\WINDOWS\System32\OpenSSH\;C:\Program Files\Bandizip\;C:\Program Files\Git\cmd;C:\Program Files\nodejs\;C:\Program Files\MySQL\MySQL Shell 8.0\bin\;C:\Users\pinoa\AppData\Local\Programs\Python\Python312\Scripts\;C:\Users\pinoa\AppData\Local\Programs\Python\Python312\;C:\Users\pinoa\AppData\Local\Microsoft\WindowsApps;C:\Users\pinoa\AppData\Local\Programs\Microsoft VS Code\bin;C:\Users\pinoa\AppData\Roaming\npm;C:\spring\dev\sts-bundle\sts-3.9.18.RELEASE;
USERNAME=pinoa
OS=Windows_NT
PROCESSOR_IDENTIFIER=AMD64 Family 25 Model 80 Stepping 0, AuthenticAMD



---------------  S Y S T E M  ---------------

OS: Windows 10 , 64 bit Build 22621 (10.0.22621.3958)

CPU:total 16 (initial active 16) (16 cores per cpu, 2 threads per core) family 25 model 80 stepping 0, cmov, cx8, fxsr, mmx, sse, sse2, sse3, ssse3, sse4.1, sse4.2, popcnt, avx, avx2, aes, clmul, erms, mmxext, 3dnowpref, lzcnt, sse4a, ht, tsc, tscinvbit, tscinv, bmi1, bmi2, adx, sha, fma

Memory: 4k page, system-wide physical 15773M (2450M free)
TotalPageFile size 40536M (AvailPageFile size 20128M)
current process WorkingSet (physical memory assigned to process): 76M, peak: 76M
current process commit charge ("private bytes"): 357M, peak: 357M

vm_info: OpenJDK 64-Bit Server VM (11.0.0.1+3-5) for windows-amd64 JRE (11.0.0.1+3-5), built on Apr  7 2023 19:59:13 by "mach5one" with MS VC++ 15.5 (VS2017)

END.
