#
# A fatal error has been detected by the Java Runtime Environment:
#
#  EXCEPTION_ACCESS_VIOLATION (0xc0000005) at pc=0x00007ffd60b5ccb6, pid=10444, tid=17868
#
# JRE version: OpenJDK Runtime Environment (11.0.2+2) (build 11.0.0.2+2-2)
# Java VM: OpenJDK 64-Bit Server VM (11.0.0.2+2-2, mixed mode, tiered, compressed oops, g1 gc, windows-amd64)
# Problematic frame:
# V  [jvm.dll+0x6cccb6]
#
# No core dump will be written. Minidumps are not enabled by default on client versions of Windows
#
# If you would like to submit a bug report, please visit:
#   http://bugreport.java.com/bugreport/crash.jsp
#

---------------  S U M M A R Y ------------

Command Line: -Dcom.sun.management.jmxremote -Dcom.sun.management.jmxremote.port=60415 -Dcom.sun.management.jmxremote.authenticate=false -Dcom.sun.management.jmxremote.ssl=false -Djava.rmi.server.hostname=localhost -Dspring.jmx.enabled=true -Dspring.liveBeansView.mbeanDomain -Dspring.application.admin.enabled=true -XX:TieredStopAtLevel=1 -Dspring.boot.project.name=backend -Dfile.encoding=utf-8 com.lostay.backend.BackendApplication --spring.output.ansi.enabled=always

Host: AMD Ryzen 5 7500F 6-Core Processor             , 12 cores, 31G,  Windows 10 , 64 bit Build 19041 (10.0.19041.4957)
Time: Fri Nov  1 23:09:32 2024 대한민국 표준시 elapsed time: 0 seconds (0d 0h 0m 0s)

---------------  T H R E A D  ---------------

Current thread (0x000001a34ca1a800):  WatcherThread [stack: 0x00000059b2c00000,0x00000059b2d00000] [id=17868]

Stack: [0x00000059b2c00000,0x00000059b2d00000],  sp=0x00000059b2cff7b0,  free space=1021k
Native frames: (J=compiled Java code, j=interpreted, Vv=VM code, C=native code)
V  [jvm.dll+0x6cccb6]
V  [jvm.dll+0x71847d]
V  [jvm.dll+0x73de29]
V  [jvm.dll+0x639e42]
C  [ucrtbase.dll+0x21bb2]
C  [KERNEL32.DLL+0x17374]
C  [ntdll.dll+0x4cc91]


siginfo: EXCEPTION_ACCESS_VIOLATION (0xc0000005), reading address 0x0000000c0000000b


Register to memory mapping:

RIP=0x00007ffd60b5ccb6 jvm.dll
RAX=0x0000000c0000000b is an unknown value
RBX=0x0 is NULL
RCX=0x000001a34c9b6fc0 points into unknown readable memory
RDX=0x0000000000000038 is an unknown value
RSP=0x00000059b2cff7b0 points into unknown readable memory
RBP=0x0000000000000002 is an unknown value
RSI=0x000001a34c82d930 points into unknown readable memory
RDI=0x0000000000000001 is an unknown value
R8 =0x0 is NULL
R9 =0x000001a325bb0b80 is at begin+0 in a stub
StubRoutines::atomic_cmpxchg_long [0x000001a325bb0b80, 0x000001a325bb0b89[ (9 bytes)
R10=0x00000000546c6148 is an unknown value
R11=0x00000c11ae10a1ed is an unknown value
R12=0x0 is NULL
R13=0x000001a34ca1a800 points into unknown readable memory
R14=0x0000000000000038 is an unknown value
R15=0x000001a34c7e6a00 points into unknown readable memory


Registers:
RAX=0x0000000c0000000b, RBX=0x0000000000000000, RCX=0x000001a34c9b6fc0, RDX=0x0000000000000038
RSP=0x00000059b2cff7b0, RBP=0x0000000000000002, RSI=0x000001a34c82d930, RDI=0x0000000000000001
R8 =0x0000000000000000, R9 =0x000001a325bb0b80, R10=0x00000000546c6148, R11=0x00000c11ae10a1ed
R12=0x0000000000000000, R13=0x000001a34ca1a800, R14=0x0000000000000038, R15=0x000001a34c7e6a00
RIP=0x00007ffd60b5ccb6, EFLAGS=0x0000000000010246

Top of Stack: (sp=0x00000059b2cff7b0)
0x00000059b2cff7b0:   000001a34ca1a800 000001a34ca1a800
0x00000059b2cff7c0:   000586a7ea752740 00007ffd60a9dac9
0x00000059b2cff7d0:   00007ffd60f1d418 00007ffd60ba847d
0x00000059b2cff7e0:   000001a31d87b900 000001a31d87b900
0x00000059b2cff7f0:   000001a31d87b900 431bde82d7b634db
0x00000059b2cff800:   000001a34c7e6a00 000586a7ea752740
0x00000059b2cff810:   000001a31d87b900 00007ffd60bcde29
0x00000059b2cff820:   0000000000000001 0000000000000038
0x00000059b2cff830:   0000000000000032 0000000000000002
0x00000059b2cff840:   0000000000000000 0000000000000000
0x00000059b2cff850:   0000000000000000 00007ffdc93b055b
0x00000059b2cff860:   0000000000000000 00007ffdcb681910
0x00000059b2cff870:   0000000000000000 0000000000000000
0x00000059b2cff880:   0000000000000000 0000000000000000
0x00000059b2cff890:   0000000000000000 00000059b2cff8d0
0x00000059b2cff8a0:   000001a34ca1a800 00007ffd60ac9e42 

Instructions: (pc=0x00007ffd60b5ccb6)
0x00007ffd60b5cc96:   cc cc cc cc cc cc cc cc cc cc 48 89 5c 24 10 56
0x00007ffd60b5cca6:   48 83 ec 20 48 8b 35 27 b6 3b 00 33 db 48 8b 06
0x00007ffd60b5ccb6:   39 18 7e 27 48 89 7c 24 30 8b fb 48 8b 40 18 48
0x00007ffd60b5ccc6:   8b 0c 07 48 8b 01 ff 50 08 48 8b 06 48 8d 7f 08 



---------------  P R O C E S S  ---------------

Threads class SMR info:
_java_thread_list=0x000001a34ca09ca0, length=15, elements={
0x000001a31d87f000, 0x000001a34bbac800, 0x000001a34bbb5800, 0x000001a34bc29800,
0x000001a34bc2c800, 0x000001a34bc30000, 0x000001a34bc3e800, 0x000001a34bdf0000,
0x000001a34bdfa000, 0x000001a34bdfb000, 0x000001a34bdfc000, 0x000001a34be6e800,
0x000001a34c9b4000, 0x000001a34c9bb800, 0x000001a34ca18800
}

Java Threads: ( => current thread )
  0x000001a31d87f000 JavaThread "main" [_thread_in_Java, id=19548, stack(0x00000059b1700000,0x00000059b1800000)]
  0x000001a34bbac800 JavaThread "Reference Handler" daemon [_thread_blocked, id=21312, stack(0x00000059b1e00000,0x00000059b1f00000)]
  0x000001a34bbb5800 JavaThread "Finalizer" daemon [_thread_blocked, id=11044, stack(0x00000059b1f00000,0x00000059b2000000)]
  0x000001a34bc29800 JavaThread "Signal Dispatcher" daemon [_thread_blocked, id=5708, stack(0x00000059b2000000,0x00000059b2100000)]
  0x000001a34bc2c800 JavaThread "Attach Listener" daemon [_thread_blocked, id=7420, stack(0x00000059b2100000,0x00000059b2200000)]
  0x000001a34bc30000 JavaThread "C1 CompilerThread0" daemon [_thread_blocked, id=14276, stack(0x00000059b2200000,0x00000059b2300000)]
  0x000001a34bc3e800 JavaThread "Sweeper thread" daemon [_thread_blocked, id=15720, stack(0x00000059b2300000,0x00000059b2400000)]
  0x000001a34bdf0000 JavaThread "Common-Cleaner" daemon [_thread_blocked, id=12292, stack(0x00000059b2400000,0x00000059b2500000)]
  0x000001a34bdfa000 JavaThread "C1 CompilerThread1" daemon [_thread_blocked, id=4468, stack(0x00000059b2500000,0x00000059b2600000)]
  0x000001a34bdfb000 JavaThread "C1 CompilerThread2" daemon [_thread_blocked, id=16528, stack(0x00000059b2600000,0x00000059b2700000)]
  0x000001a34bdfc000 JavaThread "C1 CompilerThread3" daemon [_thread_blocked, id=18844, stack(0x00000059b2700000,0x00000059b2800000)]
  0x000001a34be6e800 JavaThread "Service Thread" daemon [_thread_blocked, id=11336, stack(0x00000059b2800000,0x00000059b2900000)]
  0x000001a34c9b4000 JavaThread "RMI TCP Accept-0" daemon [_thread_in_native, id=7352, stack(0x00000059b2900000,0x00000059b2a00000)]
  0x000001a34c9bb800 JavaThread "RMI TCP Accept-60415" daemon [_thread_in_native, id=9432, stack(0x00000059b2a00000,0x00000059b2b00000)]
  0x000001a34ca18800 JavaThread "RMI TCP Accept-0" daemon [_thread_in_native, id=7464, stack(0x00000059b2b00000,0x00000059b2c00000)]

Other Threads:
  0x000001a34bb86800 VMThread "VM Thread" [stack: 0x00000059b1d00000,0x00000059b1e00000] [id=15848]
=>0x000001a34ca1a800 WatcherThread [stack: 0x00000059b2c00000,0x00000059b2d00000] [id=17868]
  0x000001a31d896800 GCTaskThread "GC Thread#0" [stack: 0x00000059b1800000,0x00000059b1900000] [id=4208]
  0x000001a34ca3e800 GCTaskThread "GC Thread#1" [stack: 0x00000059b2d00000,0x00000059b2e00000] [id=4672]
  0x000001a34ca25000 GCTaskThread "GC Thread#2" [stack: 0x00000059b2e00000,0x00000059b2f00000] [id=9508]
  0x000001a34ca26000 GCTaskThread "GC Thread#3" [stack: 0x00000059b2f00000,0x00000059b3000000] [id=17576]
  0x000001a34ca34800 GCTaskThread "GC Thread#4" [stack: 0x00000059b3000000,0x00000059b3100000] [id=18884]
  0x000001a34ca35800 GCTaskThread "GC Thread#5" [stack: 0x00000059b3100000,0x00000059b3200000] [id=11324]
  0x000001a34ca4f800 GCTaskThread "GC Thread#6" [stack: 0x00000059b3200000,0x00000059b3300000] [id=20012]
  0x000001a34ca58000 GCTaskThread "GC Thread#7" [stack: 0x00000059b3300000,0x00000059b3400000] [id=7932]
  0x000001a34ca59000 GCTaskThread "GC Thread#8" [stack: 0x00000059b3400000,0x00000059b3500000] [id=1252]
  0x000001a34ca5d800 GCTaskThread "GC Thread#9" [stack: 0x00000059b3500000,0x00000059b3600000] [id=16144]
  0x000001a31d914800 ConcurrentGCThread "G1 Main Marker" [stack: 0x00000059b1900000,0x00000059b1a00000] [id=15460]
  0x000001a31d917000 ConcurrentGCThread "G1 Conc#0" [stack: 0x00000059b1a00000,0x00000059b1b00000] [id=16540]
  0x000001a34b1f0000 ConcurrentGCThread "G1 Refine#0" [stack: 0x00000059b1b00000,0x00000059b1c00000] [id=10436]
  0x000001a34b1f1000 ConcurrentGCThread "G1 Young RemSet Sampling" [stack: 0x00000059b1c00000,0x00000059b1d00000] [id=8172]

Threads with active compile tasks:
C1 CompilerThread11326       1       java.lang.reflect.Constructor::getDeclaringClass (5 bytes)
C1 CompilerThread31327       1       java.lang.Enum::<init> (15 bytes)

VM state:not at safepoint (normal execution)

VM Mutex/Monitor currently owned by a thread:  ([mutex/lock_event])
[0x000001a31d87b900] PeriodicTask_lock - owner thread: 0x000001a34ca1a800

Heap address: 0x0000000606200000, size: 8094 MB, Compressed Oops mode: Zero based, Oop shift amount: 3
Narrow klass base: 0x0000000800000000, Narrow klass shift: 0
Compressed class space size: 1073741824 Address: 0x0000000800000000

Heap:
 garbage-first heap   total 518144K, used 24944K [0x0000000606200000, 0x0000000800000000)
  region size 2048K, 8 young (16384K), 2 survivors (4096K)
 Metaspace       used 14004K, capacity 14342K, committed 14464K, reserved 1062912K
  class space    used 1492K, capacity 1617K, committed 1664K, reserved 1048576K
Heap Regions: E=young(eden), S=young(survivor), O=old, HS=humongous(starts), HC=humongous(continues), CS=collection set, F=free, A=archive, TAMS=top-at-mark-start (previous, next)
|   0|0x0000000606200000, 0x0000000606400000, 0x0000000606400000|100%|HS|  |TAMS 0x0000000606200000, 0x0000000606200000| Complete 
|   1|0x0000000606400000, 0x0000000606600000, 0x0000000606600000|100%| O|  |TAMS 0x0000000606400000, 0x0000000606400000| Untracked 
|   2|0x0000000606600000, 0x0000000606800000, 0x0000000606800000|100%| O|  |TAMS 0x0000000606600000, 0x0000000606600000| Untracked 
|   3|0x0000000606800000, 0x0000000606a00000, 0x0000000606a00000|100%| O|  |TAMS 0x0000000606800000, 0x0000000606800000| Untracked 
|   4|0x0000000606a00000, 0x0000000606c00000, 0x0000000606c00000|100%| O|  |TAMS 0x0000000606a00000, 0x0000000606a00000| Untracked 
|   5|0x0000000606c00000, 0x0000000606c5c200, 0x0000000606e00000| 17%| O|  |TAMS 0x0000000606c00000, 0x0000000606c00000| Untracked 
|   6|0x0000000606e00000, 0x0000000606e00000, 0x0000000607000000|  0%| F|  |TAMS 0x0000000606e00000, 0x0000000606e00000| Untracked 
|   7|0x0000000607000000, 0x0000000607000000, 0x0000000607200000|  0%| F|  |TAMS 0x0000000607000000, 0x0000000607000000| Untracked 
|   8|0x0000000607200000, 0x0000000607200000, 0x0000000607400000|  0%| F|  |TAMS 0x0000000607200000, 0x0000000607200000| Untracked 
|   9|0x0000000607400000, 0x0000000607400000, 0x0000000607600000|  0%| F|  |TAMS 0x0000000607400000, 0x0000000607400000| Untracked 
|  10|0x0000000607600000, 0x0000000607600000, 0x0000000607800000|  0%| F|  |TAMS 0x0000000607600000, 0x0000000607600000| Untracked 
|  11|0x0000000607800000, 0x0000000607800000, 0x0000000607a00000|  0%| F|  |TAMS 0x0000000607800000, 0x0000000607800000| Untracked 
|  12|0x0000000607a00000, 0x0000000607a00000, 0x0000000607c00000|  0%| F|  |TAMS 0x0000000607a00000, 0x0000000607a00000| Untracked 
|  13|0x0000000607c00000, 0x0000000607c00000, 0x0000000607e00000|  0%| F|  |TAMS 0x0000000607c00000, 0x0000000607c00000| Untracked 
|  14|0x0000000607e00000, 0x0000000607e00000, 0x0000000608000000|  0%| F|  |TAMS 0x0000000607e00000, 0x0000000607e00000| Untracked 
|  15|0x0000000608000000, 0x0000000608000000, 0x0000000608200000|  0%| F|  |TAMS 0x0000000608000000, 0x0000000608000000| Untracked 
|  16|0x0000000608200000, 0x0000000608200000, 0x0000000608400000|  0%| F|  |TAMS 0x0000000608200000, 0x0000000608200000| Untracked 
|  17|0x0000000608400000, 0x0000000608400000, 0x0000000608600000|  0%| F|  |TAMS 0x0000000608400000, 0x0000000608400000| Untracked 
|  18|0x0000000608600000, 0x0000000608600000, 0x0000000608800000|  0%| F|  |TAMS 0x0000000608600000, 0x0000000608600000| Untracked 
|  19|0x0000000608800000, 0x0000000608800000, 0x0000000608a00000|  0%| F|  |TAMS 0x0000000608800000, 0x0000000608800000| Untracked 
|  20|0x0000000608a00000, 0x0000000608a00000, 0x0000000608c00000|  0%| F|  |TAMS 0x0000000608a00000, 0x0000000608a00000| Untracked 
|  21|0x0000000608c00000, 0x0000000608c00000, 0x0000000608e00000|  0%| F|  |TAMS 0x0000000608c00000, 0x0000000608c00000| Untracked 
|  22|0x0000000608e00000, 0x0000000608e00000, 0x0000000609000000|  0%| F|  |TAMS 0x0000000608e00000, 0x0000000608e00000| Untracked 
|  23|0x0000000609000000, 0x0000000609000000, 0x0000000609200000|  0%| F|  |TAMS 0x0000000609000000, 0x0000000609000000| Untracked 
|  24|0x0000000609200000, 0x0000000609200000, 0x0000000609400000|  0%| F|  |TAMS 0x0000000609200000, 0x0000000609200000| Untracked 
|  25|0x0000000609400000, 0x0000000609400000, 0x0000000609600000|  0%| F|  |TAMS 0x0000000609400000, 0x0000000609400000| Untracked 
|  26|0x0000000609600000, 0x0000000609600000, 0x0000000609800000|  0%| F|  |TAMS 0x0000000609600000, 0x0000000609600000| Untracked 
|  27|0x0000000609800000, 0x0000000609800000, 0x0000000609a00000|  0%| F|  |TAMS 0x0000000609800000, 0x0000000609800000| Untracked 
|  28|0x0000000609a00000, 0x0000000609a00000, 0x0000000609c00000|  0%| F|  |TAMS 0x0000000609a00000, 0x0000000609a00000| Untracked 
|  29|0x0000000609c00000, 0x0000000609c00000, 0x0000000609e00000|  0%| F|  |TAMS 0x0000000609c00000, 0x0000000609c00000| Untracked 
|  30|0x0000000609e00000, 0x0000000609e00000, 0x000000060a000000|  0%| F|  |TAMS 0x0000000609e00000, 0x0000000609e00000| Untracked 
|  31|0x000000060a000000, 0x000000060a000000, 0x000000060a200000|  0%| F|  |TAMS 0x000000060a000000, 0x000000060a000000| Untracked 
|  32|0x000000060a200000, 0x000000060a200000, 0x000000060a400000|  0%| F|  |TAMS 0x000000060a200000, 0x000000060a200000| Untracked 
|  33|0x000000060a400000, 0x000000060a400000, 0x000000060a600000|  0%| F|  |TAMS 0x000000060a400000, 0x000000060a400000| Untracked 
|  34|0x000000060a600000, 0x000000060a600000, 0x000000060a800000|  0%| F|  |TAMS 0x000000060a600000, 0x000000060a600000| Untracked 
|  35|0x000000060a800000, 0x000000060a800000, 0x000000060aa00000|  0%| F|  |TAMS 0x000000060a800000, 0x000000060a800000| Untracked 
|  36|0x000000060aa00000, 0x000000060aa00000, 0x000000060ac00000|  0%| F|  |TAMS 0x000000060aa00000, 0x000000060aa00000| Untracked 
|  37|0x000000060ac00000, 0x000000060ac00000, 0x000000060ae00000|  0%| F|  |TAMS 0x000000060ac00000, 0x000000060ac00000| Untracked 
|  38|0x000000060ae00000, 0x000000060ae00000, 0x000000060b000000|  0%| F|  |TAMS 0x000000060ae00000, 0x000000060ae00000| Untracked 
|  39|0x000000060b000000, 0x000000060b000000, 0x000000060b200000|  0%| F|  |TAMS 0x000000060b000000, 0x000000060b000000| Untracked 
|  40|0x000000060b200000, 0x000000060b200000, 0x000000060b400000|  0%| F|  |TAMS 0x000000060b200000, 0x000000060b200000| Untracked 
|  41|0x000000060b400000, 0x000000060b400000, 0x000000060b600000|  0%| F|  |TAMS 0x000000060b400000, 0x000000060b400000| Untracked 
|  42|0x000000060b600000, 0x000000060b600000, 0x000000060b800000|  0%| F|  |TAMS 0x000000060b600000, 0x000000060b600000| Untracked 
|  43|0x000000060b800000, 0x000000060b800000, 0x000000060ba00000|  0%| F|  |TAMS 0x000000060b800000, 0x000000060b800000| Untracked 
|  44|0x000000060ba00000, 0x000000060ba00000, 0x000000060bc00000|  0%| F|  |TAMS 0x000000060ba00000, 0x000000060ba00000| Untracked 
|  45|0x000000060bc00000, 0x000000060bc00000, 0x000000060be00000|  0%| F|  |TAMS 0x000000060bc00000, 0x000000060bc00000| Untracked 
|  46|0x000000060be00000, 0x000000060be00000, 0x000000060c000000|  0%| F|  |TAMS 0x000000060be00000, 0x000000060be00000| Untracked 
|  47|0x000000060c000000, 0x000000060c000000, 0x000000060c200000|  0%| F|  |TAMS 0x000000060c000000, 0x000000060c000000| Untracked 
|  48|0x000000060c200000, 0x000000060c200000, 0x000000060c400000|  0%| F|  |TAMS 0x000000060c200000, 0x000000060c200000| Untracked 
|  49|0x000000060c400000, 0x000000060c400000, 0x000000060c600000|  0%| F|  |TAMS 0x000000060c400000, 0x000000060c400000| Untracked 
|  50|0x000000060c600000, 0x000000060c600000, 0x000000060c800000|  0%| F|  |TAMS 0x000000060c600000, 0x000000060c600000| Untracked 
|  51|0x000000060c800000, 0x000000060c800000, 0x000000060ca00000|  0%| F|  |TAMS 0x000000060c800000, 0x000000060c800000| Untracked 
|  52|0x000000060ca00000, 0x000000060ca00000, 0x000000060cc00000|  0%| F|  |TAMS 0x000000060ca00000, 0x000000060ca00000| Untracked 
|  53|0x000000060cc00000, 0x000000060cc00000, 0x000000060ce00000|  0%| F|  |TAMS 0x000000060cc00000, 0x000000060cc00000| Untracked 
|  54|0x000000060ce00000, 0x000000060ce00000, 0x000000060d000000|  0%| F|  |TAMS 0x000000060ce00000, 0x000000060ce00000| Untracked 
|  55|0x000000060d000000, 0x000000060d000000, 0x000000060d200000|  0%| F|  |TAMS 0x000000060d000000, 0x000000060d000000| Untracked 
|  56|0x000000060d200000, 0x000000060d200000, 0x000000060d400000|  0%| F|  |TAMS 0x000000060d200000, 0x000000060d200000| Untracked 
|  57|0x000000060d400000, 0x000000060d400000, 0x000000060d600000|  0%| F|  |TAMS 0x000000060d400000, 0x000000060d400000| Untracked 
|  58|0x000000060d600000, 0x000000060d600000, 0x000000060d800000|  0%| F|  |TAMS 0x000000060d600000, 0x000000060d600000| Untracked 
|  59|0x000000060d800000, 0x000000060d800000, 0x000000060da00000|  0%| F|  |TAMS 0x000000060d800000, 0x000000060d800000| Untracked 
|  60|0x000000060da00000, 0x000000060da00000, 0x000000060dc00000|  0%| F|  |TAMS 0x000000060da00000, 0x000000060da00000| Untracked 
|  61|0x000000060dc00000, 0x000000060dc00000, 0x000000060de00000|  0%| F|  |TAMS 0x000000060dc00000, 0x000000060dc00000| Untracked 
|  62|0x000000060de00000, 0x000000060de00000, 0x000000060e000000|  0%| F|  |TAMS 0x000000060de00000, 0x000000060de00000| Untracked 
|  63|0x000000060e000000, 0x000000060e000000, 0x000000060e200000|  0%| F|  |TAMS 0x000000060e000000, 0x000000060e000000| Untracked 
|  64|0x000000060e200000, 0x000000060e200000, 0x000000060e400000|  0%| F|  |TAMS 0x000000060e200000, 0x000000060e200000| Untracked 
|  65|0x000000060e400000, 0x000000060e400000, 0x000000060e600000|  0%| F|  |TAMS 0x000000060e400000, 0x000000060e400000| Untracked 
|  66|0x000000060e600000, 0x000000060e600000, 0x000000060e800000|  0%| F|  |TAMS 0x000000060e600000, 0x000000060e600000| Untracked 
|  67|0x000000060e800000, 0x000000060e800000, 0x000000060ea00000|  0%| F|  |TAMS 0x000000060e800000, 0x000000060e800000| Untracked 
|  68|0x000000060ea00000, 0x000000060ea00000, 0x000000060ec00000|  0%| F|  |TAMS 0x000000060ea00000, 0x000000060ea00000| Untracked 
|  69|0x000000060ec00000, 0x000000060ec00000, 0x000000060ee00000|  0%| F|  |TAMS 0x000000060ec00000, 0x000000060ec00000| Untracked 
|  70|0x000000060ee00000, 0x000000060ee00000, 0x000000060f000000|  0%| F|  |TAMS 0x000000060ee00000, 0x000000060ee00000| Untracked 
|  71|0x000000060f000000, 0x000000060f000000, 0x000000060f200000|  0%| F|  |TAMS 0x000000060f000000, 0x000000060f000000| Untracked 
|  72|0x000000060f200000, 0x000000060f200000, 0x000000060f400000|  0%| F|  |TAMS 0x000000060f200000, 0x000000060f200000| Untracked 
|  73|0x000000060f400000, 0x000000060f400000, 0x000000060f600000|  0%| F|  |TAMS 0x000000060f400000, 0x000000060f400000| Untracked 
|  74|0x000000060f600000, 0x000000060f600000, 0x000000060f800000|  0%| F|  |TAMS 0x000000060f600000, 0x000000060f600000| Untracked 
|  75|0x000000060f800000, 0x000000060f800000, 0x000000060fa00000|  0%| F|  |TAMS 0x000000060f800000, 0x000000060f800000| Untracked 
|  76|0x000000060fa00000, 0x000000060fa00000, 0x000000060fc00000|  0%| F|  |TAMS 0x000000060fa00000, 0x000000060fa00000| Untracked 
|  77|0x000000060fc00000, 0x000000060fc00000, 0x000000060fe00000|  0%| F|  |TAMS 0x000000060fc00000, 0x000000060fc00000| Untracked 
|  78|0x000000060fe00000, 0x000000060fe00000, 0x0000000610000000|  0%| F|  |TAMS 0x000000060fe00000, 0x000000060fe00000| Untracked 
|  79|0x0000000610000000, 0x0000000610000000, 0x0000000610200000|  0%| F|  |TAMS 0x0000000610000000, 0x0000000610000000| Untracked 
|  80|0x0000000610200000, 0x0000000610200000, 0x0000000610400000|  0%| F|  |TAMS 0x0000000610200000, 0x0000000610200000| Untracked 
|  81|0x0000000610400000, 0x0000000610400000, 0x0000000610600000|  0%| F|  |TAMS 0x0000000610400000, 0x0000000610400000| Untracked 
|  82|0x0000000610600000, 0x0000000610600000, 0x0000000610800000|  0%| F|  |TAMS 0x0000000610600000, 0x0000000610600000| Untracked 
|  83|0x0000000610800000, 0x0000000610800000, 0x0000000610a00000|  0%| F|  |TAMS 0x0000000610800000, 0x0000000610800000| Untracked 
|  84|0x0000000610a00000, 0x0000000610a00000, 0x0000000610c00000|  0%| F|  |TAMS 0x0000000610a00000, 0x0000000610a00000| Untracked 
|  85|0x0000000610c00000, 0x0000000610c00000, 0x0000000610e00000|  0%| F|  |TAMS 0x0000000610c00000, 0x0000000610c00000| Untracked 
|  86|0x0000000610e00000, 0x0000000610e00000, 0x0000000611000000|  0%| F|  |TAMS 0x0000000610e00000, 0x0000000610e00000| Untracked 
|  87|0x0000000611000000, 0x0000000611000000, 0x0000000611200000|  0%| F|  |TAMS 0x0000000611000000, 0x0000000611000000| Untracked 
|  88|0x0000000611200000, 0x0000000611200000, 0x0000000611400000|  0%| F|  |TAMS 0x0000000611200000, 0x0000000611200000| Untracked 
|  89|0x0000000611400000, 0x0000000611400000, 0x0000000611600000|  0%| F|  |TAMS 0x0000000611400000, 0x0000000611400000| Untracked 
|  90|0x0000000611600000, 0x0000000611600000, 0x0000000611800000|  0%| F|  |TAMS 0x0000000611600000, 0x0000000611600000| Untracked 
|  91|0x0000000611800000, 0x0000000611800000, 0x0000000611a00000|  0%| F|  |TAMS 0x0000000611800000, 0x0000000611800000| Untracked 
|  92|0x0000000611a00000, 0x0000000611a00000, 0x0000000611c00000|  0%| F|  |TAMS 0x0000000611a00000, 0x0000000611a00000| Untracked 
|  93|0x0000000611c00000, 0x0000000611c00000, 0x0000000611e00000|  0%| F|  |TAMS 0x0000000611c00000, 0x0000000611c00000| Untracked 
|  94|0x0000000611e00000, 0x0000000611e00000, 0x0000000612000000|  0%| F|  |TAMS 0x0000000611e00000, 0x0000000611e00000| Untracked 
|  95|0x0000000612000000, 0x0000000612000000, 0x0000000612200000|  0%| F|  |TAMS 0x0000000612000000, 0x0000000612000000| Untracked 
|  96|0x0000000612200000, 0x0000000612200000, 0x0000000612400000|  0%| F|  |TAMS 0x0000000612200000, 0x0000000612200000| Untracked 
|  97|0x0000000612400000, 0x0000000612400000, 0x0000000612600000|  0%| F|  |TAMS 0x0000000612400000, 0x0000000612400000| Untracked 
|  98|0x0000000612600000, 0x0000000612600000, 0x0000000612800000|  0%| F|  |TAMS 0x0000000612600000, 0x0000000612600000| Untracked 
|  99|0x0000000612800000, 0x0000000612800000, 0x0000000612a00000|  0%| F|  |TAMS 0x0000000612800000, 0x0000000612800000| Untracked 
| 100|0x0000000612a00000, 0x0000000612a00000, 0x0000000612c00000|  0%| F|  |TAMS 0x0000000612a00000, 0x0000000612a00000| Untracked 
| 101|0x0000000612c00000, 0x0000000612c00000, 0x0000000612e00000|  0%| F|  |TAMS 0x0000000612c00000, 0x0000000612c00000| Untracked 
| 102|0x0000000612e00000, 0x0000000612e00000, 0x0000000613000000|  0%| F|  |TAMS 0x0000000612e00000, 0x0000000612e00000| Untracked 
| 103|0x0000000613000000, 0x0000000613000000, 0x0000000613200000|  0%| F|  |TAMS 0x0000000613000000, 0x0000000613000000| Untracked 
| 104|0x0000000613200000, 0x0000000613200000, 0x0000000613400000|  0%| F|  |TAMS 0x0000000613200000, 0x0000000613200000| Untracked 
| 105|0x0000000613400000, 0x0000000613400000, 0x0000000613600000|  0%| F|  |TAMS 0x0000000613400000, 0x0000000613400000| Untracked 
| 106|0x0000000613600000, 0x0000000613600000, 0x0000000613800000|  0%| F|  |TAMS 0x0000000613600000, 0x0000000613600000| Untracked 
| 107|0x0000000613800000, 0x0000000613800000, 0x0000000613a00000|  0%| F|  |TAMS 0x0000000613800000, 0x0000000613800000| Untracked 
| 108|0x0000000613a00000, 0x0000000613a00000, 0x0000000613c00000|  0%| F|  |TAMS 0x0000000613a00000, 0x0000000613a00000| Untracked 
| 109|0x0000000613c00000, 0x0000000613c00000, 0x0000000613e00000|  0%| F|  |TAMS 0x0000000613c00000, 0x0000000613c00000| Untracked 
| 110|0x0000000613e00000, 0x0000000613e00000, 0x0000000614000000|  0%| F|  |TAMS 0x0000000613e00000, 0x0000000613e00000| Untracked 
| 111|0x0000000614000000, 0x0000000614000000, 0x0000000614200000|  0%| F|  |TAMS 0x0000000614000000, 0x0000000614000000| Untracked 
| 112|0x0000000614200000, 0x0000000614200000, 0x0000000614400000|  0%| F|  |TAMS 0x0000000614200000, 0x0000000614200000| Untracked 
| 113|0x0000000614400000, 0x0000000614400000, 0x0000000614600000|  0%| F|  |TAMS 0x0000000614400000, 0x0000000614400000| Untracked 
| 114|0x0000000614600000, 0x0000000614600000, 0x0000000614800000|  0%| F|  |TAMS 0x0000000614600000, 0x0000000614600000| Untracked 
| 115|0x0000000614800000, 0x0000000614800000, 0x0000000614a00000|  0%| F|  |TAMS 0x0000000614800000, 0x0000000614800000| Untracked 
| 116|0x0000000614a00000, 0x0000000614a00000, 0x0000000614c00000|  0%| F|  |TAMS 0x0000000614a00000, 0x0000000614a00000| Untracked 
| 117|0x0000000614c00000, 0x0000000614c00000, 0x0000000614e00000|  0%| F|  |TAMS 0x0000000614c00000, 0x0000000614c00000| Untracked 
| 118|0x0000000614e00000, 0x0000000614e00000, 0x0000000615000000|  0%| F|  |TAMS 0x0000000614e00000, 0x0000000614e00000| Untracked 
| 119|0x0000000615000000, 0x0000000615000000, 0x0000000615200000|  0%| F|  |TAMS 0x0000000615000000, 0x0000000615000000| Untracked 
| 120|0x0000000615200000, 0x0000000615200000, 0x0000000615400000|  0%| F|  |TAMS 0x0000000615200000, 0x0000000615200000| Untracked 
| 121|0x0000000615400000, 0x0000000615400000, 0x0000000615600000|  0%| F|  |TAMS 0x0000000615400000, 0x0000000615400000| Untracked 
| 122|0x0000000615600000, 0x0000000615600000, 0x0000000615800000|  0%| F|  |TAMS 0x0000000615600000, 0x0000000615600000| Untracked 
| 123|0x0000000615800000, 0x0000000615800000, 0x0000000615a00000|  0%| F|  |TAMS 0x0000000615800000, 0x0000000615800000| Untracked 
| 124|0x0000000615a00000, 0x0000000615a00000, 0x0000000615c00000|  0%| F|  |TAMS 0x0000000615a00000, 0x0000000615a00000| Untracked 
| 125|0x0000000615c00000, 0x0000000615c00000, 0x0000000615e00000|  0%| F|  |TAMS 0x0000000615c00000, 0x0000000615c00000| Untracked 
| 126|0x0000000615e00000, 0x0000000615e00000, 0x0000000616000000|  0%| F|  |TAMS 0x0000000615e00000, 0x0000000615e00000| Untracked 
| 127|0x0000000616000000, 0x0000000616000000, 0x0000000616200000|  0%| F|  |TAMS 0x0000000616000000, 0x0000000616000000| Untracked 
| 128|0x0000000616200000, 0x0000000616200000, 0x0000000616400000|  0%| F|  |TAMS 0x0000000616200000, 0x0000000616200000| Untracked 
| 129|0x0000000616400000, 0x0000000616400000, 0x0000000616600000|  0%| F|  |TAMS 0x0000000616400000, 0x0000000616400000| Untracked 
| 130|0x0000000616600000, 0x0000000616600000, 0x0000000616800000|  0%| F|  |TAMS 0x0000000616600000, 0x0000000616600000| Untracked 
| 131|0x0000000616800000, 0x0000000616800000, 0x0000000616a00000|  0%| F|  |TAMS 0x0000000616800000, 0x0000000616800000| Untracked 
| 132|0x0000000616a00000, 0x0000000616a00000, 0x0000000616c00000|  0%| F|  |TAMS 0x0000000616a00000, 0x0000000616a00000| Untracked 
| 133|0x0000000616c00000, 0x0000000616c00000, 0x0000000616e00000|  0%| F|  |TAMS 0x0000000616c00000, 0x0000000616c00000| Untracked 
| 134|0x0000000616e00000, 0x0000000616e00000, 0x0000000617000000|  0%| F|  |TAMS 0x0000000616e00000, 0x0000000616e00000| Untracked 
| 135|0x0000000617000000, 0x0000000617000000, 0x0000000617200000|  0%| F|  |TAMS 0x0000000617000000, 0x0000000617000000| Untracked 
| 136|0x0000000617200000, 0x0000000617200000, 0x0000000617400000|  0%| F|  |TAMS 0x0000000617200000, 0x0000000617200000| Untracked 
| 137|0x0000000617400000, 0x0000000617400000, 0x0000000617600000|  0%| F|  |TAMS 0x0000000617400000, 0x0000000617400000| Untracked 
| 138|0x0000000617600000, 0x0000000617600000, 0x0000000617800000|  0%| F|  |TAMS 0x0000000617600000, 0x0000000617600000| Untracked 
| 139|0x0000000617800000, 0x0000000617800000, 0x0000000617a00000|  0%| F|  |TAMS 0x0000000617800000, 0x0000000617800000| Untracked 
| 140|0x0000000617a00000, 0x0000000617a00000, 0x0000000617c00000|  0%| F|  |TAMS 0x0000000617a00000, 0x0000000617a00000| Untracked 
| 141|0x0000000617c00000, 0x0000000617c00000, 0x0000000617e00000|  0%| F|  |TAMS 0x0000000617c00000, 0x0000000617c00000| Untracked 
| 142|0x0000000617e00000, 0x0000000617e00000, 0x0000000618000000|  0%| F|  |TAMS 0x0000000617e00000, 0x0000000617e00000| Untracked 
| 143|0x0000000618000000, 0x0000000618000000, 0x0000000618200000|  0%| F|  |TAMS 0x0000000618000000, 0x0000000618000000| Untracked 
| 144|0x0000000618200000, 0x0000000618200000, 0x0000000618400000|  0%| F|  |TAMS 0x0000000618200000, 0x0000000618200000| Untracked 
| 145|0x0000000618400000, 0x0000000618400000, 0x0000000618600000|  0%| F|  |TAMS 0x0000000618400000, 0x0000000618400000| Untracked 
| 146|0x0000000618600000, 0x0000000618600000, 0x0000000618800000|  0%| F|  |TAMS 0x0000000618600000, 0x0000000618600000| Untracked 
| 147|0x0000000618800000, 0x0000000618800000, 0x0000000618a00000|  0%| F|  |TAMS 0x0000000618800000, 0x0000000618800000| Untracked 
| 148|0x0000000618a00000, 0x0000000618a00000, 0x0000000618c00000|  0%| F|  |TAMS 0x0000000618a00000, 0x0000000618a00000| Untracked 
| 149|0x0000000618c00000, 0x0000000618c00000, 0x0000000618e00000|  0%| F|  |TAMS 0x0000000618c00000, 0x0000000618c00000| Untracked 
| 150|0x0000000618e00000, 0x0000000618e00000, 0x0000000619000000|  0%| F|  |TAMS 0x0000000618e00000, 0x0000000618e00000| Untracked 
| 151|0x0000000619000000, 0x0000000619000000, 0x0000000619200000|  0%| F|  |TAMS 0x0000000619000000, 0x0000000619000000| Untracked 
| 152|0x0000000619200000, 0x0000000619200000, 0x0000000619400000|  0%| F|  |TAMS 0x0000000619200000, 0x0000000619200000| Untracked 
| 153|0x0000000619400000, 0x0000000619400000, 0x0000000619600000|  0%| F|  |TAMS 0x0000000619400000, 0x0000000619400000| Untracked 
| 154|0x0000000619600000, 0x0000000619600000, 0x0000000619800000|  0%| F|  |TAMS 0x0000000619600000, 0x0000000619600000| Untracked 
| 155|0x0000000619800000, 0x0000000619800000, 0x0000000619a00000|  0%| F|  |TAMS 0x0000000619800000, 0x0000000619800000| Untracked 
| 156|0x0000000619a00000, 0x0000000619a00000, 0x0000000619c00000|  0%| F|  |TAMS 0x0000000619a00000, 0x0000000619a00000| Untracked 
| 157|0x0000000619c00000, 0x0000000619c00000, 0x0000000619e00000|  0%| F|  |TAMS 0x0000000619c00000, 0x0000000619c00000| Untracked 
| 158|0x0000000619e00000, 0x0000000619e00000, 0x000000061a000000|  0%| F|  |TAMS 0x0000000619e00000, 0x0000000619e00000| Untracked 
| 159|0x000000061a000000, 0x000000061a000000, 0x000000061a200000|  0%| F|  |TAMS 0x000000061a000000, 0x000000061a000000| Untracked 
| 160|0x000000061a200000, 0x000000061a200000, 0x000000061a400000|  0%| F|  |TAMS 0x000000061a200000, 0x000000061a200000| Untracked 
| 161|0x000000061a400000, 0x000000061a400000, 0x000000061a600000|  0%| F|  |TAMS 0x000000061a400000, 0x000000061a400000| Untracked 
| 162|0x000000061a600000, 0x000000061a600000, 0x000000061a800000|  0%| F|  |TAMS 0x000000061a600000, 0x000000061a600000| Untracked 
| 163|0x000000061a800000, 0x000000061a800000, 0x000000061aa00000|  0%| F|  |TAMS 0x000000061a800000, 0x000000061a800000| Untracked 
| 164|0x000000061aa00000, 0x000000061aa00000, 0x000000061ac00000|  0%| F|  |TAMS 0x000000061aa00000, 0x000000061aa00000| Untracked 
| 165|0x000000061ac00000, 0x000000061ac00000, 0x000000061ae00000|  0%| F|  |TAMS 0x000000061ac00000, 0x000000061ac00000| Untracked 
| 166|0x000000061ae00000, 0x000000061ae00000, 0x000000061b000000|  0%| F|  |TAMS 0x000000061ae00000, 0x000000061ae00000| Untracked 
| 167|0x000000061b000000, 0x000000061b000000, 0x000000061b200000|  0%| F|  |TAMS 0x000000061b000000, 0x000000061b000000| Untracked 
| 168|0x000000061b200000, 0x000000061b200000, 0x000000061b400000|  0%| F|  |TAMS 0x000000061b200000, 0x000000061b200000| Untracked 
| 169|0x000000061b400000, 0x000000061b400000, 0x000000061b600000|  0%| F|  |TAMS 0x000000061b400000, 0x000000061b400000| Untracked 
| 170|0x000000061b600000, 0x000000061b600000, 0x000000061b800000|  0%| F|  |TAMS 0x000000061b600000, 0x000000061b600000| Untracked 
| 171|0x000000061b800000, 0x000000061b800000, 0x000000061ba00000|  0%| F|  |TAMS 0x000000061b800000, 0x000000061b800000| Untracked 
| 172|0x000000061ba00000, 0x000000061ba00000, 0x000000061bc00000|  0%| F|  |TAMS 0x000000061ba00000, 0x000000061ba00000| Untracked 
| 173|0x000000061bc00000, 0x000000061bc00000, 0x000000061be00000|  0%| F|  |TAMS 0x000000061bc00000, 0x000000061bc00000| Untracked 
| 174|0x000000061be00000, 0x000000061be00000, 0x000000061c000000|  0%| F|  |TAMS 0x000000061be00000, 0x000000061be00000| Untracked 
| 175|0x000000061c000000, 0x000000061c000000, 0x000000061c200000|  0%| F|  |TAMS 0x000000061c000000, 0x000000061c000000| Untracked 
| 176|0x000000061c200000, 0x000000061c200000, 0x000000061c400000|  0%| F|  |TAMS 0x000000061c200000, 0x000000061c200000| Untracked 
| 177|0x000000061c400000, 0x000000061c400000, 0x000000061c600000|  0%| F|  |TAMS 0x000000061c400000, 0x000000061c400000| Untracked 
| 178|0x000000061c600000, 0x000000061c600000, 0x000000061c800000|  0%| F|  |TAMS 0x000000061c600000, 0x000000061c600000| Untracked 
| 179|0x000000061c800000, 0x000000061c800000, 0x000000061ca00000|  0%| F|  |TAMS 0x000000061c800000, 0x000000061c800000| Untracked 
| 180|0x000000061ca00000, 0x000000061ca00000, 0x000000061cc00000|  0%| F|  |TAMS 0x000000061ca00000, 0x000000061ca00000| Untracked 
| 181|0x000000061cc00000, 0x000000061cc00000, 0x000000061ce00000|  0%| F|  |TAMS 0x000000061cc00000, 0x000000061cc00000| Untracked 
| 182|0x000000061ce00000, 0x000000061ce00000, 0x000000061d000000|  0%| F|  |TAMS 0x000000061ce00000, 0x000000061ce00000| Untracked 
| 183|0x000000061d000000, 0x000000061d000000, 0x000000061d200000|  0%| F|  |TAMS 0x000000061d000000, 0x000000061d000000| Untracked 
| 184|0x000000061d200000, 0x000000061d200000, 0x000000061d400000|  0%| F|  |TAMS 0x000000061d200000, 0x000000061d200000| Untracked 
| 185|0x000000061d400000, 0x000000061d400000, 0x000000061d600000|  0%| F|  |TAMS 0x000000061d400000, 0x000000061d400000| Untracked 
| 186|0x000000061d600000, 0x000000061d600000, 0x000000061d800000|  0%| F|  |TAMS 0x000000061d600000, 0x000000061d600000| Untracked 
| 187|0x000000061d800000, 0x000000061d800000, 0x000000061da00000|  0%| F|  |TAMS 0x000000061d800000, 0x000000061d800000| Untracked 
| 188|0x000000061da00000, 0x000000061da00000, 0x000000061dc00000|  0%| F|  |TAMS 0x000000061da00000, 0x000000061da00000| Untracked 
| 189|0x000000061dc00000, 0x000000061dc00000, 0x000000061de00000|  0%| F|  |TAMS 0x000000061dc00000, 0x000000061dc00000| Untracked 
| 190|0x000000061de00000, 0x000000061de00000, 0x000000061e000000|  0%| F|  |TAMS 0x000000061de00000, 0x000000061de00000| Untracked 
| 191|0x000000061e000000, 0x000000061e000000, 0x000000061e200000|  0%| F|  |TAMS 0x000000061e000000, 0x000000061e000000| Untracked 
| 192|0x000000061e200000, 0x000000061e200000, 0x000000061e400000|  0%| F|  |TAMS 0x000000061e200000, 0x000000061e200000| Untracked 
| 193|0x000000061e400000, 0x000000061e400000, 0x000000061e600000|  0%| F|  |TAMS 0x000000061e400000, 0x000000061e400000| Untracked 
| 194|0x000000061e600000, 0x000000061e600000, 0x000000061e800000|  0%| F|  |TAMS 0x000000061e600000, 0x000000061e600000| Untracked 
| 195|0x000000061e800000, 0x000000061e800000, 0x000000061ea00000|  0%| F|  |TAMS 0x000000061e800000, 0x000000061e800000| Untracked 
| 196|0x000000061ea00000, 0x000000061ea00000, 0x000000061ec00000|  0%| F|  |TAMS 0x000000061ea00000, 0x000000061ea00000| Untracked 
| 197|0x000000061ec00000, 0x000000061ec00000, 0x000000061ee00000|  0%| F|  |TAMS 0x000000061ec00000, 0x000000061ec00000| Untracked 
| 198|0x000000061ee00000, 0x000000061ee00000, 0x000000061f000000|  0%| F|  |TAMS 0x000000061ee00000, 0x000000061ee00000| Untracked 
| 199|0x000000061f000000, 0x000000061f000000, 0x000000061f200000|  0%| F|  |TAMS 0x000000061f000000, 0x000000061f000000| Untracked 
| 200|0x000000061f200000, 0x000000061f200000, 0x000000061f400000|  0%| F|  |TAMS 0x000000061f200000, 0x000000061f200000| Untracked 
| 201|0x000000061f400000, 0x000000061f400000, 0x000000061f600000|  0%| F|  |TAMS 0x000000061f400000, 0x000000061f400000| Untracked 
| 202|0x000000061f600000, 0x000000061f600000, 0x000000061f800000|  0%| F|  |TAMS 0x000000061f600000, 0x000000061f600000| Untracked 
| 203|0x000000061f800000, 0x000000061f800000, 0x000000061fa00000|  0%| F|  |TAMS 0x000000061f800000, 0x000000061f800000| Untracked 
| 204|0x000000061fa00000, 0x000000061fa00000, 0x000000061fc00000|  0%| F|  |TAMS 0x000000061fa00000, 0x000000061fa00000| Untracked 
| 205|0x000000061fc00000, 0x000000061fc00000, 0x000000061fe00000|  0%| F|  |TAMS 0x000000061fc00000, 0x000000061fc00000| Untracked 
| 206|0x000000061fe00000, 0x000000061fe00000, 0x0000000620000000|  0%| F|  |TAMS 0x000000061fe00000, 0x000000061fe00000| Untracked 
| 207|0x0000000620000000, 0x0000000620000000, 0x0000000620200000|  0%| F|  |TAMS 0x0000000620000000, 0x0000000620000000| Untracked 
| 208|0x0000000620200000, 0x0000000620200000, 0x0000000620400000|  0%| F|  |TAMS 0x0000000620200000, 0x0000000620200000| Untracked 
| 209|0x0000000620400000, 0x0000000620400000, 0x0000000620600000|  0%| F|  |TAMS 0x0000000620400000, 0x0000000620400000| Untracked 
| 210|0x0000000620600000, 0x0000000620600000, 0x0000000620800000|  0%| F|  |TAMS 0x0000000620600000, 0x0000000620600000| Untracked 
| 211|0x0000000620800000, 0x0000000620800000, 0x0000000620a00000|  0%| F|  |TAMS 0x0000000620800000, 0x0000000620800000| Untracked 
| 212|0x0000000620a00000, 0x0000000620a00000, 0x0000000620c00000|  0%| F|  |TAMS 0x0000000620a00000, 0x0000000620a00000| Untracked 
| 213|0x0000000620c00000, 0x0000000620c00000, 0x0000000620e00000|  0%| F|  |TAMS 0x0000000620c00000, 0x0000000620c00000| Untracked 
| 214|0x0000000620e00000, 0x0000000620e00000, 0x0000000621000000|  0%| F|  |TAMS 0x0000000620e00000, 0x0000000620e00000| Untracked 
| 215|0x0000000621000000, 0x0000000621000000, 0x0000000621200000|  0%| F|  |TAMS 0x0000000621000000, 0x0000000621000000| Untracked 
| 216|0x0000000621200000, 0x0000000621200000, 0x0000000621400000|  0%| F|  |TAMS 0x0000000621200000, 0x0000000621200000| Untracked 
| 217|0x0000000621400000, 0x0000000621400000, 0x0000000621600000|  0%| F|  |TAMS 0x0000000621400000, 0x0000000621400000| Untracked 
| 218|0x0000000621600000, 0x0000000621600000, 0x0000000621800000|  0%| F|  |TAMS 0x0000000621600000, 0x0000000621600000| Untracked 
| 219|0x0000000621800000, 0x0000000621800000, 0x0000000621a00000|  0%| F|  |TAMS 0x0000000621800000, 0x0000000621800000| Untracked 
| 220|0x0000000621a00000, 0x0000000621a00000, 0x0000000621c00000|  0%| F|  |TAMS 0x0000000621a00000, 0x0000000621a00000| Untracked 
| 221|0x0000000621c00000, 0x0000000621c00000, 0x0000000621e00000|  0%| F|  |TAMS 0x0000000621c00000, 0x0000000621c00000| Untracked 
| 222|0x0000000621e00000, 0x0000000621e00000, 0x0000000622000000|  0%| F|  |TAMS 0x0000000621e00000, 0x0000000621e00000| Untracked 
| 223|0x0000000622000000, 0x0000000622000000, 0x0000000622200000|  0%| F|  |TAMS 0x0000000622000000, 0x0000000622000000| Untracked 
| 224|0x0000000622200000, 0x0000000622200000, 0x0000000622400000|  0%| F|  |TAMS 0x0000000622200000, 0x0000000622200000| Untracked 
| 225|0x0000000622400000, 0x0000000622400000, 0x0000000622600000|  0%| F|  |TAMS 0x0000000622400000, 0x0000000622400000| Untracked 
| 226|0x0000000622600000, 0x0000000622600000, 0x0000000622800000|  0%| F|  |TAMS 0x0000000622600000, 0x0000000622600000| Untracked 
| 227|0x0000000622800000, 0x0000000622800000, 0x0000000622a00000|  0%| F|  |TAMS 0x0000000622800000, 0x0000000622800000| Untracked 
| 228|0x0000000622a00000, 0x0000000622a00000, 0x0000000622c00000|  0%| F|  |TAMS 0x0000000622a00000, 0x0000000622a00000| Untracked 
| 229|0x0000000622c00000, 0x0000000622c00000, 0x0000000622e00000|  0%| F|  |TAMS 0x0000000622c00000, 0x0000000622c00000| Untracked 
| 230|0x0000000622e00000, 0x0000000622e00000, 0x0000000623000000|  0%| F|  |TAMS 0x0000000622e00000, 0x0000000622e00000| Untracked 
| 231|0x0000000623000000, 0x0000000623000000, 0x0000000623200000|  0%| F|  |TAMS 0x0000000623000000, 0x0000000623000000| Untracked 
| 232|0x0000000623200000, 0x0000000623200000, 0x0000000623400000|  0%| F|  |TAMS 0x0000000623200000, 0x0000000623200000| Untracked 
| 233|0x0000000623400000, 0x0000000623400000, 0x0000000623600000|  0%| F|  |TAMS 0x0000000623400000, 0x0000000623400000| Untracked 
| 234|0x0000000623600000, 0x0000000623600000, 0x0000000623800000|  0%| F|  |TAMS 0x0000000623600000, 0x0000000623600000| Untracked 
| 235|0x0000000623800000, 0x0000000623800000, 0x0000000623a00000|  0%| F|  |TAMS 0x0000000623800000, 0x0000000623800000| Untracked 
| 236|0x0000000623a00000, 0x0000000623a00000, 0x0000000623c00000|  0%| F|  |TAMS 0x0000000623a00000, 0x0000000623a00000| Untracked 
| 237|0x0000000623c00000, 0x0000000623c00000, 0x0000000623e00000|  0%| F|  |TAMS 0x0000000623c00000, 0x0000000623c00000| Untracked 
| 238|0x0000000623e00000, 0x0000000623e00000, 0x0000000624000000|  0%| F|  |TAMS 0x0000000623e00000, 0x0000000623e00000| Untracked 
| 239|0x0000000624000000, 0x0000000624200000, 0x0000000624200000|100%| S|CS|TAMS 0x0000000624000000, 0x0000000624000000| Complete 
| 240|0x0000000624200000, 0x0000000624400000, 0x0000000624400000|100%| S|CS|TAMS 0x0000000624200000, 0x0000000624200000| Complete 
| 241|0x0000000624400000, 0x0000000624400000, 0x0000000624600000|  0%| F|  |TAMS 0x0000000624400000, 0x0000000624400000| Untracked 
| 242|0x0000000624600000, 0x0000000624600000, 0x0000000624800000|  0%| F|  |TAMS 0x0000000624600000, 0x0000000624600000| Untracked 
| 243|0x0000000624800000, 0x0000000624800000, 0x0000000624a00000|  0%| F|  |TAMS 0x0000000624800000, 0x0000000624800000| Untracked 
| 244|0x0000000624a00000, 0x0000000624a00000, 0x0000000624c00000|  0%| F|  |TAMS 0x0000000624a00000, 0x0000000624a00000| Untracked 
| 245|0x0000000624c00000, 0x0000000624c00000, 0x0000000624e00000|  0%| F|  |TAMS 0x0000000624c00000, 0x0000000624c00000| Untracked 
| 246|0x0000000624e00000, 0x0000000624e61a70, 0x0000000625000000| 19%| E|  |TAMS 0x0000000624e00000, 0x0000000624e00000| Complete 
| 247|0x0000000625000000, 0x0000000625200000, 0x0000000625200000|100%| E|CS|TAMS 0x0000000625000000, 0x0000000625000000| Complete 
| 248|0x0000000625200000, 0x0000000625400000, 0x0000000625400000|100%| E|CS|TAMS 0x0000000625200000, 0x0000000625200000| Complete 
| 249|0x0000000625400000, 0x0000000625600000, 0x0000000625600000|100%| E|CS|TAMS 0x0000000625400000, 0x0000000625400000| Complete 
| 250|0x0000000625600000, 0x0000000625800000, 0x0000000625800000|100%| E|CS|TAMS 0x0000000625600000, 0x0000000625600000| Complete 
| 251|0x0000000625800000, 0x0000000625a00000, 0x0000000625a00000|100%| E|CS|TAMS 0x0000000625800000, 0x0000000625800000| Complete 
| 252|0x0000000625a00000, 0x0000000625c00000, 0x0000000625c00000|100%| E|CS|TAMS 0x0000000625a00000, 0x0000000625a00000| Complete 

Card table byte_map: [0x000001a336810000,0x000001a3377e0000] _byte_map_base: 0x000001a3337df000

Marking Bits (Prev, Next): (CMBitMap*) 0x000001a31d904078, (CMBitMap*) 0x000001a31d9040b0
 Prev Bits: [0x000001a3387b0000, 0x000001a340628000)
 Next Bits: [0x000001a340630000, 0x000001a3484a8000)

Polling page: 0x000001a31d950000

Metaspace:

Usage:
  Non-class:     12.55 MB capacity,    12.32 MB ( 98%) used,   200.69 KB (  2%) free+waste,    33.44 KB ( <1%) overhead. 
      Class:      1.61 MB capacity,     1.47 MB ( 91%) used,   124.00 KB (  8%) free+waste,    16.56 KB (  1%) overhead. 
       Both:     14.16 MB capacity,    13.80 MB ( 97%) used,   324.69 KB (  2%) free+waste,    50.00 KB ( <1%) overhead. 

Virtual space:
  Non-class space:       14.00 MB reserved,      12.75 MB ( 91%) committed 
      Class space:        1.00 GB reserved,       1.63 MB ( <1%) committed 
             Both:        1.01 GB reserved,      14.38 MB (  1%) committed 

Chunk freelists:
   Non-Class:  1.38 KB
       Class:  1.88 KB
        Both:  3.25 KB

CodeHeap 'non-profiled nmethods': size=238336Kb used=2040Kb max_used=2040Kb free=236295Kb
 bounds [0x000001a3262f0000, 0x000001a326560000, 0x000001a334bb0000]
CodeHeap 'non-nmethods': size=7424Kb used=2808Kb max_used=2808Kb free=4615Kb
 bounds [0x000001a325bb0000, 0x000001a325e70000, 0x000001a3262f0000]
 total_blobs=1762 nmethods=1328 adapters=341
 compilation: enabled
              stopped_count=0, restarted_count=0
 full_count=0

Compilation events (10 events):
Event: 0.424 Thread 0x000001a34bc30000 nmethod 1260 0x000001a3264cc690 code [0x000001a3264cca80, 0x000001a3264ce4d0]
Event: 0.424 Thread 0x000001a34bc30000 1268       1       sun.util.locale.BaseLocale$Cache::createObject (8 bytes)
Event: 0.424 Thread 0x000001a34bc30000 nmethod 1268 0x000001a3264ced10 code [0x000001a3264ceee0, 0x000001a3264cf0a0]
Event: 0.424 Thread 0x000001a34bdfc000 nmethod 1267 0x000001a3264cf190 code [0x000001a3264cf360, 0x000001a3264cf560]
Event: 0.424 Thread 0x000001a34bc30000 1250       1       sun.util.locale.ParseStatus::reset (16 bytes)
Event: 0.424 Thread 0x000001a34bc30000 nmethod 1250 0x000001a3264cf690 code [0x000001a3264cf840, 0x000001a3264cf998]
Event: 0.424 Thread 0x000001a34bdfb000 nmethod 1263 0x000001a3264cfa10 code [0x000001a3264cfd40, 0x000001a3264d0980]
Event: 0.424 Thread 0x000001a34bdfa000 nmethod 1265 0x000001a3264d1090 code [0x000001a3264d1320, 0x000001a3264d1b10]
Event: 0.427 Thread 0x000001a34bdfc000 1269       1       sun.net.www.protocol.file.Handler::parseURL (18 bytes)
Event: 0.427 Thread 0x000001a34bdfc000 nmethod 1269 0x000001a3264d2010 code [0x000001a3264d21e0, 0x000001a3264d2380]

GC Heap History (2 events):
Event: 0.383 GC heap before
{Heap before GC invocations=0 (full 0):
 garbage-first heap   total 518144K, used 24576K [0x0000000606200000, 0x0000000800000000)
  region size 2048K, 12 young (24576K), 0 survivors (0K)
 Metaspace       used 12308K, capacity 12719K, committed 13056K, reserved 1060864K
  class space    used 1293K, capacity 1436K, committed 1536K, reserved 1048576K
}
Event: 0.386 GC heap after
{Heap after GC invocations=1 (full 0):
 garbage-first heap   total 518144K, used 14704K [0x0000000606200000, 0x0000000800000000)
  region size 2048K, 2 young (4096K), 2 survivors (4096K)
 Metaspace       used 12308K, capacity 12719K, committed 13056K, reserved 1060864K
  class space    used 1293K, capacity 1436K, committed 1536K, reserved 1048576K
}

Deoptimization events (0 events):
No events

Classes redefined (0 events):
No events

Internal exceptions (10 events):
Event: 0.327 Thread 0x000001a31d87f000 Exception <a 'java/lang/NoSuchMethodError'{0x00000006248ff230}: java.lang.invoke.DirectMethodHandle$Holder.invokeStaticInit(Ljava/lang/Object;IIII)Ljava/lang/Object;> (0x00000006248ff230) thrown at [c:/sb/prod/1715189812/workspace/open/src/hotspot/share/i
Event: 0.350 Thread 0x000001a31d87f000 Exception <a 'java/lang/NoSuchMethodError'{0x000000062495aa10}: java.lang.invoke.DirectMethodHandle$Holder.invokeStatic(Ljava/lang/Object;Ljava/lang/Object;IIII)Ljava/lang/Object;> (0x000000062495aa10) thrown at [c:/sb/prod/1715189812/workspace/open/src/h
Event: 0.350 Thread 0x000001a31d87f000 Exception <a 'java/lang/NoSuchMethodError'{0x000000062495dd58}: java.lang.invoke.DirectMethodHandle$Holder.invokeStaticInit(Ljava/lang/Object;Ljava/lang/Object;IIII)Ljava/lang/Object;> (0x000000062495dd58) thrown at [c:/sb/prod/1715189812/workspace/open/s
Event: 0.354 Thread 0x000001a31d87f000 Exception <a 'java/lang/ClassNotFoundException'{0x00000006249f6610}: javax/management/remote/rmi/RMIServerImpl_Skel> (0x00000006249f6610) thrown at [c:/sb/prod/1715189812/workspace/open/src/hotspot/share/classfile/systemDictionary.cpp, line 231]
Event: 0.367 Thread 0x000001a31d87f000 Exception <a 'java/lang/ClassNotFoundException'{0x0000000624778888}: jdk/internal/agent/resources/spi/agentProvider> (0x0000000624778888) thrown at [c:/sb/prod/1715189812/workspace/open/src/hotspot/share/classfile/systemDictionary.cpp, line 231]
Event: 0.370 Thread 0x000001a31d87f000 Exception <a 'java/lang/NoSuchMethodError'{0x00000006247ce0c0}: java.lang.invoke.DirectMethodHandle$Holder.invokeStatic(Ljava/lang/Object;Ljava/lang/Object;Ljava/lang/Object;Ljava/lang/Object;Ljava/lang/Object;Ljava/lang/Object;Ljava/lang/Object;Ljava/lan
Event: 0.370 Thread 0x000001a31d87f000 Exception <a 'java/lang/NoSuchMethodError'{0x00000006247da8e0}: java.lang.invoke.DirectMethodHandle$Holder.invokeStatic(Ljava/lang/Object;Ljava/lang/Object;Ljava/lang/Object;Ljava/lang/Object;Ljava/lang/Object;Ljava/lang/Object;Ljava/lang/Object;Ljava/lan
Event: 0.371 Thread 0x000001a31d87f000 Exception <a 'java/lang/NoSuchMethodError'{0x00000006247f4608}: java.lang.invoke.DelegatingMethodHandle$Holder.reinvoke_L(Ljava/lang/Object;ILjava/lang/Object;)Ljava/lang/Object;> (0x00000006247f4608) thrown at [c:/sb/prod/1715189812/workspace/open/src/ho
Event: 0.407 Thread 0x000001a31d87f000 Exception <a 'java/lang/ClassNotFoundException'{0x00000006259bd068}: javax/smartcardio/CardPermission> (0x00000006259bd068) thrown at [c:/sb/prod/1715189812/workspace/open/src/hotspot/share/classfile/systemDictionary.cpp, line 231]
Event: 0.409 Thread 0x000001a31d87f000 Exception <a 'java/io/FileNotFoundException'{0x00000006259cb4d0}> (0x00000006259cb4d0) thrown at [c:/sb/prod/1715189812/workspace/open/src/hotspot/share/prims/jni.cpp, line 615]

Events (10 events):
Event: 0.428 loading class ch/qos/logback/classic/util/LoggerNameUtil
Event: 0.428 loading class ch/qos/logback/classic/util/LoggerNameUtil done
Event: 0.428 loading class org/apache/commons/logging/LogAdapter$Slf4jLocationAwareLog
Event: 0.428 loading class org/apache/commons/logging/LogAdapter$Slf4jLocationAwareLog done
Event: 0.428 loading class org/apache/commons/logging/LogAdapter$Slf4jLog
Event: 0.428 loading class org/apache/commons/logging/LogAdapter$Slf4jLog done
Event: 0.428 loading class org/springframework/boot/SpringApplicationShutdownHook
Event: 0.428 loading class org/springframework/boot/SpringApplicationShutdownHook done
Event: 0.429 loading class org/springframework/boot/SpringApplicationShutdownHandlers
Event: 0.429 loading class org/springframework/boot/SpringApplicationShutdownHandlers done


Dynamic libraries:
0x00007ff6710f0000 - 0x00007ff671135000 	C:\spring\jdk-11.0.0.2\bin\javaw.exe
0x00007ffdcb630000 - 0x00007ffdcb828000 	C:\Windows\SYSTEM32\ntdll.dll
0x00007ffdca860000 - 0x00007ffdca922000 	C:\Windows\System32\KERNEL32.DLL
0x00007ffdc9350000 - 0x00007ffdc964e000 	C:\Windows\System32\KERNELBASE.dll
0x00007ffdca260000 - 0x00007ffdca3fd000 	C:\Windows\System32\USER32.dll
0x00007ffdc9200000 - 0x00007ffdc9222000 	C:\Windows\System32\win32u.dll
0x00007ffdca1c0000 - 0x00007ffdca1eb000 	C:\Windows\System32\GDI32.dll
0x00007ffdc9230000 - 0x00007ffdc9347000 	C:\Windows\System32\gdi32full.dll
0x00007ffdc8d20000 - 0x00007ffdc8dbd000 	C:\Windows\System32\msvcp_win.dll
0x00007ffdc8fa0000 - 0x00007ffdc90a0000 	C:\Windows\System32\ucrtbase.dll
0x00007ffdba9e0000 - 0x00007ffdbac7a000 	C:\Windows\WinSxS\amd64_microsoft.windows.common-controls_6595b64144ccf1df_6.0.19041.4355_none_60b8b9eb71f62e16\COMCTL32.dll
0x00007ffdc9e20000 - 0x00007ffdc9ebe000 	C:\Windows\System32\msvcrt.dll
0x00007ffdca400000 - 0x00007ffdca42f000 	C:\Windows\System32\IMM32.DLL
0x00007ffda0380000 - 0x00007ffda0396000 	C:\spring\jdk-11.0.0.2\bin\vcruntime140.dll
0x00007ffd54f30000 - 0x00007ffd54fda000 	C:\spring\jdk-11.0.0.2\bin\msvcp140.dll
0x00007ffd60490000 - 0x00007ffd60fd3000 	C:\spring\jdk-11.0.0.2\bin\server\jvm.dll
0x00007ffdca440000 - 0x00007ffdca4f2000 	C:\Windows\System32\ADVAPI32.dll
0x00007ffdcb350000 - 0x00007ffdcb3f0000 	C:\Windows\System32\sechost.dll
0x00007ffdc9800000 - 0x00007ffdc9923000 	C:\Windows\System32\RPCRT4.dll
0x00007ffdc8dc0000 - 0x00007ffdc8de7000 	C:\Windows\System32\bcrypt.dll
0x00007ffdca430000 - 0x00007ffdca438000 	C:\Windows\System32\PSAPI.DLL
0x00007ffdc3250000 - 0x00007ffdc325a000 	C:\Windows\SYSTEM32\VERSION.dll
0x00007ffdafaf0000 - 0x00007ffdafaf9000 	C:\Windows\SYSTEM32\WSOCK32.dll
0x00007ffdc06e0000 - 0x00007ffdc0707000 	C:\Windows\SYSTEM32\WINMM.dll
0x00007ffdca1f0000 - 0x00007ffdca25b000 	C:\Windows\System32\WS2_32.dll
0x00007ffdc6b70000 - 0x00007ffdc6b82000 	C:\Windows\SYSTEM32\kernel.appcore.dll
0x00007ffdaa830000 - 0x00007ffdaa841000 	C:\spring\jdk-11.0.0.2\bin\verify.dll
0x00007ffdc2b80000 - 0x00007ffdc2d64000 	C:\Windows\SYSTEM32\DBGHELP.DLL
0x00007ffdc29c0000 - 0x00007ffdc29f4000 	C:\Windows\SYSTEM32\dbgcore.DLL
0x00007ffdc8ea0000 - 0x00007ffdc8f22000 	C:\Windows\System32\bcryptPrimitives.dll
0x00007ffda4590000 - 0x00007ffda45b8000 	C:\spring\jdk-11.0.0.2\bin\java.dll
0x00007ffda4500000 - 0x00007ffda4516000 	C:\spring\jdk-11.0.0.2\bin\zip.dll
0x00007ffdab370000 - 0x00007ffdab37a000 	C:\spring\jdk-11.0.0.2\bin\jimage.dll
0x00007ffdcaaa0000 - 0x00007ffdcb20f000 	C:\Windows\System32\SHELL32.dll
0x00007ffdc6d70000 - 0x00007ffdc7514000 	C:\Windows\SYSTEM32\windows.storage.dll
0x00007ffdca500000 - 0x00007ffdca853000 	C:\Windows\System32\combase.dll
0x00007ffdc8700000 - 0x00007ffdc872e000 	C:\Windows\SYSTEM32\Wldp.dll
0x00007ffdcb3f0000 - 0x00007ffdcb4bd000 	C:\Windows\System32\OLEAUT32.dll
0x00007ffdca110000 - 0x00007ffdca1bd000 	C:\Windows\System32\SHCORE.dll
0x00007ffdca930000 - 0x00007ffdca985000 	C:\Windows\System32\shlwapi.dll
0x00007ffdc8c00000 - 0x00007ffdc8c24000 	C:\Windows\SYSTEM32\profapi.dll
0x00007ffda44e0000 - 0x00007ffda44f9000 	C:\spring\jdk-11.0.0.2\bin\net.dll
0x00007ffdc35d0000 - 0x00007ffdc36dd000 	C:\Windows\SYSTEM32\WINHTTP.dll
0x00007ffdc8460000 - 0x00007ffdc84ca000 	C:\Windows\system32\mswsock.dll
0x00007ffda44c0000 - 0x00007ffda44d3000 	C:\spring\jdk-11.0.0.2\bin\nio.dll
0x00007ffdaa540000 - 0x00007ffdaa549000 	C:\spring\jdk-11.0.0.2\bin\management.dll
0x00007ffdaa1f0000 - 0x00007ffdaa1fc000 	C:\spring\jdk-11.0.0.2\bin\management_ext.dll
0x00007ffda4730000 - 0x00007ffda4747000 	C:\Windows\system32\napinsp.dll
0x00007ffda32b0000 - 0x00007ffda32cb000 	C:\Windows\system32\pnrpnsp.dll
0x00007ffda5190000 - 0x00007ffda51a5000 	C:\Windows\system32\wshbth.dll
0x00007ffdc5b50000 - 0x00007ffdc5b6d000 	C:\Windows\system32\NLAapi.dll
0x00007ffdc80f0000 - 0x00007ffdc812b000 	C:\Windows\SYSTEM32\IPHLPAPI.DLL
0x00007ffdc8140000 - 0x00007ffdc820a000 	C:\Windows\SYSTEM32\DNSAPI.dll
0x00007ffdca0d0000 - 0x00007ffdca0d8000 	C:\Windows\System32\NSI.dll
0x00007ffda2a00000 - 0x00007ffda2a12000 	C:\Windows\System32\winrnr.dll
0x00007ffdbdd60000 - 0x00007ffdbdd6a000 	C:\Windows\System32\rasadhlp.dll
0x00007ffdbdd80000 - 0x00007ffdbde00000 	C:\Windows\System32\fwpuclnt.dll
0x00007ffdc8650000 - 0x00007ffdc8668000 	C:\Windows\SYSTEM32\CRYPTSP.dll
0x00007ffdc7d10000 - 0x00007ffdc7d44000 	C:\Windows\system32\rsaenh.dll
0x00007ffdc8b80000 - 0x00007ffdc8bae000 	C:\Windows\SYSTEM32\USERENV.dll
0x00007ffdc8670000 - 0x00007ffdc867c000 	C:\Windows\SYSTEM32\CRYPTBASE.dll
0x00007ffdc3a60000 - 0x00007ffdc3a77000 	C:\Windows\SYSTEM32\dhcpcsvc6.DLL
0x00007ffdc3ef0000 - 0x00007ffdc3f0d000 	C:\Windows\SYSTEM32\dhcpcsvc.DLL

dbghelp: loaded successfully - version: 4.0.5 - missing functions: none
symbol engine: initialized successfully - sym options: 0x614 - pdb path: .;C:\spring\jdk-11.0.0.2\bin;C:\Windows\SYSTEM32;C:\Windows\WinSxS\amd64_microsoft.windows.common-controls_6595b64144ccf1df_6.0.19041.4355_none_60b8b9eb71f62e16;C:\spring\jdk-11.0.0.2\bin\server

VM Arguments:
jvm_args: -Dcom.sun.management.jmxremote -Dcom.sun.management.jmxremote.port=60415 -Dcom.sun.management.jmxremote.authenticate=false -Dcom.sun.management.jmxremote.ssl=false -Djava.rmi.server.hostname=localhost -Dspring.jmx.enabled=true -Dspring.liveBeansView.mbeanDomain -Dspring.application.admin.enabled=true -XX:TieredStopAtLevel=1 -Dspring.boot.project.name=backend -Dfile.encoding=utf-8 
java_command: com.lostay.backend.BackendApplication --spring.output.ansi.enabled=always
java_class_path (initial): C:\Lostay\backend\bin\main;C:\Users\dny09\.gradle\caches\modules-2\files-2.1\org.projectlombok\lombok\1.18.24\13a394eed5c4f9efb2a6d956e2086f1d81e857d9\lombok-1.18.24.jar;C:\Users\dny09\.gradle\caches\modules-2\files-2.1\org.mapstruct\mapstruct-processor\1.5.5.Final\897f6f115930b936287bef552bf5fe28cc64717d\mapstruct-processor-1.5.5.Final.jar;C:\Users\dny09\.gradle\caches\modules-2\files-2.1\org.springframework.boot\spring-boot-starter-batch\2.7.6\809a8f204509de836753ae3fee2e4fe700fe4dd0\spring-boot-starter-batch-2.7.6.jar;C:\Users\dny09\.gradle\caches\modules-2\files-2.1\org.springframework.boot\spring-boot-starter-data-jpa\2.7.6\7eef599012347f2fb7f84ba71eba10caf094dfb5\spring-boot-starter-data-jpa-2.7.6.jar;C:\Users\dny09\.gradle\caches\modules-2\files-2.1\org.springframework.boot\spring-boot-starter-security\2.7.6\2718e4587f4271468ba20da8b4fd8195c798fb88\spring-boot-starter-security-2.7.6.jar;C:\Users\dny09\.gradle\caches\modules-2\files-2.1\org.springframework.boot\spring-boot-starter-web\2.7.6\9d0166a0390df593243bdc798ca7a1db20ddea9c\spring-boot-starter-web-2.7.6.jar;C:\Users\dny09\.gradle\caches\modules-2\files-2.1\org.mapstruct\mapstruct\1.5.5.Final\2ca3cbe39b6e9ea8d5ea521965a89bef2a1e8eeb\mapstruct-1.5.5.Final.jar;C:\Users\dny09\.gradle\caches\modules-2\files-2.1\org.springframework.boot\spring-boot-starter-thymeleaf\2.7.6\18056127ee9253fbbb71d80e9dbd10827555ec27\spring-boot-starter-thymeleaf-2.7.6.jar;C:\Users\dny09\.gradle\caches\modules-2\files-2.1\com.github.iamport\iamport-rest-client-java\0.2.21\1e77090406ae4623225425e7fae3f38142614294\iamport-rest-client-java-0.2.21.jar;C:\Users\dny09\.gradle\caches\modules-2\files-2.1\org.json\json\20210307\528c8df3757e8bcf151817b1d7b9b434f6aa08d5\json-20210307.jar;C:\Users\dny09\.gradle\caches\modules-2\files-2.1\org.springframework.security\spring-security-oauth2-client\5.7.5\44843928477508b4a73ca970f9e12145bf35d29f\spring-security-oauth2-client-5.7.5.jar;C:\Users\dny09\.gradle\caches\mod
Launcher Type: SUN_STANDARD

[Global flags]
     intx CICompilerCount                          = 4                                         {product} {ergonomic}
     uint ConcGCThreads                            = 3                                         {product} {ergonomic}
     uint G1ConcRefinementThreads                  = 10                                        {product} {ergonomic}
   size_t G1HeapRegionSize                         = 2097152                                   {product} {ergonomic}
    uintx GCDrainStackTargetSize                   = 64                                        {product} {ergonomic}
   size_t InitialHeapSize                          = 530579456                                 {product} {ergonomic}
     bool ManagementServer                         = true                                      {product} {command line}
   size_t MarkStackSize                            = 4194304                                   {product} {ergonomic}
   size_t MaxHeapSize                              = 8487174144                                {product} {ergonomic}
   size_t MaxNewSize                               = 5091885056                                {product} {ergonomic}
   size_t MinHeapDeltaBytes                        = 2097152                                   {product} {ergonomic}
    uintx NonNMethodCodeHeapSize                   = 7549744                                {pd product} {ergonomic}
    uintx NonProfiledCodeHeapSize                  = 244108496                              {pd product} {ergonomic}
    uintx ProfiledCodeHeapSize                     = 0                                      {pd product} {ergonomic}
    uintx ReservedCodeCacheSize                    = 251658240                              {pd product} {ergonomic}
     bool SegmentedCodeCache                       = true                                      {product} {ergonomic}
     intx TieredStopAtLevel                        = 1                                         {product} {command line}
     bool UseCompressedClassPointers               = true                                 {lp64_product} {ergonomic}
     bool UseCompressedOops                        = true                                 {lp64_product} {ergonomic}
     bool UseG1GC                                  = true                                      {product} {ergonomic}
     bool UseLargePagesIndividualAllocation        = false                                  {pd product} {ergonomic}

Logging:
Log output configuration:
 #0: stdout all=warning uptime,level,tags
 #1: stderr all=off uptime,level,tags

Environment Variables:
PATH=C:/spring/jdk-11.0.0.2/bin/server;C:/spring/jdk-11.0.0.2/bin;C:\Windows\system32;C:\Windows;C:\Windows\System32\Wbem;C:\Windows\System32\WindowsPowerShell\v1.0\;C:\Windows\System32\OpenSSH\;C:\Program Files\NVIDIA Corporation\NVIDIA NvDLISR;C:\Program Files\Bandizip\;C:\Program Files\Git\cmd;C:\Program Files\nodejs\;C:\spring\jdk-11.0.0.2\bin;C:\Program Files\MySQL\MySQL Shell 8.0\bin\;C:\Python\Scripts\;C:\Python\;C:\Users\dny09\AppData\Local\Microsoft\WindowsApps;C:\Users\dny09\AppData\Local\Programs\Microsoft VS Code\bin;C:\Users\dny09\AppData\Roaming\npm;C:\spring\sts-bundle\sts-3.9.18.RELEASE;
USERNAME=dny09
OS=Windows_NT
PROCESSOR_IDENTIFIER=AMD64 Family 25 Model 97 Stepping 2, AuthenticAMD



---------------  S Y S T E M  ---------------

OS: Windows 10 , 64 bit Build 19041 (10.0.19041.4957)

CPU:total 12 (initial active 12) (12 cores per cpu, 2 threads per core) family 25 model 97 stepping 2, cmov, cx8, fxsr, mmx, sse, sse2, sse3, ssse3, sse4.1, sse4.2, popcnt, avx, avx2, aes, clmul, erms, mmxext, 3dnowpref, lzcnt, sse4a, ht, tsc, tscinvbit, tscinv, bmi1, bmi2, adx, sha, fma

Memory: 4k page, system-wide physical 32375M (19393M free)
TotalPageFile size 37239M (AvailPageFile size 21606M)
current process WorkingSet (physical memory assigned to process): 105M, peak: 105M
current process commit charge ("private bytes"): 624M, peak: 624M

vm_info: OpenJDK 64-Bit Server VM (11.0.0.2+2-2) for windows-amd64 JRE (11.0.0.2+2-2), built on May  8 2024 18:42:34 by "mach5one" with MS VC++ 15.5 (VS2017)

END.
