#
# A fatal error has been detected by the Java Runtime Environment:
#
#  EXCEPTION_ACCESS_VIOLATION (0xc0000005) at pc=0x00007ffb55e5ccc9, pid=29776, tid=23808
#
# JRE version: OpenJDK Runtime Environment (11.0.1+3) (build 11.0.0.1+3-5)
# Java VM: OpenJDK 64-Bit Server VM (11.0.0.1+3-5, mixed mode, tiered, compressed oops, g1 gc, windows-amd64)
# Problematic frame:
# V  [jvm.dll+0x6cccc9]
#
# No core dump will be written. Minidumps are not enabled by default on client versions of Windows
#
# If you would like to submit a bug report, please visit:
#   http://bugreport.java.com/bugreport/crash.jsp
#

---------------  S U M M A R Y ------------

Command Line: -Dcom.sun.management.jmxremote -Dcom.sun.management.jmxremote.port=51962 -Dcom.sun.management.jmxremote.authenticate=false -Dcom.sun.management.jmxremote.ssl=false -Djava.rmi.server.hostname=localhost -Dspring.jmx.enabled=true -Dspring.liveBeansView.mbeanDomain -Dspring.application.admin.enabled=true -XX:TieredStopAtLevel=1 -Dspring.boot.project.name=backend -Dfile.encoding=utf-8 com.lostay.backend.BackendApplication --spring.output.ansi.enabled=always

Host: 11th Gen Intel(R) Core(TM) i5-11400F @ 2.60GHz, 12 cores, 31G,  Windows 10 , 64 bit Build 19041 (10.0.19041.2788)
Time: Sun Nov  3 14:31:46 2024 대한민국 표준시 elapsed time: 1 seconds (0d 0h 0m 1s)

---------------  T H R E A D  ---------------

Current thread (0x0000027d454b9800):  WatcherThread [stack: 0x000000a4ecd00000,0x000000a4ece00000] [id=23808]

Stack: [0x000000a4ecd00000,0x000000a4ece00000],  sp=0x000000a4ecdff800,  free space=1022k
Native frames: (J=compiled Java code, j=interpreted, Vv=VM code, C=native code)
V  [jvm.dll+0x6cccc9]
V  [jvm.dll+0x71847d]
V  [jvm.dll+0x73de29]
V  [jvm.dll+0x639e42]
C  [ucrtbase.dll+0x21bb2]
C  [KERNEL32.DLL+0x17604]
C  [ntdll.dll+0x526a1]


siginfo: EXCEPTION_ACCESS_VIOLATION (0xc0000005), reading address 0x0000027d0000000f


Register to memory mapping:

RIP=0x00007ffb55e5ccc9 jvm.dll
RAX=0x0000027d454af340 points into unknown readable memory
RBX=0x0 is NULL
RCX=0x0000027d0000000f is an unknown value
RDX=0x000000000000003b is an unknown value
RSP=0x000000a4ecdff800 points into unknown readable memory
RBP=0x0000000000000002 is an unknown value
RSI=0x0000027d454af430 points into unknown readable memory
RDI=0x0 is NULL
R8 =0x0 is NULL
R9 =0x0000027d1e580b80 is at begin+0 in a stub
StubRoutines::atomic_cmpxchg_long [0x0000027d1e580b80, 0x0000027d1e580b89[ (9 bytes)
R10=0x00000000546c6148 is an unknown value
R11=0xfffffffffb675c27 is an unknown value
R12=0x0 is NULL
R13=0x0000027d454b9800 points into unknown readable memory
R14=0x000000000000003b is an unknown value
R15=0x0000027d45453cc0 points into unknown readable memory


Registers:
RAX=0x0000027d454af340, RBX=0x0000000000000000, RCX=0x0000027d0000000f, RDX=0x000000000000003b
RSP=0x000000a4ecdff800, RBP=0x0000000000000002, RSI=0x0000027d454af430, RDI=0x0000000000000000
R8 =0x0000000000000000, R9 =0x0000027d1e580b80, R10=0x00000000546c6148, R11=0xfffffffffb675c27
R12=0x0000000000000000, R13=0x0000027d454b9800, R14=0x000000000000003b, R15=0x0000027d45453cc0
RIP=0x00007ffb55e5ccc9, EFLAGS=0x0000000000010202

Top of Stack: (sp=0x000000a4ecdff800)
0x000000a4ecdff800:   0000027d454b9800 0000027d454b9800
0x000000a4ecdff810:   00000191a34c210c 00007ffb55d9dac9
0x000000a4ecdff820:   00007ffb5621d418 00007ffb55ea847d
0x000000a4ecdff830:   0000000000000001 0000027d16248cc0
0x000000a4ecdff840:   0000027d16248cc0 431bde82d7b634db
0x000000a4ecdff850:   0000027d45453cc0 00000191a34c210c
0x000000a4ecdff860:   0000027d16248cc0 00007ffb55ecde29
0x000000a4ecdff870:   0000000000000001 000000000000003b
0x000000a4ecdff880:   0000000000000032 0000000000000002
0x000000a4ecdff890:   0000000000000000 0000000000000000
0x000000a4ecdff8a0:   0000000000000000 0000000000000000
0x000000a4ecdff8b0:   0000000000000000 0000000000000000
0x000000a4ecdff8c0:   0000000000000000 0000000000000000
0x000000a4ecdff8d0:   0000000000000000 0000000000000000
0x000000a4ecdff8e0:   0000000000000000 000000a4ecdffa20
0x000000a4ecdff8f0:   0000027d454b9800 00007ffb55dc9e42 

Instructions: (pc=0x00007ffb55e5ccc9)
0x00007ffb55e5cca9:   20 48 8b 35 27 b6 3b 00 33 db 48 8b 06 39 18 7e
0x00007ffb55e5ccb9:   27 48 89 7c 24 30 8b fb 48 8b 40 18 48 8b 0c 07
0x00007ffb55e5ccc9:   48 8b 01 ff 50 08 48 8b 06 48 8d 7f 08 ff c3 3b
0x00007ffb55e5ccd9:   18 7c e5 48 8b 7c 24 30 48 8b 5c 24 38 48 83 c4 



---------------  P R O C E S S  ---------------

Threads class SMR info:
_java_thread_list=0x0000027d45567bf0, length=16, elements={
0x0000027d1624c000, 0x0000027d44810800, 0x0000027d4483c000, 0x0000027d448a9800,
0x0000027d448ab800, 0x0000027d448ae000, 0x0000027d448b9800, 0x0000027d44a60800,
0x0000027d44ae0000, 0x0000027d4538b800, 0x0000027d454ae800, 0x0000027d454b0800,
0x0000027d45548800, 0x0000027d45568000, 0x0000027d455cc000, 0x0000027d455e8800
}

Java Threads: ( => current thread )
  0x0000027d1624c000 JavaThread "main" [_thread_in_native, id=15952, stack(0x000000a4eba00000,0x000000a4ebb00000)]
  0x0000027d44810800 JavaThread "Reference Handler" daemon [_thread_blocked, id=23724, stack(0x000000a4ec100000,0x000000a4ec200000)]
  0x0000027d4483c000 JavaThread "Finalizer" daemon [_thread_blocked, id=30468, stack(0x000000a4ec200000,0x000000a4ec300000)]
  0x0000027d448a9800 JavaThread "Signal Dispatcher" daemon [_thread_blocked, id=27068, stack(0x000000a4ec300000,0x000000a4ec400000)]
  0x0000027d448ab800 JavaThread "Attach Listener" daemon [_thread_blocked, id=20200, stack(0x000000a4ec400000,0x000000a4ec500000)]
  0x0000027d448ae000 JavaThread "C1 CompilerThread0" daemon [_thread_blocked, id=28308, stack(0x000000a4ec500000,0x000000a4ec600000)]
  0x0000027d448b9800 JavaThread "Sweeper thread" daemon [_thread_blocked, id=15704, stack(0x000000a4ec600000,0x000000a4ec700000)]
  0x0000027d44a60800 JavaThread "Common-Cleaner" daemon [_thread_blocked, id=6260, stack(0x000000a4ec700000,0x000000a4ec800000)]
  0x0000027d44ae0000 JavaThread "Service Thread" daemon [_thread_blocked, id=3952, stack(0x000000a4ec800000,0x000000a4ec900000)]
  0x0000027d4538b800 JavaThread "C1 CompilerThread1" daemon [_thread_blocked, id=3696, stack(0x000000a4ec900000,0x000000a4eca00000)]
  0x0000027d454ae800 JavaThread "RMI TCP Accept-0" daemon [_thread_in_native, id=14172, stack(0x000000a4eca00000,0x000000a4ecb00000)]
  0x0000027d454b0800 JavaThread "RMI TCP Accept-51962" daemon [_thread_in_native, id=18012, stack(0x000000a4ecb00000,0x000000a4ecc00000)]
  0x0000027d45548800 JavaThread "RMI TCP Accept-0" daemon [_thread_in_native, id=28088, stack(0x000000a4ecc00000,0x000000a4ecd00000)]
  0x0000027d45568000 JavaThread "RMI TCP Connection(1)-127.0.0.1" daemon [_thread_in_native, id=29004, stack(0x000000a4ece00000,0x000000a4ecf00000)]
  0x0000027d455cc000 JavaThread "RMI Scheduler(0)" daemon [_thread_blocked, id=19844, stack(0x000000a4ed800000,0x000000a4ed900000)]
  0x0000027d455e8800 JavaThread "RMI TCP Connection(2)-127.0.0.1" daemon [_thread_in_vm, id=3272, stack(0x000000a4ed900000,0x000000a4eda00000)]

Other Threads:
  0x0000027d4480d800 VMThread "VM Thread" [stack: 0x000000a4ec000000,0x000000a4ec100000] [id=7000]
=>0x0000027d454b9800 WatcherThread [stack: 0x000000a4ecd00000,0x000000a4ece00000] [id=23808]
  0x0000027d16262800 GCTaskThread "GC Thread#0" [stack: 0x000000a4ebb00000,0x000000a4ebc00000] [id=304]
  0x0000027d45593000 GCTaskThread "GC Thread#1" [stack: 0x000000a4ecf00000,0x000000a4ed000000] [id=24152]
  0x0000027d45596000 GCTaskThread "GC Thread#2" [stack: 0x000000a4ed000000,0x000000a4ed100000] [id=17228]
  0x0000027d45596800 GCTaskThread "GC Thread#3" [stack: 0x000000a4ed100000,0x000000a4ed200000] [id=18396]
  0x0000027d45599000 GCTaskThread "GC Thread#4" [stack: 0x000000a4ed200000,0x000000a4ed300000] [id=29212]
  0x0000027d45599800 GCTaskThread "GC Thread#5" [stack: 0x000000a4ed300000,0x000000a4ed400000] [id=1904]
  0x0000027d4559a800 GCTaskThread "GC Thread#6" [stack: 0x000000a4ed400000,0x000000a4ed500000] [id=15900]
  0x0000027d4559b000 GCTaskThread "GC Thread#7" [stack: 0x000000a4ed500000,0x000000a4ed600000] [id=30148]
  0x0000027d4559e000 GCTaskThread "GC Thread#8" [stack: 0x000000a4ed600000,0x000000a4ed700000] [id=25864]
  0x0000027d4559e800 GCTaskThread "GC Thread#9" [stack: 0x000000a4ed700000,0x000000a4ed800000] [id=14708]
  0x0000027d162e2000 ConcurrentGCThread "G1 Main Marker" [stack: 0x000000a4ebc00000,0x000000a4ebd00000] [id=28548]
  0x0000027d162e3800 ConcurrentGCThread "G1 Conc#0" [stack: 0x000000a4ebd00000,0x000000a4ebe00000] [id=15448]
  0x0000027d43e75800 ConcurrentGCThread "G1 Refine#0" [stack: 0x000000a4ebe00000,0x000000a4ebf00000] [id=16208]
  0x0000027d43e76800 ConcurrentGCThread "G1 Young RemSet Sampling" [stack: 0x000000a4ebf00000,0x000000a4ec000000] [id=4384]

Threads with active compile tasks:

VM state:not at safepoint (normal execution)

VM Mutex/Monitor currently owned by a thread:  ([mutex/lock_event])
[0x0000027d16248cc0] PeriodicTask_lock - owner thread: 0x0000027d454b9800

Heap address: 0x0000000601e00000, size: 8162 MB, Compressed Oops mode: Zero based, Oop shift amount: 3
Narrow klass base: 0x0000000800000000, Narrow klass shift: 0
Compressed class space size: 1073741824 Address: 0x0000000800000000

Heap:
 garbage-first heap   total 524288K, used 14841K [0x0000000601e00000, 0x0000000800000000)
  region size 2048K, 3 young (6144K), 2 survivors (4096K)
 Metaspace       used 12848K, capacity 13218K, committed 13312K, reserved 1060864K
  class space    used 1365K, capacity 1492K, committed 1536K, reserved 1048576K
Heap Regions: E=young(eden), S=young(survivor), O=old, HS=humongous(starts), HC=humongous(continues), CS=collection set, F=free, A=archive, TAMS=top-at-mark-start (previous, next)
|   0|0x0000000601e00000, 0x0000000602000000, 0x0000000602000000|100%|HS|  |TAMS 0x0000000601e00000, 0x0000000601e00000| Complete 
|   1|0x0000000602000000, 0x0000000602200000, 0x0000000602200000|100%| O|  |TAMS 0x0000000602000000, 0x0000000602000000| Untracked 
|   2|0x0000000602200000, 0x0000000602400000, 0x0000000602400000|100%| O|  |TAMS 0x0000000602200000, 0x0000000602200000| Untracked 
|   3|0x0000000602400000, 0x0000000602600000, 0x0000000602600000|100%| O|  |TAMS 0x0000000602400000, 0x0000000602400000| Untracked 
|   4|0x0000000602600000, 0x0000000602800000, 0x0000000602800000|100%| O|  |TAMS 0x0000000602600000, 0x0000000602600000| Untracked 
|   5|0x0000000602800000, 0x000000060287e400, 0x0000000602a00000| 24%| O|  |TAMS 0x0000000602800000, 0x0000000602800000| Untracked 
|   6|0x0000000602a00000, 0x0000000602a00000, 0x0000000602c00000|  0%| F|  |TAMS 0x0000000602a00000, 0x0000000602a00000| Untracked 
|   7|0x0000000602c00000, 0x0000000602c00000, 0x0000000602e00000|  0%| F|  |TAMS 0x0000000602c00000, 0x0000000602c00000| Untracked 
|   8|0x0000000602e00000, 0x0000000602e00000, 0x0000000603000000|  0%| F|  |TAMS 0x0000000602e00000, 0x0000000602e00000| Untracked 
|   9|0x0000000603000000, 0x0000000603000000, 0x0000000603200000|  0%| F|  |TAMS 0x0000000603000000, 0x0000000603000000| Untracked 
|  10|0x0000000603200000, 0x0000000603200000, 0x0000000603400000|  0%| F|  |TAMS 0x0000000603200000, 0x0000000603200000| Untracked 
|  11|0x0000000603400000, 0x0000000603400000, 0x0000000603600000|  0%| F|  |TAMS 0x0000000603400000, 0x0000000603400000| Untracked 
|  12|0x0000000603600000, 0x0000000603600000, 0x0000000603800000|  0%| F|  |TAMS 0x0000000603600000, 0x0000000603600000| Untracked 
|  13|0x0000000603800000, 0x0000000603800000, 0x0000000603a00000|  0%| F|  |TAMS 0x0000000603800000, 0x0000000603800000| Untracked 
|  14|0x0000000603a00000, 0x0000000603a00000, 0x0000000603c00000|  0%| F|  |TAMS 0x0000000603a00000, 0x0000000603a00000| Untracked 
|  15|0x0000000603c00000, 0x0000000603c00000, 0x0000000603e00000|  0%| F|  |TAMS 0x0000000603c00000, 0x0000000603c00000| Untracked 
|  16|0x0000000603e00000, 0x0000000603e00000, 0x0000000604000000|  0%| F|  |TAMS 0x0000000603e00000, 0x0000000603e00000| Untracked 
|  17|0x0000000604000000, 0x0000000604000000, 0x0000000604200000|  0%| F|  |TAMS 0x0000000604000000, 0x0000000604000000| Untracked 
|  18|0x0000000604200000, 0x0000000604200000, 0x0000000604400000|  0%| F|  |TAMS 0x0000000604200000, 0x0000000604200000| Untracked 
|  19|0x0000000604400000, 0x0000000604400000, 0x0000000604600000|  0%| F|  |TAMS 0x0000000604400000, 0x0000000604400000| Untracked 
|  20|0x0000000604600000, 0x0000000604600000, 0x0000000604800000|  0%| F|  |TAMS 0x0000000604600000, 0x0000000604600000| Untracked 
|  21|0x0000000604800000, 0x0000000604800000, 0x0000000604a00000|  0%| F|  |TAMS 0x0000000604800000, 0x0000000604800000| Untracked 
|  22|0x0000000604a00000, 0x0000000604a00000, 0x0000000604c00000|  0%| F|  |TAMS 0x0000000604a00000, 0x0000000604a00000| Untracked 
|  23|0x0000000604c00000, 0x0000000604c00000, 0x0000000604e00000|  0%| F|  |TAMS 0x0000000604c00000, 0x0000000604c00000| Untracked 
|  24|0x0000000604e00000, 0x0000000604e00000, 0x0000000605000000|  0%| F|  |TAMS 0x0000000604e00000, 0x0000000604e00000| Untracked 
|  25|0x0000000605000000, 0x0000000605000000, 0x0000000605200000|  0%| F|  |TAMS 0x0000000605000000, 0x0000000605000000| Untracked 
|  26|0x0000000605200000, 0x0000000605200000, 0x0000000605400000|  0%| F|  |TAMS 0x0000000605200000, 0x0000000605200000| Untracked 
|  27|0x0000000605400000, 0x0000000605400000, 0x0000000605600000|  0%| F|  |TAMS 0x0000000605400000, 0x0000000605400000| Untracked 
|  28|0x0000000605600000, 0x0000000605600000, 0x0000000605800000|  0%| F|  |TAMS 0x0000000605600000, 0x0000000605600000| Untracked 
|  29|0x0000000605800000, 0x0000000605800000, 0x0000000605a00000|  0%| F|  |TAMS 0x0000000605800000, 0x0000000605800000| Untracked 
|  30|0x0000000605a00000, 0x0000000605a00000, 0x0000000605c00000|  0%| F|  |TAMS 0x0000000605a00000, 0x0000000605a00000| Untracked 
|  31|0x0000000605c00000, 0x0000000605c00000, 0x0000000605e00000|  0%| F|  |TAMS 0x0000000605c00000, 0x0000000605c00000| Untracked 
|  32|0x0000000605e00000, 0x0000000605e00000, 0x0000000606000000|  0%| F|  |TAMS 0x0000000605e00000, 0x0000000605e00000| Untracked 
|  33|0x0000000606000000, 0x0000000606000000, 0x0000000606200000|  0%| F|  |TAMS 0x0000000606000000, 0x0000000606000000| Untracked 
|  34|0x0000000606200000, 0x0000000606200000, 0x0000000606400000|  0%| F|  |TAMS 0x0000000606200000, 0x0000000606200000| Untracked 
|  35|0x0000000606400000, 0x0000000606400000, 0x0000000606600000|  0%| F|  |TAMS 0x0000000606400000, 0x0000000606400000| Untracked 
|  36|0x0000000606600000, 0x0000000606600000, 0x0000000606800000|  0%| F|  |TAMS 0x0000000606600000, 0x0000000606600000| Untracked 
|  37|0x0000000606800000, 0x0000000606800000, 0x0000000606a00000|  0%| F|  |TAMS 0x0000000606800000, 0x0000000606800000| Untracked 
|  38|0x0000000606a00000, 0x0000000606a00000, 0x0000000606c00000|  0%| F|  |TAMS 0x0000000606a00000, 0x0000000606a00000| Untracked 
|  39|0x0000000606c00000, 0x0000000606c00000, 0x0000000606e00000|  0%| F|  |TAMS 0x0000000606c00000, 0x0000000606c00000| Untracked 
|  40|0x0000000606e00000, 0x0000000606e00000, 0x0000000607000000|  0%| F|  |TAMS 0x0000000606e00000, 0x0000000606e00000| Untracked 
|  41|0x0000000607000000, 0x0000000607000000, 0x0000000607200000|  0%| F|  |TAMS 0x0000000607000000, 0x0000000607000000| Untracked 
|  42|0x0000000607200000, 0x0000000607200000, 0x0000000607400000|  0%| F|  |TAMS 0x0000000607200000, 0x0000000607200000| Untracked 
|  43|0x0000000607400000, 0x0000000607400000, 0x0000000607600000|  0%| F|  |TAMS 0x0000000607400000, 0x0000000607400000| Untracked 
|  44|0x0000000607600000, 0x0000000607600000, 0x0000000607800000|  0%| F|  |TAMS 0x0000000607600000, 0x0000000607600000| Untracked 
|  45|0x0000000607800000, 0x0000000607800000, 0x0000000607a00000|  0%| F|  |TAMS 0x0000000607800000, 0x0000000607800000| Untracked 
|  46|0x0000000607a00000, 0x0000000607a00000, 0x0000000607c00000|  0%| F|  |TAMS 0x0000000607a00000, 0x0000000607a00000| Untracked 
|  47|0x0000000607c00000, 0x0000000607c00000, 0x0000000607e00000|  0%| F|  |TAMS 0x0000000607c00000, 0x0000000607c00000| Untracked 
|  48|0x0000000607e00000, 0x0000000607e00000, 0x0000000608000000|  0%| F|  |TAMS 0x0000000607e00000, 0x0000000607e00000| Untracked 
|  49|0x0000000608000000, 0x0000000608000000, 0x0000000608200000|  0%| F|  |TAMS 0x0000000608000000, 0x0000000608000000| Untracked 
|  50|0x0000000608200000, 0x0000000608200000, 0x0000000608400000|  0%| F|  |TAMS 0x0000000608200000, 0x0000000608200000| Untracked 
|  51|0x0000000608400000, 0x0000000608400000, 0x0000000608600000|  0%| F|  |TAMS 0x0000000608400000, 0x0000000608400000| Untracked 
|  52|0x0000000608600000, 0x0000000608600000, 0x0000000608800000|  0%| F|  |TAMS 0x0000000608600000, 0x0000000608600000| Untracked 
|  53|0x0000000608800000, 0x0000000608800000, 0x0000000608a00000|  0%| F|  |TAMS 0x0000000608800000, 0x0000000608800000| Untracked 
|  54|0x0000000608a00000, 0x0000000608a00000, 0x0000000608c00000|  0%| F|  |TAMS 0x0000000608a00000, 0x0000000608a00000| Untracked 
|  55|0x0000000608c00000, 0x0000000608c00000, 0x0000000608e00000|  0%| F|  |TAMS 0x0000000608c00000, 0x0000000608c00000| Untracked 
|  56|0x0000000608e00000, 0x0000000608e00000, 0x0000000609000000|  0%| F|  |TAMS 0x0000000608e00000, 0x0000000608e00000| Untracked 
|  57|0x0000000609000000, 0x0000000609000000, 0x0000000609200000|  0%| F|  |TAMS 0x0000000609000000, 0x0000000609000000| Untracked 
|  58|0x0000000609200000, 0x0000000609200000, 0x0000000609400000|  0%| F|  |TAMS 0x0000000609200000, 0x0000000609200000| Untracked 
|  59|0x0000000609400000, 0x0000000609400000, 0x0000000609600000|  0%| F|  |TAMS 0x0000000609400000, 0x0000000609400000| Untracked 
|  60|0x0000000609600000, 0x0000000609600000, 0x0000000609800000|  0%| F|  |TAMS 0x0000000609600000, 0x0000000609600000| Untracked 
|  61|0x0000000609800000, 0x0000000609800000, 0x0000000609a00000|  0%| F|  |TAMS 0x0000000609800000, 0x0000000609800000| Untracked 
|  62|0x0000000609a00000, 0x0000000609a00000, 0x0000000609c00000|  0%| F|  |TAMS 0x0000000609a00000, 0x0000000609a00000| Untracked 
|  63|0x0000000609c00000, 0x0000000609c00000, 0x0000000609e00000|  0%| F|  |TAMS 0x0000000609c00000, 0x0000000609c00000| Untracked 
|  64|0x0000000609e00000, 0x0000000609e00000, 0x000000060a000000|  0%| F|  |TAMS 0x0000000609e00000, 0x0000000609e00000| Untracked 
|  65|0x000000060a000000, 0x000000060a000000, 0x000000060a200000|  0%| F|  |TAMS 0x000000060a000000, 0x000000060a000000| Untracked 
|  66|0x000000060a200000, 0x000000060a200000, 0x000000060a400000|  0%| F|  |TAMS 0x000000060a200000, 0x000000060a200000| Untracked 
|  67|0x000000060a400000, 0x000000060a400000, 0x000000060a600000|  0%| F|  |TAMS 0x000000060a400000, 0x000000060a400000| Untracked 
|  68|0x000000060a600000, 0x000000060a600000, 0x000000060a800000|  0%| F|  |TAMS 0x000000060a600000, 0x000000060a600000| Untracked 
|  69|0x000000060a800000, 0x000000060a800000, 0x000000060aa00000|  0%| F|  |TAMS 0x000000060a800000, 0x000000060a800000| Untracked 
|  70|0x000000060aa00000, 0x000000060aa00000, 0x000000060ac00000|  0%| F|  |TAMS 0x000000060aa00000, 0x000000060aa00000| Untracked 
|  71|0x000000060ac00000, 0x000000060ac00000, 0x000000060ae00000|  0%| F|  |TAMS 0x000000060ac00000, 0x000000060ac00000| Untracked 
|  72|0x000000060ae00000, 0x000000060ae00000, 0x000000060b000000|  0%| F|  |TAMS 0x000000060ae00000, 0x000000060ae00000| Untracked 
|  73|0x000000060b000000, 0x000000060b000000, 0x000000060b200000|  0%| F|  |TAMS 0x000000060b000000, 0x000000060b000000| Untracked 
|  74|0x000000060b200000, 0x000000060b200000, 0x000000060b400000|  0%| F|  |TAMS 0x000000060b200000, 0x000000060b200000| Untracked 
|  75|0x000000060b400000, 0x000000060b400000, 0x000000060b600000|  0%| F|  |TAMS 0x000000060b400000, 0x000000060b400000| Untracked 
|  76|0x000000060b600000, 0x000000060b600000, 0x000000060b800000|  0%| F|  |TAMS 0x000000060b600000, 0x000000060b600000| Untracked 
|  77|0x000000060b800000, 0x000000060b800000, 0x000000060ba00000|  0%| F|  |TAMS 0x000000060b800000, 0x000000060b800000| Untracked 
|  78|0x000000060ba00000, 0x000000060ba00000, 0x000000060bc00000|  0%| F|  |TAMS 0x000000060ba00000, 0x000000060ba00000| Untracked 
|  79|0x000000060bc00000, 0x000000060bc00000, 0x000000060be00000|  0%| F|  |TAMS 0x000000060bc00000, 0x000000060bc00000| Untracked 
|  80|0x000000060be00000, 0x000000060be00000, 0x000000060c000000|  0%| F|  |TAMS 0x000000060be00000, 0x000000060be00000| Untracked 
|  81|0x000000060c000000, 0x000000060c000000, 0x000000060c200000|  0%| F|  |TAMS 0x000000060c000000, 0x000000060c000000| Untracked 
|  82|0x000000060c200000, 0x000000060c200000, 0x000000060c400000|  0%| F|  |TAMS 0x000000060c200000, 0x000000060c200000| Untracked 
|  83|0x000000060c400000, 0x000000060c400000, 0x000000060c600000|  0%| F|  |TAMS 0x000000060c400000, 0x000000060c400000| Untracked 
|  84|0x000000060c600000, 0x000000060c600000, 0x000000060c800000|  0%| F|  |TAMS 0x000000060c600000, 0x000000060c600000| Untracked 
|  85|0x000000060c800000, 0x000000060c800000, 0x000000060ca00000|  0%| F|  |TAMS 0x000000060c800000, 0x000000060c800000| Untracked 
|  86|0x000000060ca00000, 0x000000060ca00000, 0x000000060cc00000|  0%| F|  |TAMS 0x000000060ca00000, 0x000000060ca00000| Untracked 
|  87|0x000000060cc00000, 0x000000060cc00000, 0x000000060ce00000|  0%| F|  |TAMS 0x000000060cc00000, 0x000000060cc00000| Untracked 
|  88|0x000000060ce00000, 0x000000060ce00000, 0x000000060d000000|  0%| F|  |TAMS 0x000000060ce00000, 0x000000060ce00000| Untracked 
|  89|0x000000060d000000, 0x000000060d000000, 0x000000060d200000|  0%| F|  |TAMS 0x000000060d000000, 0x000000060d000000| Untracked 
|  90|0x000000060d200000, 0x000000060d200000, 0x000000060d400000|  0%| F|  |TAMS 0x000000060d200000, 0x000000060d200000| Untracked 
|  91|0x000000060d400000, 0x000000060d400000, 0x000000060d600000|  0%| F|  |TAMS 0x000000060d400000, 0x000000060d400000| Untracked 
|  92|0x000000060d600000, 0x000000060d600000, 0x000000060d800000|  0%| F|  |TAMS 0x000000060d600000, 0x000000060d600000| Untracked 
|  93|0x000000060d800000, 0x000000060d800000, 0x000000060da00000|  0%| F|  |TAMS 0x000000060d800000, 0x000000060d800000| Untracked 
|  94|0x000000060da00000, 0x000000060da00000, 0x000000060dc00000|  0%| F|  |TAMS 0x000000060da00000, 0x000000060da00000| Untracked 
|  95|0x000000060dc00000, 0x000000060dc00000, 0x000000060de00000|  0%| F|  |TAMS 0x000000060dc00000, 0x000000060dc00000| Untracked 
|  96|0x000000060de00000, 0x000000060de00000, 0x000000060e000000|  0%| F|  |TAMS 0x000000060de00000, 0x000000060de00000| Untracked 
|  97|0x000000060e000000, 0x000000060e000000, 0x000000060e200000|  0%| F|  |TAMS 0x000000060e000000, 0x000000060e000000| Untracked 
|  98|0x000000060e200000, 0x000000060e200000, 0x000000060e400000|  0%| F|  |TAMS 0x000000060e200000, 0x000000060e200000| Untracked 
|  99|0x000000060e400000, 0x000000060e400000, 0x000000060e600000|  0%| F|  |TAMS 0x000000060e400000, 0x000000060e400000| Untracked 
| 100|0x000000060e600000, 0x000000060e600000, 0x000000060e800000|  0%| F|  |TAMS 0x000000060e600000, 0x000000060e600000| Untracked 
| 101|0x000000060e800000, 0x000000060e800000, 0x000000060ea00000|  0%| F|  |TAMS 0x000000060e800000, 0x000000060e800000| Untracked 
| 102|0x000000060ea00000, 0x000000060ea00000, 0x000000060ec00000|  0%| F|  |TAMS 0x000000060ea00000, 0x000000060ea00000| Untracked 
| 103|0x000000060ec00000, 0x000000060ec00000, 0x000000060ee00000|  0%| F|  |TAMS 0x000000060ec00000, 0x000000060ec00000| Untracked 
| 104|0x000000060ee00000, 0x000000060ee00000, 0x000000060f000000|  0%| F|  |TAMS 0x000000060ee00000, 0x000000060ee00000| Untracked 
| 105|0x000000060f000000, 0x000000060f000000, 0x000000060f200000|  0%| F|  |TAMS 0x000000060f000000, 0x000000060f000000| Untracked 
| 106|0x000000060f200000, 0x000000060f200000, 0x000000060f400000|  0%| F|  |TAMS 0x000000060f200000, 0x000000060f200000| Untracked 
| 107|0x000000060f400000, 0x000000060f400000, 0x000000060f600000|  0%| F|  |TAMS 0x000000060f400000, 0x000000060f400000| Untracked 
| 108|0x000000060f600000, 0x000000060f600000, 0x000000060f800000|  0%| F|  |TAMS 0x000000060f600000, 0x000000060f600000| Untracked 
| 109|0x000000060f800000, 0x000000060f800000, 0x000000060fa00000|  0%| F|  |TAMS 0x000000060f800000, 0x000000060f800000| Untracked 
| 110|0x000000060fa00000, 0x000000060fa00000, 0x000000060fc00000|  0%| F|  |TAMS 0x000000060fa00000, 0x000000060fa00000| Untracked 
| 111|0x000000060fc00000, 0x000000060fc00000, 0x000000060fe00000|  0%| F|  |TAMS 0x000000060fc00000, 0x000000060fc00000| Untracked 
| 112|0x000000060fe00000, 0x000000060fe00000, 0x0000000610000000|  0%| F|  |TAMS 0x000000060fe00000, 0x000000060fe00000| Untracked 
| 113|0x0000000610000000, 0x0000000610000000, 0x0000000610200000|  0%| F|  |TAMS 0x0000000610000000, 0x0000000610000000| Untracked 
| 114|0x0000000610200000, 0x0000000610200000, 0x0000000610400000|  0%| F|  |TAMS 0x0000000610200000, 0x0000000610200000| Untracked 
| 115|0x0000000610400000, 0x0000000610400000, 0x0000000610600000|  0%| F|  |TAMS 0x0000000610400000, 0x0000000610400000| Untracked 
| 116|0x0000000610600000, 0x0000000610600000, 0x0000000610800000|  0%| F|  |TAMS 0x0000000610600000, 0x0000000610600000| Untracked 
| 117|0x0000000610800000, 0x0000000610800000, 0x0000000610a00000|  0%| F|  |TAMS 0x0000000610800000, 0x0000000610800000| Untracked 
| 118|0x0000000610a00000, 0x0000000610a00000, 0x0000000610c00000|  0%| F|  |TAMS 0x0000000610a00000, 0x0000000610a00000| Untracked 
| 119|0x0000000610c00000, 0x0000000610c00000, 0x0000000610e00000|  0%| F|  |TAMS 0x0000000610c00000, 0x0000000610c00000| Untracked 
| 120|0x0000000610e00000, 0x0000000610e00000, 0x0000000611000000|  0%| F|  |TAMS 0x0000000610e00000, 0x0000000610e00000| Untracked 
| 121|0x0000000611000000, 0x0000000611000000, 0x0000000611200000|  0%| F|  |TAMS 0x0000000611000000, 0x0000000611000000| Untracked 
| 122|0x0000000611200000, 0x0000000611200000, 0x0000000611400000|  0%| F|  |TAMS 0x0000000611200000, 0x0000000611200000| Untracked 
| 123|0x0000000611400000, 0x0000000611400000, 0x0000000611600000|  0%| F|  |TAMS 0x0000000611400000, 0x0000000611400000| Untracked 
| 124|0x0000000611600000, 0x0000000611600000, 0x0000000611800000|  0%| F|  |TAMS 0x0000000611600000, 0x0000000611600000| Untracked 
| 125|0x0000000611800000, 0x0000000611800000, 0x0000000611a00000|  0%| F|  |TAMS 0x0000000611800000, 0x0000000611800000| Untracked 
| 126|0x0000000611a00000, 0x0000000611a00000, 0x0000000611c00000|  0%| F|  |TAMS 0x0000000611a00000, 0x0000000611a00000| Untracked 
| 127|0x0000000611c00000, 0x0000000611c00000, 0x0000000611e00000|  0%| F|  |TAMS 0x0000000611c00000, 0x0000000611c00000| Untracked 
| 128|0x0000000611e00000, 0x0000000611e00000, 0x0000000612000000|  0%| F|  |TAMS 0x0000000611e00000, 0x0000000611e00000| Untracked 
| 129|0x0000000612000000, 0x0000000612000000, 0x0000000612200000|  0%| F|  |TAMS 0x0000000612000000, 0x0000000612000000| Untracked 
| 130|0x0000000612200000, 0x0000000612200000, 0x0000000612400000|  0%| F|  |TAMS 0x0000000612200000, 0x0000000612200000| Untracked 
| 131|0x0000000612400000, 0x0000000612400000, 0x0000000612600000|  0%| F|  |TAMS 0x0000000612400000, 0x0000000612400000| Untracked 
| 132|0x0000000612600000, 0x0000000612600000, 0x0000000612800000|  0%| F|  |TAMS 0x0000000612600000, 0x0000000612600000| Untracked 
| 133|0x0000000612800000, 0x0000000612800000, 0x0000000612a00000|  0%| F|  |TAMS 0x0000000612800000, 0x0000000612800000| Untracked 
| 134|0x0000000612a00000, 0x0000000612a00000, 0x0000000612c00000|  0%| F|  |TAMS 0x0000000612a00000, 0x0000000612a00000| Untracked 
| 135|0x0000000612c00000, 0x0000000612c00000, 0x0000000612e00000|  0%| F|  |TAMS 0x0000000612c00000, 0x0000000612c00000| Untracked 
| 136|0x0000000612e00000, 0x0000000612e00000, 0x0000000613000000|  0%| F|  |TAMS 0x0000000612e00000, 0x0000000612e00000| Untracked 
| 137|0x0000000613000000, 0x0000000613000000, 0x0000000613200000|  0%| F|  |TAMS 0x0000000613000000, 0x0000000613000000| Untracked 
| 138|0x0000000613200000, 0x0000000613200000, 0x0000000613400000|  0%| F|  |TAMS 0x0000000613200000, 0x0000000613200000| Untracked 
| 139|0x0000000613400000, 0x0000000613400000, 0x0000000613600000|  0%| F|  |TAMS 0x0000000613400000, 0x0000000613400000| Untracked 
| 140|0x0000000613600000, 0x0000000613600000, 0x0000000613800000|  0%| F|  |TAMS 0x0000000613600000, 0x0000000613600000| Untracked 
| 141|0x0000000613800000, 0x0000000613800000, 0x0000000613a00000|  0%| F|  |TAMS 0x0000000613800000, 0x0000000613800000| Untracked 
| 142|0x0000000613a00000, 0x0000000613a00000, 0x0000000613c00000|  0%| F|  |TAMS 0x0000000613a00000, 0x0000000613a00000| Untracked 
| 143|0x0000000613c00000, 0x0000000613c00000, 0x0000000613e00000|  0%| F|  |TAMS 0x0000000613c00000, 0x0000000613c00000| Untracked 
| 144|0x0000000613e00000, 0x0000000613e00000, 0x0000000614000000|  0%| F|  |TAMS 0x0000000613e00000, 0x0000000613e00000| Untracked 
| 145|0x0000000614000000, 0x0000000614000000, 0x0000000614200000|  0%| F|  |TAMS 0x0000000614000000, 0x0000000614000000| Untracked 
| 146|0x0000000614200000, 0x0000000614200000, 0x0000000614400000|  0%| F|  |TAMS 0x0000000614200000, 0x0000000614200000| Untracked 
| 147|0x0000000614400000, 0x0000000614400000, 0x0000000614600000|  0%| F|  |TAMS 0x0000000614400000, 0x0000000614400000| Untracked 
| 148|0x0000000614600000, 0x0000000614600000, 0x0000000614800000|  0%| F|  |TAMS 0x0000000614600000, 0x0000000614600000| Untracked 
| 149|0x0000000614800000, 0x0000000614800000, 0x0000000614a00000|  0%| F|  |TAMS 0x0000000614800000, 0x0000000614800000| Untracked 
| 150|0x0000000614a00000, 0x0000000614a00000, 0x0000000614c00000|  0%| F|  |TAMS 0x0000000614a00000, 0x0000000614a00000| Untracked 
| 151|0x0000000614c00000, 0x0000000614c00000, 0x0000000614e00000|  0%| F|  |TAMS 0x0000000614c00000, 0x0000000614c00000| Untracked 
| 152|0x0000000614e00000, 0x0000000614e00000, 0x0000000615000000|  0%| F|  |TAMS 0x0000000614e00000, 0x0000000614e00000| Untracked 
| 153|0x0000000615000000, 0x0000000615000000, 0x0000000615200000|  0%| F|  |TAMS 0x0000000615000000, 0x0000000615000000| Untracked 
| 154|0x0000000615200000, 0x0000000615200000, 0x0000000615400000|  0%| F|  |TAMS 0x0000000615200000, 0x0000000615200000| Untracked 
| 155|0x0000000615400000, 0x0000000615400000, 0x0000000615600000|  0%| F|  |TAMS 0x0000000615400000, 0x0000000615400000| Untracked 
| 156|0x0000000615600000, 0x0000000615600000, 0x0000000615800000|  0%| F|  |TAMS 0x0000000615600000, 0x0000000615600000| Untracked 
| 157|0x0000000615800000, 0x0000000615800000, 0x0000000615a00000|  0%| F|  |TAMS 0x0000000615800000, 0x0000000615800000| Untracked 
| 158|0x0000000615a00000, 0x0000000615a00000, 0x0000000615c00000|  0%| F|  |TAMS 0x0000000615a00000, 0x0000000615a00000| Untracked 
| 159|0x0000000615c00000, 0x0000000615c00000, 0x0000000615e00000|  0%| F|  |TAMS 0x0000000615c00000, 0x0000000615c00000| Untracked 
| 160|0x0000000615e00000, 0x0000000615e00000, 0x0000000616000000|  0%| F|  |TAMS 0x0000000615e00000, 0x0000000615e00000| Untracked 
| 161|0x0000000616000000, 0x0000000616000000, 0x0000000616200000|  0%| F|  |TAMS 0x0000000616000000, 0x0000000616000000| Untracked 
| 162|0x0000000616200000, 0x0000000616200000, 0x0000000616400000|  0%| F|  |TAMS 0x0000000616200000, 0x0000000616200000| Untracked 
| 163|0x0000000616400000, 0x0000000616400000, 0x0000000616600000|  0%| F|  |TAMS 0x0000000616400000, 0x0000000616400000| Untracked 
| 164|0x0000000616600000, 0x0000000616600000, 0x0000000616800000|  0%| F|  |TAMS 0x0000000616600000, 0x0000000616600000| Untracked 
| 165|0x0000000616800000, 0x0000000616800000, 0x0000000616a00000|  0%| F|  |TAMS 0x0000000616800000, 0x0000000616800000| Untracked 
| 166|0x0000000616a00000, 0x0000000616a00000, 0x0000000616c00000|  0%| F|  |TAMS 0x0000000616a00000, 0x0000000616a00000| Untracked 
| 167|0x0000000616c00000, 0x0000000616c00000, 0x0000000616e00000|  0%| F|  |TAMS 0x0000000616c00000, 0x0000000616c00000| Untracked 
| 168|0x0000000616e00000, 0x0000000616e00000, 0x0000000617000000|  0%| F|  |TAMS 0x0000000616e00000, 0x0000000616e00000| Untracked 
| 169|0x0000000617000000, 0x0000000617000000, 0x0000000617200000|  0%| F|  |TAMS 0x0000000617000000, 0x0000000617000000| Untracked 
| 170|0x0000000617200000, 0x0000000617200000, 0x0000000617400000|  0%| F|  |TAMS 0x0000000617200000, 0x0000000617200000| Untracked 
| 171|0x0000000617400000, 0x0000000617400000, 0x0000000617600000|  0%| F|  |TAMS 0x0000000617400000, 0x0000000617400000| Untracked 
| 172|0x0000000617600000, 0x0000000617600000, 0x0000000617800000|  0%| F|  |TAMS 0x0000000617600000, 0x0000000617600000| Untracked 
| 173|0x0000000617800000, 0x0000000617800000, 0x0000000617a00000|  0%| F|  |TAMS 0x0000000617800000, 0x0000000617800000| Untracked 
| 174|0x0000000617a00000, 0x0000000617a00000, 0x0000000617c00000|  0%| F|  |TAMS 0x0000000617a00000, 0x0000000617a00000| Untracked 
| 175|0x0000000617c00000, 0x0000000617c00000, 0x0000000617e00000|  0%| F|  |TAMS 0x0000000617c00000, 0x0000000617c00000| Untracked 
| 176|0x0000000617e00000, 0x0000000617e00000, 0x0000000618000000|  0%| F|  |TAMS 0x0000000617e00000, 0x0000000617e00000| Untracked 
| 177|0x0000000618000000, 0x0000000618000000, 0x0000000618200000|  0%| F|  |TAMS 0x0000000618000000, 0x0000000618000000| Untracked 
| 178|0x0000000618200000, 0x0000000618200000, 0x0000000618400000|  0%| F|  |TAMS 0x0000000618200000, 0x0000000618200000| Untracked 
| 179|0x0000000618400000, 0x0000000618400000, 0x0000000618600000|  0%| F|  |TAMS 0x0000000618400000, 0x0000000618400000| Untracked 
| 180|0x0000000618600000, 0x0000000618600000, 0x0000000618800000|  0%| F|  |TAMS 0x0000000618600000, 0x0000000618600000| Untracked 
| 181|0x0000000618800000, 0x0000000618800000, 0x0000000618a00000|  0%| F|  |TAMS 0x0000000618800000, 0x0000000618800000| Untracked 
| 182|0x0000000618a00000, 0x0000000618a00000, 0x0000000618c00000|  0%| F|  |TAMS 0x0000000618a00000, 0x0000000618a00000| Untracked 
| 183|0x0000000618c00000, 0x0000000618c00000, 0x0000000618e00000|  0%| F|  |TAMS 0x0000000618c00000, 0x0000000618c00000| Untracked 
| 184|0x0000000618e00000, 0x0000000618e00000, 0x0000000619000000|  0%| F|  |TAMS 0x0000000618e00000, 0x0000000618e00000| Untracked 
| 185|0x0000000619000000, 0x0000000619000000, 0x0000000619200000|  0%| F|  |TAMS 0x0000000619000000, 0x0000000619000000| Untracked 
| 186|0x0000000619200000, 0x0000000619200000, 0x0000000619400000|  0%| F|  |TAMS 0x0000000619200000, 0x0000000619200000| Untracked 
| 187|0x0000000619400000, 0x0000000619400000, 0x0000000619600000|  0%| F|  |TAMS 0x0000000619400000, 0x0000000619400000| Untracked 
| 188|0x0000000619600000, 0x0000000619600000, 0x0000000619800000|  0%| F|  |TAMS 0x0000000619600000, 0x0000000619600000| Untracked 
| 189|0x0000000619800000, 0x0000000619800000, 0x0000000619a00000|  0%| F|  |TAMS 0x0000000619800000, 0x0000000619800000| Untracked 
| 190|0x0000000619a00000, 0x0000000619a00000, 0x0000000619c00000|  0%| F|  |TAMS 0x0000000619a00000, 0x0000000619a00000| Untracked 
| 191|0x0000000619c00000, 0x0000000619c00000, 0x0000000619e00000|  0%| F|  |TAMS 0x0000000619c00000, 0x0000000619c00000| Untracked 
| 192|0x0000000619e00000, 0x0000000619e00000, 0x000000061a000000|  0%| F|  |TAMS 0x0000000619e00000, 0x0000000619e00000| Untracked 
| 193|0x000000061a000000, 0x000000061a000000, 0x000000061a200000|  0%| F|  |TAMS 0x000000061a000000, 0x000000061a000000| Untracked 
| 194|0x000000061a200000, 0x000000061a200000, 0x000000061a400000|  0%| F|  |TAMS 0x000000061a200000, 0x000000061a200000| Untracked 
| 195|0x000000061a400000, 0x000000061a400000, 0x000000061a600000|  0%| F|  |TAMS 0x000000061a400000, 0x000000061a400000| Untracked 
| 196|0x000000061a600000, 0x000000061a600000, 0x000000061a800000|  0%| F|  |TAMS 0x000000061a600000, 0x000000061a600000| Untracked 
| 197|0x000000061a800000, 0x000000061a800000, 0x000000061aa00000|  0%| F|  |TAMS 0x000000061a800000, 0x000000061a800000| Untracked 
| 198|0x000000061aa00000, 0x000000061aa00000, 0x000000061ac00000|  0%| F|  |TAMS 0x000000061aa00000, 0x000000061aa00000| Untracked 
| 199|0x000000061ac00000, 0x000000061ac00000, 0x000000061ae00000|  0%| F|  |TAMS 0x000000061ac00000, 0x000000061ac00000| Untracked 
| 200|0x000000061ae00000, 0x000000061ae00000, 0x000000061b000000|  0%| F|  |TAMS 0x000000061ae00000, 0x000000061ae00000| Untracked 
| 201|0x000000061b000000, 0x000000061b000000, 0x000000061b200000|  0%| F|  |TAMS 0x000000061b000000, 0x000000061b000000| Untracked 
| 202|0x000000061b200000, 0x000000061b200000, 0x000000061b400000|  0%| F|  |TAMS 0x000000061b200000, 0x000000061b200000| Untracked 
| 203|0x000000061b400000, 0x000000061b400000, 0x000000061b600000|  0%| F|  |TAMS 0x000000061b400000, 0x000000061b400000| Untracked 
| 204|0x000000061b600000, 0x000000061b600000, 0x000000061b800000|  0%| F|  |TAMS 0x000000061b600000, 0x000000061b600000| Untracked 
| 205|0x000000061b800000, 0x000000061b800000, 0x000000061ba00000|  0%| F|  |TAMS 0x000000061b800000, 0x000000061b800000| Untracked 
| 206|0x000000061ba00000, 0x000000061ba00000, 0x000000061bc00000|  0%| F|  |TAMS 0x000000061ba00000, 0x000000061ba00000| Untracked 
| 207|0x000000061bc00000, 0x000000061bc00000, 0x000000061be00000|  0%| F|  |TAMS 0x000000061bc00000, 0x000000061bc00000| Untracked 
| 208|0x000000061be00000, 0x000000061be00000, 0x000000061c000000|  0%| F|  |TAMS 0x000000061be00000, 0x000000061be00000| Untracked 
| 209|0x000000061c000000, 0x000000061c000000, 0x000000061c200000|  0%| F|  |TAMS 0x000000061c000000, 0x000000061c000000| Untracked 
| 210|0x000000061c200000, 0x000000061c200000, 0x000000061c400000|  0%| F|  |TAMS 0x000000061c200000, 0x000000061c200000| Untracked 
| 211|0x000000061c400000, 0x000000061c400000, 0x000000061c600000|  0%| F|  |TAMS 0x000000061c400000, 0x000000061c400000| Untracked 
| 212|0x000000061c600000, 0x000000061c600000, 0x000000061c800000|  0%| F|  |TAMS 0x000000061c600000, 0x000000061c600000| Untracked 
| 213|0x000000061c800000, 0x000000061c800000, 0x000000061ca00000|  0%| F|  |TAMS 0x000000061c800000, 0x000000061c800000| Untracked 
| 214|0x000000061ca00000, 0x000000061ca00000, 0x000000061cc00000|  0%| F|  |TAMS 0x000000061ca00000, 0x000000061ca00000| Untracked 
| 215|0x000000061cc00000, 0x000000061cc00000, 0x000000061ce00000|  0%| F|  |TAMS 0x000000061cc00000, 0x000000061cc00000| Untracked 
| 216|0x000000061ce00000, 0x000000061ce00000, 0x000000061d000000|  0%| F|  |TAMS 0x000000061ce00000, 0x000000061ce00000| Untracked 
| 217|0x000000061d000000, 0x000000061d000000, 0x000000061d200000|  0%| F|  |TAMS 0x000000061d000000, 0x000000061d000000| Untracked 
| 218|0x000000061d200000, 0x000000061d200000, 0x000000061d400000|  0%| F|  |TAMS 0x000000061d200000, 0x000000061d200000| Untracked 
| 219|0x000000061d400000, 0x000000061d400000, 0x000000061d600000|  0%| F|  |TAMS 0x000000061d400000, 0x000000061d400000| Untracked 
| 220|0x000000061d600000, 0x000000061d600000, 0x000000061d800000|  0%| F|  |TAMS 0x000000061d600000, 0x000000061d600000| Untracked 
| 221|0x000000061d800000, 0x000000061d800000, 0x000000061da00000|  0%| F|  |TAMS 0x000000061d800000, 0x000000061d800000| Untracked 
| 222|0x000000061da00000, 0x000000061da00000, 0x000000061dc00000|  0%| F|  |TAMS 0x000000061da00000, 0x000000061da00000| Untracked 
| 223|0x000000061dc00000, 0x000000061dc00000, 0x000000061de00000|  0%| F|  |TAMS 0x000000061dc00000, 0x000000061dc00000| Untracked 
| 224|0x000000061de00000, 0x000000061de00000, 0x000000061e000000|  0%| F|  |TAMS 0x000000061de00000, 0x000000061de00000| Untracked 
| 225|0x000000061e000000, 0x000000061e000000, 0x000000061e200000|  0%| F|  |TAMS 0x000000061e000000, 0x000000061e000000| Untracked 
| 226|0x000000061e200000, 0x000000061e200000, 0x000000061e400000|  0%| F|  |TAMS 0x000000061e200000, 0x000000061e200000| Untracked 
| 227|0x000000061e400000, 0x000000061e400000, 0x000000061e600000|  0%| F|  |TAMS 0x000000061e400000, 0x000000061e400000| Untracked 
| 228|0x000000061e600000, 0x000000061e600000, 0x000000061e800000|  0%| F|  |TAMS 0x000000061e600000, 0x000000061e600000| Untracked 
| 229|0x000000061e800000, 0x000000061e800000, 0x000000061ea00000|  0%| F|  |TAMS 0x000000061e800000, 0x000000061e800000| Untracked 
| 230|0x000000061ea00000, 0x000000061ea00000, 0x000000061ec00000|  0%| F|  |TAMS 0x000000061ea00000, 0x000000061ea00000| Untracked 
| 231|0x000000061ec00000, 0x000000061ec00000, 0x000000061ee00000|  0%| F|  |TAMS 0x000000061ec00000, 0x000000061ec00000| Untracked 
| 232|0x000000061ee00000, 0x000000061ee00000, 0x000000061f000000|  0%| F|  |TAMS 0x000000061ee00000, 0x000000061ee00000| Untracked 
| 233|0x000000061f000000, 0x000000061f000000, 0x000000061f200000|  0%| F|  |TAMS 0x000000061f000000, 0x000000061f000000| Untracked 
| 234|0x000000061f200000, 0x000000061f200000, 0x000000061f400000|  0%| F|  |TAMS 0x000000061f200000, 0x000000061f200000| Untracked 
| 235|0x000000061f400000, 0x000000061f400000, 0x000000061f600000|  0%| F|  |TAMS 0x000000061f400000, 0x000000061f400000| Untracked 
| 236|0x000000061f600000, 0x000000061f600000, 0x000000061f800000|  0%| F|  |TAMS 0x000000061f600000, 0x000000061f600000| Untracked 
| 237|0x000000061f800000, 0x000000061f800000, 0x000000061fa00000|  0%| F|  |TAMS 0x000000061f800000, 0x000000061f800000| Untracked 
| 238|0x000000061fa00000, 0x000000061fa00000, 0x000000061fc00000|  0%| F|  |TAMS 0x000000061fa00000, 0x000000061fa00000| Untracked 
| 239|0x000000061fc00000, 0x000000061fc00000, 0x000000061fe00000|  0%| F|  |TAMS 0x000000061fc00000, 0x000000061fc00000| Untracked 
| 240|0x000000061fe00000, 0x000000061fe00000, 0x0000000620000000|  0%| F|  |TAMS 0x000000061fe00000, 0x000000061fe00000| Untracked 
| 241|0x0000000620000000, 0x0000000620000000, 0x0000000620200000|  0%| F|  |TAMS 0x0000000620000000, 0x0000000620000000| Untracked 
| 242|0x0000000620200000, 0x0000000620400000, 0x0000000620400000|100%| S|CS|TAMS 0x0000000620200000, 0x0000000620200000| Complete 
| 243|0x0000000620400000, 0x0000000620600000, 0x0000000620600000|100%| S|CS|TAMS 0x0000000620400000, 0x0000000620400000| Complete 
| 244|0x0000000620600000, 0x0000000620600000, 0x0000000620800000|  0%| F|  |TAMS 0x0000000620600000, 0x0000000620600000| Untracked 
| 245|0x0000000620800000, 0x0000000620800000, 0x0000000620a00000|  0%| F|  |TAMS 0x0000000620800000, 0x0000000620800000| Untracked 
| 246|0x0000000620a00000, 0x0000000620a00000, 0x0000000620c00000|  0%| F|  |TAMS 0x0000000620a00000, 0x0000000620a00000| Untracked 
| 247|0x0000000620c00000, 0x0000000620c00000, 0x0000000620e00000|  0%| F|  |TAMS 0x0000000620c00000, 0x0000000620c00000| Untracked 
| 248|0x0000000620e00000, 0x0000000620e00000, 0x0000000621000000|  0%| F|  |TAMS 0x0000000620e00000, 0x0000000620e00000| Untracked 
| 249|0x0000000621000000, 0x0000000621000000, 0x0000000621200000|  0%| F|  |TAMS 0x0000000621000000, 0x0000000621000000| Untracked 
| 250|0x0000000621200000, 0x0000000621200000, 0x0000000621400000|  0%| F|  |TAMS 0x0000000621200000, 0x0000000621200000| Untracked 
| 251|0x0000000621400000, 0x0000000621400000, 0x0000000621600000|  0%| F|  |TAMS 0x0000000621400000, 0x0000000621400000| Untracked 
| 252|0x0000000621600000, 0x0000000621600000, 0x0000000621800000|  0%| F|  |TAMS 0x0000000621600000, 0x0000000621600000| Untracked 
| 253|0x0000000621800000, 0x0000000621800000, 0x0000000621a00000|  0%| F|  |TAMS 0x0000000621800000, 0x0000000621800000| Untracked 
| 254|0x0000000621a00000, 0x0000000621a00000, 0x0000000621c00000|  0%| F|  |TAMS 0x0000000621a00000, 0x0000000621a00000| Untracked 
| 255|0x0000000621c00000, 0x0000000621e00000, 0x0000000621e00000|100%| E|  |TAMS 0x0000000621c00000, 0x0000000621c00000| Complete 

Card table byte_map: [0x0000027d2f220000,0x0000027d30220000] _byte_map_base: 0x0000027d2c211000

Marking Bits (Prev, Next): (CMBitMap*) 0x0000027d162d13f8, (CMBitMap*) 0x0000027d162d1430
 Prev Bits: [0x0000027d31220000, 0x0000027d391a8000)
 Next Bits: [0x0000027d391b0000, 0x0000027d41138000)

Polling page: 0x0000027d16320000

Metaspace:

Usage:
  Non-class:     11.58 MB capacity,    11.33 MB ( 98%) used,   219.88 KB (  2%) free+waste,    36.88 KB ( <1%) overhead. 
      Class:      1.52 MB capacity,     1.37 MB ( 90%) used,   143.78 KB (  9%) free+waste,    18.81 KB (  1%) overhead. 
       Both:     13.10 MB capacity,    12.69 MB ( 97%) used,   363.66 KB (  3%) free+waste,    55.69 KB ( <1%) overhead. 

Virtual space:
  Non-class space:       12.00 MB reserved,      11.75 MB ( 98%) committed 
      Class space:        1.00 GB reserved,       1.63 MB ( <1%) committed 
             Both:        1.01 GB reserved,      13.38 MB (  1%) committed 

Chunk freelists:
   Non-Class:  256 bytes
       Class:  896 bytes
        Both:  1.13 KB

CodeHeap 'non-profiled nmethods': size=238336Kb used=1633Kb max_used=1633Kb free=236703Kb
 bounds [0x0000027d1ecc0000, 0x0000027d1ef30000, 0x0000027d2d580000]
CodeHeap 'non-nmethods': size=7424Kb used=1687Kb max_used=1687Kb free=5736Kb
 bounds [0x0000027d1e580000, 0x0000027d1e7f0000, 0x0000027d1ecc0000]
 total_blobs=1579 nmethods=1138 adapters=350
 compilation: enabled
              stopped_count=0, restarted_count=0
 full_count=0

Compilation events (10 events):
Event: 0.948 Thread 0x0000027d4538b800 nmethod 1059 0x0000027d1ee33390 code [0x0000027d1ee33580, 0x0000027d1ee339d0]
Event: 0.948 Thread 0x0000027d4538b800 1061       1       java.util.zip.ZipFile$ZipFileInputStream::<init> (96 bytes)
Event: 0.949 Thread 0x0000027d4538b800 nmethod 1061 0x0000027d1ee33c90 code [0x0000027d1ee33e60, 0x0000027d1ee34310]
Event: 0.949 Thread 0x0000027d4538b800 1062       1       java.util.zip.ZipUtils::CENOFF (9 bytes)
Event: 0.949 Thread 0x0000027d4538b800 nmethod 1062 0x0000027d1ee34610 code [0x0000027d1ee347c0, 0x0000027d1ee34998]
Event: 0.949 Thread 0x0000027d4538b800 1063       1       java.util.zip.ZipFile$ZipFileInflaterInputStream::<init> (14 bytes)
Event: 0.949 Thread 0x0000027d4538b800 nmethod 1063 0x0000027d1ee34b10 code [0x0000027d1ee34ce0, 0x0000027d1ee34e60]
Event: 0.949 Thread 0x0000027d4538b800 1064       1       java.security.CodeSource::getLocationNoFragString (5 bytes)
Event: 0.949 Thread 0x0000027d4538b800 nmethod 1064 0x0000027d1ee34f90 code [0x0000027d1ee35140, 0x0000027d1ee35258]
Event: 0.949 Thread 0x0000027d448ae000 nmethod 1060 0x0000027d1ee35310 code [0x0000027d1ee355e0, 0x0000027d1ee364a0]

GC Heap History (0 events):
No events

Deoptimization events (0 events):
No events

Classes redefined (0 events):
No events

Internal exceptions (10 events):
Event: 0.410 Thread 0x0000027d1624c000 Exception <a 'java/lang/NoSuchMethodError'{0x0000000620a822f8}: java.lang.invoke.DirectMethodHandle$Holder.invokeSpecialIFC(Ljava/lang/Object;Ljava/lang/Object;Ljava/lang/Object;)I> (0x0000000620a822f8) thrown at [c:/sb/prod/1680893669/workspace/open/src/
Event: 0.420 Thread 0x0000027d1624c000 Exception <a 'java/lang/NoSuchMethodError'{0x0000000620ae4810}: java.lang.invoke.DirectMethodHandle$Holder.invokeStatic(Ljava/lang/Object;IIII)Ljava/lang/Object;> (0x0000000620ae4810) thrown at [c:/sb/prod/1680893669/workspace/open/src/hotspot/share/inter
Event: 0.420 Thread 0x0000027d1624c000 Exception <a 'java/lang/NoSuchMethodError'{0x0000000620ae7928}: java.lang.invoke.DirectMethodHandle$Holder.invokeStaticInit(Ljava/lang/Object;IIII)Ljava/lang/Object;> (0x0000000620ae7928) thrown at [c:/sb/prod/1680893669/workspace/open/src/hotspot/share/i
Event: 0.901 Thread 0x0000027d1624c000 Exception <a 'java/lang/NoSuchMethodError'{0x0000000620b87888}: java.lang.invoke.DirectMethodHandle$Holder.invokeStatic(Ljava/lang/Object;Ljava/lang/Object;IIII)Ljava/lang/Object;> (0x0000000620b87888) thrown at [c:/sb/prod/1680893669/workspace/open/src/h
Event: 0.901 Thread 0x0000027d1624c000 Exception <a 'java/lang/NoSuchMethodError'{0x0000000620b8abd0}: java.lang.invoke.DirectMethodHandle$Holder.invokeStaticInit(Ljava/lang/Object;Ljava/lang/Object;IIII)Ljava/lang/Object;> (0x0000000620b8abd0) thrown at [c:/sb/prod/1680893669/workspace/open/s
Event: 0.907 Thread 0x0000027d1624c000 Exception <a 'java/lang/ClassNotFoundException'{0x0000000620ba83e8}: javax/management/remote/rmi/RMIServerImpl_Skel> (0x0000000620ba83e8) thrown at [c:/sb/prod/1680893669/workspace/open/src/hotspot/share/classfile/systemDictionary.cpp, line 231]
Event: 0.926 Thread 0x0000027d1624c000 Exception <a 'java/lang/ClassNotFoundException'{0x00000006208414c8}: jdk/internal/agent/resources/spi/agentProvider> (0x00000006208414c8) thrown at [c:/sb/prod/1680893669/workspace/open/src/hotspot/share/classfile/systemDictionary.cpp, line 231]
Event: 0.929 Thread 0x0000027d1624c000 Exception <a 'java/lang/NoSuchMethodError'{0x00000006208971a8}: java.lang.invoke.DirectMethodHandle$Holder.invokeStatic(Ljava/lang/Object;Ljava/lang/Object;Ljava/lang/Object;Ljava/lang/Object;Ljava/lang/Object;Ljava/lang/Object;Ljava/lang/Object;Ljava/lan
Event: 0.929 Thread 0x0000027d1624c000 Exception <a 'java/lang/NoSuchMethodError'{0x00000006208a39c8}: java.lang.invoke.DirectMethodHandle$Holder.invokeStatic(Ljava/lang/Object;Ljava/lang/Object;Ljava/lang/Object;Ljava/lang/Object;Ljava/lang/Object;Ljava/lang/Object;Ljava/lang/Object;Ljava/lan
Event: 0.930 Thread 0x0000027d1624c000 Exception <a 'java/lang/NoSuchMethodError'{0x00000006208bd4a0}: java.lang.invoke.DelegatingMethodHandle$Holder.reinvoke_L(Ljava/lang/Object;ILjava/lang/Object;)Ljava/lang/Object;> (0x00000006208bd4a0) thrown at [c:/sb/prod/1680893669/workspace/open/src/ho

Events (10 events):
Event: 0.948 loading class org/slf4j/ILoggerFactory
Event: 0.948 loading class org/slf4j/ILoggerFactory done
Event: 0.948 loading class org/slf4j/helpers/SubstituteLoggerFactory
Event: 0.948 loading class org/slf4j/helpers/SubstituteLoggerFactory done
Event: 0.948 loading class java/util/concurrent/LinkedBlockingQueue
Event: 0.949 loading class java/util/concurrent/LinkedBlockingQueue done
Event: 0.949 loading class java/util/concurrent/LinkedBlockingQueue$Node
Event: 0.949 loading class java/util/concurrent/LinkedBlockingQueue$Node done
Event: 0.949 loading class org/slf4j/helpers/NOPLoggerFactory
Event: 0.949 loading class org/slf4j/helpers/NOPLoggerFactory done


Dynamic libraries:
0x00007ff7da8b0000 - 0x00007ff7da8f5000 	D:\Eclipse\dev\jdk-11.0.0.1\bin\javaw.exe
0x00007ffc28bd0000 - 0x00007ffc28dc8000 	C:\Windows\SYSTEM32\ntdll.dll
0x00007ffc27c70000 - 0x00007ffc27d2f000 	C:\Windows\System32\KERNEL32.DLL
0x00007ffc267b0000 - 0x00007ffc26a8a000 	C:\Windows\System32\KERNELBASE.dll
0x00007ffc27d90000 - 0x00007ffc27f2d000 	C:\Windows\System32\USER32.dll
0x00007ffc26780000 - 0x00007ffc267a2000 	C:\Windows\System32\win32u.dll
0x00007ffc28360000 - 0x00007ffc2838b000 	C:\Windows\System32\GDI32.dll
0x00007ffc26a90000 - 0x00007ffc26ba0000 	C:\Windows\System32\gdi32full.dll
0x00007ffc262e0000 - 0x00007ffc2637d000 	C:\Windows\System32\msvcp_win.dll
0x00007ffc265a0000 - 0x00007ffc266a0000 	C:\Windows\System32\ucrtbase.dll
0x00007ffc10790000 - 0x00007ffc10a2a000 	C:\Windows\WinSxS\amd64_microsoft.windows.common-controls_6595b64144ccf1df_6.0.19041.1110_none_60b5254171f9507e\COMCTL32.dll
0x00007ffc275e0000 - 0x00007ffc2767e000 	C:\Windows\System32\msvcrt.dll
0x00007ffc27be0000 - 0x00007ffc27c10000 	C:\Windows\System32\IMM32.DLL
0x00007ffbfa740000 - 0x00007ffbfa756000 	D:\Eclipse\dev\jdk-11.0.0.1\bin\vcruntime140.dll
0x00007ffbad4d0000 - 0x00007ffbad57a000 	D:\Eclipse\dev\jdk-11.0.0.1\bin\msvcp140.dll
0x00007ffb55790000 - 0x00007ffb562d3000 	D:\Eclipse\dev\jdk-11.0.0.1\bin\server\jvm.dll
0x00007ffc28ae0000 - 0x00007ffc28b8e000 	C:\Windows\System32\ADVAPI32.dll
0x00007ffc27730000 - 0x00007ffc277cc000 	C:\Windows\System32\sechost.dll
0x00007ffc28540000 - 0x00007ffc28666000 	C:\Windows\System32\RPCRT4.dll
0x00007ffc26cb0000 - 0x00007ffc26cb8000 	C:\Windows\System32\PSAPI.DLL
0x00007ffc1e9f0000 - 0x00007ffc1ea17000 	C:\Windows\SYSTEM32\WINMM.dll
0x00007ffc1ec20000 - 0x00007ffc1ec2a000 	C:\Windows\SYSTEM32\VERSION.dll
0x00007ffc0f510000 - 0x00007ffc0f519000 	C:\Windows\SYSTEM32\WSOCK32.dll
0x00007ffc277d0000 - 0x00007ffc2783b000 	C:\Windows\System32\WS2_32.dll
0x00007ffc241c0000 - 0x00007ffc241d2000 	C:\Windows\SYSTEM32\kernel.appcore.dll
0x00007ffbd7140000 - 0x00007ffbd7151000 	D:\Eclipse\dev\jdk-11.0.0.1\bin\verify.dll
0x00007ffc1ba70000 - 0x00007ffc1bc54000 	C:\Windows\SYSTEM32\DBGHELP.DLL
0x00007ffc1ba30000 - 0x00007ffc1ba64000 	C:\Windows\SYSTEM32\dbgcore.DLL
0x00007ffc26ba0000 - 0x00007ffc26c22000 	C:\Windows\System32\bcryptPrimitives.dll
0x00007ffbd7110000 - 0x00007ffbd7138000 	D:\Eclipse\dev\jdk-11.0.0.1\bin\java.dll
0x00007ffbd70c0000 - 0x00007ffbd70d6000 	D:\Eclipse\dev\jdk-11.0.0.1\bin\zip.dll
0x00007ffc0f620000 - 0x00007ffc0f62a000 	D:\Eclipse\dev\jdk-11.0.0.1\bin\jimage.dll
0x00007ffc26e30000 - 0x00007ffc27574000 	C:\Windows\System32\SHELL32.dll
0x00007ffc243c0000 - 0x00007ffc24b53000 	C:\Windows\SYSTEM32\windows.storage.dll
0x00007ffc27fe0000 - 0x00007ffc28334000 	C:\Windows\System32\combase.dll
0x00007ffc25d40000 - 0x00007ffc25d6e000 	C:\Windows\SYSTEM32\Wldp.dll
0x00007ffc27f30000 - 0x00007ffc27fdd000 	C:\Windows\System32\SHCORE.dll
0x00007ffc27840000 - 0x00007ffc27895000 	C:\Windows\System32\shlwapi.dll
0x00007ffc26220000 - 0x00007ffc2623f000 	C:\Windows\SYSTEM32\profapi.dll
0x00007ffb64fa0000 - 0x00007ffb64fb9000 	D:\Eclipse\dev\jdk-11.0.0.1\bin\net.dll
0x00007ffc20320000 - 0x00007ffc2042a000 	C:\Windows\SYSTEM32\WINHTTP.dll
0x00007ffc25aa0000 - 0x00007ffc25b0a000 	C:\Windows\system32\mswsock.dll
0x00007ffb64f80000 - 0x00007ffb64f93000 	D:\Eclipse\dev\jdk-11.0.0.1\bin\nio.dll
0x00007ffc0f5a0000 - 0x00007ffc0f5a9000 	D:\Eclipse\dev\jdk-11.0.0.1\bin\management.dll
0x00007ffc0f580000 - 0x00007ffc0f58c000 	D:\Eclipse\dev\jdk-11.0.0.1\bin\management_ext.dll
0x00007ffc06710000 - 0x00007ffc06727000 	C:\Windows\system32\napinsp.dll
0x00007ffc062a0000 - 0x00007ffc062bb000 	C:\Windows\system32\pnrpnsp.dll
0x00007ffc06280000 - 0x00007ffc06295000 	C:\Windows\system32\wshbth.dll
0x00007ffc20680000 - 0x00007ffc2069d000 	C:\Windows\system32\NLAapi.dll
0x00007ffc25720000 - 0x00007ffc2575c000 	C:\Windows\SYSTEM32\IPHLPAPI.DLL
0x00007ffc25790000 - 0x00007ffc2585b000 	C:\Windows\SYSTEM32\DNSAPI.dll
0x00007ffc26d50000 - 0x00007ffc26d58000 	C:\Windows\System32\NSI.dll
0x00007ffc061a0000 - 0x00007ffc061b2000 	C:\Windows\System32\winrnr.dll
0x0000000055070000 - 0x0000000055096000 	C:\Program Files\Bonjour\mdnsNSP.dll
0x00007ffc1ba20000 - 0x00007ffc1ba2a000 	C:\Windows\System32\rasadhlp.dll
0x00007ffc1b700000 - 0x00007ffc1b780000 	C:\Windows\System32\fwpuclnt.dll
0x00007ffc266a0000 - 0x00007ffc266c7000 	C:\Windows\System32\bcrypt.dll
0x00007ffc25c90000 - 0x00007ffc25ca8000 	C:\Windows\SYSTEM32\CRYPTSP.dll
0x00007ffc252e0000 - 0x00007ffc25314000 	C:\Windows\system32\rsaenh.dll
0x00007ffc261a0000 - 0x00007ffc261ce000 	C:\Windows\SYSTEM32\USERENV.dll
0x00007ffc25cb0000 - 0x00007ffc25cbc000 	C:\Windows\SYSTEM32\CRYPTBASE.dll
0x00007ffc20250000 - 0x00007ffc20267000 	C:\Windows\SYSTEM32\dhcpcsvc6.DLL
0x00007ffc20210000 - 0x00007ffc2022d000 	C:\Windows\SYSTEM32\dhcpcsvc.DLL

dbghelp: loaded successfully - version: 4.0.5 - missing functions: none
symbol engine: initialized successfully - sym options: 0x614 - pdb path: .;D:\Eclipse\dev\jdk-11.0.0.1\bin;C:\Windows\SYSTEM32;C:\Windows\WinSxS\amd64_microsoft.windows.common-controls_6595b64144ccf1df_6.0.19041.1110_none_60b5254171f9507e;D:\Eclipse\dev\jdk-11.0.0.1\bin\server;C:\Program Files\Bonjour

VM Arguments:
jvm_args: -Dcom.sun.management.jmxremote -Dcom.sun.management.jmxremote.port=51962 -Dcom.sun.management.jmxremote.authenticate=false -Dcom.sun.management.jmxremote.ssl=false -Djava.rmi.server.hostname=localhost -Dspring.jmx.enabled=true -Dspring.liveBeansView.mbeanDomain -Dspring.application.admin.enabled=true -XX:TieredStopAtLevel=1 -Dspring.boot.project.name=backend -Dfile.encoding=utf-8 
java_command: com.lostay.backend.BackendApplication --spring.output.ansi.enabled=always
java_class_path (initial): D:\Lostay\backend\bin\main;C:\Users\JHSHIM\.gradle\caches\modules-2\files-2.1\org.projectlombok\lombok\1.18.24\13a394eed5c4f9efb2a6d956e2086f1d81e857d9\lombok-1.18.24.jar;C:\Users\JHSHIM\.gradle\caches\modules-2\files-2.1\org.mapstruct\mapstruct-processor\1.5.5.Final\897f6f115930b936287bef552bf5fe28cc64717d\mapstruct-processor-1.5.5.Final.jar;C:\Users\JHSHIM\.gradle\caches\modules-2\files-2.1\org.springframework.boot\spring-boot-starter-batch\2.7.6\809a8f204509de836753ae3fee2e4fe700fe4dd0\spring-boot-starter-batch-2.7.6.jar;C:\Users\JHSHIM\.gradle\caches\modules-2\files-2.1\org.springframework.boot\spring-boot-starter-data-jpa\2.7.6\7eef599012347f2fb7f84ba71eba10caf094dfb5\spring-boot-starter-data-jpa-2.7.6.jar;C:\Users\JHSHIM\.gradle\caches\modules-2\files-2.1\org.springframework.boot\spring-boot-starter-security\2.7.6\2718e4587f4271468ba20da8b4fd8195c798fb88\spring-boot-starter-security-2.7.6.jar;C:\Users\JHSHIM\.gradle\caches\modules-2\files-2.1\org.springframework.boot\spring-boot-starter-web\2.7.6\9d0166a0390df593243bdc798ca7a1db20ddea9c\spring-boot-starter-web-2.7.6.jar;C:\Users\JHSHIM\.gradle\caches\modules-2\files-2.1\org.mapstruct\mapstruct\1.5.5.Final\2ca3cbe39b6e9ea8d5ea521965a89bef2a1e8eeb\mapstruct-1.5.5.Final.jar;C:\Users\JHSHIM\.gradle\caches\modules-2\files-2.1\org.springframework.boot\spring-boot-starter-thymeleaf\2.7.6\18056127ee9253fbbb71d80e9dbd10827555ec27\spring-boot-starter-thymeleaf-2.7.6.jar;C:\Users\JHSHIM\.gradle\caches\modules-2\files-2.1\com.github.iamport\iamport-rest-client-java\0.2.21\1e77090406ae4623225425e7fae3f38142614294\iamport-rest-client-java-0.2.21.jar;C:\Users\JHSHIM\.gradle\caches\modules-2\files-2.1\org.json\json\20210307\528c8df3757e8bcf151817b1d7b9b434f6aa08d5\json-20210307.jar;C:\Users\JHSHIM\.gradle\caches\modules-2\files-2.1\org.springframework.security\spring-security-oauth2-client\5.7.5\44843928477508b4a73ca970f9e12145bf35d29f\spring-security-oauth2-client-5.7.5.jar;C:\Users\JHSHIM\.gradl
Launcher Type: SUN_STANDARD

[Global flags]
     intx CICompilerCount                          = 4                                         {product} {ergonomic}
     uint ConcGCThreads                            = 3                                         {product} {ergonomic}
     uint G1ConcRefinementThreads                  = 10                                        {product} {ergonomic}
   size_t G1HeapRegionSize                         = 2097152                                   {product} {ergonomic}
    uintx GCDrainStackTargetSize                   = 64                                        {product} {ergonomic}
   size_t InitialHeapSize                          = 536870912                                 {product} {ergonomic}
     bool ManagementServer                         = true                                      {product} {command line}
   size_t MarkStackSize                            = 4194304                                   {product} {ergonomic}
   size_t MaxHeapSize                              = 8558477312                                {product} {ergonomic}
   size_t MaxNewSize                               = 5133828096                                {product} {ergonomic}
   size_t MinHeapDeltaBytes                        = 2097152                                   {product} {ergonomic}
    uintx NonNMethodCodeHeapSize                   = 7549744                                {pd product} {ergonomic}
    uintx NonProfiledCodeHeapSize                  = 244108496                              {pd product} {ergonomic}
    uintx ProfiledCodeHeapSize                     = 0                                      {pd product} {ergonomic}
    uintx ReservedCodeCacheSize                    = 251658240                              {pd product} {ergonomic}
     bool SegmentedCodeCache                       = true                                      {product} {ergonomic}
     intx TieredStopAtLevel                        = 1                                         {product} {command line}
     bool UseCompressedClassPointers               = true                                 {lp64_product} {ergonomic}
     bool UseCompressedOops                        = true                                 {lp64_product} {ergonomic}
     bool UseG1GC                                  = true                                      {product} {ergonomic}
     bool UseLargePagesIndividualAllocation        = false                                  {pd product} {ergonomic}

Logging:
Log output configuration:
 #0: stdout all=warning uptime,level,tags
 #1: stderr all=off uptime,level,tags

Environment Variables:
JAVA_HOME=C:\Program Files\Java\jdk-17.0.2
CLASSPATH=C:\Program Files\Java\jdk-17.0.2\lib
PATH=D:/Eclipse/dev/jdk-11.0.0.1/bin/server;D:/Eclipse/dev/jdk-11.0.0.1/bin;C:\Python312\Scripts\;C:\Python312\;C:\app\JHSHIM\product\21c\dbhomeXE\bin;D:\Eclipse\dev\jdk-11.0.0.1\bin;C:\Program Files\Common Files\Oracle\Java\javapath;C:\Program Files (x86)\Common Files\Oracle\Java\java8path;C:\Program Files (x86)\Common Files\Oracle\Java\javapath;D:\Oracle\product\21c\dbhomeXE\bin;D:\Oacle\21c\dbhomeXE\bin;D:\product\21c\dbhomeXE\bin;D:\Oracle\21c\dbhomeXE\bin;C:\Program Files (x86)\Common Files\Intel\Shared Libraries\redist\intel64\compiler;C:\Windows\system32;C:\Windows;C:\Windows\System32\Wbem;C:\Windows\System32\WindowsPowerShell\v1.0\;C:\Windows\System32\OpenSSH\;C:\Program Files\NVIDIA Corporation\NVIDIA NvDLISR;C:\Program Files (x86)\NVIDIA Corporation\PhysX\Common;C:\Program Files\Bandizip\;C:\Program Files\Apache Software Foundation\Tomcat 9.0;C:\Program Files\MySQL\MySQL Server 8.0\bin;C:\Program Files\Git\cmd;C:\Program Files\dotnet\;C:\Program Files\nodejs\;C:\ProgramData\chocolatey\bin;C:\Program Files\Redis\;C:\Program Files\MySQL\MySQL Shell 8.0\bin\;C:\Users\심재호\AppData\Local\Programs\Python\Python39\Scripts\;C:\Users\심재호\AppData\Local\Programs\Python\Python39\;C:\Users\JHSHIM\AppData\Local\Microsoft\WindowsApps;C:\Users\심재호\AppData\Local\Programs\Microsoft VS Code\bin;C:\Users\심재호\AppData\Local\afreeca;C:\Users\심재호\AppData\Roaming\npm;C:\Users\JHSHIM\AppData\Local\afreeca;C:\Users\JHSHIM\.dotnet\tools;D:\Eclipse\dev\jdk-11.0.0.1\bin;C:\Users\JHSHIM\AppData\Roaming\npm;D:\fullstack_spring\dev\sts-bundle\sts-3.9.18.RELEASE;
USERNAME=JHSHIM
OS=Windows_NT
PROCESSOR_IDENTIFIER=Intel64 Family 6 Model 167 Stepping 1, GenuineIntel



---------------  S Y S T E M  ---------------

OS: Windows 10 , 64 bit Build 19041 (10.0.19041.2788)

CPU:total 12 (initial active 12) (6 cores per cpu, 2 threads per core) family 6 model 167 stepping 1, cmov, cx8, fxsr, mmx, sse, sse2, sse3, ssse3, sse4.1, sse4.2, popcnt, avx, avx2, aes, clmul, erms, 3dnowpref, lzcnt, ht, tsc, tscinvbit, bmi1, bmi2, adx, sha, fma

Memory: 4k page, system-wide physical 32645M (18097M free)
TotalPageFile size 35973M (AvailPageFile size 18149M)
current process WorkingSet (physical memory assigned to process): 101M, peak: 101M
current process commit charge ("private bytes"): 627M, peak: 627M

vm_info: OpenJDK 64-Bit Server VM (11.0.0.1+3-5) for windows-amd64 JRE (11.0.0.1+3-5), built on Apr  7 2023 19:59:13 by "mach5one" with MS VC++ 15.5 (VS2017)

END.
