#
# A fatal error has been detected by the Java Runtime Environment:
#
#  EXCEPTION_ACCESS_VIOLATION (0xc0000005) at pc=0x0000000000000000, pid=16588, tid=11080
#
# JRE version: OpenJDK Runtime Environment (11.0.2+2) (build 11.0.0.2+2-2)
# Java VM: OpenJDK 64-Bit Server VM (11.0.0.2+2-2, mixed mode, tiered, compressed oops, g1 gc, windows-amd64)
# Problematic frame:
# C  0x0000000000000000
#
# No core dump will be written. Minidumps are not enabled by default on client versions of Windows
#
# If you would like to submit a bug report, please visit:
#   http://bugreport.java.com/bugreport/crash.jsp
#

---------------  S U M M A R Y ------------

Command Line: -Dcom.sun.management.jmxremote -Dcom.sun.management.jmxremote.port=49479 -Dcom.sun.management.jmxremote.authenticate=false -Dcom.sun.management.jmxremote.ssl=false -Djava.rmi.server.hostname=localhost -Dspring.jmx.enabled=true -Dspring.liveBeansView.mbeanDomain -Dspring.application.admin.enabled=true -XX:TieredStopAtLevel=1 -Dspring.boot.project.name=backend -Dfile.encoding=utf-8 com.lostay.backend.BackendApplication --spring.output.ansi.enabled=always

Host: AMD Ryzen 5 7500F 6-Core Processor             , 12 cores, 31G,  Windows 10 , 64 bit Build 19041 (10.0.19041.4957)
Time: Sat Nov  2 19:50:05 2024 대한민국 표준시 elapsed time: 0 seconds (0d 0h 0m 0s)

---------------  T H R E A D  ---------------

Current thread (0x000001dffd36b000):  WatcherThread [stack: 0x00000063a4200000,0x00000063a4300000] [id=11080]

Stack: [0x00000063a4200000,0x00000063a4300000],  sp=0x00000063a42ff2f8,  free space=1020k
Native frames: (J=compiled Java code, j=interpreted, Vv=VM code, C=native code)


siginfo: EXCEPTION_ACCESS_VIOLATION (0xc0000005), data execution prevention violation at address 0x0000000000000000


Register to memory mapping:

RIP=0x0 is NULL
RAX=0x0000000800000007 is pointing into metadata
RBX=0x000001dffc941260 points into unknown readable memory
RCX=0x000001dffd2e24f0 points into unknown readable memory
RDX=0x0000000000000035 is an unknown value
RSP=0x00000063a42ff2f8 points into unknown readable memory
RBP=0x0000000000000002 is an unknown value
RSI=0x000001dffd2e2540 points into unknown readable memory
RDI=0x0 is NULL
R8 =0x0 is NULL
R9 =0x000001dfdecb0b80 is at begin+0 in a stub
StubRoutines::atomic_cmpxchg_long [0x000001dfdecb0b80, 0x000001dfdecb0b89[ (9 bytes)
R10=0x00000000546c6148 is an unknown value
R11=0x00000c483b072d8c is an unknown value
R12=0x0 is NULL
R13=0x000001dffd36b000 points into unknown readable memory
R14=0x0000000000000035 is an unknown value
R15=0x000001dffd29b190 points into unknown readable memory


Registers:
RAX=0x0000000800000007, RBX=0x000001dffc941260, RCX=0x000001dffd2e24f0, RDX=0x0000000000000035
RSP=0x00000063a42ff2f8, RBP=0x0000000000000002, RSI=0x000001dffd2e2540, RDI=0x0000000000000000
R8 =0x0000000000000000, R9 =0x000001dfdecb0b80, R10=0x00000000546c6148, R11=0x00000c483b072d8c
R12=0x0000000000000000, R13=0x000001dffd36b000, R14=0x0000000000000035, R15=0x000001dffd29b190
RIP=0x0000000000000000, EFLAGS=0x0000000000010206

Top of Stack: (sp=0x00000063a42ff2f8)
0x00000063a42ff2f8:   00007ffd6ba83977 000001dfd69ada90
0x00000063a42ff308:   00000000000008e4 0000000000000001
0x00000063a42ff318:   00007ffd6ba2d040 0000000000000000
0x00000063a42ff328:   00007ffd6baecccf 000001dffd36b000
0x00000063a42ff338:   000001dffd36b000 0005ca5a554dcea0
0x00000063a42ff348:   00007ffd6ba2dac9 00007ffd6bead418
0x00000063a42ff358:   00007ffd6bb3847d 0000000000000001
0x00000063a42ff368:   000001dfd69ada90 000001dfd69ada90
0x00000063a42ff378:   431bde82d7b634db 000001dffd29b190
0x00000063a42ff388:   0005ca5a554dcea0 000001dfd69ada90
0x00000063a42ff398:   00007ffd6bb5de29 0000000000000001
0x00000063a42ff3a8:   0000000000000035 0000000000000032
0x00000063a42ff3b8:   0000000000000002 0000000000000000
0x00000063a42ff3c8:   0000000000000000 0000000000000000
0x00000063a42ff3d8:   0000000000000000 0000000000000000
0x00000063a42ff3e8:   0000000000000000 0000000000000000 

Instructions: (pc=0x0000000000000000)
0xffffffffffffffe0:   



---------------  P R O C E S S  ---------------

Threads class SMR info:
_java_thread_list=0x000001dffd30f820, length=14, elements={
0x000001dfd69af800, 0x000001dffc6cc800, 0x000001dffc6f8800, 0x000001dffc76b800,
0x000001dffc76f800, 0x000001dffc774000, 0x000001dffc782800, 0x000001dffc92b800,
0x000001dffc937000, 0x000001dffc939800, 0x000001dffc9ad800, 0x000001dffd305800,
0x000001dffd306800, 0x000001dffd369800
}

Java Threads: ( => current thread )
  0x000001dfd69af800 JavaThread "main" [_thread_blocked, id=16508, stack(0x00000063a2e00000,0x00000063a2f00000)]
  0x000001dffc6cc800 JavaThread "Reference Handler" daemon [_thread_blocked, id=14340, stack(0x00000063a3500000,0x00000063a3600000)]
  0x000001dffc6f8800 JavaThread "Finalizer" daemon [_thread_blocked, id=19248, stack(0x00000063a3600000,0x00000063a3700000)]
  0x000001dffc76b800 JavaThread "Signal Dispatcher" daemon [_thread_blocked, id=20036, stack(0x00000063a3700000,0x00000063a3800000)]
  0x000001dffc76f800 JavaThread "Attach Listener" daemon [_thread_blocked, id=9812, stack(0x00000063a3800000,0x00000063a3900000)]
  0x000001dffc774000 JavaThread "C1 CompilerThread0" daemon [_thread_blocked, id=14424, stack(0x00000063a3900000,0x00000063a3a00000)]
  0x000001dffc782800 JavaThread "Sweeper thread" daemon [_thread_blocked, id=4680, stack(0x00000063a3a00000,0x00000063a3b00000)]
  0x000001dffc92b800 JavaThread "Common-Cleaner" daemon [_thread_blocked, id=12148, stack(0x00000063a3b00000,0x00000063a3c00000)]
  0x000001dffc937000 JavaThread "C1 CompilerThread1" daemon [_thread_blocked, id=12912, stack(0x00000063a3c00000,0x00000063a3d00000)]
  0x000001dffc939800 JavaThread "C1 CompilerThread2" daemon [_thread_in_vm, id=3932, stack(0x00000063a3d00000,0x00000063a3e00000)]
  0x000001dffc9ad800 JavaThread "Service Thread" daemon [_thread_blocked, id=20828, stack(0x00000063a3e00000,0x00000063a3f00000)]
  0x000001dffd305800 JavaThread "RMI TCP Accept-0" daemon [_thread_in_native, id=13040, stack(0x00000063a3f00000,0x00000063a4000000)]
  0x000001dffd306800 JavaThread "RMI TCP Accept-49479" daemon [_thread_in_native, id=20440, stack(0x00000063a4000000,0x00000063a4100000)]
  0x000001dffd369800 JavaThread "RMI TCP Accept-0" daemon [_thread_in_native, id=2876, stack(0x00000063a4100000,0x00000063a4200000)]

Other Threads:
  0x000001dffc6c9000 VMThread "VM Thread" [stack: 0x00000063a3400000,0x00000063a3500000] [id=10608]
=>0x000001dffd36b000 WatcherThread [stack: 0x00000063a4200000,0x00000063a4300000] [id=11080]
  0x000001dfd69c9000 GCTaskThread "GC Thread#0" [stack: 0x00000063a2f00000,0x00000063a3000000] [id=2196]
  0x000001dfd6a45000 ConcurrentGCThread "G1 Main Marker" [stack: 0x00000063a3000000,0x00000063a3100000] [id=5696]
  0x000001dfd6a47800 ConcurrentGCThread "G1 Conc#0" [stack: 0x00000063a3100000,0x00000063a3200000] [id=15744]
  0x000001dffbd32000 ConcurrentGCThread "G1 Refine#0" [stack: 0x00000063a3200000,0x00000063a3300000] [id=19092]
  0x000001dffbd35000 ConcurrentGCThread "G1 Young RemSet Sampling" [stack: 0x00000063a3300000,0x00000063a3400000] [id=18004]

Threads with active compile tasks:
C1 CompilerThread01088       1       java.util.zip.ZipFile::getZipEntry (308 bytes)
C1 CompilerThread11090       1       java.util.jar.JarFile$1::apply (13 bytes)
C1 CompilerThread21046       1       java.lang.String::indexOf (18 bytes)

VM state:synchronizing (normal execution)

VM Mutex/Monitor currently owned by a thread:  ([mutex/lock_event])
[0x000001dfd69ad970] Threads_lock - owner thread: 0x000001dffc6c9000
[0x000001dfd69af230] Heap_lock - owner thread: 0x000001dfd69af800
[0x000001dfd69ada90] PeriodicTask_lock - owner thread: 0x000001dffd36b000

Heap address: 0x0000000606200000, size: 8094 MB, Compressed Oops mode: Zero based, Oop shift amount: 3
Narrow klass base: 0x0000000800000000, Narrow klass shift: 0
Compressed class space size: 1073741824 Address: 0x0000000800000000

Heap:
 garbage-first heap   total 518144K, used 24576K [0x0000000606200000, 0x0000000800000000)
  region size 2048K, 12 young (24576K), 0 survivors (0K)
 Metaspace       used 12371K, capacity 12719K, committed 13056K, reserved 1060864K
  class space    used 1300K, capacity 1436K, committed 1536K, reserved 1048576K
Heap Regions: E=young(eden), S=young(survivor), O=old, HS=humongous(starts), HC=humongous(continues), CS=collection set, F=free, A=archive, TAMS=top-at-mark-start (previous, next)
|   0|0x0000000606200000, 0x0000000606400000, 0x0000000606400000|100%|HS|  |TAMS 0x0000000606200000, 0x0000000606200000| Complete 
|   1|0x0000000606400000, 0x0000000606400000, 0x0000000606600000|  0%| F|  |TAMS 0x0000000606400000, 0x0000000606400000| Untracked 
|   2|0x0000000606600000, 0x0000000606600000, 0x0000000606800000|  0%| F|  |TAMS 0x0000000606600000, 0x0000000606600000| Untracked 
|   3|0x0000000606800000, 0x0000000606800000, 0x0000000606a00000|  0%| F|  |TAMS 0x0000000606800000, 0x0000000606800000| Untracked 
|   4|0x0000000606a00000, 0x0000000606a00000, 0x0000000606c00000|  0%| F|  |TAMS 0x0000000606a00000, 0x0000000606a00000| Untracked 
|   5|0x0000000606c00000, 0x0000000606c00000, 0x0000000606e00000|  0%| F|  |TAMS 0x0000000606c00000, 0x0000000606c00000| Untracked 
|   6|0x0000000606e00000, 0x0000000606e00000, 0x0000000607000000|  0%| F|  |TAMS 0x0000000606e00000, 0x0000000606e00000| Untracked 
|   7|0x0000000607000000, 0x0000000607000000, 0x0000000607200000|  0%| F|  |TAMS 0x0000000607000000, 0x0000000607000000| Untracked 
|   8|0x0000000607200000, 0x0000000607200000, 0x0000000607400000|  0%| F|  |TAMS 0x0000000607200000, 0x0000000607200000| Untracked 
|   9|0x0000000607400000, 0x0000000607400000, 0x0000000607600000|  0%| F|  |TAMS 0x0000000607400000, 0x0000000607400000| Untracked 
|  10|0x0000000607600000, 0x0000000607600000, 0x0000000607800000|  0%| F|  |TAMS 0x0000000607600000, 0x0000000607600000| Untracked 
|  11|0x0000000607800000, 0x0000000607800000, 0x0000000607a00000|  0%| F|  |TAMS 0x0000000607800000, 0x0000000607800000| Untracked 
|  12|0x0000000607a00000, 0x0000000607a00000, 0x0000000607c00000|  0%| F|  |TAMS 0x0000000607a00000, 0x0000000607a00000| Untracked 
|  13|0x0000000607c00000, 0x0000000607c00000, 0x0000000607e00000|  0%| F|  |TAMS 0x0000000607c00000, 0x0000000607c00000| Untracked 
|  14|0x0000000607e00000, 0x0000000607e00000, 0x0000000608000000|  0%| F|  |TAMS 0x0000000607e00000, 0x0000000607e00000| Untracked 
|  15|0x0000000608000000, 0x0000000608000000, 0x0000000608200000|  0%| F|  |TAMS 0x0000000608000000, 0x0000000608000000| Untracked 
|  16|0x0000000608200000, 0x0000000608200000, 0x0000000608400000|  0%| F|  |TAMS 0x0000000608200000, 0x0000000608200000| Untracked 
|  17|0x0000000608400000, 0x0000000608400000, 0x0000000608600000|  0%| F|  |TAMS 0x0000000608400000, 0x0000000608400000| Untracked 
|  18|0x0000000608600000, 0x0000000608600000, 0x0000000608800000|  0%| F|  |TAMS 0x0000000608600000, 0x0000000608600000| Untracked 
|  19|0x0000000608800000, 0x0000000608800000, 0x0000000608a00000|  0%| F|  |TAMS 0x0000000608800000, 0x0000000608800000| Untracked 
|  20|0x0000000608a00000, 0x0000000608a00000, 0x0000000608c00000|  0%| F|  |TAMS 0x0000000608a00000, 0x0000000608a00000| Untracked 
|  21|0x0000000608c00000, 0x0000000608c00000, 0x0000000608e00000|  0%| F|  |TAMS 0x0000000608c00000, 0x0000000608c00000| Untracked 
|  22|0x0000000608e00000, 0x0000000608e00000, 0x0000000609000000|  0%| F|  |TAMS 0x0000000608e00000, 0x0000000608e00000| Untracked 
|  23|0x0000000609000000, 0x0000000609000000, 0x0000000609200000|  0%| F|  |TAMS 0x0000000609000000, 0x0000000609000000| Untracked 
|  24|0x0000000609200000, 0x0000000609200000, 0x0000000609400000|  0%| F|  |TAMS 0x0000000609200000, 0x0000000609200000| Untracked 
|  25|0x0000000609400000, 0x0000000609400000, 0x0000000609600000|  0%| F|  |TAMS 0x0000000609400000, 0x0000000609400000| Untracked 
|  26|0x0000000609600000, 0x0000000609600000, 0x0000000609800000|  0%| F|  |TAMS 0x0000000609600000, 0x0000000609600000| Untracked 
|  27|0x0000000609800000, 0x0000000609800000, 0x0000000609a00000|  0%| F|  |TAMS 0x0000000609800000, 0x0000000609800000| Untracked 
|  28|0x0000000609a00000, 0x0000000609a00000, 0x0000000609c00000|  0%| F|  |TAMS 0x0000000609a00000, 0x0000000609a00000| Untracked 
|  29|0x0000000609c00000, 0x0000000609c00000, 0x0000000609e00000|  0%| F|  |TAMS 0x0000000609c00000, 0x0000000609c00000| Untracked 
|  30|0x0000000609e00000, 0x0000000609e00000, 0x000000060a000000|  0%| F|  |TAMS 0x0000000609e00000, 0x0000000609e00000| Untracked 
|  31|0x000000060a000000, 0x000000060a000000, 0x000000060a200000|  0%| F|  |TAMS 0x000000060a000000, 0x000000060a000000| Untracked 
|  32|0x000000060a200000, 0x000000060a200000, 0x000000060a400000|  0%| F|  |TAMS 0x000000060a200000, 0x000000060a200000| Untracked 
|  33|0x000000060a400000, 0x000000060a400000, 0x000000060a600000|  0%| F|  |TAMS 0x000000060a400000, 0x000000060a400000| Untracked 
|  34|0x000000060a600000, 0x000000060a600000, 0x000000060a800000|  0%| F|  |TAMS 0x000000060a600000, 0x000000060a600000| Untracked 
|  35|0x000000060a800000, 0x000000060a800000, 0x000000060aa00000|  0%| F|  |TAMS 0x000000060a800000, 0x000000060a800000| Untracked 
|  36|0x000000060aa00000, 0x000000060aa00000, 0x000000060ac00000|  0%| F|  |TAMS 0x000000060aa00000, 0x000000060aa00000| Untracked 
|  37|0x000000060ac00000, 0x000000060ac00000, 0x000000060ae00000|  0%| F|  |TAMS 0x000000060ac00000, 0x000000060ac00000| Untracked 
|  38|0x000000060ae00000, 0x000000060ae00000, 0x000000060b000000|  0%| F|  |TAMS 0x000000060ae00000, 0x000000060ae00000| Untracked 
|  39|0x000000060b000000, 0x000000060b000000, 0x000000060b200000|  0%| F|  |TAMS 0x000000060b000000, 0x000000060b000000| Untracked 
|  40|0x000000060b200000, 0x000000060b200000, 0x000000060b400000|  0%| F|  |TAMS 0x000000060b200000, 0x000000060b200000| Untracked 
|  41|0x000000060b400000, 0x000000060b400000, 0x000000060b600000|  0%| F|  |TAMS 0x000000060b400000, 0x000000060b400000| Untracked 
|  42|0x000000060b600000, 0x000000060b600000, 0x000000060b800000|  0%| F|  |TAMS 0x000000060b600000, 0x000000060b600000| Untracked 
|  43|0x000000060b800000, 0x000000060b800000, 0x000000060ba00000|  0%| F|  |TAMS 0x000000060b800000, 0x000000060b800000| Untracked 
|  44|0x000000060ba00000, 0x000000060ba00000, 0x000000060bc00000|  0%| F|  |TAMS 0x000000060ba00000, 0x000000060ba00000| Untracked 
|  45|0x000000060bc00000, 0x000000060bc00000, 0x000000060be00000|  0%| F|  |TAMS 0x000000060bc00000, 0x000000060bc00000| Untracked 
|  46|0x000000060be00000, 0x000000060be00000, 0x000000060c000000|  0%| F|  |TAMS 0x000000060be00000, 0x000000060be00000| Untracked 
|  47|0x000000060c000000, 0x000000060c000000, 0x000000060c200000|  0%| F|  |TAMS 0x000000060c000000, 0x000000060c000000| Untracked 
|  48|0x000000060c200000, 0x000000060c200000, 0x000000060c400000|  0%| F|  |TAMS 0x000000060c200000, 0x000000060c200000| Untracked 
|  49|0x000000060c400000, 0x000000060c400000, 0x000000060c600000|  0%| F|  |TAMS 0x000000060c400000, 0x000000060c400000| Untracked 
|  50|0x000000060c600000, 0x000000060c600000, 0x000000060c800000|  0%| F|  |TAMS 0x000000060c600000, 0x000000060c600000| Untracked 
|  51|0x000000060c800000, 0x000000060c800000, 0x000000060ca00000|  0%| F|  |TAMS 0x000000060c800000, 0x000000060c800000| Untracked 
|  52|0x000000060ca00000, 0x000000060ca00000, 0x000000060cc00000|  0%| F|  |TAMS 0x000000060ca00000, 0x000000060ca00000| Untracked 
|  53|0x000000060cc00000, 0x000000060cc00000, 0x000000060ce00000|  0%| F|  |TAMS 0x000000060cc00000, 0x000000060cc00000| Untracked 
|  54|0x000000060ce00000, 0x000000060ce00000, 0x000000060d000000|  0%| F|  |TAMS 0x000000060ce00000, 0x000000060ce00000| Untracked 
|  55|0x000000060d000000, 0x000000060d000000, 0x000000060d200000|  0%| F|  |TAMS 0x000000060d000000, 0x000000060d000000| Untracked 
|  56|0x000000060d200000, 0x000000060d200000, 0x000000060d400000|  0%| F|  |TAMS 0x000000060d200000, 0x000000060d200000| Untracked 
|  57|0x000000060d400000, 0x000000060d400000, 0x000000060d600000|  0%| F|  |TAMS 0x000000060d400000, 0x000000060d400000| Untracked 
|  58|0x000000060d600000, 0x000000060d600000, 0x000000060d800000|  0%| F|  |TAMS 0x000000060d600000, 0x000000060d600000| Untracked 
|  59|0x000000060d800000, 0x000000060d800000, 0x000000060da00000|  0%| F|  |TAMS 0x000000060d800000, 0x000000060d800000| Untracked 
|  60|0x000000060da00000, 0x000000060da00000, 0x000000060dc00000|  0%| F|  |TAMS 0x000000060da00000, 0x000000060da00000| Untracked 
|  61|0x000000060dc00000, 0x000000060dc00000, 0x000000060de00000|  0%| F|  |TAMS 0x000000060dc00000, 0x000000060dc00000| Untracked 
|  62|0x000000060de00000, 0x000000060de00000, 0x000000060e000000|  0%| F|  |TAMS 0x000000060de00000, 0x000000060de00000| Untracked 
|  63|0x000000060e000000, 0x000000060e000000, 0x000000060e200000|  0%| F|  |TAMS 0x000000060e000000, 0x000000060e000000| Untracked 
|  64|0x000000060e200000, 0x000000060e200000, 0x000000060e400000|  0%| F|  |TAMS 0x000000060e200000, 0x000000060e200000| Untracked 
|  65|0x000000060e400000, 0x000000060e400000, 0x000000060e600000|  0%| F|  |TAMS 0x000000060e400000, 0x000000060e400000| Untracked 
|  66|0x000000060e600000, 0x000000060e600000, 0x000000060e800000|  0%| F|  |TAMS 0x000000060e600000, 0x000000060e600000| Untracked 
|  67|0x000000060e800000, 0x000000060e800000, 0x000000060ea00000|  0%| F|  |TAMS 0x000000060e800000, 0x000000060e800000| Untracked 
|  68|0x000000060ea00000, 0x000000060ea00000, 0x000000060ec00000|  0%| F|  |TAMS 0x000000060ea00000, 0x000000060ea00000| Untracked 
|  69|0x000000060ec00000, 0x000000060ec00000, 0x000000060ee00000|  0%| F|  |TAMS 0x000000060ec00000, 0x000000060ec00000| Untracked 
|  70|0x000000060ee00000, 0x000000060ee00000, 0x000000060f000000|  0%| F|  |TAMS 0x000000060ee00000, 0x000000060ee00000| Untracked 
|  71|0x000000060f000000, 0x000000060f000000, 0x000000060f200000|  0%| F|  |TAMS 0x000000060f000000, 0x000000060f000000| Untracked 
|  72|0x000000060f200000, 0x000000060f200000, 0x000000060f400000|  0%| F|  |TAMS 0x000000060f200000, 0x000000060f200000| Untracked 
|  73|0x000000060f400000, 0x000000060f400000, 0x000000060f600000|  0%| F|  |TAMS 0x000000060f400000, 0x000000060f400000| Untracked 
|  74|0x000000060f600000, 0x000000060f600000, 0x000000060f800000|  0%| F|  |TAMS 0x000000060f600000, 0x000000060f600000| Untracked 
|  75|0x000000060f800000, 0x000000060f800000, 0x000000060fa00000|  0%| F|  |TAMS 0x000000060f800000, 0x000000060f800000| Untracked 
|  76|0x000000060fa00000, 0x000000060fa00000, 0x000000060fc00000|  0%| F|  |TAMS 0x000000060fa00000, 0x000000060fa00000| Untracked 
|  77|0x000000060fc00000, 0x000000060fc00000, 0x000000060fe00000|  0%| F|  |TAMS 0x000000060fc00000, 0x000000060fc00000| Untracked 
|  78|0x000000060fe00000, 0x000000060fe00000, 0x0000000610000000|  0%| F|  |TAMS 0x000000060fe00000, 0x000000060fe00000| Untracked 
|  79|0x0000000610000000, 0x0000000610000000, 0x0000000610200000|  0%| F|  |TAMS 0x0000000610000000, 0x0000000610000000| Untracked 
|  80|0x0000000610200000, 0x0000000610200000, 0x0000000610400000|  0%| F|  |TAMS 0x0000000610200000, 0x0000000610200000| Untracked 
|  81|0x0000000610400000, 0x0000000610400000, 0x0000000610600000|  0%| F|  |TAMS 0x0000000610400000, 0x0000000610400000| Untracked 
|  82|0x0000000610600000, 0x0000000610600000, 0x0000000610800000|  0%| F|  |TAMS 0x0000000610600000, 0x0000000610600000| Untracked 
|  83|0x0000000610800000, 0x0000000610800000, 0x0000000610a00000|  0%| F|  |TAMS 0x0000000610800000, 0x0000000610800000| Untracked 
|  84|0x0000000610a00000, 0x0000000610a00000, 0x0000000610c00000|  0%| F|  |TAMS 0x0000000610a00000, 0x0000000610a00000| Untracked 
|  85|0x0000000610c00000, 0x0000000610c00000, 0x0000000610e00000|  0%| F|  |TAMS 0x0000000610c00000, 0x0000000610c00000| Untracked 
|  86|0x0000000610e00000, 0x0000000610e00000, 0x0000000611000000|  0%| F|  |TAMS 0x0000000610e00000, 0x0000000610e00000| Untracked 
|  87|0x0000000611000000, 0x0000000611000000, 0x0000000611200000|  0%| F|  |TAMS 0x0000000611000000, 0x0000000611000000| Untracked 
|  88|0x0000000611200000, 0x0000000611200000, 0x0000000611400000|  0%| F|  |TAMS 0x0000000611200000, 0x0000000611200000| Untracked 
|  89|0x0000000611400000, 0x0000000611400000, 0x0000000611600000|  0%| F|  |TAMS 0x0000000611400000, 0x0000000611400000| Untracked 
|  90|0x0000000611600000, 0x0000000611600000, 0x0000000611800000|  0%| F|  |TAMS 0x0000000611600000, 0x0000000611600000| Untracked 
|  91|0x0000000611800000, 0x0000000611800000, 0x0000000611a00000|  0%| F|  |TAMS 0x0000000611800000, 0x0000000611800000| Untracked 
|  92|0x0000000611a00000, 0x0000000611a00000, 0x0000000611c00000|  0%| F|  |TAMS 0x0000000611a00000, 0x0000000611a00000| Untracked 
|  93|0x0000000611c00000, 0x0000000611c00000, 0x0000000611e00000|  0%| F|  |TAMS 0x0000000611c00000, 0x0000000611c00000| Untracked 
|  94|0x0000000611e00000, 0x0000000611e00000, 0x0000000612000000|  0%| F|  |TAMS 0x0000000611e00000, 0x0000000611e00000| Untracked 
|  95|0x0000000612000000, 0x0000000612000000, 0x0000000612200000|  0%| F|  |TAMS 0x0000000612000000, 0x0000000612000000| Untracked 
|  96|0x0000000612200000, 0x0000000612200000, 0x0000000612400000|  0%| F|  |TAMS 0x0000000612200000, 0x0000000612200000| Untracked 
|  97|0x0000000612400000, 0x0000000612400000, 0x0000000612600000|  0%| F|  |TAMS 0x0000000612400000, 0x0000000612400000| Untracked 
|  98|0x0000000612600000, 0x0000000612600000, 0x0000000612800000|  0%| F|  |TAMS 0x0000000612600000, 0x0000000612600000| Untracked 
|  99|0x0000000612800000, 0x0000000612800000, 0x0000000612a00000|  0%| F|  |TAMS 0x0000000612800000, 0x0000000612800000| Untracked 
| 100|0x0000000612a00000, 0x0000000612a00000, 0x0000000612c00000|  0%| F|  |TAMS 0x0000000612a00000, 0x0000000612a00000| Untracked 
| 101|0x0000000612c00000, 0x0000000612c00000, 0x0000000612e00000|  0%| F|  |TAMS 0x0000000612c00000, 0x0000000612c00000| Untracked 
| 102|0x0000000612e00000, 0x0000000612e00000, 0x0000000613000000|  0%| F|  |TAMS 0x0000000612e00000, 0x0000000612e00000| Untracked 
| 103|0x0000000613000000, 0x0000000613000000, 0x0000000613200000|  0%| F|  |TAMS 0x0000000613000000, 0x0000000613000000| Untracked 
| 104|0x0000000613200000, 0x0000000613200000, 0x0000000613400000|  0%| F|  |TAMS 0x0000000613200000, 0x0000000613200000| Untracked 
| 105|0x0000000613400000, 0x0000000613400000, 0x0000000613600000|  0%| F|  |TAMS 0x0000000613400000, 0x0000000613400000| Untracked 
| 106|0x0000000613600000, 0x0000000613600000, 0x0000000613800000|  0%| F|  |TAMS 0x0000000613600000, 0x0000000613600000| Untracked 
| 107|0x0000000613800000, 0x0000000613800000, 0x0000000613a00000|  0%| F|  |TAMS 0x0000000613800000, 0x0000000613800000| Untracked 
| 108|0x0000000613a00000, 0x0000000613a00000, 0x0000000613c00000|  0%| F|  |TAMS 0x0000000613a00000, 0x0000000613a00000| Untracked 
| 109|0x0000000613c00000, 0x0000000613c00000, 0x0000000613e00000|  0%| F|  |TAMS 0x0000000613c00000, 0x0000000613c00000| Untracked 
| 110|0x0000000613e00000, 0x0000000613e00000, 0x0000000614000000|  0%| F|  |TAMS 0x0000000613e00000, 0x0000000613e00000| Untracked 
| 111|0x0000000614000000, 0x0000000614000000, 0x0000000614200000|  0%| F|  |TAMS 0x0000000614000000, 0x0000000614000000| Untracked 
| 112|0x0000000614200000, 0x0000000614200000, 0x0000000614400000|  0%| F|  |TAMS 0x0000000614200000, 0x0000000614200000| Untracked 
| 113|0x0000000614400000, 0x0000000614400000, 0x0000000614600000|  0%| F|  |TAMS 0x0000000614400000, 0x0000000614400000| Untracked 
| 114|0x0000000614600000, 0x0000000614600000, 0x0000000614800000|  0%| F|  |TAMS 0x0000000614600000, 0x0000000614600000| Untracked 
| 115|0x0000000614800000, 0x0000000614800000, 0x0000000614a00000|  0%| F|  |TAMS 0x0000000614800000, 0x0000000614800000| Untracked 
| 116|0x0000000614a00000, 0x0000000614a00000, 0x0000000614c00000|  0%| F|  |TAMS 0x0000000614a00000, 0x0000000614a00000| Untracked 
| 117|0x0000000614c00000, 0x0000000614c00000, 0x0000000614e00000|  0%| F|  |TAMS 0x0000000614c00000, 0x0000000614c00000| Untracked 
| 118|0x0000000614e00000, 0x0000000614e00000, 0x0000000615000000|  0%| F|  |TAMS 0x0000000614e00000, 0x0000000614e00000| Untracked 
| 119|0x0000000615000000, 0x0000000615000000, 0x0000000615200000|  0%| F|  |TAMS 0x0000000615000000, 0x0000000615000000| Untracked 
| 120|0x0000000615200000, 0x0000000615200000, 0x0000000615400000|  0%| F|  |TAMS 0x0000000615200000, 0x0000000615200000| Untracked 
| 121|0x0000000615400000, 0x0000000615400000, 0x0000000615600000|  0%| F|  |TAMS 0x0000000615400000, 0x0000000615400000| Untracked 
| 122|0x0000000615600000, 0x0000000615600000, 0x0000000615800000|  0%| F|  |TAMS 0x0000000615600000, 0x0000000615600000| Untracked 
| 123|0x0000000615800000, 0x0000000615800000, 0x0000000615a00000|  0%| F|  |TAMS 0x0000000615800000, 0x0000000615800000| Untracked 
| 124|0x0000000615a00000, 0x0000000615a00000, 0x0000000615c00000|  0%| F|  |TAMS 0x0000000615a00000, 0x0000000615a00000| Untracked 
| 125|0x0000000615c00000, 0x0000000615c00000, 0x0000000615e00000|  0%| F|  |TAMS 0x0000000615c00000, 0x0000000615c00000| Untracked 
| 126|0x0000000615e00000, 0x0000000615e00000, 0x0000000616000000|  0%| F|  |TAMS 0x0000000615e00000, 0x0000000615e00000| Untracked 
| 127|0x0000000616000000, 0x0000000616000000, 0x0000000616200000|  0%| F|  |TAMS 0x0000000616000000, 0x0000000616000000| Untracked 
| 128|0x0000000616200000, 0x0000000616200000, 0x0000000616400000|  0%| F|  |TAMS 0x0000000616200000, 0x0000000616200000| Untracked 
| 129|0x0000000616400000, 0x0000000616400000, 0x0000000616600000|  0%| F|  |TAMS 0x0000000616400000, 0x0000000616400000| Untracked 
| 130|0x0000000616600000, 0x0000000616600000, 0x0000000616800000|  0%| F|  |TAMS 0x0000000616600000, 0x0000000616600000| Untracked 
| 131|0x0000000616800000, 0x0000000616800000, 0x0000000616a00000|  0%| F|  |TAMS 0x0000000616800000, 0x0000000616800000| Untracked 
| 132|0x0000000616a00000, 0x0000000616a00000, 0x0000000616c00000|  0%| F|  |TAMS 0x0000000616a00000, 0x0000000616a00000| Untracked 
| 133|0x0000000616c00000, 0x0000000616c00000, 0x0000000616e00000|  0%| F|  |TAMS 0x0000000616c00000, 0x0000000616c00000| Untracked 
| 134|0x0000000616e00000, 0x0000000616e00000, 0x0000000617000000|  0%| F|  |TAMS 0x0000000616e00000, 0x0000000616e00000| Untracked 
| 135|0x0000000617000000, 0x0000000617000000, 0x0000000617200000|  0%| F|  |TAMS 0x0000000617000000, 0x0000000617000000| Untracked 
| 136|0x0000000617200000, 0x0000000617200000, 0x0000000617400000|  0%| F|  |TAMS 0x0000000617200000, 0x0000000617200000| Untracked 
| 137|0x0000000617400000, 0x0000000617400000, 0x0000000617600000|  0%| F|  |TAMS 0x0000000617400000, 0x0000000617400000| Untracked 
| 138|0x0000000617600000, 0x0000000617600000, 0x0000000617800000|  0%| F|  |TAMS 0x0000000617600000, 0x0000000617600000| Untracked 
| 139|0x0000000617800000, 0x0000000617800000, 0x0000000617a00000|  0%| F|  |TAMS 0x0000000617800000, 0x0000000617800000| Untracked 
| 140|0x0000000617a00000, 0x0000000617a00000, 0x0000000617c00000|  0%| F|  |TAMS 0x0000000617a00000, 0x0000000617a00000| Untracked 
| 141|0x0000000617c00000, 0x0000000617c00000, 0x0000000617e00000|  0%| F|  |TAMS 0x0000000617c00000, 0x0000000617c00000| Untracked 
| 142|0x0000000617e00000, 0x0000000617e00000, 0x0000000618000000|  0%| F|  |TAMS 0x0000000617e00000, 0x0000000617e00000| Untracked 
| 143|0x0000000618000000, 0x0000000618000000, 0x0000000618200000|  0%| F|  |TAMS 0x0000000618000000, 0x0000000618000000| Untracked 
| 144|0x0000000618200000, 0x0000000618200000, 0x0000000618400000|  0%| F|  |TAMS 0x0000000618200000, 0x0000000618200000| Untracked 
| 145|0x0000000618400000, 0x0000000618400000, 0x0000000618600000|  0%| F|  |TAMS 0x0000000618400000, 0x0000000618400000| Untracked 
| 146|0x0000000618600000, 0x0000000618600000, 0x0000000618800000|  0%| F|  |TAMS 0x0000000618600000, 0x0000000618600000| Untracked 
| 147|0x0000000618800000, 0x0000000618800000, 0x0000000618a00000|  0%| F|  |TAMS 0x0000000618800000, 0x0000000618800000| Untracked 
| 148|0x0000000618a00000, 0x0000000618a00000, 0x0000000618c00000|  0%| F|  |TAMS 0x0000000618a00000, 0x0000000618a00000| Untracked 
| 149|0x0000000618c00000, 0x0000000618c00000, 0x0000000618e00000|  0%| F|  |TAMS 0x0000000618c00000, 0x0000000618c00000| Untracked 
| 150|0x0000000618e00000, 0x0000000618e00000, 0x0000000619000000|  0%| F|  |TAMS 0x0000000618e00000, 0x0000000618e00000| Untracked 
| 151|0x0000000619000000, 0x0000000619000000, 0x0000000619200000|  0%| F|  |TAMS 0x0000000619000000, 0x0000000619000000| Untracked 
| 152|0x0000000619200000, 0x0000000619200000, 0x0000000619400000|  0%| F|  |TAMS 0x0000000619200000, 0x0000000619200000| Untracked 
| 153|0x0000000619400000, 0x0000000619400000, 0x0000000619600000|  0%| F|  |TAMS 0x0000000619400000, 0x0000000619400000| Untracked 
| 154|0x0000000619600000, 0x0000000619600000, 0x0000000619800000|  0%| F|  |TAMS 0x0000000619600000, 0x0000000619600000| Untracked 
| 155|0x0000000619800000, 0x0000000619800000, 0x0000000619a00000|  0%| F|  |TAMS 0x0000000619800000, 0x0000000619800000| Untracked 
| 156|0x0000000619a00000, 0x0000000619a00000, 0x0000000619c00000|  0%| F|  |TAMS 0x0000000619a00000, 0x0000000619a00000| Untracked 
| 157|0x0000000619c00000, 0x0000000619c00000, 0x0000000619e00000|  0%| F|  |TAMS 0x0000000619c00000, 0x0000000619c00000| Untracked 
| 158|0x0000000619e00000, 0x0000000619e00000, 0x000000061a000000|  0%| F|  |TAMS 0x0000000619e00000, 0x0000000619e00000| Untracked 
| 159|0x000000061a000000, 0x000000061a000000, 0x000000061a200000|  0%| F|  |TAMS 0x000000061a000000, 0x000000061a000000| Untracked 
| 160|0x000000061a200000, 0x000000061a200000, 0x000000061a400000|  0%| F|  |TAMS 0x000000061a200000, 0x000000061a200000| Untracked 
| 161|0x000000061a400000, 0x000000061a400000, 0x000000061a600000|  0%| F|  |TAMS 0x000000061a400000, 0x000000061a400000| Untracked 
| 162|0x000000061a600000, 0x000000061a600000, 0x000000061a800000|  0%| F|  |TAMS 0x000000061a600000, 0x000000061a600000| Untracked 
| 163|0x000000061a800000, 0x000000061a800000, 0x000000061aa00000|  0%| F|  |TAMS 0x000000061a800000, 0x000000061a800000| Untracked 
| 164|0x000000061aa00000, 0x000000061aa00000, 0x000000061ac00000|  0%| F|  |TAMS 0x000000061aa00000, 0x000000061aa00000| Untracked 
| 165|0x000000061ac00000, 0x000000061ac00000, 0x000000061ae00000|  0%| F|  |TAMS 0x000000061ac00000, 0x000000061ac00000| Untracked 
| 166|0x000000061ae00000, 0x000000061ae00000, 0x000000061b000000|  0%| F|  |TAMS 0x000000061ae00000, 0x000000061ae00000| Untracked 
| 167|0x000000061b000000, 0x000000061b000000, 0x000000061b200000|  0%| F|  |TAMS 0x000000061b000000, 0x000000061b000000| Untracked 
| 168|0x000000061b200000, 0x000000061b200000, 0x000000061b400000|  0%| F|  |TAMS 0x000000061b200000, 0x000000061b200000| Untracked 
| 169|0x000000061b400000, 0x000000061b400000, 0x000000061b600000|  0%| F|  |TAMS 0x000000061b400000, 0x000000061b400000| Untracked 
| 170|0x000000061b600000, 0x000000061b600000, 0x000000061b800000|  0%| F|  |TAMS 0x000000061b600000, 0x000000061b600000| Untracked 
| 171|0x000000061b800000, 0x000000061b800000, 0x000000061ba00000|  0%| F|  |TAMS 0x000000061b800000, 0x000000061b800000| Untracked 
| 172|0x000000061ba00000, 0x000000061ba00000, 0x000000061bc00000|  0%| F|  |TAMS 0x000000061ba00000, 0x000000061ba00000| Untracked 
| 173|0x000000061bc00000, 0x000000061bc00000, 0x000000061be00000|  0%| F|  |TAMS 0x000000061bc00000, 0x000000061bc00000| Untracked 
| 174|0x000000061be00000, 0x000000061be00000, 0x000000061c000000|  0%| F|  |TAMS 0x000000061be00000, 0x000000061be00000| Untracked 
| 175|0x000000061c000000, 0x000000061c000000, 0x000000061c200000|  0%| F|  |TAMS 0x000000061c000000, 0x000000061c000000| Untracked 
| 176|0x000000061c200000, 0x000000061c200000, 0x000000061c400000|  0%| F|  |TAMS 0x000000061c200000, 0x000000061c200000| Untracked 
| 177|0x000000061c400000, 0x000000061c400000, 0x000000061c600000|  0%| F|  |TAMS 0x000000061c400000, 0x000000061c400000| Untracked 
| 178|0x000000061c600000, 0x000000061c600000, 0x000000061c800000|  0%| F|  |TAMS 0x000000061c600000, 0x000000061c600000| Untracked 
| 179|0x000000061c800000, 0x000000061c800000, 0x000000061ca00000|  0%| F|  |TAMS 0x000000061c800000, 0x000000061c800000| Untracked 
| 180|0x000000061ca00000, 0x000000061ca00000, 0x000000061cc00000|  0%| F|  |TAMS 0x000000061ca00000, 0x000000061ca00000| Untracked 
| 181|0x000000061cc00000, 0x000000061cc00000, 0x000000061ce00000|  0%| F|  |TAMS 0x000000061cc00000, 0x000000061cc00000| Untracked 
| 182|0x000000061ce00000, 0x000000061ce00000, 0x000000061d000000|  0%| F|  |TAMS 0x000000061ce00000, 0x000000061ce00000| Untracked 
| 183|0x000000061d000000, 0x000000061d000000, 0x000000061d200000|  0%| F|  |TAMS 0x000000061d000000, 0x000000061d000000| Untracked 
| 184|0x000000061d200000, 0x000000061d200000, 0x000000061d400000|  0%| F|  |TAMS 0x000000061d200000, 0x000000061d200000| Untracked 
| 185|0x000000061d400000, 0x000000061d400000, 0x000000061d600000|  0%| F|  |TAMS 0x000000061d400000, 0x000000061d400000| Untracked 
| 186|0x000000061d600000, 0x000000061d600000, 0x000000061d800000|  0%| F|  |TAMS 0x000000061d600000, 0x000000061d600000| Untracked 
| 187|0x000000061d800000, 0x000000061d800000, 0x000000061da00000|  0%| F|  |TAMS 0x000000061d800000, 0x000000061d800000| Untracked 
| 188|0x000000061da00000, 0x000000061da00000, 0x000000061dc00000|  0%| F|  |TAMS 0x000000061da00000, 0x000000061da00000| Untracked 
| 189|0x000000061dc00000, 0x000000061dc00000, 0x000000061de00000|  0%| F|  |TAMS 0x000000061dc00000, 0x000000061dc00000| Untracked 
| 190|0x000000061de00000, 0x000000061de00000, 0x000000061e000000|  0%| F|  |TAMS 0x000000061de00000, 0x000000061de00000| Untracked 
| 191|0x000000061e000000, 0x000000061e000000, 0x000000061e200000|  0%| F|  |TAMS 0x000000061e000000, 0x000000061e000000| Untracked 
| 192|0x000000061e200000, 0x000000061e200000, 0x000000061e400000|  0%| F|  |TAMS 0x000000061e200000, 0x000000061e200000| Untracked 
| 193|0x000000061e400000, 0x000000061e400000, 0x000000061e600000|  0%| F|  |TAMS 0x000000061e400000, 0x000000061e400000| Untracked 
| 194|0x000000061e600000, 0x000000061e600000, 0x000000061e800000|  0%| F|  |TAMS 0x000000061e600000, 0x000000061e600000| Untracked 
| 195|0x000000061e800000, 0x000000061e800000, 0x000000061ea00000|  0%| F|  |TAMS 0x000000061e800000, 0x000000061e800000| Untracked 
| 196|0x000000061ea00000, 0x000000061ea00000, 0x000000061ec00000|  0%| F|  |TAMS 0x000000061ea00000, 0x000000061ea00000| Untracked 
| 197|0x000000061ec00000, 0x000000061ec00000, 0x000000061ee00000|  0%| F|  |TAMS 0x000000061ec00000, 0x000000061ec00000| Untracked 
| 198|0x000000061ee00000, 0x000000061ee00000, 0x000000061f000000|  0%| F|  |TAMS 0x000000061ee00000, 0x000000061ee00000| Untracked 
| 199|0x000000061f000000, 0x000000061f000000, 0x000000061f200000|  0%| F|  |TAMS 0x000000061f000000, 0x000000061f000000| Untracked 
| 200|0x000000061f200000, 0x000000061f200000, 0x000000061f400000|  0%| F|  |TAMS 0x000000061f200000, 0x000000061f200000| Untracked 
| 201|0x000000061f400000, 0x000000061f400000, 0x000000061f600000|  0%| F|  |TAMS 0x000000061f400000, 0x000000061f400000| Untracked 
| 202|0x000000061f600000, 0x000000061f600000, 0x000000061f800000|  0%| F|  |TAMS 0x000000061f600000, 0x000000061f600000| Untracked 
| 203|0x000000061f800000, 0x000000061f800000, 0x000000061fa00000|  0%| F|  |TAMS 0x000000061f800000, 0x000000061f800000| Untracked 
| 204|0x000000061fa00000, 0x000000061fa00000, 0x000000061fc00000|  0%| F|  |TAMS 0x000000061fa00000, 0x000000061fa00000| Untracked 
| 205|0x000000061fc00000, 0x000000061fc00000, 0x000000061fe00000|  0%| F|  |TAMS 0x000000061fc00000, 0x000000061fc00000| Untracked 
| 206|0x000000061fe00000, 0x000000061fe00000, 0x0000000620000000|  0%| F|  |TAMS 0x000000061fe00000, 0x000000061fe00000| Untracked 
| 207|0x0000000620000000, 0x0000000620000000, 0x0000000620200000|  0%| F|  |TAMS 0x0000000620000000, 0x0000000620000000| Untracked 
| 208|0x0000000620200000, 0x0000000620200000, 0x0000000620400000|  0%| F|  |TAMS 0x0000000620200000, 0x0000000620200000| Untracked 
| 209|0x0000000620400000, 0x0000000620400000, 0x0000000620600000|  0%| F|  |TAMS 0x0000000620400000, 0x0000000620400000| Untracked 
| 210|0x0000000620600000, 0x0000000620600000, 0x0000000620800000|  0%| F|  |TAMS 0x0000000620600000, 0x0000000620600000| Untracked 
| 211|0x0000000620800000, 0x0000000620800000, 0x0000000620a00000|  0%| F|  |TAMS 0x0000000620800000, 0x0000000620800000| Untracked 
| 212|0x0000000620a00000, 0x0000000620a00000, 0x0000000620c00000|  0%| F|  |TAMS 0x0000000620a00000, 0x0000000620a00000| Untracked 
| 213|0x0000000620c00000, 0x0000000620c00000, 0x0000000620e00000|  0%| F|  |TAMS 0x0000000620c00000, 0x0000000620c00000| Untracked 
| 214|0x0000000620e00000, 0x0000000620e00000, 0x0000000621000000|  0%| F|  |TAMS 0x0000000620e00000, 0x0000000620e00000| Untracked 
| 215|0x0000000621000000, 0x0000000621000000, 0x0000000621200000|  0%| F|  |TAMS 0x0000000621000000, 0x0000000621000000| Untracked 
| 216|0x0000000621200000, 0x0000000621200000, 0x0000000621400000|  0%| F|  |TAMS 0x0000000621200000, 0x0000000621200000| Untracked 
| 217|0x0000000621400000, 0x0000000621400000, 0x0000000621600000|  0%| F|  |TAMS 0x0000000621400000, 0x0000000621400000| Untracked 
| 218|0x0000000621600000, 0x0000000621600000, 0x0000000621800000|  0%| F|  |TAMS 0x0000000621600000, 0x0000000621600000| Untracked 
| 219|0x0000000621800000, 0x0000000621800000, 0x0000000621a00000|  0%| F|  |TAMS 0x0000000621800000, 0x0000000621800000| Untracked 
| 220|0x0000000621a00000, 0x0000000621a00000, 0x0000000621c00000|  0%| F|  |TAMS 0x0000000621a00000, 0x0000000621a00000| Untracked 
| 221|0x0000000621c00000, 0x0000000621c00000, 0x0000000621e00000|  0%| F|  |TAMS 0x0000000621c00000, 0x0000000621c00000| Untracked 
| 222|0x0000000621e00000, 0x0000000621e00000, 0x0000000622000000|  0%| F|  |TAMS 0x0000000621e00000, 0x0000000621e00000| Untracked 
| 223|0x0000000622000000, 0x0000000622000000, 0x0000000622200000|  0%| F|  |TAMS 0x0000000622000000, 0x0000000622000000| Untracked 
| 224|0x0000000622200000, 0x0000000622200000, 0x0000000622400000|  0%| F|  |TAMS 0x0000000622200000, 0x0000000622200000| Untracked 
| 225|0x0000000622400000, 0x0000000622400000, 0x0000000622600000|  0%| F|  |TAMS 0x0000000622400000, 0x0000000622400000| Untracked 
| 226|0x0000000622600000, 0x0000000622600000, 0x0000000622800000|  0%| F|  |TAMS 0x0000000622600000, 0x0000000622600000| Untracked 
| 227|0x0000000622800000, 0x0000000622800000, 0x0000000622a00000|  0%| F|  |TAMS 0x0000000622800000, 0x0000000622800000| Untracked 
| 228|0x0000000622a00000, 0x0000000622a00000, 0x0000000622c00000|  0%| F|  |TAMS 0x0000000622a00000, 0x0000000622a00000| Untracked 
| 229|0x0000000622c00000, 0x0000000622c00000, 0x0000000622e00000|  0%| F|  |TAMS 0x0000000622c00000, 0x0000000622c00000| Untracked 
| 230|0x0000000622e00000, 0x0000000622e00000, 0x0000000623000000|  0%| F|  |TAMS 0x0000000622e00000, 0x0000000622e00000| Untracked 
| 231|0x0000000623000000, 0x0000000623000000, 0x0000000623200000|  0%| F|  |TAMS 0x0000000623000000, 0x0000000623000000| Untracked 
| 232|0x0000000623200000, 0x0000000623200000, 0x0000000623400000|  0%| F|  |TAMS 0x0000000623200000, 0x0000000623200000| Untracked 
| 233|0x0000000623400000, 0x0000000623400000, 0x0000000623600000|  0%| F|  |TAMS 0x0000000623400000, 0x0000000623400000| Untracked 
| 234|0x0000000623600000, 0x0000000623600000, 0x0000000623800000|  0%| F|  |TAMS 0x0000000623600000, 0x0000000623600000| Untracked 
| 235|0x0000000623800000, 0x0000000623800000, 0x0000000623a00000|  0%| F|  |TAMS 0x0000000623800000, 0x0000000623800000| Untracked 
| 236|0x0000000623a00000, 0x0000000623a00000, 0x0000000623c00000|  0%| F|  |TAMS 0x0000000623a00000, 0x0000000623a00000| Untracked 
| 237|0x0000000623c00000, 0x0000000623c00000, 0x0000000623e00000|  0%| F|  |TAMS 0x0000000623c00000, 0x0000000623c00000| Untracked 
| 238|0x0000000623e00000, 0x0000000623e00000, 0x0000000624000000|  0%| F|  |TAMS 0x0000000623e00000, 0x0000000623e00000| Untracked 
| 239|0x0000000624000000, 0x0000000624000000, 0x0000000624200000|  0%| F|  |TAMS 0x0000000624000000, 0x0000000624000000| Untracked 
| 240|0x0000000624200000, 0x0000000624200000, 0x0000000624400000|  0%| F|  |TAMS 0x0000000624200000, 0x0000000624200000| Untracked 
| 241|0x0000000624400000, 0x0000000624600000, 0x0000000624600000|100%| E|CS|TAMS 0x0000000624400000, 0x0000000624400000| Complete 
| 242|0x0000000624600000, 0x0000000624800000, 0x0000000624800000|100%| E|CS|TAMS 0x0000000624600000, 0x0000000624600000| Complete 
| 243|0x0000000624800000, 0x0000000624a00000, 0x0000000624a00000|100%| E|CS|TAMS 0x0000000624800000, 0x0000000624800000| Complete 
| 244|0x0000000624a00000, 0x0000000624c00000, 0x0000000624c00000|100%| E|CS|TAMS 0x0000000624a00000, 0x0000000624a00000| Complete 
| 245|0x0000000624c00000, 0x0000000624e00000, 0x0000000624e00000|100%| E|CS|TAMS 0x0000000624c00000, 0x0000000624c00000| Complete 
| 246|0x0000000624e00000, 0x0000000625000000, 0x0000000625000000|100%| E|CS|TAMS 0x0000000624e00000, 0x0000000624e00000| Complete 
| 247|0x0000000625000000, 0x0000000625200000, 0x0000000625200000|100%| E|CS|TAMS 0x0000000625000000, 0x0000000625000000| Complete 
| 248|0x0000000625200000, 0x0000000625400000, 0x0000000625400000|100%| E|  |TAMS 0x0000000625200000, 0x0000000625200000| Complete 
| 249|0x0000000625400000, 0x0000000625600000, 0x0000000625600000|100%| E|CS|TAMS 0x0000000625400000, 0x0000000625400000| Complete 
| 250|0x0000000625600000, 0x0000000625800000, 0x0000000625800000|100%| E|CS|TAMS 0x0000000625600000, 0x0000000625600000| Complete 
| 251|0x0000000625800000, 0x0000000625a00000, 0x0000000625a00000|100%| E|CS|TAMS 0x0000000625800000, 0x0000000625800000| Complete 
| 252|0x0000000625a00000, 0x0000000625c00000, 0x0000000625c00000|100%| E|CS|TAMS 0x0000000625a00000, 0x0000000625a00000| Complete 

Card table byte_map: [0x000001dfef1e0000,0x000001dff01b0000] _byte_map_base: 0x000001dfec1af000

Marking Bits (Prev, Next): (CMBitMap*) 0x000001dfd6a349a8, (CMBitMap*) 0x000001dfd6a349e0
 Prev Bits: [0x000001dff1180000, 0x000001dff8ff8000)
 Next Bits: [0x000001df80000000, 0x000001df87e78000)

Polling page: 0x000001dfd60f0000

Metaspace:

Usage:
  Non-class:     11.02 MB capacity,    10.81 MB ( 98%) used,   182.52 KB (  2%) free+waste,    29.81 KB ( <1%) overhead. 
      Class:      1.40 MB capacity,     1.27 MB ( 91%) used,   120.55 KB (  8%) free+waste,    14.88 KB (  1%) overhead. 
       Both:     12.42 MB capacity,    12.08 MB ( 97%) used,   303.06 KB (  2%) free+waste,    44.69 KB ( <1%) overhead. 

Virtual space:
  Non-class space:       12.00 MB reserved,      11.25 MB ( 94%) committed 
      Class space:        1.00 GB reserved,       1.50 MB ( <1%) committed 
             Both:        1.01 GB reserved,      12.75 MB (  1%) committed 

Chunk freelists:
   Non-Class:  5.63 KB
       Class:  512 bytes
        Both:  6.13 KB

CodeHeap 'non-profiled nmethods': size=238336Kb used=1528Kb max_used=1528Kb free=236807Kb
 bounds [0x000001dfdf3f0000, 0x000001dfdf660000, 0x000001dfedcb0000]
CodeHeap 'non-nmethods': size=7424Kb used=2236Kb max_used=2236Kb free=5187Kb
 bounds [0x000001dfdecb0000, 0x000001dfdef20000, 0x000001dfdf3f0000]
 total_blobs=1507 nmethods=1088 adapters=327
 compilation: enabled
              stopped_count=0, restarted_count=0
 full_count=0

Compilation events (10 events):
Event: 0.383 Thread 0x000001dffc937000 1086   !   1       jdk.internal.ref.PhantomCleanable::remove (60 bytes)
Event: 0.383 Thread 0x000001dffc774000 1087       1       java.lang.ref.Reference::clear (6 bytes)
Event: 0.383 Thread 0x000001dffc774000 nmethod 1087 0x000001dfdf56ca10 code [0x000001dfdf56cbc0, 0x000001dfdf56ccf8]
Event: 0.383 Thread 0x000001dffc937000 nmethod 1086 0x000001dfdf56cd90 code [0x000001dfdf56cf60, 0x000001dfdf56d458]
Event: 0.383 Thread 0x000001dffc774000 1088       1       java.util.zip.ZipFile::getZipEntry (308 bytes)
Event: 0.383 Thread 0x000001dffc937000 1089       1       java.util.jar.JarFile$1::apply (9 bytes)
Event: 0.383 Thread 0x000001dffc937000 nmethod 1089 0x000001dfdf56d610 code [0x000001dfdf56d7e0, 0x000001dfdf56dad0]
Event: 0.383 Thread 0x000001dffc937000 1094       1       java.util.jar.Manifest$FastInputStream::peek (38 bytes)
Event: 0.384 Thread 0x000001dffc937000 nmethod 1094 0x000001dfdf56dc10 code [0x000001dfdf56ddc0, 0x000001dfdf56df70]
Event: 0.384 Thread 0x000001dffc937000 1090       1       java.util.jar.JarFile$1::apply (13 bytes)

GC Heap History (0 events):
No events

Deoptimization events (0 events):
No events

Classes redefined (0 events):
No events

Internal exceptions (10 events):
Event: 0.315 Thread 0x000001dfd69af800 Exception <a 'java/lang/NoSuchMethodError'{0x00000006248f9428}: java.lang.invoke.DirectMethodHandle$Holder.invokeSpecialIFC(Ljava/lang/Object;Ljava/lang/Object;Ljava/lang/Object;)I> (0x00000006248f9428) thrown at [c:/sb/prod/1715189812/workspace/open/src/
Event: 0.322 Thread 0x000001dfd69af800 Exception <a 'java/lang/NoSuchMethodError'{0x000000062495b940}: java.lang.invoke.DirectMethodHandle$Holder.invokeStatic(Ljava/lang/Object;IIII)Ljava/lang/Object;> (0x000000062495b940) thrown at [c:/sb/prod/1715189812/workspace/open/src/hotspot/share/inter
Event: 0.322 Thread 0x000001dfd69af800 Exception <a 'java/lang/NoSuchMethodError'{0x000000062495ea58}: java.lang.invoke.DirectMethodHandle$Holder.invokeStaticInit(Ljava/lang/Object;IIII)Ljava/lang/Object;> (0x000000062495ea58) thrown at [c:/sb/prod/1715189812/workspace/open/src/hotspot/share/i
Event: 0.346 Thread 0x000001dfd69af800 Exception <a 'java/lang/NoSuchMethodError'{0x00000006249bdb30}: java.lang.invoke.DirectMethodHandle$Holder.invokeStatic(Ljava/lang/Object;Ljava/lang/Object;IIII)Ljava/lang/Object;> (0x00000006249bdb30) thrown at [c:/sb/prod/1715189812/workspace/open/src/h
Event: 0.346 Thread 0x000001dfd69af800 Exception <a 'java/lang/NoSuchMethodError'{0x00000006249c0e78}: java.lang.invoke.DirectMethodHandle$Holder.invokeStaticInit(Ljava/lang/Object;Ljava/lang/Object;IIII)Ljava/lang/Object;> (0x00000006249c0e78) thrown at [c:/sb/prod/1715189812/workspace/open/s
Event: 0.350 Thread 0x000001dfd69af800 Exception <a 'java/lang/ClassNotFoundException'{0x00000006249de690}: javax/management/remote/rmi/RMIServerImpl_Skel> (0x00000006249de690) thrown at [c:/sb/prod/1715189812/workspace/open/src/hotspot/share/classfile/systemDictionary.cpp, line 231]
Event: 0.362 Thread 0x000001dfd69af800 Exception <a 'java/lang/ClassNotFoundException'{0x000000062466b1e8}: jdk/internal/agent/resources/spi/agentProvider> (0x000000062466b1e8) thrown at [c:/sb/prod/1715189812/workspace/open/src/hotspot/share/classfile/systemDictionary.cpp, line 231]
Event: 0.365 Thread 0x000001dfd69af800 Exception <a 'java/lang/NoSuchMethodError'{0x000000062473baa0}: java.lang.invoke.DirectMethodHandle$Holder.invokeStatic(Ljava/lang/Object;Ljava/lang/Object;Ljava/lang/Object;Ljava/lang/Object;Ljava/lang/Object;Ljava/lang/Object;Ljava/lang/Object;Ljava/lan
Event: 0.365 Thread 0x000001dfd69af800 Exception <a 'java/lang/NoSuchMethodError'{0x00000006247482c0}: java.lang.invoke.DirectMethodHandle$Holder.invokeStatic(Ljava/lang/Object;Ljava/lang/Object;Ljava/lang/Object;Ljava/lang/Object;Ljava/lang/Object;Ljava/lang/Object;Ljava/lang/Object;Ljava/lan
Event: 0.366 Thread 0x000001dfd69af800 Exception <a 'java/lang/NoSuchMethodError'{0x0000000624761d98}: java.lang.invoke.DelegatingMethodHandle$Holder.reinvoke_L(Ljava/lang/Object;ILjava/lang/Object;)Ljava/lang/Object;> (0x0000000624761d98) thrown at [c:/sb/prod/1715189812/workspace/open/src/ho

Events (10 events):
Event: 0.381 loading class org/slf4j/helpers/NOPLoggerFactory done
Event: 0.382 loading class org/slf4j/helpers/Util
Event: 0.382 loading class org/slf4j/helpers/Util done
Event: 0.383 loading class org/slf4j/impl/StaticLoggerBinder
Event: 0.383 loading class org/slf4j/impl/StaticLoggerBinder done
Event: 0.383 loading class org/slf4j/spi/LoggerFactoryBinder
Event: 0.383 loading class org/slf4j/spi/LoggerFactoryBinder done
Event: 0.383 loading class ch/qos/logback/core/joran/spi/JoranException
Event: 0.383 loading class ch/qos/logback/core/joran/spi/JoranException done
Event: 0.384 Executing VM operation: G1CollectForAllocation


Dynamic libraries:
0x00007ff784010000 - 0x00007ff784055000 	C:\spring\jdk-11.0.0.2\bin\javaw.exe
0x00007ffdcb630000 - 0x00007ffdcb828000 	C:\Windows\SYSTEM32\ntdll.dll
0x00007ffdca860000 - 0x00007ffdca922000 	C:\Windows\System32\KERNEL32.DLL
0x00007ffdc9350000 - 0x00007ffdc964e000 	C:\Windows\System32\KERNELBASE.dll
0x00007ffdca260000 - 0x00007ffdca3fd000 	C:\Windows\System32\USER32.dll
0x00007ffdc9200000 - 0x00007ffdc9222000 	C:\Windows\System32\win32u.dll
0x00007ffdca1c0000 - 0x00007ffdca1eb000 	C:\Windows\System32\GDI32.dll
0x00007ffdc9230000 - 0x00007ffdc9347000 	C:\Windows\System32\gdi32full.dll
0x00007ffdc8d20000 - 0x00007ffdc8dbd000 	C:\Windows\System32\msvcp_win.dll
0x00007ffdc8fa0000 - 0x00007ffdc90a0000 	C:\Windows\System32\ucrtbase.dll
0x00007ffdba9e0000 - 0x00007ffdbac7a000 	C:\Windows\WinSxS\amd64_microsoft.windows.common-controls_6595b64144ccf1df_6.0.19041.4355_none_60b8b9eb71f62e16\COMCTL32.dll
0x00007ffdc9e20000 - 0x00007ffdc9ebe000 	C:\Windows\System32\msvcrt.dll
0x00007ffdca400000 - 0x00007ffdca42f000 	C:\Windows\System32\IMM32.DLL
0x00007ffdc2260000 - 0x00007ffdc2276000 	C:\spring\jdk-11.0.0.2\bin\vcruntime140.dll
0x00007ffd9dda0000 - 0x00007ffd9de4a000 	C:\spring\jdk-11.0.0.2\bin\msvcp140.dll
0x00007ffd6b420000 - 0x00007ffd6bf63000 	C:\spring\jdk-11.0.0.2\bin\server\jvm.dll
0x00007ffdca440000 - 0x00007ffdca4f2000 	C:\Windows\System32\ADVAPI32.dll
0x00007ffdcb350000 - 0x00007ffdcb3f0000 	C:\Windows\System32\sechost.dll
0x00007ffdc9800000 - 0x00007ffdc9923000 	C:\Windows\System32\RPCRT4.dll
0x00007ffdc8dc0000 - 0x00007ffdc8de7000 	C:\Windows\System32\bcrypt.dll
0x00007ffdca430000 - 0x00007ffdca438000 	C:\Windows\System32\PSAPI.DLL
0x00007ffdc06e0000 - 0x00007ffdc0707000 	C:\Windows\SYSTEM32\WINMM.dll
0x00007ffdbed60000 - 0x00007ffdbed69000 	C:\Windows\SYSTEM32\WSOCK32.dll
0x00007ffdc3250000 - 0x00007ffdc325a000 	C:\Windows\SYSTEM32\VERSION.dll
0x00007ffdca1f0000 - 0x00007ffdca25b000 	C:\Windows\System32\WS2_32.dll
0x00007ffdc6b70000 - 0x00007ffdc6b82000 	C:\Windows\SYSTEM32\kernel.appcore.dll
0x00007ffdb5ca0000 - 0x00007ffdb5cb1000 	C:\spring\jdk-11.0.0.2\bin\verify.dll
0x00007ffdc2b80000 - 0x00007ffdc2d64000 	C:\Windows\SYSTEM32\DBGHELP.DLL
0x00007ffdc29c0000 - 0x00007ffdc29f4000 	C:\Windows\SYSTEM32\dbgcore.DLL
0x00007ffdc8ea0000 - 0x00007ffdc8f22000 	C:\Windows\System32\bcryptPrimitives.dll
0x00007ffdab710000 - 0x00007ffdab738000 	C:\spring\jdk-11.0.0.2\bin\java.dll
0x00007ffdab400000 - 0x00007ffdab416000 	C:\spring\jdk-11.0.0.2\bin\zip.dll
0x00007ffdb4e50000 - 0x00007ffdb4e5a000 	C:\spring\jdk-11.0.0.2\bin\jimage.dll
0x00007ffdcaaa0000 - 0x00007ffdcb20f000 	C:\Windows\System32\SHELL32.dll
0x00007ffdc6d70000 - 0x00007ffdc7514000 	C:\Windows\SYSTEM32\windows.storage.dll
0x00007ffdca500000 - 0x00007ffdca853000 	C:\Windows\System32\combase.dll
0x00007ffdc8700000 - 0x00007ffdc872e000 	C:\Windows\SYSTEM32\Wldp.dll
0x00007ffdcb3f0000 - 0x00007ffdcb4bd000 	C:\Windows\System32\OLEAUT32.dll
0x00007ffdca110000 - 0x00007ffdca1bd000 	C:\Windows\System32\SHCORE.dll
0x00007ffdca930000 - 0x00007ffdca985000 	C:\Windows\System32\shlwapi.dll
0x00007ffdc8c00000 - 0x00007ffdc8c24000 	C:\Windows\SYSTEM32\profapi.dll
0x00007ffda2ba0000 - 0x00007ffda2bb9000 	C:\spring\jdk-11.0.0.2\bin\net.dll
0x00007ffdc35d0000 - 0x00007ffdc36dd000 	C:\Windows\SYSTEM32\WINHTTP.dll
0x00007ffdc8460000 - 0x00007ffdc84ca000 	C:\Windows\system32\mswsock.dll
0x00007ffda2b80000 - 0x00007ffda2b93000 	C:\spring\jdk-11.0.0.2\bin\nio.dll
0x00007ffdc2060000 - 0x00007ffdc2069000 	C:\spring\jdk-11.0.0.2\bin\management.dll
0x00007ffdafaf0000 - 0x00007ffdafafc000 	C:\spring\jdk-11.0.0.2\bin\management_ext.dll
0x00007ffda4730000 - 0x00007ffda4747000 	C:\Windows\system32\napinsp.dll
0x00007ffda32b0000 - 0x00007ffda32cb000 	C:\Windows\system32\pnrpnsp.dll
0x00007ffda5190000 - 0x00007ffda51a5000 	C:\Windows\system32\wshbth.dll
0x00007ffdc5b50000 - 0x00007ffdc5b6d000 	C:\Windows\system32\NLAapi.dll
0x00007ffdc80f0000 - 0x00007ffdc812b000 	C:\Windows\SYSTEM32\IPHLPAPI.DLL
0x00007ffdc8140000 - 0x00007ffdc820a000 	C:\Windows\SYSTEM32\DNSAPI.dll
0x00007ffdca0d0000 - 0x00007ffdca0d8000 	C:\Windows\System32\NSI.dll
0x00007ffda2a00000 - 0x00007ffda2a12000 	C:\Windows\System32\winrnr.dll
0x00007ffdbdd60000 - 0x00007ffdbdd6a000 	C:\Windows\System32\rasadhlp.dll
0x00007ffdbdd80000 - 0x00007ffdbde00000 	C:\Windows\System32\fwpuclnt.dll
0x00007ffdc8650000 - 0x00007ffdc8668000 	C:\Windows\SYSTEM32\CRYPTSP.dll
0x00007ffdc7d10000 - 0x00007ffdc7d44000 	C:\Windows\system32\rsaenh.dll
0x00007ffdc8b80000 - 0x00007ffdc8bae000 	C:\Windows\SYSTEM32\USERENV.dll
0x00007ffdc8670000 - 0x00007ffdc867c000 	C:\Windows\SYSTEM32\CRYPTBASE.dll
0x00007ffdc3a60000 - 0x00007ffdc3a77000 	C:\Windows\SYSTEM32\dhcpcsvc6.DLL
0x00007ffdc3ef0000 - 0x00007ffdc3f0d000 	C:\Windows\SYSTEM32\dhcpcsvc.DLL

dbghelp: loaded successfully - version: 4.0.5 - missing functions: none
symbol engine: initialized successfully - sym options: 0x614 - pdb path: .;C:\spring\jdk-11.0.0.2\bin;C:\Windows\SYSTEM32;C:\Windows\WinSxS\amd64_microsoft.windows.common-controls_6595b64144ccf1df_6.0.19041.4355_none_60b8b9eb71f62e16;C:\spring\jdk-11.0.0.2\bin\server

VM Arguments:
jvm_args: -Dcom.sun.management.jmxremote -Dcom.sun.management.jmxremote.port=49479 -Dcom.sun.management.jmxremote.authenticate=false -Dcom.sun.management.jmxremote.ssl=false -Djava.rmi.server.hostname=localhost -Dspring.jmx.enabled=true -Dspring.liveBeansView.mbeanDomain -Dspring.application.admin.enabled=true -XX:TieredStopAtLevel=1 -Dspring.boot.project.name=backend -Dfile.encoding=utf-8 
java_command: com.lostay.backend.BackendApplication --spring.output.ansi.enabled=always
java_class_path (initial): C:\Lostay\backend\bin\main;C:\Users\dny09\.gradle\caches\modules-2\files-2.1\org.projectlombok\lombok\1.18.24\13a394eed5c4f9efb2a6d956e2086f1d81e857d9\lombok-1.18.24.jar;C:\Users\dny09\.gradle\caches\modules-2\files-2.1\org.mapstruct\mapstruct-processor\1.5.5.Final\897f6f115930b936287bef552bf5fe28cc64717d\mapstruct-processor-1.5.5.Final.jar;C:\Users\dny09\.gradle\caches\modules-2\files-2.1\org.springframework.boot\spring-boot-starter-batch\2.7.6\809a8f204509de836753ae3fee2e4fe700fe4dd0\spring-boot-starter-batch-2.7.6.jar;C:\Users\dny09\.gradle\caches\modules-2\files-2.1\org.springframework.boot\spring-boot-starter-data-jpa\2.7.6\7eef599012347f2fb7f84ba71eba10caf094dfb5\spring-boot-starter-data-jpa-2.7.6.jar;C:\Users\dny09\.gradle\caches\modules-2\files-2.1\org.springframework.boot\spring-boot-starter-security\2.7.6\2718e4587f4271468ba20da8b4fd8195c798fb88\spring-boot-starter-security-2.7.6.jar;C:\Users\dny09\.gradle\caches\modules-2\files-2.1\org.springframework.boot\spring-boot-starter-web\2.7.6\9d0166a0390df593243bdc798ca7a1db20ddea9c\spring-boot-starter-web-2.7.6.jar;C:\Users\dny09\.gradle\caches\modules-2\files-2.1\org.mapstruct\mapstruct\1.5.5.Final\2ca3cbe39b6e9ea8d5ea521965a89bef2a1e8eeb\mapstruct-1.5.5.Final.jar;C:\Users\dny09\.gradle\caches\modules-2\files-2.1\org.springframework.boot\spring-boot-starter-thymeleaf\2.7.6\18056127ee9253fbbb71d80e9dbd10827555ec27\spring-boot-starter-thymeleaf-2.7.6.jar;C:\Users\dny09\.gradle\caches\modules-2\files-2.1\com.github.iamport\iamport-rest-client-java\0.2.21\1e77090406ae4623225425e7fae3f38142614294\iamport-rest-client-java-0.2.21.jar;C:\Users\dny09\.gradle\caches\modules-2\files-2.1\org.json\json\20210307\528c8df3757e8bcf151817b1d7b9b434f6aa08d5\json-20210307.jar;C:\Users\dny09\.gradle\caches\modules-2\files-2.1\org.springframework.security\spring-security-oauth2-client\5.7.5\44843928477508b4a73ca970f9e12145bf35d29f\spring-security-oauth2-client-5.7.5.jar;C:\Users\dny09\.gradle\caches\mod
Launcher Type: SUN_STANDARD

[Global flags]
     intx CICompilerCount                          = 4                                         {product} {ergonomic}
     uint ConcGCThreads                            = 3                                         {product} {ergonomic}
     uint G1ConcRefinementThreads                  = 10                                        {product} {ergonomic}
   size_t G1HeapRegionSize                         = 2097152                                   {product} {ergonomic}
    uintx GCDrainStackTargetSize                   = 64                                        {product} {ergonomic}
   size_t InitialHeapSize                          = 530579456                                 {product} {ergonomic}
     bool ManagementServer                         = true                                      {product} {command line}
   size_t MarkStackSize                            = 4194304                                   {product} {ergonomic}
   size_t MaxHeapSize                              = 8487174144                                {product} {ergonomic}
   size_t MaxNewSize                               = 5091885056                                {product} {ergonomic}
   size_t MinHeapDeltaBytes                        = 2097152                                   {product} {ergonomic}
    uintx NonNMethodCodeHeapSize                   = 7549744                                {pd product} {ergonomic}
    uintx NonProfiledCodeHeapSize                  = 244108496                              {pd product} {ergonomic}
    uintx ProfiledCodeHeapSize                     = 0                                      {pd product} {ergonomic}
    uintx ReservedCodeCacheSize                    = 251658240                              {pd product} {ergonomic}
     bool SegmentedCodeCache                       = true                                      {product} {ergonomic}
     intx TieredStopAtLevel                        = 1                                         {product} {command line}
     bool UseCompressedClassPointers               = true                                 {lp64_product} {ergonomic}
     bool UseCompressedOops                        = true                                 {lp64_product} {ergonomic}
     bool UseG1GC                                  = true                                      {product} {ergonomic}
     bool UseLargePagesIndividualAllocation        = false                                  {pd product} {ergonomic}

Logging:
Log output configuration:
 #0: stdout all=warning uptime,level,tags
 #1: stderr all=off uptime,level,tags

Environment Variables:
PATH=C:/spring/jdk-11.0.0.2/bin/server;C:/spring/jdk-11.0.0.2/bin;C:\Windows\system32;C:\Windows;C:\Windows\System32\Wbem;C:\Windows\System32\WindowsPowerShell\v1.0\;C:\Windows\System32\OpenSSH\;C:\Program Files\NVIDIA Corporation\NVIDIA NvDLISR;C:\Program Files\Bandizip\;C:\Program Files\Git\cmd;C:\Program Files\nodejs\;C:\spring\jdk-11.0.0.2\bin;C:\Program Files\MySQL\MySQL Shell 8.0\bin\;C:\Python\Scripts\;C:\Python\;C:\Users\dny09\AppData\Local\Microsoft\WindowsApps;C:\Users\dny09\AppData\Local\Programs\Microsoft VS Code\bin;C:\Users\dny09\AppData\Roaming\npm;C:\spring\sts-bundle\sts-3.9.18.RELEASE;
USERNAME=dny09
OS=Windows_NT
PROCESSOR_IDENTIFIER=AMD64 Family 25 Model 97 Stepping 2, AuthenticAMD



---------------  S Y S T E M  ---------------

OS: Windows 10 , 64 bit Build 19041 (10.0.19041.4957)

CPU:total 12 (initial active 12) (12 cores per cpu, 2 threads per core) family 25 model 97 stepping 2, cmov, cx8, fxsr, mmx, sse, sse2, sse3, ssse3, sse4.1, sse4.2, popcnt, avx, avx2, aes, clmul, erms, mmxext, 3dnowpref, lzcnt, sse4a, ht, tsc, tscinvbit, tscinv, bmi1, bmi2, adx, sha, fma

Memory: 4k page, system-wide physical 32375M (12757M free)
TotalPageFile size 37239M (AvailPageFile size 11903M)
current process WorkingSet (physical memory assigned to process): 86M, peak: 86M
current process commit charge ("private bytes"): 618M, peak: 618M

vm_info: OpenJDK 64-Bit Server VM (11.0.0.2+2-2) for windows-amd64 JRE (11.0.0.2+2-2), built on May  8 2024 18:42:34 by "mach5one" with MS VC++ 15.5 (VS2017)

END.
