#
# A fatal error has been detected by the Java Runtime Environment:
#
#  EXCEPTION_ACCESS_VIOLATION (0xc0000005) at pc=0x00007ffd6baeccb6, pid=10100, tid=15852
#
# JRE version: OpenJDK Runtime Environment (11.0.2+2) (build 11.0.0.2+2-2)
# Java VM: OpenJDK 64-Bit Server VM (11.0.0.2+2-2, mixed mode, tiered, compressed oops, g1 gc, windows-amd64)
# Problematic frame:
# V  [jvm.dll+0x6cccb6]
#
# No core dump will be written. Minidumps are not enabled by default on client versions of Windows
#
# If you would like to submit a bug report, please visit:
#   http://bugreport.java.com/bugreport/crash.jsp
#

---------------  S U M M A R Y ------------

Command Line: -Dcom.sun.management.jmxremote -Dcom.sun.management.jmxremote.port=60430 -Dcom.sun.management.jmxremote.authenticate=false -Dcom.sun.management.jmxremote.ssl=false -Djava.rmi.server.hostname=localhost -Dspring.jmx.enabled=true -Dspring.liveBeansView.mbeanDomain -Dspring.application.admin.enabled=true -XX:TieredStopAtLevel=1 -Dspring.boot.project.name=backend -Dfile.encoding=utf-8 com.lostay.backend.BackendApplication --spring.output.ansi.enabled=always

Host: AMD Ryzen 5 7500F 6-Core Processor             , 12 cores, 31G,  Windows 10 , 64 bit Build 19041 (10.0.19041.4957)
Time: Sat Nov  2 17:08:58 2024 대한민국 표준시 elapsed time: 0 seconds (0d 0h 0m 0s)

---------------  T H R E A D  ---------------

Current thread (0x00000120d2c9f000):  WatcherThread [stack: 0x0000000778800000,0x0000000778900000] [id=15852]

Stack: [0x0000000778800000,0x0000000778900000],  sp=0x00000007788ff430,  free space=1021k
Native frames: (J=compiled Java code, j=interpreted, Vv=VM code, C=native code)
V  [jvm.dll+0x6cccb6]
V  [jvm.dll+0x71847d]
V  [jvm.dll+0x73de29]
V  [jvm.dll+0x639e42]
C  [ucrtbase.dll+0x21bb2]
C  [KERNEL32.DLL+0x17374]
C  [ntdll.dll+0x4cc91]


siginfo: EXCEPTION_ACCESS_VIOLATION (0xc0000005), reading address 0x000001200000000f


Register to memory mapping:

RIP=0x00007ffd6baeccb6 jvm.dll
RAX=0x000001200000000f is an unknown value
RBX=0x0 is NULL
RCX=0x00000120d2c8d0e0 points into unknown readable memory
RDX=0x0000000000000032 is an unknown value
RSP=0x00000007788ff430 points into unknown readable memory
RBP=0x0000000000000002 is an unknown value
RSI=0x00000120d2c2f310 points into unknown readable memory
RDI=0x0000000000000001 is an unknown value
R8 =0x0 is NULL
R9 =0x00000120ac730b80 is at begin+0 in a stub
StubRoutines::atomic_cmpxchg_long [0x00000120ac730b80, 0x00000120ac730b89[ (9 bytes)
R10=0x00000000546c6148 is an unknown value
R11=0x00000c483b072d8c is an unknown value
R12=0x0 is NULL
R13=0x00000120d2c9f000 points into unknown readable memory
R14=0x0000000000000032 is an unknown value
R15=0x00000120d2be05e0 points into unknown readable memory


Registers:
RAX=0x000001200000000f, RBX=0x0000000000000000, RCX=0x00000120d2c8d0e0, RDX=0x0000000000000032
RSP=0x00000007788ff430, RBP=0x0000000000000002, RSI=0x00000120d2c2f310, RDI=0x0000000000000001
R8 =0x0000000000000000, R9 =0x00000120ac730b80, R10=0x00000000546c6148, R11=0x00000c483b072d8c
R12=0x0000000000000000, R13=0x00000120d2c9f000, R14=0x0000000000000032, R15=0x00000120d2be05e0
RIP=0x00007ffd6baeccb6, EFLAGS=0x0000000000010246

Top of Stack: (sp=0x00000007788ff430)
0x00000007788ff430:   00000120d2c9f000 00000120d2c9f000
0x00000007788ff440:   0005c18fb3eec2e4 00007ffd6ba2dac9
0x00000007788ff450:   00007ffd6bead418 00007ffd6bb3847d
0x00000007788ff460:   00000120a442bc50 00000120a442bc50
0x00000007788ff470:   00000120a442bc50 431bde82d7b634db
0x00000007788ff480:   00000120d2be05e0 0005c18fb3eec2e4
0x00000007788ff490:   00000120a442bc50 00007ffd6bb5de29
0x00000007788ff4a0:   0000000000000001 0000000000000032
0x00000007788ff4b0:   0000000000000032 0000000000000002
0x00000007788ff4c0:   0000000000000000 0000000000000000
0x00000007788ff4d0:   00007ffdc8fc1b70 00000120d2c854d0
0x00000007788ff4e0:   0000000000000000 00000007788ff948
0x00000007788ff4f0:   0000000000000000 0000000000000000
0x00000007788ff500:   0000000000000000 0000000000000000
0x00000007788ff510:   0000000000000000 00000007788ff850
0x00000007788ff520:   00000120d2c9f000 00007ffd6ba59e42 

Instructions: (pc=0x00007ffd6baeccb6)
0x00007ffd6baecc96:   cc cc cc cc cc cc cc cc cc cc 48 89 5c 24 10 56
0x00007ffd6baecca6:   48 83 ec 20 48 8b 35 27 b6 3b 00 33 db 48 8b 06
0x00007ffd6baeccb6:   39 18 7e 27 48 89 7c 24 30 8b fb 48 8b 40 18 48
0x00007ffd6baeccc6:   8b 0c 07 48 8b 01 ff 50 08 48 8b 06 48 8d 7f 08 



---------------  P R O C E S S  ---------------

Threads class SMR info:
_java_thread_list=0x00000120d2c84f60, length=13, elements={
0x00000120a442e000, 0x00000120d1fdb000, 0x00000120d2006800, 0x00000120d207a800,
0x00000120d207d800, 0x00000120d2083000, 0x00000120d2091800, 0x00000120d223a800,
0x00000120d2265800, 0x00000120d22bd800, 0x00000120d2c2e000, 0x00000120d2c3e000,
0x00000120d2c95800
}

Java Threads: ( => current thread )
  0x00000120a442e000 JavaThread "main" [_thread_blocked, id=3252, stack(0x0000000777500000,0x0000000777600000)]
  0x00000120d1fdb000 JavaThread "Reference Handler" daemon [_thread_blocked, id=4440, stack(0x0000000777c00000,0x0000000777d00000)]
  0x00000120d2006800 JavaThread "Finalizer" daemon [_thread_blocked, id=20444, stack(0x0000000777d00000,0x0000000777e00000)]
  0x00000120d207a800 JavaThread "Signal Dispatcher" daemon [_thread_blocked, id=13624, stack(0x0000000777e00000,0x0000000777f00000)]
  0x00000120d207d800 JavaThread "Attach Listener" daemon [_thread_blocked, id=10604, stack(0x0000000777f00000,0x0000000778000000)]
  0x00000120d2083000 JavaThread "C1 CompilerThread0" daemon [_thread_in_vm, id=6308, stack(0x0000000778000000,0x0000000778100000)]
  0x00000120d2091800 JavaThread "Sweeper thread" daemon [_thread_blocked, id=19144, stack(0x0000000778100000,0x0000000778200000)]
  0x00000120d223a800 JavaThread "Common-Cleaner" daemon [_thread_blocked, id=5748, stack(0x0000000778200000,0x0000000778300000)]
  0x00000120d2265800 JavaThread "C1 CompilerThread1" daemon [_thread_blocked, id=7556, stack(0x0000000778300000,0x0000000778400000)]
  0x00000120d22bd800 JavaThread "Service Thread" daemon [_thread_blocked, id=11088, stack(0x0000000778400000,0x0000000778500000)]
  0x00000120d2c2e000 JavaThread "RMI TCP Accept-0" daemon [_thread_in_native, id=15396, stack(0x0000000778500000,0x0000000778600000)]
  0x00000120d2c3e000 JavaThread "RMI TCP Accept-60430" daemon [_thread_in_native, id=16788, stack(0x0000000778600000,0x0000000778700000)]
  0x00000120d2c95800 JavaThread "RMI TCP Accept-0" daemon [_thread_in_native, id=17196, stack(0x0000000778700000,0x0000000778800000)]

Other Threads:
  0x00000120d1fd6000 VMThread "VM Thread" [stack: 0x0000000777b00000,0x0000000777c00000] [id=17328]
=>0x00000120d2c9f000 WatcherThread [stack: 0x0000000778800000,0x0000000778900000] [id=15852]
  0x00000120a4447800 GCTaskThread "GC Thread#0" [stack: 0x0000000777600000,0x0000000777700000] [id=12268]
  0x00000120a44c3800 ConcurrentGCThread "G1 Main Marker" [stack: 0x0000000777700000,0x0000000777800000] [id=3756]
  0x00000120a44c6000 ConcurrentGCThread "G1 Conc#0" [stack: 0x0000000777800000,0x0000000777900000] [id=2136]
  0x00000120d1641000 ConcurrentGCThread "G1 Refine#0" [stack: 0x0000000777900000,0x0000000777a00000] [id=8160]
  0x00000120d1642000 ConcurrentGCThread "G1 Young RemSet Sampling" [stack: 0x0000000777a00000,0x0000000777b00000] [id=13468]

Threads with active compile tasks:
C1 CompilerThread01036       1       java.lang.ThreadLocal::get (38 bytes)
C1 CompilerThread11076       1       java.lang.String::regionMatches (150 bytes)

VM state:synchronizing (normal execution)

VM Mutex/Monitor currently owned by a thread:  ([mutex/lock_event])
[0x00000120a442d360] Threads_lock - owner thread: 0x00000120d1fd6000
[0x00000120a442c1f0] Heap_lock - owner thread: 0x00000120a442e000
[0x00000120a442bc50] PeriodicTask_lock - owner thread: 0x00000120d2c9f000

Heap address: 0x000000042ec00000, size: 8094 MB, Compressed Oops mode: Zero based, Oop shift amount: 3
Narrow klass base: 0x0000000000000000, Narrow klass shift: 3
Compressed class space size: 1073741824 Address: 0x0000000628a00000

Heap:
 garbage-first heap   total 518144K, used 24576K [0x000000042ec00000, 0x0000000628a00000)
  region size 2048K, 12 young (24576K), 0 survivors (0K)
 Metaspace       used 12425K, capacity 12847K, committed 13056K, reserved 1060864K
  class space    used 1305K, capacity 1436K, committed 1536K, reserved 1048576K
Heap Regions: E=young(eden), S=young(survivor), O=old, HS=humongous(starts), HC=humongous(continues), CS=collection set, F=free, A=archive, TAMS=top-at-mark-start (previous, next)
|   0|0x000000042ec00000, 0x000000042ee00000, 0x000000042ee00000|100%|HS|  |TAMS 0x000000042ec00000, 0x000000042ec00000| Complete 
|   1|0x000000042ee00000, 0x000000042ee00000, 0x000000042f000000|  0%| F|  |TAMS 0x000000042ee00000, 0x000000042ee00000| Untracked 
|   2|0x000000042f000000, 0x000000042f000000, 0x000000042f200000|  0%| F|  |TAMS 0x000000042f000000, 0x000000042f000000| Untracked 
|   3|0x000000042f200000, 0x000000042f200000, 0x000000042f400000|  0%| F|  |TAMS 0x000000042f200000, 0x000000042f200000| Untracked 
|   4|0x000000042f400000, 0x000000042f400000, 0x000000042f600000|  0%| F|  |TAMS 0x000000042f400000, 0x000000042f400000| Untracked 
|   5|0x000000042f600000, 0x000000042f600000, 0x000000042f800000|  0%| F|  |TAMS 0x000000042f600000, 0x000000042f600000| Untracked 
|   6|0x000000042f800000, 0x000000042f800000, 0x000000042fa00000|  0%| F|  |TAMS 0x000000042f800000, 0x000000042f800000| Untracked 
|   7|0x000000042fa00000, 0x000000042fa00000, 0x000000042fc00000|  0%| F|  |TAMS 0x000000042fa00000, 0x000000042fa00000| Untracked 
|   8|0x000000042fc00000, 0x000000042fc00000, 0x000000042fe00000|  0%| F|  |TAMS 0x000000042fc00000, 0x000000042fc00000| Untracked 
|   9|0x000000042fe00000, 0x000000042fe00000, 0x0000000430000000|  0%| F|  |TAMS 0x000000042fe00000, 0x000000042fe00000| Untracked 
|  10|0x0000000430000000, 0x0000000430000000, 0x0000000430200000|  0%| F|  |TAMS 0x0000000430000000, 0x0000000430000000| Untracked 
|  11|0x0000000430200000, 0x0000000430200000, 0x0000000430400000|  0%| F|  |TAMS 0x0000000430200000, 0x0000000430200000| Untracked 
|  12|0x0000000430400000, 0x0000000430400000, 0x0000000430600000|  0%| F|  |TAMS 0x0000000430400000, 0x0000000430400000| Untracked 
|  13|0x0000000430600000, 0x0000000430600000, 0x0000000430800000|  0%| F|  |TAMS 0x0000000430600000, 0x0000000430600000| Untracked 
|  14|0x0000000430800000, 0x0000000430800000, 0x0000000430a00000|  0%| F|  |TAMS 0x0000000430800000, 0x0000000430800000| Untracked 
|  15|0x0000000430a00000, 0x0000000430a00000, 0x0000000430c00000|  0%| F|  |TAMS 0x0000000430a00000, 0x0000000430a00000| Untracked 
|  16|0x0000000430c00000, 0x0000000430c00000, 0x0000000430e00000|  0%| F|  |TAMS 0x0000000430c00000, 0x0000000430c00000| Untracked 
|  17|0x0000000430e00000, 0x0000000430e00000, 0x0000000431000000|  0%| F|  |TAMS 0x0000000430e00000, 0x0000000430e00000| Untracked 
|  18|0x0000000431000000, 0x0000000431000000, 0x0000000431200000|  0%| F|  |TAMS 0x0000000431000000, 0x0000000431000000| Untracked 
|  19|0x0000000431200000, 0x0000000431200000, 0x0000000431400000|  0%| F|  |TAMS 0x0000000431200000, 0x0000000431200000| Untracked 
|  20|0x0000000431400000, 0x0000000431400000, 0x0000000431600000|  0%| F|  |TAMS 0x0000000431400000, 0x0000000431400000| Untracked 
|  21|0x0000000431600000, 0x0000000431600000, 0x0000000431800000|  0%| F|  |TAMS 0x0000000431600000, 0x0000000431600000| Untracked 
|  22|0x0000000431800000, 0x0000000431800000, 0x0000000431a00000|  0%| F|  |TAMS 0x0000000431800000, 0x0000000431800000| Untracked 
|  23|0x0000000431a00000, 0x0000000431a00000, 0x0000000431c00000|  0%| F|  |TAMS 0x0000000431a00000, 0x0000000431a00000| Untracked 
|  24|0x0000000431c00000, 0x0000000431c00000, 0x0000000431e00000|  0%| F|  |TAMS 0x0000000431c00000, 0x0000000431c00000| Untracked 
|  25|0x0000000431e00000, 0x0000000431e00000, 0x0000000432000000|  0%| F|  |TAMS 0x0000000431e00000, 0x0000000431e00000| Untracked 
|  26|0x0000000432000000, 0x0000000432000000, 0x0000000432200000|  0%| F|  |TAMS 0x0000000432000000, 0x0000000432000000| Untracked 
|  27|0x0000000432200000, 0x0000000432200000, 0x0000000432400000|  0%| F|  |TAMS 0x0000000432200000, 0x0000000432200000| Untracked 
|  28|0x0000000432400000, 0x0000000432400000, 0x0000000432600000|  0%| F|  |TAMS 0x0000000432400000, 0x0000000432400000| Untracked 
|  29|0x0000000432600000, 0x0000000432600000, 0x0000000432800000|  0%| F|  |TAMS 0x0000000432600000, 0x0000000432600000| Untracked 
|  30|0x0000000432800000, 0x0000000432800000, 0x0000000432a00000|  0%| F|  |TAMS 0x0000000432800000, 0x0000000432800000| Untracked 
|  31|0x0000000432a00000, 0x0000000432a00000, 0x0000000432c00000|  0%| F|  |TAMS 0x0000000432a00000, 0x0000000432a00000| Untracked 
|  32|0x0000000432c00000, 0x0000000432c00000, 0x0000000432e00000|  0%| F|  |TAMS 0x0000000432c00000, 0x0000000432c00000| Untracked 
|  33|0x0000000432e00000, 0x0000000432e00000, 0x0000000433000000|  0%| F|  |TAMS 0x0000000432e00000, 0x0000000432e00000| Untracked 
|  34|0x0000000433000000, 0x0000000433000000, 0x0000000433200000|  0%| F|  |TAMS 0x0000000433000000, 0x0000000433000000| Untracked 
|  35|0x0000000433200000, 0x0000000433200000, 0x0000000433400000|  0%| F|  |TAMS 0x0000000433200000, 0x0000000433200000| Untracked 
|  36|0x0000000433400000, 0x0000000433400000, 0x0000000433600000|  0%| F|  |TAMS 0x0000000433400000, 0x0000000433400000| Untracked 
|  37|0x0000000433600000, 0x0000000433600000, 0x0000000433800000|  0%| F|  |TAMS 0x0000000433600000, 0x0000000433600000| Untracked 
|  38|0x0000000433800000, 0x0000000433800000, 0x0000000433a00000|  0%| F|  |TAMS 0x0000000433800000, 0x0000000433800000| Untracked 
|  39|0x0000000433a00000, 0x0000000433a00000, 0x0000000433c00000|  0%| F|  |TAMS 0x0000000433a00000, 0x0000000433a00000| Untracked 
|  40|0x0000000433c00000, 0x0000000433c00000, 0x0000000433e00000|  0%| F|  |TAMS 0x0000000433c00000, 0x0000000433c00000| Untracked 
|  41|0x0000000433e00000, 0x0000000433e00000, 0x0000000434000000|  0%| F|  |TAMS 0x0000000433e00000, 0x0000000433e00000| Untracked 
|  42|0x0000000434000000, 0x0000000434000000, 0x0000000434200000|  0%| F|  |TAMS 0x0000000434000000, 0x0000000434000000| Untracked 
|  43|0x0000000434200000, 0x0000000434200000, 0x0000000434400000|  0%| F|  |TAMS 0x0000000434200000, 0x0000000434200000| Untracked 
|  44|0x0000000434400000, 0x0000000434400000, 0x0000000434600000|  0%| F|  |TAMS 0x0000000434400000, 0x0000000434400000| Untracked 
|  45|0x0000000434600000, 0x0000000434600000, 0x0000000434800000|  0%| F|  |TAMS 0x0000000434600000, 0x0000000434600000| Untracked 
|  46|0x0000000434800000, 0x0000000434800000, 0x0000000434a00000|  0%| F|  |TAMS 0x0000000434800000, 0x0000000434800000| Untracked 
|  47|0x0000000434a00000, 0x0000000434a00000, 0x0000000434c00000|  0%| F|  |TAMS 0x0000000434a00000, 0x0000000434a00000| Untracked 
|  48|0x0000000434c00000, 0x0000000434c00000, 0x0000000434e00000|  0%| F|  |TAMS 0x0000000434c00000, 0x0000000434c00000| Untracked 
|  49|0x0000000434e00000, 0x0000000434e00000, 0x0000000435000000|  0%| F|  |TAMS 0x0000000434e00000, 0x0000000434e00000| Untracked 
|  50|0x0000000435000000, 0x0000000435000000, 0x0000000435200000|  0%| F|  |TAMS 0x0000000435000000, 0x0000000435000000| Untracked 
|  51|0x0000000435200000, 0x0000000435200000, 0x0000000435400000|  0%| F|  |TAMS 0x0000000435200000, 0x0000000435200000| Untracked 
|  52|0x0000000435400000, 0x0000000435400000, 0x0000000435600000|  0%| F|  |TAMS 0x0000000435400000, 0x0000000435400000| Untracked 
|  53|0x0000000435600000, 0x0000000435600000, 0x0000000435800000|  0%| F|  |TAMS 0x0000000435600000, 0x0000000435600000| Untracked 
|  54|0x0000000435800000, 0x0000000435800000, 0x0000000435a00000|  0%| F|  |TAMS 0x0000000435800000, 0x0000000435800000| Untracked 
|  55|0x0000000435a00000, 0x0000000435a00000, 0x0000000435c00000|  0%| F|  |TAMS 0x0000000435a00000, 0x0000000435a00000| Untracked 
|  56|0x0000000435c00000, 0x0000000435c00000, 0x0000000435e00000|  0%| F|  |TAMS 0x0000000435c00000, 0x0000000435c00000| Untracked 
|  57|0x0000000435e00000, 0x0000000435e00000, 0x0000000436000000|  0%| F|  |TAMS 0x0000000435e00000, 0x0000000435e00000| Untracked 
|  58|0x0000000436000000, 0x0000000436000000, 0x0000000436200000|  0%| F|  |TAMS 0x0000000436000000, 0x0000000436000000| Untracked 
|  59|0x0000000436200000, 0x0000000436200000, 0x0000000436400000|  0%| F|  |TAMS 0x0000000436200000, 0x0000000436200000| Untracked 
|  60|0x0000000436400000, 0x0000000436400000, 0x0000000436600000|  0%| F|  |TAMS 0x0000000436400000, 0x0000000436400000| Untracked 
|  61|0x0000000436600000, 0x0000000436600000, 0x0000000436800000|  0%| F|  |TAMS 0x0000000436600000, 0x0000000436600000| Untracked 
|  62|0x0000000436800000, 0x0000000436800000, 0x0000000436a00000|  0%| F|  |TAMS 0x0000000436800000, 0x0000000436800000| Untracked 
|  63|0x0000000436a00000, 0x0000000436a00000, 0x0000000436c00000|  0%| F|  |TAMS 0x0000000436a00000, 0x0000000436a00000| Untracked 
|  64|0x0000000436c00000, 0x0000000436c00000, 0x0000000436e00000|  0%| F|  |TAMS 0x0000000436c00000, 0x0000000436c00000| Untracked 
|  65|0x0000000436e00000, 0x0000000436e00000, 0x0000000437000000|  0%| F|  |TAMS 0x0000000436e00000, 0x0000000436e00000| Untracked 
|  66|0x0000000437000000, 0x0000000437000000, 0x0000000437200000|  0%| F|  |TAMS 0x0000000437000000, 0x0000000437000000| Untracked 
|  67|0x0000000437200000, 0x0000000437200000, 0x0000000437400000|  0%| F|  |TAMS 0x0000000437200000, 0x0000000437200000| Untracked 
|  68|0x0000000437400000, 0x0000000437400000, 0x0000000437600000|  0%| F|  |TAMS 0x0000000437400000, 0x0000000437400000| Untracked 
|  69|0x0000000437600000, 0x0000000437600000, 0x0000000437800000|  0%| F|  |TAMS 0x0000000437600000, 0x0000000437600000| Untracked 
|  70|0x0000000437800000, 0x0000000437800000, 0x0000000437a00000|  0%| F|  |TAMS 0x0000000437800000, 0x0000000437800000| Untracked 
|  71|0x0000000437a00000, 0x0000000437a00000, 0x0000000437c00000|  0%| F|  |TAMS 0x0000000437a00000, 0x0000000437a00000| Untracked 
|  72|0x0000000437c00000, 0x0000000437c00000, 0x0000000437e00000|  0%| F|  |TAMS 0x0000000437c00000, 0x0000000437c00000| Untracked 
|  73|0x0000000437e00000, 0x0000000437e00000, 0x0000000438000000|  0%| F|  |TAMS 0x0000000437e00000, 0x0000000437e00000| Untracked 
|  74|0x0000000438000000, 0x0000000438000000, 0x0000000438200000|  0%| F|  |TAMS 0x0000000438000000, 0x0000000438000000| Untracked 
|  75|0x0000000438200000, 0x0000000438200000, 0x0000000438400000|  0%| F|  |TAMS 0x0000000438200000, 0x0000000438200000| Untracked 
|  76|0x0000000438400000, 0x0000000438400000, 0x0000000438600000|  0%| F|  |TAMS 0x0000000438400000, 0x0000000438400000| Untracked 
|  77|0x0000000438600000, 0x0000000438600000, 0x0000000438800000|  0%| F|  |TAMS 0x0000000438600000, 0x0000000438600000| Untracked 
|  78|0x0000000438800000, 0x0000000438800000, 0x0000000438a00000|  0%| F|  |TAMS 0x0000000438800000, 0x0000000438800000| Untracked 
|  79|0x0000000438a00000, 0x0000000438a00000, 0x0000000438c00000|  0%| F|  |TAMS 0x0000000438a00000, 0x0000000438a00000| Untracked 
|  80|0x0000000438c00000, 0x0000000438c00000, 0x0000000438e00000|  0%| F|  |TAMS 0x0000000438c00000, 0x0000000438c00000| Untracked 
|  81|0x0000000438e00000, 0x0000000438e00000, 0x0000000439000000|  0%| F|  |TAMS 0x0000000438e00000, 0x0000000438e00000| Untracked 
|  82|0x0000000439000000, 0x0000000439000000, 0x0000000439200000|  0%| F|  |TAMS 0x0000000439000000, 0x0000000439000000| Untracked 
|  83|0x0000000439200000, 0x0000000439200000, 0x0000000439400000|  0%| F|  |TAMS 0x0000000439200000, 0x0000000439200000| Untracked 
|  84|0x0000000439400000, 0x0000000439400000, 0x0000000439600000|  0%| F|  |TAMS 0x0000000439400000, 0x0000000439400000| Untracked 
|  85|0x0000000439600000, 0x0000000439600000, 0x0000000439800000|  0%| F|  |TAMS 0x0000000439600000, 0x0000000439600000| Untracked 
|  86|0x0000000439800000, 0x0000000439800000, 0x0000000439a00000|  0%| F|  |TAMS 0x0000000439800000, 0x0000000439800000| Untracked 
|  87|0x0000000439a00000, 0x0000000439a00000, 0x0000000439c00000|  0%| F|  |TAMS 0x0000000439a00000, 0x0000000439a00000| Untracked 
|  88|0x0000000439c00000, 0x0000000439c00000, 0x0000000439e00000|  0%| F|  |TAMS 0x0000000439c00000, 0x0000000439c00000| Untracked 
|  89|0x0000000439e00000, 0x0000000439e00000, 0x000000043a000000|  0%| F|  |TAMS 0x0000000439e00000, 0x0000000439e00000| Untracked 
|  90|0x000000043a000000, 0x000000043a000000, 0x000000043a200000|  0%| F|  |TAMS 0x000000043a000000, 0x000000043a000000| Untracked 
|  91|0x000000043a200000, 0x000000043a200000, 0x000000043a400000|  0%| F|  |TAMS 0x000000043a200000, 0x000000043a200000| Untracked 
|  92|0x000000043a400000, 0x000000043a400000, 0x000000043a600000|  0%| F|  |TAMS 0x000000043a400000, 0x000000043a400000| Untracked 
|  93|0x000000043a600000, 0x000000043a600000, 0x000000043a800000|  0%| F|  |TAMS 0x000000043a600000, 0x000000043a600000| Untracked 
|  94|0x000000043a800000, 0x000000043a800000, 0x000000043aa00000|  0%| F|  |TAMS 0x000000043a800000, 0x000000043a800000| Untracked 
|  95|0x000000043aa00000, 0x000000043aa00000, 0x000000043ac00000|  0%| F|  |TAMS 0x000000043aa00000, 0x000000043aa00000| Untracked 
|  96|0x000000043ac00000, 0x000000043ac00000, 0x000000043ae00000|  0%| F|  |TAMS 0x000000043ac00000, 0x000000043ac00000| Untracked 
|  97|0x000000043ae00000, 0x000000043ae00000, 0x000000043b000000|  0%| F|  |TAMS 0x000000043ae00000, 0x000000043ae00000| Untracked 
|  98|0x000000043b000000, 0x000000043b000000, 0x000000043b200000|  0%| F|  |TAMS 0x000000043b000000, 0x000000043b000000| Untracked 
|  99|0x000000043b200000, 0x000000043b200000, 0x000000043b400000|  0%| F|  |TAMS 0x000000043b200000, 0x000000043b200000| Untracked 
| 100|0x000000043b400000, 0x000000043b400000, 0x000000043b600000|  0%| F|  |TAMS 0x000000043b400000, 0x000000043b400000| Untracked 
| 101|0x000000043b600000, 0x000000043b600000, 0x000000043b800000|  0%| F|  |TAMS 0x000000043b600000, 0x000000043b600000| Untracked 
| 102|0x000000043b800000, 0x000000043b800000, 0x000000043ba00000|  0%| F|  |TAMS 0x000000043b800000, 0x000000043b800000| Untracked 
| 103|0x000000043ba00000, 0x000000043ba00000, 0x000000043bc00000|  0%| F|  |TAMS 0x000000043ba00000, 0x000000043ba00000| Untracked 
| 104|0x000000043bc00000, 0x000000043bc00000, 0x000000043be00000|  0%| F|  |TAMS 0x000000043bc00000, 0x000000043bc00000| Untracked 
| 105|0x000000043be00000, 0x000000043be00000, 0x000000043c000000|  0%| F|  |TAMS 0x000000043be00000, 0x000000043be00000| Untracked 
| 106|0x000000043c000000, 0x000000043c000000, 0x000000043c200000|  0%| F|  |TAMS 0x000000043c000000, 0x000000043c000000| Untracked 
| 107|0x000000043c200000, 0x000000043c200000, 0x000000043c400000|  0%| F|  |TAMS 0x000000043c200000, 0x000000043c200000| Untracked 
| 108|0x000000043c400000, 0x000000043c400000, 0x000000043c600000|  0%| F|  |TAMS 0x000000043c400000, 0x000000043c400000| Untracked 
| 109|0x000000043c600000, 0x000000043c600000, 0x000000043c800000|  0%| F|  |TAMS 0x000000043c600000, 0x000000043c600000| Untracked 
| 110|0x000000043c800000, 0x000000043c800000, 0x000000043ca00000|  0%| F|  |TAMS 0x000000043c800000, 0x000000043c800000| Untracked 
| 111|0x000000043ca00000, 0x000000043ca00000, 0x000000043cc00000|  0%| F|  |TAMS 0x000000043ca00000, 0x000000043ca00000| Untracked 
| 112|0x000000043cc00000, 0x000000043cc00000, 0x000000043ce00000|  0%| F|  |TAMS 0x000000043cc00000, 0x000000043cc00000| Untracked 
| 113|0x000000043ce00000, 0x000000043ce00000, 0x000000043d000000|  0%| F|  |TAMS 0x000000043ce00000, 0x000000043ce00000| Untracked 
| 114|0x000000043d000000, 0x000000043d000000, 0x000000043d200000|  0%| F|  |TAMS 0x000000043d000000, 0x000000043d000000| Untracked 
| 115|0x000000043d200000, 0x000000043d200000, 0x000000043d400000|  0%| F|  |TAMS 0x000000043d200000, 0x000000043d200000| Untracked 
| 116|0x000000043d400000, 0x000000043d400000, 0x000000043d600000|  0%| F|  |TAMS 0x000000043d400000, 0x000000043d400000| Untracked 
| 117|0x000000043d600000, 0x000000043d600000, 0x000000043d800000|  0%| F|  |TAMS 0x000000043d600000, 0x000000043d600000| Untracked 
| 118|0x000000043d800000, 0x000000043d800000, 0x000000043da00000|  0%| F|  |TAMS 0x000000043d800000, 0x000000043d800000| Untracked 
| 119|0x000000043da00000, 0x000000043da00000, 0x000000043dc00000|  0%| F|  |TAMS 0x000000043da00000, 0x000000043da00000| Untracked 
| 120|0x000000043dc00000, 0x000000043dc00000, 0x000000043de00000|  0%| F|  |TAMS 0x000000043dc00000, 0x000000043dc00000| Untracked 
| 121|0x000000043de00000, 0x000000043de00000, 0x000000043e000000|  0%| F|  |TAMS 0x000000043de00000, 0x000000043de00000| Untracked 
| 122|0x000000043e000000, 0x000000043e000000, 0x000000043e200000|  0%| F|  |TAMS 0x000000043e000000, 0x000000043e000000| Untracked 
| 123|0x000000043e200000, 0x000000043e200000, 0x000000043e400000|  0%| F|  |TAMS 0x000000043e200000, 0x000000043e200000| Untracked 
| 124|0x000000043e400000, 0x000000043e400000, 0x000000043e600000|  0%| F|  |TAMS 0x000000043e400000, 0x000000043e400000| Untracked 
| 125|0x000000043e600000, 0x000000043e600000, 0x000000043e800000|  0%| F|  |TAMS 0x000000043e600000, 0x000000043e600000| Untracked 
| 126|0x000000043e800000, 0x000000043e800000, 0x000000043ea00000|  0%| F|  |TAMS 0x000000043e800000, 0x000000043e800000| Untracked 
| 127|0x000000043ea00000, 0x000000043ea00000, 0x000000043ec00000|  0%| F|  |TAMS 0x000000043ea00000, 0x000000043ea00000| Untracked 
| 128|0x000000043ec00000, 0x000000043ec00000, 0x000000043ee00000|  0%| F|  |TAMS 0x000000043ec00000, 0x000000043ec00000| Untracked 
| 129|0x000000043ee00000, 0x000000043ee00000, 0x000000043f000000|  0%| F|  |TAMS 0x000000043ee00000, 0x000000043ee00000| Untracked 
| 130|0x000000043f000000, 0x000000043f000000, 0x000000043f200000|  0%| F|  |TAMS 0x000000043f000000, 0x000000043f000000| Untracked 
| 131|0x000000043f200000, 0x000000043f200000, 0x000000043f400000|  0%| F|  |TAMS 0x000000043f200000, 0x000000043f200000| Untracked 
| 132|0x000000043f400000, 0x000000043f400000, 0x000000043f600000|  0%| F|  |TAMS 0x000000043f400000, 0x000000043f400000| Untracked 
| 133|0x000000043f600000, 0x000000043f600000, 0x000000043f800000|  0%| F|  |TAMS 0x000000043f600000, 0x000000043f600000| Untracked 
| 134|0x000000043f800000, 0x000000043f800000, 0x000000043fa00000|  0%| F|  |TAMS 0x000000043f800000, 0x000000043f800000| Untracked 
| 135|0x000000043fa00000, 0x000000043fa00000, 0x000000043fc00000|  0%| F|  |TAMS 0x000000043fa00000, 0x000000043fa00000| Untracked 
| 136|0x000000043fc00000, 0x000000043fc00000, 0x000000043fe00000|  0%| F|  |TAMS 0x000000043fc00000, 0x000000043fc00000| Untracked 
| 137|0x000000043fe00000, 0x000000043fe00000, 0x0000000440000000|  0%| F|  |TAMS 0x000000043fe00000, 0x000000043fe00000| Untracked 
| 138|0x0000000440000000, 0x0000000440000000, 0x0000000440200000|  0%| F|  |TAMS 0x0000000440000000, 0x0000000440000000| Untracked 
| 139|0x0000000440200000, 0x0000000440200000, 0x0000000440400000|  0%| F|  |TAMS 0x0000000440200000, 0x0000000440200000| Untracked 
| 140|0x0000000440400000, 0x0000000440400000, 0x0000000440600000|  0%| F|  |TAMS 0x0000000440400000, 0x0000000440400000| Untracked 
| 141|0x0000000440600000, 0x0000000440600000, 0x0000000440800000|  0%| F|  |TAMS 0x0000000440600000, 0x0000000440600000| Untracked 
| 142|0x0000000440800000, 0x0000000440800000, 0x0000000440a00000|  0%| F|  |TAMS 0x0000000440800000, 0x0000000440800000| Untracked 
| 143|0x0000000440a00000, 0x0000000440a00000, 0x0000000440c00000|  0%| F|  |TAMS 0x0000000440a00000, 0x0000000440a00000| Untracked 
| 144|0x0000000440c00000, 0x0000000440c00000, 0x0000000440e00000|  0%| F|  |TAMS 0x0000000440c00000, 0x0000000440c00000| Untracked 
| 145|0x0000000440e00000, 0x0000000440e00000, 0x0000000441000000|  0%| F|  |TAMS 0x0000000440e00000, 0x0000000440e00000| Untracked 
| 146|0x0000000441000000, 0x0000000441000000, 0x0000000441200000|  0%| F|  |TAMS 0x0000000441000000, 0x0000000441000000| Untracked 
| 147|0x0000000441200000, 0x0000000441200000, 0x0000000441400000|  0%| F|  |TAMS 0x0000000441200000, 0x0000000441200000| Untracked 
| 148|0x0000000441400000, 0x0000000441400000, 0x0000000441600000|  0%| F|  |TAMS 0x0000000441400000, 0x0000000441400000| Untracked 
| 149|0x0000000441600000, 0x0000000441600000, 0x0000000441800000|  0%| F|  |TAMS 0x0000000441600000, 0x0000000441600000| Untracked 
| 150|0x0000000441800000, 0x0000000441800000, 0x0000000441a00000|  0%| F|  |TAMS 0x0000000441800000, 0x0000000441800000| Untracked 
| 151|0x0000000441a00000, 0x0000000441a00000, 0x0000000441c00000|  0%| F|  |TAMS 0x0000000441a00000, 0x0000000441a00000| Untracked 
| 152|0x0000000441c00000, 0x0000000441c00000, 0x0000000441e00000|  0%| F|  |TAMS 0x0000000441c00000, 0x0000000441c00000| Untracked 
| 153|0x0000000441e00000, 0x0000000441e00000, 0x0000000442000000|  0%| F|  |TAMS 0x0000000441e00000, 0x0000000441e00000| Untracked 
| 154|0x0000000442000000, 0x0000000442000000, 0x0000000442200000|  0%| F|  |TAMS 0x0000000442000000, 0x0000000442000000| Untracked 
| 155|0x0000000442200000, 0x0000000442200000, 0x0000000442400000|  0%| F|  |TAMS 0x0000000442200000, 0x0000000442200000| Untracked 
| 156|0x0000000442400000, 0x0000000442400000, 0x0000000442600000|  0%| F|  |TAMS 0x0000000442400000, 0x0000000442400000| Untracked 
| 157|0x0000000442600000, 0x0000000442600000, 0x0000000442800000|  0%| F|  |TAMS 0x0000000442600000, 0x0000000442600000| Untracked 
| 158|0x0000000442800000, 0x0000000442800000, 0x0000000442a00000|  0%| F|  |TAMS 0x0000000442800000, 0x0000000442800000| Untracked 
| 159|0x0000000442a00000, 0x0000000442a00000, 0x0000000442c00000|  0%| F|  |TAMS 0x0000000442a00000, 0x0000000442a00000| Untracked 
| 160|0x0000000442c00000, 0x0000000442c00000, 0x0000000442e00000|  0%| F|  |TAMS 0x0000000442c00000, 0x0000000442c00000| Untracked 
| 161|0x0000000442e00000, 0x0000000442e00000, 0x0000000443000000|  0%| F|  |TAMS 0x0000000442e00000, 0x0000000442e00000| Untracked 
| 162|0x0000000443000000, 0x0000000443000000, 0x0000000443200000|  0%| F|  |TAMS 0x0000000443000000, 0x0000000443000000| Untracked 
| 163|0x0000000443200000, 0x0000000443200000, 0x0000000443400000|  0%| F|  |TAMS 0x0000000443200000, 0x0000000443200000| Untracked 
| 164|0x0000000443400000, 0x0000000443400000, 0x0000000443600000|  0%| F|  |TAMS 0x0000000443400000, 0x0000000443400000| Untracked 
| 165|0x0000000443600000, 0x0000000443600000, 0x0000000443800000|  0%| F|  |TAMS 0x0000000443600000, 0x0000000443600000| Untracked 
| 166|0x0000000443800000, 0x0000000443800000, 0x0000000443a00000|  0%| F|  |TAMS 0x0000000443800000, 0x0000000443800000| Untracked 
| 167|0x0000000443a00000, 0x0000000443a00000, 0x0000000443c00000|  0%| F|  |TAMS 0x0000000443a00000, 0x0000000443a00000| Untracked 
| 168|0x0000000443c00000, 0x0000000443c00000, 0x0000000443e00000|  0%| F|  |TAMS 0x0000000443c00000, 0x0000000443c00000| Untracked 
| 169|0x0000000443e00000, 0x0000000443e00000, 0x0000000444000000|  0%| F|  |TAMS 0x0000000443e00000, 0x0000000443e00000| Untracked 
| 170|0x0000000444000000, 0x0000000444000000, 0x0000000444200000|  0%| F|  |TAMS 0x0000000444000000, 0x0000000444000000| Untracked 
| 171|0x0000000444200000, 0x0000000444200000, 0x0000000444400000|  0%| F|  |TAMS 0x0000000444200000, 0x0000000444200000| Untracked 
| 172|0x0000000444400000, 0x0000000444400000, 0x0000000444600000|  0%| F|  |TAMS 0x0000000444400000, 0x0000000444400000| Untracked 
| 173|0x0000000444600000, 0x0000000444600000, 0x0000000444800000|  0%| F|  |TAMS 0x0000000444600000, 0x0000000444600000| Untracked 
| 174|0x0000000444800000, 0x0000000444800000, 0x0000000444a00000|  0%| F|  |TAMS 0x0000000444800000, 0x0000000444800000| Untracked 
| 175|0x0000000444a00000, 0x0000000444a00000, 0x0000000444c00000|  0%| F|  |TAMS 0x0000000444a00000, 0x0000000444a00000| Untracked 
| 176|0x0000000444c00000, 0x0000000444c00000, 0x0000000444e00000|  0%| F|  |TAMS 0x0000000444c00000, 0x0000000444c00000| Untracked 
| 177|0x0000000444e00000, 0x0000000444e00000, 0x0000000445000000|  0%| F|  |TAMS 0x0000000444e00000, 0x0000000444e00000| Untracked 
| 178|0x0000000445000000, 0x0000000445000000, 0x0000000445200000|  0%| F|  |TAMS 0x0000000445000000, 0x0000000445000000| Untracked 
| 179|0x0000000445200000, 0x0000000445200000, 0x0000000445400000|  0%| F|  |TAMS 0x0000000445200000, 0x0000000445200000| Untracked 
| 180|0x0000000445400000, 0x0000000445400000, 0x0000000445600000|  0%| F|  |TAMS 0x0000000445400000, 0x0000000445400000| Untracked 
| 181|0x0000000445600000, 0x0000000445600000, 0x0000000445800000|  0%| F|  |TAMS 0x0000000445600000, 0x0000000445600000| Untracked 
| 182|0x0000000445800000, 0x0000000445800000, 0x0000000445a00000|  0%| F|  |TAMS 0x0000000445800000, 0x0000000445800000| Untracked 
| 183|0x0000000445a00000, 0x0000000445a00000, 0x0000000445c00000|  0%| F|  |TAMS 0x0000000445a00000, 0x0000000445a00000| Untracked 
| 184|0x0000000445c00000, 0x0000000445c00000, 0x0000000445e00000|  0%| F|  |TAMS 0x0000000445c00000, 0x0000000445c00000| Untracked 
| 185|0x0000000445e00000, 0x0000000445e00000, 0x0000000446000000|  0%| F|  |TAMS 0x0000000445e00000, 0x0000000445e00000| Untracked 
| 186|0x0000000446000000, 0x0000000446000000, 0x0000000446200000|  0%| F|  |TAMS 0x0000000446000000, 0x0000000446000000| Untracked 
| 187|0x0000000446200000, 0x0000000446200000, 0x0000000446400000|  0%| F|  |TAMS 0x0000000446200000, 0x0000000446200000| Untracked 
| 188|0x0000000446400000, 0x0000000446400000, 0x0000000446600000|  0%| F|  |TAMS 0x0000000446400000, 0x0000000446400000| Untracked 
| 189|0x0000000446600000, 0x0000000446600000, 0x0000000446800000|  0%| F|  |TAMS 0x0000000446600000, 0x0000000446600000| Untracked 
| 190|0x0000000446800000, 0x0000000446800000, 0x0000000446a00000|  0%| F|  |TAMS 0x0000000446800000, 0x0000000446800000| Untracked 
| 191|0x0000000446a00000, 0x0000000446a00000, 0x0000000446c00000|  0%| F|  |TAMS 0x0000000446a00000, 0x0000000446a00000| Untracked 
| 192|0x0000000446c00000, 0x0000000446c00000, 0x0000000446e00000|  0%| F|  |TAMS 0x0000000446c00000, 0x0000000446c00000| Untracked 
| 193|0x0000000446e00000, 0x0000000446e00000, 0x0000000447000000|  0%| F|  |TAMS 0x0000000446e00000, 0x0000000446e00000| Untracked 
| 194|0x0000000447000000, 0x0000000447000000, 0x0000000447200000|  0%| F|  |TAMS 0x0000000447000000, 0x0000000447000000| Untracked 
| 195|0x0000000447200000, 0x0000000447200000, 0x0000000447400000|  0%| F|  |TAMS 0x0000000447200000, 0x0000000447200000| Untracked 
| 196|0x0000000447400000, 0x0000000447400000, 0x0000000447600000|  0%| F|  |TAMS 0x0000000447400000, 0x0000000447400000| Untracked 
| 197|0x0000000447600000, 0x0000000447600000, 0x0000000447800000|  0%| F|  |TAMS 0x0000000447600000, 0x0000000447600000| Untracked 
| 198|0x0000000447800000, 0x0000000447800000, 0x0000000447a00000|  0%| F|  |TAMS 0x0000000447800000, 0x0000000447800000| Untracked 
| 199|0x0000000447a00000, 0x0000000447a00000, 0x0000000447c00000|  0%| F|  |TAMS 0x0000000447a00000, 0x0000000447a00000| Untracked 
| 200|0x0000000447c00000, 0x0000000447c00000, 0x0000000447e00000|  0%| F|  |TAMS 0x0000000447c00000, 0x0000000447c00000| Untracked 
| 201|0x0000000447e00000, 0x0000000447e00000, 0x0000000448000000|  0%| F|  |TAMS 0x0000000447e00000, 0x0000000447e00000| Untracked 
| 202|0x0000000448000000, 0x0000000448000000, 0x0000000448200000|  0%| F|  |TAMS 0x0000000448000000, 0x0000000448000000| Untracked 
| 203|0x0000000448200000, 0x0000000448200000, 0x0000000448400000|  0%| F|  |TAMS 0x0000000448200000, 0x0000000448200000| Untracked 
| 204|0x0000000448400000, 0x0000000448400000, 0x0000000448600000|  0%| F|  |TAMS 0x0000000448400000, 0x0000000448400000| Untracked 
| 205|0x0000000448600000, 0x0000000448600000, 0x0000000448800000|  0%| F|  |TAMS 0x0000000448600000, 0x0000000448600000| Untracked 
| 206|0x0000000448800000, 0x0000000448800000, 0x0000000448a00000|  0%| F|  |TAMS 0x0000000448800000, 0x0000000448800000| Untracked 
| 207|0x0000000448a00000, 0x0000000448a00000, 0x0000000448c00000|  0%| F|  |TAMS 0x0000000448a00000, 0x0000000448a00000| Untracked 
| 208|0x0000000448c00000, 0x0000000448c00000, 0x0000000448e00000|  0%| F|  |TAMS 0x0000000448c00000, 0x0000000448c00000| Untracked 
| 209|0x0000000448e00000, 0x0000000448e00000, 0x0000000449000000|  0%| F|  |TAMS 0x0000000448e00000, 0x0000000448e00000| Untracked 
| 210|0x0000000449000000, 0x0000000449000000, 0x0000000449200000|  0%| F|  |TAMS 0x0000000449000000, 0x0000000449000000| Untracked 
| 211|0x0000000449200000, 0x0000000449200000, 0x0000000449400000|  0%| F|  |TAMS 0x0000000449200000, 0x0000000449200000| Untracked 
| 212|0x0000000449400000, 0x0000000449400000, 0x0000000449600000|  0%| F|  |TAMS 0x0000000449400000, 0x0000000449400000| Untracked 
| 213|0x0000000449600000, 0x0000000449600000, 0x0000000449800000|  0%| F|  |TAMS 0x0000000449600000, 0x0000000449600000| Untracked 
| 214|0x0000000449800000, 0x0000000449800000, 0x0000000449a00000|  0%| F|  |TAMS 0x0000000449800000, 0x0000000449800000| Untracked 
| 215|0x0000000449a00000, 0x0000000449a00000, 0x0000000449c00000|  0%| F|  |TAMS 0x0000000449a00000, 0x0000000449a00000| Untracked 
| 216|0x0000000449c00000, 0x0000000449c00000, 0x0000000449e00000|  0%| F|  |TAMS 0x0000000449c00000, 0x0000000449c00000| Untracked 
| 217|0x0000000449e00000, 0x0000000449e00000, 0x000000044a000000|  0%| F|  |TAMS 0x0000000449e00000, 0x0000000449e00000| Untracked 
| 218|0x000000044a000000, 0x000000044a000000, 0x000000044a200000|  0%| F|  |TAMS 0x000000044a000000, 0x000000044a000000| Untracked 
| 219|0x000000044a200000, 0x000000044a200000, 0x000000044a400000|  0%| F|  |TAMS 0x000000044a200000, 0x000000044a200000| Untracked 
| 220|0x000000044a400000, 0x000000044a400000, 0x000000044a600000|  0%| F|  |TAMS 0x000000044a400000, 0x000000044a400000| Untracked 
| 221|0x000000044a600000, 0x000000044a600000, 0x000000044a800000|  0%| F|  |TAMS 0x000000044a600000, 0x000000044a600000| Untracked 
| 222|0x000000044a800000, 0x000000044a800000, 0x000000044aa00000|  0%| F|  |TAMS 0x000000044a800000, 0x000000044a800000| Untracked 
| 223|0x000000044aa00000, 0x000000044aa00000, 0x000000044ac00000|  0%| F|  |TAMS 0x000000044aa00000, 0x000000044aa00000| Untracked 
| 224|0x000000044ac00000, 0x000000044ac00000, 0x000000044ae00000|  0%| F|  |TAMS 0x000000044ac00000, 0x000000044ac00000| Untracked 
| 225|0x000000044ae00000, 0x000000044ae00000, 0x000000044b000000|  0%| F|  |TAMS 0x000000044ae00000, 0x000000044ae00000| Untracked 
| 226|0x000000044b000000, 0x000000044b000000, 0x000000044b200000|  0%| F|  |TAMS 0x000000044b000000, 0x000000044b000000| Untracked 
| 227|0x000000044b200000, 0x000000044b200000, 0x000000044b400000|  0%| F|  |TAMS 0x000000044b200000, 0x000000044b200000| Untracked 
| 228|0x000000044b400000, 0x000000044b400000, 0x000000044b600000|  0%| F|  |TAMS 0x000000044b400000, 0x000000044b400000| Untracked 
| 229|0x000000044b600000, 0x000000044b600000, 0x000000044b800000|  0%| F|  |TAMS 0x000000044b600000, 0x000000044b600000| Untracked 
| 230|0x000000044b800000, 0x000000044b800000, 0x000000044ba00000|  0%| F|  |TAMS 0x000000044b800000, 0x000000044b800000| Untracked 
| 231|0x000000044ba00000, 0x000000044ba00000, 0x000000044bc00000|  0%| F|  |TAMS 0x000000044ba00000, 0x000000044ba00000| Untracked 
| 232|0x000000044bc00000, 0x000000044bc00000, 0x000000044be00000|  0%| F|  |TAMS 0x000000044bc00000, 0x000000044bc00000| Untracked 
| 233|0x000000044be00000, 0x000000044be00000, 0x000000044c000000|  0%| F|  |TAMS 0x000000044be00000, 0x000000044be00000| Untracked 
| 234|0x000000044c000000, 0x000000044c000000, 0x000000044c200000|  0%| F|  |TAMS 0x000000044c000000, 0x000000044c000000| Untracked 
| 235|0x000000044c200000, 0x000000044c200000, 0x000000044c400000|  0%| F|  |TAMS 0x000000044c200000, 0x000000044c200000| Untracked 
| 236|0x000000044c400000, 0x000000044c400000, 0x000000044c600000|  0%| F|  |TAMS 0x000000044c400000, 0x000000044c400000| Untracked 
| 237|0x000000044c600000, 0x000000044c600000, 0x000000044c800000|  0%| F|  |TAMS 0x000000044c600000, 0x000000044c600000| Untracked 
| 238|0x000000044c800000, 0x000000044c800000, 0x000000044ca00000|  0%| F|  |TAMS 0x000000044c800000, 0x000000044c800000| Untracked 
| 239|0x000000044ca00000, 0x000000044ca00000, 0x000000044cc00000|  0%| F|  |TAMS 0x000000044ca00000, 0x000000044ca00000| Untracked 
| 240|0x000000044cc00000, 0x000000044cc00000, 0x000000044ce00000|  0%| F|  |TAMS 0x000000044cc00000, 0x000000044cc00000| Untracked 
| 241|0x000000044ce00000, 0x000000044d000000, 0x000000044d000000|100%| E|CS|TAMS 0x000000044ce00000, 0x000000044ce00000| Complete 
| 242|0x000000044d000000, 0x000000044d200000, 0x000000044d200000|100%| E|CS|TAMS 0x000000044d000000, 0x000000044d000000| Complete 
| 243|0x000000044d200000, 0x000000044d400000, 0x000000044d400000|100%| E|CS|TAMS 0x000000044d200000, 0x000000044d200000| Complete 
| 244|0x000000044d400000, 0x000000044d600000, 0x000000044d600000|100%| E|CS|TAMS 0x000000044d400000, 0x000000044d400000| Complete 
| 245|0x000000044d600000, 0x000000044d800000, 0x000000044d800000|100%| E|CS|TAMS 0x000000044d600000, 0x000000044d600000| Complete 
| 246|0x000000044d800000, 0x000000044da00000, 0x000000044da00000|100%| E|CS|TAMS 0x000000044d800000, 0x000000044d800000| Complete 
| 247|0x000000044da00000, 0x000000044dc00000, 0x000000044dc00000|100%| E|CS|TAMS 0x000000044da00000, 0x000000044da00000| Complete 
| 248|0x000000044dc00000, 0x000000044de00000, 0x000000044de00000|100%| E|  |TAMS 0x000000044dc00000, 0x000000044dc00000| Complete 
| 249|0x000000044de00000, 0x000000044e000000, 0x000000044e000000|100%| E|CS|TAMS 0x000000044de00000, 0x000000044de00000| Complete 
| 250|0x000000044e000000, 0x000000044e200000, 0x000000044e200000|100%| E|CS|TAMS 0x000000044e000000, 0x000000044e000000| Complete 
| 251|0x000000044e200000, 0x000000044e400000, 0x000000044e400000|100%| E|CS|TAMS 0x000000044e200000, 0x000000044e200000| Complete 
| 252|0x000000044e400000, 0x000000044e600000, 0x000000044e600000|100%| E|CS|TAMS 0x000000044e400000, 0x000000044e400000| Complete 

Card table byte_map: [0x00000120bcc60000,0x00000120bdc30000] _byte_map_base: 0x00000120baaea000

Marking Bits (Prev, Next): (CMBitMap*) 0x00000120a44b2dd8, (CMBitMap*) 0x00000120a44b2e10
 Prev Bits: [0x00000120bec00000, 0x00000120c6a78000)
 Next Bits: [0x00000120c6a80000, 0x00000120ce8f8000)

Polling page: 0x00000120a3c00000

Metaspace:

Usage:
  Non-class:     11.14 MB capacity,    10.86 MB ( 97%) used,   261.27 KB (  2%) free+waste,    29.94 KB ( <1%) overhead. 
      Class:      1.40 MB capacity,     1.27 MB ( 91%) used,   115.82 KB (  8%) free+waste,    14.88 KB (  1%) overhead. 
       Both:     12.55 MB capacity,    12.13 MB ( 97%) used,   377.09 KB (  3%) free+waste,    44.81 KB ( <1%) overhead. 

Virtual space:
  Non-class space:       12.00 MB reserved,      11.25 MB ( 94%) committed 
      Class space:        1.00 GB reserved,       1.50 MB ( <1%) committed 
             Both:        1.01 GB reserved,      12.75 MB (  1%) committed 

Chunk freelists:
   Non-Class:  5.63 KB
       Class:  512 bytes
        Both:  6.13 KB

CodeHeap 'non-profiled nmethods': size=238336Kb used=1494Kb max_used=1494Kb free=236841Kb
 bounds [0x00000120ace70000, 0x00000120ad0e0000, 0x00000120bb730000]
CodeHeap 'non-nmethods': size=7424Kb used=1666Kb max_used=1666Kb free=5757Kb
 bounds [0x00000120ac730000, 0x00000120ac9a0000, 0x00000120ace70000]
 total_blobs=1492 nmethods=1074 adapters=327
 compilation: enabled
              stopped_count=0, restarted_count=0
 full_count=0

Compilation events (10 events):
Event: 0.394 Thread 0x00000120d2265800 nmethod 1071 0x00000120acfe3d90 code [0x00000120acfe3f40, 0x00000120acfe4118]
Event: 0.394 Thread 0x00000120d2265800 1072       1       java.net.URL::getUserInfo (5 bytes)
Event: 0.394 Thread 0x00000120d2265800 nmethod 1072 0x00000120acfe4290 code [0x00000120acfe4440, 0x00000120acfe4558]
Event: 0.394 Thread 0x00000120d2265800 1073       1       java.security.CodeSource::getLocation (5 bytes)
Event: 0.394 Thread 0x00000120d2265800 nmethod 1073 0x00000120acfe4610 code [0x00000120acfe47c0, 0x00000120acfe48d8]
Event: 0.395 Thread 0x00000120d2265800 1074       1       sun.net.util.URLUtil::urlNoFragString (114 bytes)
Event: 0.395 Thread 0x00000120d2265800 nmethod 1074 0x00000120acfe4990 code [0x00000120acfe4c00, 0x00000120acfe5190]
Event: 0.395 Thread 0x00000120d2265800 1075       1       java.net.URL::getDefaultPort (8 bytes)
Event: 0.395 Thread 0x00000120d2265800 nmethod 1075 0x00000120acfe5510 code [0x00000120acfe56c0, 0x00000120acfe57f8]
Event: 0.395 Thread 0x00000120d2265800 1076       1       java.lang.String::regionMatches (150 bytes)

GC Heap History (0 events):
No events

Deoptimization events (0 events):
No events

Classes redefined (0 events):
No events

Internal exceptions (10 events):
Event: 0.320 Thread 0x00000120a442e000 Exception <a 'java/lang/NoSuchMethodError'{0x000000044d218fc0}: java.lang.invoke.DirectMethodHandle$Holder.invokeSpecialIFC(Ljava/lang/Object;Ljava/lang/Object;Ljava/lang/Object;)I> (0x000000044d218fc0) thrown at [c:/sb/prod/1715189812/workspace/open/src/
Event: 0.326 Thread 0x00000120a442e000 Exception <a 'java/lang/NoSuchMethodError'{0x000000044d27b728}: java.lang.invoke.DirectMethodHandle$Holder.invokeStatic(Ljava/lang/Object;IIII)Ljava/lang/Object;> (0x000000044d27b728) thrown at [c:/sb/prod/1715189812/workspace/open/src/hotspot/share/inter
Event: 0.326 Thread 0x00000120a442e000 Exception <a 'java/lang/NoSuchMethodError'{0x000000044d27e840}: java.lang.invoke.DirectMethodHandle$Holder.invokeStaticInit(Ljava/lang/Object;IIII)Ljava/lang/Object;> (0x000000044d27e840) thrown at [c:/sb/prod/1715189812/workspace/open/src/hotspot/share/i
Event: 0.353 Thread 0x00000120a442e000 Exception <a 'java/lang/NoSuchMethodError'{0x000000044d2d60b0}: java.lang.invoke.DirectMethodHandle$Holder.invokeStatic(Ljava/lang/Object;Ljava/lang/Object;IIII)Ljava/lang/Object;> (0x000000044d2d60b0) thrown at [c:/sb/prod/1715189812/workspace/open/src/h
Event: 0.353 Thread 0x00000120a442e000 Exception <a 'java/lang/NoSuchMethodError'{0x000000044d2d93f8}: java.lang.invoke.DirectMethodHandle$Holder.invokeStaticInit(Ljava/lang/Object;Ljava/lang/Object;IIII)Ljava/lang/Object;> (0x000000044d2d93f8) thrown at [c:/sb/prod/1715189812/workspace/open/s
Event: 0.357 Thread 0x00000120a442e000 Exception <a 'java/lang/ClassNotFoundException'{0x000000044d2f6e50}: javax/management/remote/rmi/RMIServerImpl_Skel> (0x000000044d2f6e50) thrown at [c:/sb/prod/1715189812/workspace/open/src/hotspot/share/classfile/systemDictionary.cpp, line 231]
Event: 0.370 Thread 0x00000120a442e000 Exception <a 'java/lang/ClassNotFoundException'{0x000000044d011f00}: jdk/internal/agent/resources/spi/agentProvider> (0x000000044d011f00) thrown at [c:/sb/prod/1715189812/workspace/open/src/hotspot/share/classfile/systemDictionary.cpp, line 231]
Event: 0.373 Thread 0x00000120a442e000 Exception <a 'java/lang/NoSuchMethodError'{0x000000044d067738}: java.lang.invoke.DirectMethodHandle$Holder.invokeStatic(Ljava/lang/Object;Ljava/lang/Object;Ljava/lang/Object;Ljava/lang/Object;Ljava/lang/Object;Ljava/lang/Object;Ljava/lang/Object;Ljava/lan
Event: 0.374 Thread 0x00000120a442e000 Exception <a 'java/lang/NoSuchMethodError'{0x000000044d073f58}: java.lang.invoke.DirectMethodHandle$Holder.invokeStatic(Ljava/lang/Object;Ljava/lang/Object;Ljava/lang/Object;Ljava/lang/Object;Ljava/lang/Object;Ljava/lang/Object;Ljava/lang/Object;Ljava/lan
Event: 0.374 Thread 0x00000120a442e000 Exception <a 'java/lang/NoSuchMethodError'{0x000000044d08dc78}: java.lang.invoke.DelegatingMethodHandle$Holder.reinvoke_L(Ljava/lang/Object;ILjava/lang/Object;)Ljava/lang/Object;> (0x000000044d08dc78) thrown at [c:/sb/prod/1715189812/workspace/open/src/ho

Events (10 events):
Event: 0.393 loading class ch/qos/logback/core/spi/PropertyContainer done
Event: 0.394 loading class ch/qos/logback/classic/LoggerContext
Event: 0.394 loading class ch/qos/logback/classic/LoggerContext done
Event: 0.394 loading class ch/qos/logback/core/spi/LifeCycle
Event: 0.394 loading class ch/qos/logback/core/spi/LifeCycle done
Event: 0.394 loading class ch/qos/logback/core/ContextBase
Event: 0.394 loading class ch/qos/logback/core/ContextBase done
Event: 0.395 loading class ch/qos/logback/core/status/StatusManager
Event: 0.395 loading class ch/qos/logback/core/status/StatusManager done
Event: 0.395 Executing VM operation: G1CollectForAllocation


Dynamic libraries:
0x00007ff784010000 - 0x00007ff784055000 	C:\spring\jdk-11.0.0.2\bin\javaw.exe
0x00007ffdcb630000 - 0x00007ffdcb828000 	C:\Windows\SYSTEM32\ntdll.dll
0x00007ffdca860000 - 0x00007ffdca922000 	C:\Windows\System32\KERNEL32.DLL
0x00007ffdc9350000 - 0x00007ffdc964e000 	C:\Windows\System32\KERNELBASE.dll
0x00007ffdca260000 - 0x00007ffdca3fd000 	C:\Windows\System32\USER32.dll
0x00007ffdc9200000 - 0x00007ffdc9222000 	C:\Windows\System32\win32u.dll
0x00007ffdca1c0000 - 0x00007ffdca1eb000 	C:\Windows\System32\GDI32.dll
0x00007ffdc9230000 - 0x00007ffdc9347000 	C:\Windows\System32\gdi32full.dll
0x00007ffdc8d20000 - 0x00007ffdc8dbd000 	C:\Windows\System32\msvcp_win.dll
0x00007ffdc8fa0000 - 0x00007ffdc90a0000 	C:\Windows\System32\ucrtbase.dll
0x00007ffdba9e0000 - 0x00007ffdbac7a000 	C:\Windows\WinSxS\amd64_microsoft.windows.common-controls_6595b64144ccf1df_6.0.19041.4355_none_60b8b9eb71f62e16\COMCTL32.dll
0x00007ffdc9e20000 - 0x00007ffdc9ebe000 	C:\Windows\System32\msvcrt.dll
0x00007ffdca400000 - 0x00007ffdca42f000 	C:\Windows\System32\IMM32.DLL
0x00007ffdc2360000 - 0x00007ffdc2376000 	C:\spring\jdk-11.0.0.2\bin\vcruntime140.dll
0x00007ffd71120000 - 0x00007ffd711ca000 	C:\spring\jdk-11.0.0.2\bin\msvcp140.dll
0x00007ffd6b420000 - 0x00007ffd6bf63000 	C:\spring\jdk-11.0.0.2\bin\server\jvm.dll
0x00007ffdca440000 - 0x00007ffdca4f2000 	C:\Windows\System32\ADVAPI32.dll
0x00007ffdcb350000 - 0x00007ffdcb3f0000 	C:\Windows\System32\sechost.dll
0x00007ffdc9800000 - 0x00007ffdc9923000 	C:\Windows\System32\RPCRT4.dll
0x00007ffdc8dc0000 - 0x00007ffdc8de7000 	C:\Windows\System32\bcrypt.dll
0x00007ffdca430000 - 0x00007ffdca438000 	C:\Windows\System32\PSAPI.DLL
0x00007ffdc06e0000 - 0x00007ffdc0707000 	C:\Windows\SYSTEM32\WINMM.dll
0x00007ffdbed60000 - 0x00007ffdbed69000 	C:\Windows\SYSTEM32\WSOCK32.dll
0x00007ffdc3250000 - 0x00007ffdc325a000 	C:\Windows\SYSTEM32\VERSION.dll
0x00007ffdca1f0000 - 0x00007ffdca25b000 	C:\Windows\System32\WS2_32.dll
0x00007ffdc6b70000 - 0x00007ffdc6b82000 	C:\Windows\SYSTEM32\kernel.appcore.dll
0x00007ffdb5ca0000 - 0x00007ffdb5cb1000 	C:\spring\jdk-11.0.0.2\bin\verify.dll
0x00007ffdc2b80000 - 0x00007ffdc2d64000 	C:\Windows\SYSTEM32\DBGHELP.DLL
0x00007ffdc29c0000 - 0x00007ffdc29f4000 	C:\Windows\SYSTEM32\dbgcore.DLL
0x00007ffdc8ea0000 - 0x00007ffdc8f22000 	C:\Windows\System32\bcryptPrimitives.dll
0x00007ffdab710000 - 0x00007ffdab738000 	C:\spring\jdk-11.0.0.2\bin\java.dll
0x00007ffdab400000 - 0x00007ffdab416000 	C:\spring\jdk-11.0.0.2\bin\zip.dll
0x00007ffdb4e50000 - 0x00007ffdb4e5a000 	C:\spring\jdk-11.0.0.2\bin\jimage.dll
0x00007ffdcaaa0000 - 0x00007ffdcb20f000 	C:\Windows\System32\SHELL32.dll
0x00007ffdc6d70000 - 0x00007ffdc7514000 	C:\Windows\SYSTEM32\windows.storage.dll
0x00007ffdca500000 - 0x00007ffdca853000 	C:\Windows\System32\combase.dll
0x00007ffdc8700000 - 0x00007ffdc872e000 	C:\Windows\SYSTEM32\Wldp.dll
0x00007ffdcb3f0000 - 0x00007ffdcb4bd000 	C:\Windows\System32\OLEAUT32.dll
0x00007ffdca110000 - 0x00007ffdca1bd000 	C:\Windows\System32\SHCORE.dll
0x00007ffdca930000 - 0x00007ffdca985000 	C:\Windows\System32\shlwapi.dll
0x00007ffdc8c00000 - 0x00007ffdc8c24000 	C:\Windows\SYSTEM32\profapi.dll
0x00007ffda2ba0000 - 0x00007ffda2bb9000 	C:\spring\jdk-11.0.0.2\bin\net.dll
0x00007ffdc35d0000 - 0x00007ffdc36dd000 	C:\Windows\SYSTEM32\WINHTTP.dll
0x00007ffdc8460000 - 0x00007ffdc84ca000 	C:\Windows\system32\mswsock.dll
0x00007ffda2b80000 - 0x00007ffda2b93000 	C:\spring\jdk-11.0.0.2\bin\nio.dll
0x00007ffdc2060000 - 0x00007ffdc2069000 	C:\spring\jdk-11.0.0.2\bin\management.dll
0x00007ffdafaf0000 - 0x00007ffdafafc000 	C:\spring\jdk-11.0.0.2\bin\management_ext.dll
0x00007ffda4730000 - 0x00007ffda4747000 	C:\Windows\system32\napinsp.dll
0x00007ffda32b0000 - 0x00007ffda32cb000 	C:\Windows\system32\pnrpnsp.dll
0x00007ffda5190000 - 0x00007ffda51a5000 	C:\Windows\system32\wshbth.dll
0x00007ffdc5b50000 - 0x00007ffdc5b6d000 	C:\Windows\system32\NLAapi.dll
0x00007ffdc80f0000 - 0x00007ffdc812b000 	C:\Windows\SYSTEM32\IPHLPAPI.DLL
0x00007ffdc8140000 - 0x00007ffdc820a000 	C:\Windows\SYSTEM32\DNSAPI.dll
0x00007ffdca0d0000 - 0x00007ffdca0d8000 	C:\Windows\System32\NSI.dll
0x00007ffda2a00000 - 0x00007ffda2a12000 	C:\Windows\System32\winrnr.dll
0x00007ffdbdd60000 - 0x00007ffdbdd6a000 	C:\Windows\System32\rasadhlp.dll
0x00007ffdbdd80000 - 0x00007ffdbde00000 	C:\Windows\System32\fwpuclnt.dll
0x00007ffdc8650000 - 0x00007ffdc8668000 	C:\Windows\SYSTEM32\CRYPTSP.dll
0x00007ffdc7d10000 - 0x00007ffdc7d44000 	C:\Windows\system32\rsaenh.dll
0x00007ffdc8b80000 - 0x00007ffdc8bae000 	C:\Windows\SYSTEM32\USERENV.dll
0x00007ffdc8670000 - 0x00007ffdc867c000 	C:\Windows\SYSTEM32\CRYPTBASE.dll
0x00007ffdc3a60000 - 0x00007ffdc3a77000 	C:\Windows\SYSTEM32\dhcpcsvc6.DLL
0x00007ffdc3ef0000 - 0x00007ffdc3f0d000 	C:\Windows\SYSTEM32\dhcpcsvc.DLL

dbghelp: loaded successfully - version: 4.0.5 - missing functions: none
symbol engine: initialized successfully - sym options: 0x614 - pdb path: .;C:\spring\jdk-11.0.0.2\bin;C:\Windows\SYSTEM32;C:\Windows\WinSxS\amd64_microsoft.windows.common-controls_6595b64144ccf1df_6.0.19041.4355_none_60b8b9eb71f62e16;C:\spring\jdk-11.0.0.2\bin\server

VM Arguments:
jvm_args: -Dcom.sun.management.jmxremote -Dcom.sun.management.jmxremote.port=60430 -Dcom.sun.management.jmxremote.authenticate=false -Dcom.sun.management.jmxremote.ssl=false -Djava.rmi.server.hostname=localhost -Dspring.jmx.enabled=true -Dspring.liveBeansView.mbeanDomain -Dspring.application.admin.enabled=true -XX:TieredStopAtLevel=1 -Dspring.boot.project.name=backend -Dfile.encoding=utf-8 
java_command: com.lostay.backend.BackendApplication --spring.output.ansi.enabled=always
java_class_path (initial): C:\Lostay\backend\bin\main;C:\Users\dny09\.gradle\caches\modules-2\files-2.1\org.projectlombok\lombok\1.18.24\13a394eed5c4f9efb2a6d956e2086f1d81e857d9\lombok-1.18.24.jar;C:\Users\dny09\.gradle\caches\modules-2\files-2.1\org.mapstruct\mapstruct-processor\1.5.5.Final\897f6f115930b936287bef552bf5fe28cc64717d\mapstruct-processor-1.5.5.Final.jar;C:\Users\dny09\.gradle\caches\modules-2\files-2.1\org.springframework.boot\spring-boot-starter-batch\2.7.6\809a8f204509de836753ae3fee2e4fe700fe4dd0\spring-boot-starter-batch-2.7.6.jar;C:\Users\dny09\.gradle\caches\modules-2\files-2.1\org.springframework.boot\spring-boot-starter-data-jpa\2.7.6\7eef599012347f2fb7f84ba71eba10caf094dfb5\spring-boot-starter-data-jpa-2.7.6.jar;C:\Users\dny09\.gradle\caches\modules-2\files-2.1\org.springframework.boot\spring-boot-starter-security\2.7.6\2718e4587f4271468ba20da8b4fd8195c798fb88\spring-boot-starter-security-2.7.6.jar;C:\Users\dny09\.gradle\caches\modules-2\files-2.1\org.springframework.boot\spring-boot-starter-web\2.7.6\9d0166a0390df593243bdc798ca7a1db20ddea9c\spring-boot-starter-web-2.7.6.jar;C:\Users\dny09\.gradle\caches\modules-2\files-2.1\org.mapstruct\mapstruct\1.5.5.Final\2ca3cbe39b6e9ea8d5ea521965a89bef2a1e8eeb\mapstruct-1.5.5.Final.jar;C:\Users\dny09\.gradle\caches\modules-2\files-2.1\org.springframework.boot\spring-boot-starter-thymeleaf\2.7.6\18056127ee9253fbbb71d80e9dbd10827555ec27\spring-boot-starter-thymeleaf-2.7.6.jar;C:\Users\dny09\.gradle\caches\modules-2\files-2.1\com.github.iamport\iamport-rest-client-java\0.2.21\1e77090406ae4623225425e7fae3f38142614294\iamport-rest-client-java-0.2.21.jar;C:\Users\dny09\.gradle\caches\modules-2\files-2.1\org.json\json\20210307\528c8df3757e8bcf151817b1d7b9b434f6aa08d5\json-20210307.jar;C:\Users\dny09\.gradle\caches\modules-2\files-2.1\org.springframework.security\spring-security-oauth2-client\5.7.5\44843928477508b4a73ca970f9e12145bf35d29f\spring-security-oauth2-client-5.7.5.jar;C:\Users\dny09\.gradle\caches\mod
Launcher Type: SUN_STANDARD

[Global flags]
     intx CICompilerCount                          = 4                                         {product} {ergonomic}
     uint ConcGCThreads                            = 3                                         {product} {ergonomic}
     uint G1ConcRefinementThreads                  = 10                                        {product} {ergonomic}
   size_t G1HeapRegionSize                         = 2097152                                   {product} {ergonomic}
    uintx GCDrainStackTargetSize                   = 64                                        {product} {ergonomic}
   size_t InitialHeapSize                          = 530579456                                 {product} {ergonomic}
     bool ManagementServer                         = true                                      {product} {command line}
   size_t MarkStackSize                            = 4194304                                   {product} {ergonomic}
   size_t MaxHeapSize                              = 8487174144                                {product} {ergonomic}
   size_t MaxNewSize                               = 5091885056                                {product} {ergonomic}
   size_t MinHeapDeltaBytes                        = 2097152                                   {product} {ergonomic}
    uintx NonNMethodCodeHeapSize                   = 7549744                                {pd product} {ergonomic}
    uintx NonProfiledCodeHeapSize                  = 244108496                              {pd product} {ergonomic}
    uintx ProfiledCodeHeapSize                     = 0                                      {pd product} {ergonomic}
    uintx ReservedCodeCacheSize                    = 251658240                              {pd product} {ergonomic}
     bool SegmentedCodeCache                       = true                                      {product} {ergonomic}
     intx TieredStopAtLevel                        = 1                                         {product} {command line}
     bool UseCompressedClassPointers               = true                                 {lp64_product} {ergonomic}
     bool UseCompressedOops                        = true                                 {lp64_product} {ergonomic}
     bool UseG1GC                                  = true                                      {product} {ergonomic}
     bool UseLargePagesIndividualAllocation        = false                                  {pd product} {ergonomic}

Logging:
Log output configuration:
 #0: stdout all=warning uptime,level,tags
 #1: stderr all=off uptime,level,tags

Environment Variables:
PATH=C:/spring/jdk-11.0.0.2/bin/server;C:/spring/jdk-11.0.0.2/bin;C:\Windows\system32;C:\Windows;C:\Windows\System32\Wbem;C:\Windows\System32\WindowsPowerShell\v1.0\;C:\Windows\System32\OpenSSH\;C:\Program Files\NVIDIA Corporation\NVIDIA NvDLISR;C:\Program Files\Bandizip\;C:\Program Files\Git\cmd;C:\Program Files\nodejs\;C:\spring\jdk-11.0.0.2\bin;C:\Program Files\MySQL\MySQL Shell 8.0\bin\;C:\Python\Scripts\;C:\Python\;C:\Users\dny09\AppData\Local\Microsoft\WindowsApps;C:\Users\dny09\AppData\Local\Programs\Microsoft VS Code\bin;C:\Users\dny09\AppData\Roaming\npm;C:\spring\sts-bundle\sts-3.9.18.RELEASE;
USERNAME=dny09
OS=Windows_NT
PROCESSOR_IDENTIFIER=AMD64 Family 25 Model 97 Stepping 2, AuthenticAMD



---------------  S Y S T E M  ---------------

OS: Windows 10 , 64 bit Build 19041 (10.0.19041.4957)

CPU:total 12 (initial active 12) (12 cores per cpu, 2 threads per core) family 25 model 97 stepping 2, cmov, cx8, fxsr, mmx, sse, sse2, sse3, ssse3, sse4.1, sse4.2, popcnt, avx, avx2, aes, clmul, erms, mmxext, 3dnowpref, lzcnt, sse4a, ht, tsc, tscinvbit, tscinv, bmi1, bmi2, adx, sha, fma

Memory: 4k page, system-wide physical 32375M (16945M free)
TotalPageFile size 37239M (AvailPageFile size 16417M)
current process WorkingSet (physical memory assigned to process): 87M, peak: 87M
current process commit charge ("private bytes"): 619M, peak: 619M

vm_info: OpenJDK 64-Bit Server VM (11.0.0.2+2-2) for windows-amd64 JRE (11.0.0.2+2-2), built on May  8 2024 18:42:34 by "mach5one" with MS VC++ 15.5 (VS2017)

END.
