#
# A fatal error has been detected by the Java Runtime Environment:
#
#  EXCEPTION_ACCESS_VIOLATION (0xc0000005) at pc=0x0000000000000000, pid=9724, tid=12072
#
# JRE version: OpenJDK Runtime Environment (11.0.2+2) (build 11.0.0.2+2-2)
# Java VM: OpenJDK 64-Bit Server VM (11.0.0.2+2-2, mixed mode, tiered, compressed oops, g1 gc, windows-amd64)
# Problematic frame:
# C  0x0000000000000000
#
# No core dump will be written. Minidumps are not enabled by default on client versions of Windows
#
# If you would like to submit a bug report, please visit:
#   http://bugreport.java.com/bugreport/crash.jsp
#

---------------  S U M M A R Y ------------

Command Line: -Dcom.sun.management.jmxremote -Dcom.sun.management.jmxremote.port=53187 -Dcom.sun.management.jmxremote.authenticate=false -Dcom.sun.management.jmxremote.ssl=false -Djava.rmi.server.hostname=localhost -Dspring.jmx.enabled=true -Dspring.liveBeansView.mbeanDomain -Dspring.application.admin.enabled=true -XX:TieredStopAtLevel=1 -Dspring.boot.project.name=backend -Dfile.encoding=utf-8 com.lostay.backend.BackendApplication --spring.output.ansi.enabled=always

Host: AMD Ryzen 5 7500F 6-Core Processor             , 12 cores, 31G,  Windows 10 , 64 bit Build 19041 (10.0.19041.4957)
Time: Sat Nov  2 13:51:24 2024 대한민국 표준시 elapsed time: 0 seconds (0d 0h 0m 0s)

---------------  T H R E A D  ---------------

Current thread (0x000001134f506000):  WatcherThread [stack: 0x0000000593900000,0x0000000593a00000] [id=12072]

Stack: [0x0000000593900000,0x0000000593a00000],  sp=0x00000005939ff298,  free space=1020k
Native frames: (J=compiled Java code, j=interpreted, Vv=VM code, C=native code)


siginfo: EXCEPTION_ACCESS_VIOLATION (0xc0000005), data execution prevention violation at address 0x0000000000000000


Register to memory mapping:

RIP=0x0 is NULL
RAX=0x0000000800000007 is pointing into metadata
RBX=0x000001134eafc770 points into unknown readable memory
RCX=0x000001134f48a910 points into unknown readable memory
RDX=0x000000000000003a is an unknown value
RSP=0x00000005939ff298 points into unknown readable memory
RBP=0x0000000000000002 is an unknown value
RSI=0x000001134f48a860 points into unknown readable memory
RDI=0x0 is NULL
R8 =0x0 is NULL
R9 =0x0000011328ff0b80 is at begin+0 in a stub
StubRoutines::atomic_cmpxchg_long [0x0000011328ff0b80, 0x0000011328ff0b89[ (9 bytes)
R10=0x00000000546c6148 is an unknown value
R11=0x00000c483b072d8c is an unknown value
R12=0x0 is NULL
R13=0x000001134f506000 points into unknown readable memory
R14=0x000000000000003a is an unknown value
R15=0x000001134f4507f0 points into unknown readable memory


Registers:
RAX=0x0000000800000007, RBX=0x000001134eafc770, RCX=0x000001134f48a910, RDX=0x000000000000003a
RSP=0x00000005939ff298, RBP=0x0000000000000002, RSI=0x000001134f48a860, RDI=0x0000000000000000
R8 =0x0000000000000000, R9 =0x0000011328ff0b80, R10=0x00000000546c6148, R11=0x00000c483b072d8c
R12=0x0000000000000000, R13=0x000001134f506000, R14=0x000000000000003a, R15=0x000001134f4507f0
RIP=0x0000000000000000, EFLAGS=0x0000000000010202

Top of Stack: (sp=0x00000005939ff298)
0x00000005939ff298:   00007ffd6ba83977 0000011320cecee0
0x00000005939ff2a8:   00000000000008c4 0000000000000001
0x00000005939ff2b8:   00007ffd6ba2d040 0000000000000000
0x00000005939ff2c8:   00007ffd6baecccf 000001134f506000
0x00000005939ff2d8:   000001134f506000 0005b6c7a1d8e1e8
0x00000005939ff2e8:   00007ffd6ba2dac9 00007ffd6bead418
0x00000005939ff2f8:   00007ffd6bb3847d 0000000000000001
0x00000005939ff308:   0000011320cecee0 0000011320cecee0
0x00000005939ff318:   431bde82d7b634db 000001134f4507f0
0x00000005939ff328:   0005b6c7a1d8e1e8 0000011320cecee0
0x00000005939ff338:   00007ffd6bb5de29 0000000000000001
0x00000005939ff348:   000000000000003a 0000000000000032
0x00000005939ff358:   0000000000000002 0000000000000000
0x00000005939ff368:   0000000000000000 00007ffdc8fc1b70
0x00000005939ff378:   000001134f4eac70 0000000000000000
0x00000005939ff388:   00000005939ff7e8 0000000000000000 

Instructions: (pc=0x0000000000000000)
0xffffffffffffffe0:   



---------------  P R O C E S S  ---------------

Threads class SMR info:
_java_thread_list=0x000001134f4ea7c0, length=13, elements={
0x0000011320cee000, 0x000001134e88b000, 0x000001134e8b6800, 0x000001134e92a800,
0x000001134e92d800, 0x000001134e933000, 0x000001134e941800, 0x000001134eae9800,
0x000001134eb68800, 0x000001134f09c800, 0x000001134f48e000, 0x000001134f497800,
0x000001134f500800
}

Java Threads: ( => current thread )
  0x0000011320cee000 JavaThread "main" [_thread_blocked, id=9416, stack(0x0000000592600000,0x0000000592700000)]
  0x000001134e88b000 JavaThread "Reference Handler" daemon [_thread_blocked, id=7972, stack(0x0000000592d00000,0x0000000592e00000)]
  0x000001134e8b6800 JavaThread "Finalizer" daemon [_thread_blocked, id=9600, stack(0x0000000592e00000,0x0000000592f00000)]
  0x000001134e92a800 JavaThread "Signal Dispatcher" daemon [_thread_blocked, id=10824, stack(0x0000000592f00000,0x0000000593000000)]
  0x000001134e92d800 JavaThread "Attach Listener" daemon [_thread_blocked, id=20348, stack(0x0000000593000000,0x0000000593100000)]
  0x000001134e933000 JavaThread "C1 CompilerThread0" daemon [_thread_in_vm, id=9680, stack(0x0000000593100000,0x0000000593200000)]
  0x000001134e941800 JavaThread "Sweeper thread" daemon [_thread_blocked, id=15920, stack(0x0000000593200000,0x0000000593300000)]
  0x000001134eae9800 JavaThread "Common-Cleaner" daemon [_thread_blocked, id=7052, stack(0x0000000593300000,0x0000000593400000)]
  0x000001134eb68800 JavaThread "Service Thread" daemon [_thread_blocked, id=15052, stack(0x0000000593400000,0x0000000593500000)]
  0x000001134f09c800 JavaThread "C1 CompilerThread1" daemon [_thread_blocked, id=20656, stack(0x0000000593500000,0x0000000593600000)]
  0x000001134f48e000 JavaThread "RMI TCP Accept-0" daemon [_thread_in_native, id=17168, stack(0x0000000593600000,0x0000000593700000)]
  0x000001134f497800 JavaThread "RMI TCP Accept-53187" daemon [_thread_in_native, id=17572, stack(0x0000000593700000,0x0000000593800000)]
  0x000001134f500800 JavaThread "RMI TCP Accept-0" daemon [_thread_in_native, id=19136, stack(0x0000000593800000,0x0000000593900000)]

Other Threads:
  0x000001134e886000 VMThread "VM Thread" [stack: 0x0000000592c00000,0x0000000592d00000] [id=5748]
=>0x000001134f506000 WatcherThread [stack: 0x0000000593900000,0x0000000593a00000] [id=12072]
  0x0000011320d07800 GCTaskThread "GC Thread#0" [stack: 0x0000000592700000,0x0000000592800000] [id=6432]
  0x0000011320d83800 ConcurrentGCThread "G1 Main Marker" [stack: 0x0000000592800000,0x0000000592900000] [id=19248]
  0x0000011320d86000 ConcurrentGCThread "G1 Conc#0" [stack: 0x0000000592900000,0x0000000592a00000] [id=12104]
  0x000001134def1000 ConcurrentGCThread "G1 Refine#0" [stack: 0x0000000592a00000,0x0000000592b00000] [id=19092]
  0x000001134def2000 ConcurrentGCThread "G1 Young RemSet Sampling" [stack: 0x0000000592b00000,0x0000000592c00000] [id=17580]

Threads with active compile tasks:
C1 CompilerThread01023       1       java.lang.String::indexOf (113 bytes)

VM state:synchronizing (normal execution)

VM Mutex/Monitor currently owned by a thread:  ([mutex/lock_event])
[0x0000011320cec4c0] Threads_lock - owner thread: 0x000001134e886000
[0x0000011320cebf20] Heap_lock - owner thread: 0x0000011320cee000
[0x0000011320cecee0] PeriodicTask_lock - owner thread: 0x000001134f506000

Heap address: 0x0000000606200000, size: 8094 MB, Compressed Oops mode: Zero based, Oop shift amount: 3
Narrow klass base: 0x0000000800000000, Narrow klass shift: 0
Compressed class space size: 1073741824 Address: 0x0000000800000000

Heap:
 garbage-first heap   total 518144K, used 24576K [0x0000000606200000, 0x0000000800000000)
  region size 2048K, 12 young (24576K), 0 survivors (0K)
 Metaspace       used 12415K, capacity 12783K, committed 13056K, reserved 1060864K
  class space    used 1305K, capacity 1436K, committed 1536K, reserved 1048576K
Heap Regions: E=young(eden), S=young(survivor), O=old, HS=humongous(starts), HC=humongous(continues), CS=collection set, F=free, A=archive, TAMS=top-at-mark-start (previous, next)
|   0|0x0000000606200000, 0x0000000606400000, 0x0000000606400000|100%|HS|  |TAMS 0x0000000606200000, 0x0000000606200000| Complete 
|   1|0x0000000606400000, 0x0000000606400000, 0x0000000606600000|  0%| F|  |TAMS 0x0000000606400000, 0x0000000606400000| Untracked 
|   2|0x0000000606600000, 0x0000000606600000, 0x0000000606800000|  0%| F|  |TAMS 0x0000000606600000, 0x0000000606600000| Untracked 
|   3|0x0000000606800000, 0x0000000606800000, 0x0000000606a00000|  0%| F|  |TAMS 0x0000000606800000, 0x0000000606800000| Untracked 
|   4|0x0000000606a00000, 0x0000000606a00000, 0x0000000606c00000|  0%| F|  |TAMS 0x0000000606a00000, 0x0000000606a00000| Untracked 
|   5|0x0000000606c00000, 0x0000000606c00000, 0x0000000606e00000|  0%| F|  |TAMS 0x0000000606c00000, 0x0000000606c00000| Untracked 
|   6|0x0000000606e00000, 0x0000000606e00000, 0x0000000607000000|  0%| F|  |TAMS 0x0000000606e00000, 0x0000000606e00000| Untracked 
|   7|0x0000000607000000, 0x0000000607000000, 0x0000000607200000|  0%| F|  |TAMS 0x0000000607000000, 0x0000000607000000| Untracked 
|   8|0x0000000607200000, 0x0000000607200000, 0x0000000607400000|  0%| F|  |TAMS 0x0000000607200000, 0x0000000607200000| Untracked 
|   9|0x0000000607400000, 0x0000000607400000, 0x0000000607600000|  0%| F|  |TAMS 0x0000000607400000, 0x0000000607400000| Untracked 
|  10|0x0000000607600000, 0x0000000607600000, 0x0000000607800000|  0%| F|  |TAMS 0x0000000607600000, 0x0000000607600000| Untracked 
|  11|0x0000000607800000, 0x0000000607800000, 0x0000000607a00000|  0%| F|  |TAMS 0x0000000607800000, 0x0000000607800000| Untracked 
|  12|0x0000000607a00000, 0x0000000607a00000, 0x0000000607c00000|  0%| F|  |TAMS 0x0000000607a00000, 0x0000000607a00000| Untracked 
|  13|0x0000000607c00000, 0x0000000607c00000, 0x0000000607e00000|  0%| F|  |TAMS 0x0000000607c00000, 0x0000000607c00000| Untracked 
|  14|0x0000000607e00000, 0x0000000607e00000, 0x0000000608000000|  0%| F|  |TAMS 0x0000000607e00000, 0x0000000607e00000| Untracked 
|  15|0x0000000608000000, 0x0000000608000000, 0x0000000608200000|  0%| F|  |TAMS 0x0000000608000000, 0x0000000608000000| Untracked 
|  16|0x0000000608200000, 0x0000000608200000, 0x0000000608400000|  0%| F|  |TAMS 0x0000000608200000, 0x0000000608200000| Untracked 
|  17|0x0000000608400000, 0x0000000608400000, 0x0000000608600000|  0%| F|  |TAMS 0x0000000608400000, 0x0000000608400000| Untracked 
|  18|0x0000000608600000, 0x0000000608600000, 0x0000000608800000|  0%| F|  |TAMS 0x0000000608600000, 0x0000000608600000| Untracked 
|  19|0x0000000608800000, 0x0000000608800000, 0x0000000608a00000|  0%| F|  |TAMS 0x0000000608800000, 0x0000000608800000| Untracked 
|  20|0x0000000608a00000, 0x0000000608a00000, 0x0000000608c00000|  0%| F|  |TAMS 0x0000000608a00000, 0x0000000608a00000| Untracked 
|  21|0x0000000608c00000, 0x0000000608c00000, 0x0000000608e00000|  0%| F|  |TAMS 0x0000000608c00000, 0x0000000608c00000| Untracked 
|  22|0x0000000608e00000, 0x0000000608e00000, 0x0000000609000000|  0%| F|  |TAMS 0x0000000608e00000, 0x0000000608e00000| Untracked 
|  23|0x0000000609000000, 0x0000000609000000, 0x0000000609200000|  0%| F|  |TAMS 0x0000000609000000, 0x0000000609000000| Untracked 
|  24|0x0000000609200000, 0x0000000609200000, 0x0000000609400000|  0%| F|  |TAMS 0x0000000609200000, 0x0000000609200000| Untracked 
|  25|0x0000000609400000, 0x0000000609400000, 0x0000000609600000|  0%| F|  |TAMS 0x0000000609400000, 0x0000000609400000| Untracked 
|  26|0x0000000609600000, 0x0000000609600000, 0x0000000609800000|  0%| F|  |TAMS 0x0000000609600000, 0x0000000609600000| Untracked 
|  27|0x0000000609800000, 0x0000000609800000, 0x0000000609a00000|  0%| F|  |TAMS 0x0000000609800000, 0x0000000609800000| Untracked 
|  28|0x0000000609a00000, 0x0000000609a00000, 0x0000000609c00000|  0%| F|  |TAMS 0x0000000609a00000, 0x0000000609a00000| Untracked 
|  29|0x0000000609c00000, 0x0000000609c00000, 0x0000000609e00000|  0%| F|  |TAMS 0x0000000609c00000, 0x0000000609c00000| Untracked 
|  30|0x0000000609e00000, 0x0000000609e00000, 0x000000060a000000|  0%| F|  |TAMS 0x0000000609e00000, 0x0000000609e00000| Untracked 
|  31|0x000000060a000000, 0x000000060a000000, 0x000000060a200000|  0%| F|  |TAMS 0x000000060a000000, 0x000000060a000000| Untracked 
|  32|0x000000060a200000, 0x000000060a200000, 0x000000060a400000|  0%| F|  |TAMS 0x000000060a200000, 0x000000060a200000| Untracked 
|  33|0x000000060a400000, 0x000000060a400000, 0x000000060a600000|  0%| F|  |TAMS 0x000000060a400000, 0x000000060a400000| Untracked 
|  34|0x000000060a600000, 0x000000060a600000, 0x000000060a800000|  0%| F|  |TAMS 0x000000060a600000, 0x000000060a600000| Untracked 
|  35|0x000000060a800000, 0x000000060a800000, 0x000000060aa00000|  0%| F|  |TAMS 0x000000060a800000, 0x000000060a800000| Untracked 
|  36|0x000000060aa00000, 0x000000060aa00000, 0x000000060ac00000|  0%| F|  |TAMS 0x000000060aa00000, 0x000000060aa00000| Untracked 
|  37|0x000000060ac00000, 0x000000060ac00000, 0x000000060ae00000|  0%| F|  |TAMS 0x000000060ac00000, 0x000000060ac00000| Untracked 
|  38|0x000000060ae00000, 0x000000060ae00000, 0x000000060b000000|  0%| F|  |TAMS 0x000000060ae00000, 0x000000060ae00000| Untracked 
|  39|0x000000060b000000, 0x000000060b000000, 0x000000060b200000|  0%| F|  |TAMS 0x000000060b000000, 0x000000060b000000| Untracked 
|  40|0x000000060b200000, 0x000000060b200000, 0x000000060b400000|  0%| F|  |TAMS 0x000000060b200000, 0x000000060b200000| Untracked 
|  41|0x000000060b400000, 0x000000060b400000, 0x000000060b600000|  0%| F|  |TAMS 0x000000060b400000, 0x000000060b400000| Untracked 
|  42|0x000000060b600000, 0x000000060b600000, 0x000000060b800000|  0%| F|  |TAMS 0x000000060b600000, 0x000000060b600000| Untracked 
|  43|0x000000060b800000, 0x000000060b800000, 0x000000060ba00000|  0%| F|  |TAMS 0x000000060b800000, 0x000000060b800000| Untracked 
|  44|0x000000060ba00000, 0x000000060ba00000, 0x000000060bc00000|  0%| F|  |TAMS 0x000000060ba00000, 0x000000060ba00000| Untracked 
|  45|0x000000060bc00000, 0x000000060bc00000, 0x000000060be00000|  0%| F|  |TAMS 0x000000060bc00000, 0x000000060bc00000| Untracked 
|  46|0x000000060be00000, 0x000000060be00000, 0x000000060c000000|  0%| F|  |TAMS 0x000000060be00000, 0x000000060be00000| Untracked 
|  47|0x000000060c000000, 0x000000060c000000, 0x000000060c200000|  0%| F|  |TAMS 0x000000060c000000, 0x000000060c000000| Untracked 
|  48|0x000000060c200000, 0x000000060c200000, 0x000000060c400000|  0%| F|  |TAMS 0x000000060c200000, 0x000000060c200000| Untracked 
|  49|0x000000060c400000, 0x000000060c400000, 0x000000060c600000|  0%| F|  |TAMS 0x000000060c400000, 0x000000060c400000| Untracked 
|  50|0x000000060c600000, 0x000000060c600000, 0x000000060c800000|  0%| F|  |TAMS 0x000000060c600000, 0x000000060c600000| Untracked 
|  51|0x000000060c800000, 0x000000060c800000, 0x000000060ca00000|  0%| F|  |TAMS 0x000000060c800000, 0x000000060c800000| Untracked 
|  52|0x000000060ca00000, 0x000000060ca00000, 0x000000060cc00000|  0%| F|  |TAMS 0x000000060ca00000, 0x000000060ca00000| Untracked 
|  53|0x000000060cc00000, 0x000000060cc00000, 0x000000060ce00000|  0%| F|  |TAMS 0x000000060cc00000, 0x000000060cc00000| Untracked 
|  54|0x000000060ce00000, 0x000000060ce00000, 0x000000060d000000|  0%| F|  |TAMS 0x000000060ce00000, 0x000000060ce00000| Untracked 
|  55|0x000000060d000000, 0x000000060d000000, 0x000000060d200000|  0%| F|  |TAMS 0x000000060d000000, 0x000000060d000000| Untracked 
|  56|0x000000060d200000, 0x000000060d200000, 0x000000060d400000|  0%| F|  |TAMS 0x000000060d200000, 0x000000060d200000| Untracked 
|  57|0x000000060d400000, 0x000000060d400000, 0x000000060d600000|  0%| F|  |TAMS 0x000000060d400000, 0x000000060d400000| Untracked 
|  58|0x000000060d600000, 0x000000060d600000, 0x000000060d800000|  0%| F|  |TAMS 0x000000060d600000, 0x000000060d600000| Untracked 
|  59|0x000000060d800000, 0x000000060d800000, 0x000000060da00000|  0%| F|  |TAMS 0x000000060d800000, 0x000000060d800000| Untracked 
|  60|0x000000060da00000, 0x000000060da00000, 0x000000060dc00000|  0%| F|  |TAMS 0x000000060da00000, 0x000000060da00000| Untracked 
|  61|0x000000060dc00000, 0x000000060dc00000, 0x000000060de00000|  0%| F|  |TAMS 0x000000060dc00000, 0x000000060dc00000| Untracked 
|  62|0x000000060de00000, 0x000000060de00000, 0x000000060e000000|  0%| F|  |TAMS 0x000000060de00000, 0x000000060de00000| Untracked 
|  63|0x000000060e000000, 0x000000060e000000, 0x000000060e200000|  0%| F|  |TAMS 0x000000060e000000, 0x000000060e000000| Untracked 
|  64|0x000000060e200000, 0x000000060e200000, 0x000000060e400000|  0%| F|  |TAMS 0x000000060e200000, 0x000000060e200000| Untracked 
|  65|0x000000060e400000, 0x000000060e400000, 0x000000060e600000|  0%| F|  |TAMS 0x000000060e400000, 0x000000060e400000| Untracked 
|  66|0x000000060e600000, 0x000000060e600000, 0x000000060e800000|  0%| F|  |TAMS 0x000000060e600000, 0x000000060e600000| Untracked 
|  67|0x000000060e800000, 0x000000060e800000, 0x000000060ea00000|  0%| F|  |TAMS 0x000000060e800000, 0x000000060e800000| Untracked 
|  68|0x000000060ea00000, 0x000000060ea00000, 0x000000060ec00000|  0%| F|  |TAMS 0x000000060ea00000, 0x000000060ea00000| Untracked 
|  69|0x000000060ec00000, 0x000000060ec00000, 0x000000060ee00000|  0%| F|  |TAMS 0x000000060ec00000, 0x000000060ec00000| Untracked 
|  70|0x000000060ee00000, 0x000000060ee00000, 0x000000060f000000|  0%| F|  |TAMS 0x000000060ee00000, 0x000000060ee00000| Untracked 
|  71|0x000000060f000000, 0x000000060f000000, 0x000000060f200000|  0%| F|  |TAMS 0x000000060f000000, 0x000000060f000000| Untracked 
|  72|0x000000060f200000, 0x000000060f200000, 0x000000060f400000|  0%| F|  |TAMS 0x000000060f200000, 0x000000060f200000| Untracked 
|  73|0x000000060f400000, 0x000000060f400000, 0x000000060f600000|  0%| F|  |TAMS 0x000000060f400000, 0x000000060f400000| Untracked 
|  74|0x000000060f600000, 0x000000060f600000, 0x000000060f800000|  0%| F|  |TAMS 0x000000060f600000, 0x000000060f600000| Untracked 
|  75|0x000000060f800000, 0x000000060f800000, 0x000000060fa00000|  0%| F|  |TAMS 0x000000060f800000, 0x000000060f800000| Untracked 
|  76|0x000000060fa00000, 0x000000060fa00000, 0x000000060fc00000|  0%| F|  |TAMS 0x000000060fa00000, 0x000000060fa00000| Untracked 
|  77|0x000000060fc00000, 0x000000060fc00000, 0x000000060fe00000|  0%| F|  |TAMS 0x000000060fc00000, 0x000000060fc00000| Untracked 
|  78|0x000000060fe00000, 0x000000060fe00000, 0x0000000610000000|  0%| F|  |TAMS 0x000000060fe00000, 0x000000060fe00000| Untracked 
|  79|0x0000000610000000, 0x0000000610000000, 0x0000000610200000|  0%| F|  |TAMS 0x0000000610000000, 0x0000000610000000| Untracked 
|  80|0x0000000610200000, 0x0000000610200000, 0x0000000610400000|  0%| F|  |TAMS 0x0000000610200000, 0x0000000610200000| Untracked 
|  81|0x0000000610400000, 0x0000000610400000, 0x0000000610600000|  0%| F|  |TAMS 0x0000000610400000, 0x0000000610400000| Untracked 
|  82|0x0000000610600000, 0x0000000610600000, 0x0000000610800000|  0%| F|  |TAMS 0x0000000610600000, 0x0000000610600000| Untracked 
|  83|0x0000000610800000, 0x0000000610800000, 0x0000000610a00000|  0%| F|  |TAMS 0x0000000610800000, 0x0000000610800000| Untracked 
|  84|0x0000000610a00000, 0x0000000610a00000, 0x0000000610c00000|  0%| F|  |TAMS 0x0000000610a00000, 0x0000000610a00000| Untracked 
|  85|0x0000000610c00000, 0x0000000610c00000, 0x0000000610e00000|  0%| F|  |TAMS 0x0000000610c00000, 0x0000000610c00000| Untracked 
|  86|0x0000000610e00000, 0x0000000610e00000, 0x0000000611000000|  0%| F|  |TAMS 0x0000000610e00000, 0x0000000610e00000| Untracked 
|  87|0x0000000611000000, 0x0000000611000000, 0x0000000611200000|  0%| F|  |TAMS 0x0000000611000000, 0x0000000611000000| Untracked 
|  88|0x0000000611200000, 0x0000000611200000, 0x0000000611400000|  0%| F|  |TAMS 0x0000000611200000, 0x0000000611200000| Untracked 
|  89|0x0000000611400000, 0x0000000611400000, 0x0000000611600000|  0%| F|  |TAMS 0x0000000611400000, 0x0000000611400000| Untracked 
|  90|0x0000000611600000, 0x0000000611600000, 0x0000000611800000|  0%| F|  |TAMS 0x0000000611600000, 0x0000000611600000| Untracked 
|  91|0x0000000611800000, 0x0000000611800000, 0x0000000611a00000|  0%| F|  |TAMS 0x0000000611800000, 0x0000000611800000| Untracked 
|  92|0x0000000611a00000, 0x0000000611a00000, 0x0000000611c00000|  0%| F|  |TAMS 0x0000000611a00000, 0x0000000611a00000| Untracked 
|  93|0x0000000611c00000, 0x0000000611c00000, 0x0000000611e00000|  0%| F|  |TAMS 0x0000000611c00000, 0x0000000611c00000| Untracked 
|  94|0x0000000611e00000, 0x0000000611e00000, 0x0000000612000000|  0%| F|  |TAMS 0x0000000611e00000, 0x0000000611e00000| Untracked 
|  95|0x0000000612000000, 0x0000000612000000, 0x0000000612200000|  0%| F|  |TAMS 0x0000000612000000, 0x0000000612000000| Untracked 
|  96|0x0000000612200000, 0x0000000612200000, 0x0000000612400000|  0%| F|  |TAMS 0x0000000612200000, 0x0000000612200000| Untracked 
|  97|0x0000000612400000, 0x0000000612400000, 0x0000000612600000|  0%| F|  |TAMS 0x0000000612400000, 0x0000000612400000| Untracked 
|  98|0x0000000612600000, 0x0000000612600000, 0x0000000612800000|  0%| F|  |TAMS 0x0000000612600000, 0x0000000612600000| Untracked 
|  99|0x0000000612800000, 0x0000000612800000, 0x0000000612a00000|  0%| F|  |TAMS 0x0000000612800000, 0x0000000612800000| Untracked 
| 100|0x0000000612a00000, 0x0000000612a00000, 0x0000000612c00000|  0%| F|  |TAMS 0x0000000612a00000, 0x0000000612a00000| Untracked 
| 101|0x0000000612c00000, 0x0000000612c00000, 0x0000000612e00000|  0%| F|  |TAMS 0x0000000612c00000, 0x0000000612c00000| Untracked 
| 102|0x0000000612e00000, 0x0000000612e00000, 0x0000000613000000|  0%| F|  |TAMS 0x0000000612e00000, 0x0000000612e00000| Untracked 
| 103|0x0000000613000000, 0x0000000613000000, 0x0000000613200000|  0%| F|  |TAMS 0x0000000613000000, 0x0000000613000000| Untracked 
| 104|0x0000000613200000, 0x0000000613200000, 0x0000000613400000|  0%| F|  |TAMS 0x0000000613200000, 0x0000000613200000| Untracked 
| 105|0x0000000613400000, 0x0000000613400000, 0x0000000613600000|  0%| F|  |TAMS 0x0000000613400000, 0x0000000613400000| Untracked 
| 106|0x0000000613600000, 0x0000000613600000, 0x0000000613800000|  0%| F|  |TAMS 0x0000000613600000, 0x0000000613600000| Untracked 
| 107|0x0000000613800000, 0x0000000613800000, 0x0000000613a00000|  0%| F|  |TAMS 0x0000000613800000, 0x0000000613800000| Untracked 
| 108|0x0000000613a00000, 0x0000000613a00000, 0x0000000613c00000|  0%| F|  |TAMS 0x0000000613a00000, 0x0000000613a00000| Untracked 
| 109|0x0000000613c00000, 0x0000000613c00000, 0x0000000613e00000|  0%| F|  |TAMS 0x0000000613c00000, 0x0000000613c00000| Untracked 
| 110|0x0000000613e00000, 0x0000000613e00000, 0x0000000614000000|  0%| F|  |TAMS 0x0000000613e00000, 0x0000000613e00000| Untracked 
| 111|0x0000000614000000, 0x0000000614000000, 0x0000000614200000|  0%| F|  |TAMS 0x0000000614000000, 0x0000000614000000| Untracked 
| 112|0x0000000614200000, 0x0000000614200000, 0x0000000614400000|  0%| F|  |TAMS 0x0000000614200000, 0x0000000614200000| Untracked 
| 113|0x0000000614400000, 0x0000000614400000, 0x0000000614600000|  0%| F|  |TAMS 0x0000000614400000, 0x0000000614400000| Untracked 
| 114|0x0000000614600000, 0x0000000614600000, 0x0000000614800000|  0%| F|  |TAMS 0x0000000614600000, 0x0000000614600000| Untracked 
| 115|0x0000000614800000, 0x0000000614800000, 0x0000000614a00000|  0%| F|  |TAMS 0x0000000614800000, 0x0000000614800000| Untracked 
| 116|0x0000000614a00000, 0x0000000614a00000, 0x0000000614c00000|  0%| F|  |TAMS 0x0000000614a00000, 0x0000000614a00000| Untracked 
| 117|0x0000000614c00000, 0x0000000614c00000, 0x0000000614e00000|  0%| F|  |TAMS 0x0000000614c00000, 0x0000000614c00000| Untracked 
| 118|0x0000000614e00000, 0x0000000614e00000, 0x0000000615000000|  0%| F|  |TAMS 0x0000000614e00000, 0x0000000614e00000| Untracked 
| 119|0x0000000615000000, 0x0000000615000000, 0x0000000615200000|  0%| F|  |TAMS 0x0000000615000000, 0x0000000615000000| Untracked 
| 120|0x0000000615200000, 0x0000000615200000, 0x0000000615400000|  0%| F|  |TAMS 0x0000000615200000, 0x0000000615200000| Untracked 
| 121|0x0000000615400000, 0x0000000615400000, 0x0000000615600000|  0%| F|  |TAMS 0x0000000615400000, 0x0000000615400000| Untracked 
| 122|0x0000000615600000, 0x0000000615600000, 0x0000000615800000|  0%| F|  |TAMS 0x0000000615600000, 0x0000000615600000| Untracked 
| 123|0x0000000615800000, 0x0000000615800000, 0x0000000615a00000|  0%| F|  |TAMS 0x0000000615800000, 0x0000000615800000| Untracked 
| 124|0x0000000615a00000, 0x0000000615a00000, 0x0000000615c00000|  0%| F|  |TAMS 0x0000000615a00000, 0x0000000615a00000| Untracked 
| 125|0x0000000615c00000, 0x0000000615c00000, 0x0000000615e00000|  0%| F|  |TAMS 0x0000000615c00000, 0x0000000615c00000| Untracked 
| 126|0x0000000615e00000, 0x0000000615e00000, 0x0000000616000000|  0%| F|  |TAMS 0x0000000615e00000, 0x0000000615e00000| Untracked 
| 127|0x0000000616000000, 0x0000000616000000, 0x0000000616200000|  0%| F|  |TAMS 0x0000000616000000, 0x0000000616000000| Untracked 
| 128|0x0000000616200000, 0x0000000616200000, 0x0000000616400000|  0%| F|  |TAMS 0x0000000616200000, 0x0000000616200000| Untracked 
| 129|0x0000000616400000, 0x0000000616400000, 0x0000000616600000|  0%| F|  |TAMS 0x0000000616400000, 0x0000000616400000| Untracked 
| 130|0x0000000616600000, 0x0000000616600000, 0x0000000616800000|  0%| F|  |TAMS 0x0000000616600000, 0x0000000616600000| Untracked 
| 131|0x0000000616800000, 0x0000000616800000, 0x0000000616a00000|  0%| F|  |TAMS 0x0000000616800000, 0x0000000616800000| Untracked 
| 132|0x0000000616a00000, 0x0000000616a00000, 0x0000000616c00000|  0%| F|  |TAMS 0x0000000616a00000, 0x0000000616a00000| Untracked 
| 133|0x0000000616c00000, 0x0000000616c00000, 0x0000000616e00000|  0%| F|  |TAMS 0x0000000616c00000, 0x0000000616c00000| Untracked 
| 134|0x0000000616e00000, 0x0000000616e00000, 0x0000000617000000|  0%| F|  |TAMS 0x0000000616e00000, 0x0000000616e00000| Untracked 
| 135|0x0000000617000000, 0x0000000617000000, 0x0000000617200000|  0%| F|  |TAMS 0x0000000617000000, 0x0000000617000000| Untracked 
| 136|0x0000000617200000, 0x0000000617200000, 0x0000000617400000|  0%| F|  |TAMS 0x0000000617200000, 0x0000000617200000| Untracked 
| 137|0x0000000617400000, 0x0000000617400000, 0x0000000617600000|  0%| F|  |TAMS 0x0000000617400000, 0x0000000617400000| Untracked 
| 138|0x0000000617600000, 0x0000000617600000, 0x0000000617800000|  0%| F|  |TAMS 0x0000000617600000, 0x0000000617600000| Untracked 
| 139|0x0000000617800000, 0x0000000617800000, 0x0000000617a00000|  0%| F|  |TAMS 0x0000000617800000, 0x0000000617800000| Untracked 
| 140|0x0000000617a00000, 0x0000000617a00000, 0x0000000617c00000|  0%| F|  |TAMS 0x0000000617a00000, 0x0000000617a00000| Untracked 
| 141|0x0000000617c00000, 0x0000000617c00000, 0x0000000617e00000|  0%| F|  |TAMS 0x0000000617c00000, 0x0000000617c00000| Untracked 
| 142|0x0000000617e00000, 0x0000000617e00000, 0x0000000618000000|  0%| F|  |TAMS 0x0000000617e00000, 0x0000000617e00000| Untracked 
| 143|0x0000000618000000, 0x0000000618000000, 0x0000000618200000|  0%| F|  |TAMS 0x0000000618000000, 0x0000000618000000| Untracked 
| 144|0x0000000618200000, 0x0000000618200000, 0x0000000618400000|  0%| F|  |TAMS 0x0000000618200000, 0x0000000618200000| Untracked 
| 145|0x0000000618400000, 0x0000000618400000, 0x0000000618600000|  0%| F|  |TAMS 0x0000000618400000, 0x0000000618400000| Untracked 
| 146|0x0000000618600000, 0x0000000618600000, 0x0000000618800000|  0%| F|  |TAMS 0x0000000618600000, 0x0000000618600000| Untracked 
| 147|0x0000000618800000, 0x0000000618800000, 0x0000000618a00000|  0%| F|  |TAMS 0x0000000618800000, 0x0000000618800000| Untracked 
| 148|0x0000000618a00000, 0x0000000618a00000, 0x0000000618c00000|  0%| F|  |TAMS 0x0000000618a00000, 0x0000000618a00000| Untracked 
| 149|0x0000000618c00000, 0x0000000618c00000, 0x0000000618e00000|  0%| F|  |TAMS 0x0000000618c00000, 0x0000000618c00000| Untracked 
| 150|0x0000000618e00000, 0x0000000618e00000, 0x0000000619000000|  0%| F|  |TAMS 0x0000000618e00000, 0x0000000618e00000| Untracked 
| 151|0x0000000619000000, 0x0000000619000000, 0x0000000619200000|  0%| F|  |TAMS 0x0000000619000000, 0x0000000619000000| Untracked 
| 152|0x0000000619200000, 0x0000000619200000, 0x0000000619400000|  0%| F|  |TAMS 0x0000000619200000, 0x0000000619200000| Untracked 
| 153|0x0000000619400000, 0x0000000619400000, 0x0000000619600000|  0%| F|  |TAMS 0x0000000619400000, 0x0000000619400000| Untracked 
| 154|0x0000000619600000, 0x0000000619600000, 0x0000000619800000|  0%| F|  |TAMS 0x0000000619600000, 0x0000000619600000| Untracked 
| 155|0x0000000619800000, 0x0000000619800000, 0x0000000619a00000|  0%| F|  |TAMS 0x0000000619800000, 0x0000000619800000| Untracked 
| 156|0x0000000619a00000, 0x0000000619a00000, 0x0000000619c00000|  0%| F|  |TAMS 0x0000000619a00000, 0x0000000619a00000| Untracked 
| 157|0x0000000619c00000, 0x0000000619c00000, 0x0000000619e00000|  0%| F|  |TAMS 0x0000000619c00000, 0x0000000619c00000| Untracked 
| 158|0x0000000619e00000, 0x0000000619e00000, 0x000000061a000000|  0%| F|  |TAMS 0x0000000619e00000, 0x0000000619e00000| Untracked 
| 159|0x000000061a000000, 0x000000061a000000, 0x000000061a200000|  0%| F|  |TAMS 0x000000061a000000, 0x000000061a000000| Untracked 
| 160|0x000000061a200000, 0x000000061a200000, 0x000000061a400000|  0%| F|  |TAMS 0x000000061a200000, 0x000000061a200000| Untracked 
| 161|0x000000061a400000, 0x000000061a400000, 0x000000061a600000|  0%| F|  |TAMS 0x000000061a400000, 0x000000061a400000| Untracked 
| 162|0x000000061a600000, 0x000000061a600000, 0x000000061a800000|  0%| F|  |TAMS 0x000000061a600000, 0x000000061a600000| Untracked 
| 163|0x000000061a800000, 0x000000061a800000, 0x000000061aa00000|  0%| F|  |TAMS 0x000000061a800000, 0x000000061a800000| Untracked 
| 164|0x000000061aa00000, 0x000000061aa00000, 0x000000061ac00000|  0%| F|  |TAMS 0x000000061aa00000, 0x000000061aa00000| Untracked 
| 165|0x000000061ac00000, 0x000000061ac00000, 0x000000061ae00000|  0%| F|  |TAMS 0x000000061ac00000, 0x000000061ac00000| Untracked 
| 166|0x000000061ae00000, 0x000000061ae00000, 0x000000061b000000|  0%| F|  |TAMS 0x000000061ae00000, 0x000000061ae00000| Untracked 
| 167|0x000000061b000000, 0x000000061b000000, 0x000000061b200000|  0%| F|  |TAMS 0x000000061b000000, 0x000000061b000000| Untracked 
| 168|0x000000061b200000, 0x000000061b200000, 0x000000061b400000|  0%| F|  |TAMS 0x000000061b200000, 0x000000061b200000| Untracked 
| 169|0x000000061b400000, 0x000000061b400000, 0x000000061b600000|  0%| F|  |TAMS 0x000000061b400000, 0x000000061b400000| Untracked 
| 170|0x000000061b600000, 0x000000061b600000, 0x000000061b800000|  0%| F|  |TAMS 0x000000061b600000, 0x000000061b600000| Untracked 
| 171|0x000000061b800000, 0x000000061b800000, 0x000000061ba00000|  0%| F|  |TAMS 0x000000061b800000, 0x000000061b800000| Untracked 
| 172|0x000000061ba00000, 0x000000061ba00000, 0x000000061bc00000|  0%| F|  |TAMS 0x000000061ba00000, 0x000000061ba00000| Untracked 
| 173|0x000000061bc00000, 0x000000061bc00000, 0x000000061be00000|  0%| F|  |TAMS 0x000000061bc00000, 0x000000061bc00000| Untracked 
| 174|0x000000061be00000, 0x000000061be00000, 0x000000061c000000|  0%| F|  |TAMS 0x000000061be00000, 0x000000061be00000| Untracked 
| 175|0x000000061c000000, 0x000000061c000000, 0x000000061c200000|  0%| F|  |TAMS 0x000000061c000000, 0x000000061c000000| Untracked 
| 176|0x000000061c200000, 0x000000061c200000, 0x000000061c400000|  0%| F|  |TAMS 0x000000061c200000, 0x000000061c200000| Untracked 
| 177|0x000000061c400000, 0x000000061c400000, 0x000000061c600000|  0%| F|  |TAMS 0x000000061c400000, 0x000000061c400000| Untracked 
| 178|0x000000061c600000, 0x000000061c600000, 0x000000061c800000|  0%| F|  |TAMS 0x000000061c600000, 0x000000061c600000| Untracked 
| 179|0x000000061c800000, 0x000000061c800000, 0x000000061ca00000|  0%| F|  |TAMS 0x000000061c800000, 0x000000061c800000| Untracked 
| 180|0x000000061ca00000, 0x000000061ca00000, 0x000000061cc00000|  0%| F|  |TAMS 0x000000061ca00000, 0x000000061ca00000| Untracked 
| 181|0x000000061cc00000, 0x000000061cc00000, 0x000000061ce00000|  0%| F|  |TAMS 0x000000061cc00000, 0x000000061cc00000| Untracked 
| 182|0x000000061ce00000, 0x000000061ce00000, 0x000000061d000000|  0%| F|  |TAMS 0x000000061ce00000, 0x000000061ce00000| Untracked 
| 183|0x000000061d000000, 0x000000061d000000, 0x000000061d200000|  0%| F|  |TAMS 0x000000061d000000, 0x000000061d000000| Untracked 
| 184|0x000000061d200000, 0x000000061d200000, 0x000000061d400000|  0%| F|  |TAMS 0x000000061d200000, 0x000000061d200000| Untracked 
| 185|0x000000061d400000, 0x000000061d400000, 0x000000061d600000|  0%| F|  |TAMS 0x000000061d400000, 0x000000061d400000| Untracked 
| 186|0x000000061d600000, 0x000000061d600000, 0x000000061d800000|  0%| F|  |TAMS 0x000000061d600000, 0x000000061d600000| Untracked 
| 187|0x000000061d800000, 0x000000061d800000, 0x000000061da00000|  0%| F|  |TAMS 0x000000061d800000, 0x000000061d800000| Untracked 
| 188|0x000000061da00000, 0x000000061da00000, 0x000000061dc00000|  0%| F|  |TAMS 0x000000061da00000, 0x000000061da00000| Untracked 
| 189|0x000000061dc00000, 0x000000061dc00000, 0x000000061de00000|  0%| F|  |TAMS 0x000000061dc00000, 0x000000061dc00000| Untracked 
| 190|0x000000061de00000, 0x000000061de00000, 0x000000061e000000|  0%| F|  |TAMS 0x000000061de00000, 0x000000061de00000| Untracked 
| 191|0x000000061e000000, 0x000000061e000000, 0x000000061e200000|  0%| F|  |TAMS 0x000000061e000000, 0x000000061e000000| Untracked 
| 192|0x000000061e200000, 0x000000061e200000, 0x000000061e400000|  0%| F|  |TAMS 0x000000061e200000, 0x000000061e200000| Untracked 
| 193|0x000000061e400000, 0x000000061e400000, 0x000000061e600000|  0%| F|  |TAMS 0x000000061e400000, 0x000000061e400000| Untracked 
| 194|0x000000061e600000, 0x000000061e600000, 0x000000061e800000|  0%| F|  |TAMS 0x000000061e600000, 0x000000061e600000| Untracked 
| 195|0x000000061e800000, 0x000000061e800000, 0x000000061ea00000|  0%| F|  |TAMS 0x000000061e800000, 0x000000061e800000| Untracked 
| 196|0x000000061ea00000, 0x000000061ea00000, 0x000000061ec00000|  0%| F|  |TAMS 0x000000061ea00000, 0x000000061ea00000| Untracked 
| 197|0x000000061ec00000, 0x000000061ec00000, 0x000000061ee00000|  0%| F|  |TAMS 0x000000061ec00000, 0x000000061ec00000| Untracked 
| 198|0x000000061ee00000, 0x000000061ee00000, 0x000000061f000000|  0%| F|  |TAMS 0x000000061ee00000, 0x000000061ee00000| Untracked 
| 199|0x000000061f000000, 0x000000061f000000, 0x000000061f200000|  0%| F|  |TAMS 0x000000061f000000, 0x000000061f000000| Untracked 
| 200|0x000000061f200000, 0x000000061f200000, 0x000000061f400000|  0%| F|  |TAMS 0x000000061f200000, 0x000000061f200000| Untracked 
| 201|0x000000061f400000, 0x000000061f400000, 0x000000061f600000|  0%| F|  |TAMS 0x000000061f400000, 0x000000061f400000| Untracked 
| 202|0x000000061f600000, 0x000000061f600000, 0x000000061f800000|  0%| F|  |TAMS 0x000000061f600000, 0x000000061f600000| Untracked 
| 203|0x000000061f800000, 0x000000061f800000, 0x000000061fa00000|  0%| F|  |TAMS 0x000000061f800000, 0x000000061f800000| Untracked 
| 204|0x000000061fa00000, 0x000000061fa00000, 0x000000061fc00000|  0%| F|  |TAMS 0x000000061fa00000, 0x000000061fa00000| Untracked 
| 205|0x000000061fc00000, 0x000000061fc00000, 0x000000061fe00000|  0%| F|  |TAMS 0x000000061fc00000, 0x000000061fc00000| Untracked 
| 206|0x000000061fe00000, 0x000000061fe00000, 0x0000000620000000|  0%| F|  |TAMS 0x000000061fe00000, 0x000000061fe00000| Untracked 
| 207|0x0000000620000000, 0x0000000620000000, 0x0000000620200000|  0%| F|  |TAMS 0x0000000620000000, 0x0000000620000000| Untracked 
| 208|0x0000000620200000, 0x0000000620200000, 0x0000000620400000|  0%| F|  |TAMS 0x0000000620200000, 0x0000000620200000| Untracked 
| 209|0x0000000620400000, 0x0000000620400000, 0x0000000620600000|  0%| F|  |TAMS 0x0000000620400000, 0x0000000620400000| Untracked 
| 210|0x0000000620600000, 0x0000000620600000, 0x0000000620800000|  0%| F|  |TAMS 0x0000000620600000, 0x0000000620600000| Untracked 
| 211|0x0000000620800000, 0x0000000620800000, 0x0000000620a00000|  0%| F|  |TAMS 0x0000000620800000, 0x0000000620800000| Untracked 
| 212|0x0000000620a00000, 0x0000000620a00000, 0x0000000620c00000|  0%| F|  |TAMS 0x0000000620a00000, 0x0000000620a00000| Untracked 
| 213|0x0000000620c00000, 0x0000000620c00000, 0x0000000620e00000|  0%| F|  |TAMS 0x0000000620c00000, 0x0000000620c00000| Untracked 
| 214|0x0000000620e00000, 0x0000000620e00000, 0x0000000621000000|  0%| F|  |TAMS 0x0000000620e00000, 0x0000000620e00000| Untracked 
| 215|0x0000000621000000, 0x0000000621000000, 0x0000000621200000|  0%| F|  |TAMS 0x0000000621000000, 0x0000000621000000| Untracked 
| 216|0x0000000621200000, 0x0000000621200000, 0x0000000621400000|  0%| F|  |TAMS 0x0000000621200000, 0x0000000621200000| Untracked 
| 217|0x0000000621400000, 0x0000000621400000, 0x0000000621600000|  0%| F|  |TAMS 0x0000000621400000, 0x0000000621400000| Untracked 
| 218|0x0000000621600000, 0x0000000621600000, 0x0000000621800000|  0%| F|  |TAMS 0x0000000621600000, 0x0000000621600000| Untracked 
| 219|0x0000000621800000, 0x0000000621800000, 0x0000000621a00000|  0%| F|  |TAMS 0x0000000621800000, 0x0000000621800000| Untracked 
| 220|0x0000000621a00000, 0x0000000621a00000, 0x0000000621c00000|  0%| F|  |TAMS 0x0000000621a00000, 0x0000000621a00000| Untracked 
| 221|0x0000000621c00000, 0x0000000621c00000, 0x0000000621e00000|  0%| F|  |TAMS 0x0000000621c00000, 0x0000000621c00000| Untracked 
| 222|0x0000000621e00000, 0x0000000621e00000, 0x0000000622000000|  0%| F|  |TAMS 0x0000000621e00000, 0x0000000621e00000| Untracked 
| 223|0x0000000622000000, 0x0000000622000000, 0x0000000622200000|  0%| F|  |TAMS 0x0000000622000000, 0x0000000622000000| Untracked 
| 224|0x0000000622200000, 0x0000000622200000, 0x0000000622400000|  0%| F|  |TAMS 0x0000000622200000, 0x0000000622200000| Untracked 
| 225|0x0000000622400000, 0x0000000622400000, 0x0000000622600000|  0%| F|  |TAMS 0x0000000622400000, 0x0000000622400000| Untracked 
| 226|0x0000000622600000, 0x0000000622600000, 0x0000000622800000|  0%| F|  |TAMS 0x0000000622600000, 0x0000000622600000| Untracked 
| 227|0x0000000622800000, 0x0000000622800000, 0x0000000622a00000|  0%| F|  |TAMS 0x0000000622800000, 0x0000000622800000| Untracked 
| 228|0x0000000622a00000, 0x0000000622a00000, 0x0000000622c00000|  0%| F|  |TAMS 0x0000000622a00000, 0x0000000622a00000| Untracked 
| 229|0x0000000622c00000, 0x0000000622c00000, 0x0000000622e00000|  0%| F|  |TAMS 0x0000000622c00000, 0x0000000622c00000| Untracked 
| 230|0x0000000622e00000, 0x0000000622e00000, 0x0000000623000000|  0%| F|  |TAMS 0x0000000622e00000, 0x0000000622e00000| Untracked 
| 231|0x0000000623000000, 0x0000000623000000, 0x0000000623200000|  0%| F|  |TAMS 0x0000000623000000, 0x0000000623000000| Untracked 
| 232|0x0000000623200000, 0x0000000623200000, 0x0000000623400000|  0%| F|  |TAMS 0x0000000623200000, 0x0000000623200000| Untracked 
| 233|0x0000000623400000, 0x0000000623400000, 0x0000000623600000|  0%| F|  |TAMS 0x0000000623400000, 0x0000000623400000| Untracked 
| 234|0x0000000623600000, 0x0000000623600000, 0x0000000623800000|  0%| F|  |TAMS 0x0000000623600000, 0x0000000623600000| Untracked 
| 235|0x0000000623800000, 0x0000000623800000, 0x0000000623a00000|  0%| F|  |TAMS 0x0000000623800000, 0x0000000623800000| Untracked 
| 236|0x0000000623a00000, 0x0000000623a00000, 0x0000000623c00000|  0%| F|  |TAMS 0x0000000623a00000, 0x0000000623a00000| Untracked 
| 237|0x0000000623c00000, 0x0000000623c00000, 0x0000000623e00000|  0%| F|  |TAMS 0x0000000623c00000, 0x0000000623c00000| Untracked 
| 238|0x0000000623e00000, 0x0000000623e00000, 0x0000000624000000|  0%| F|  |TAMS 0x0000000623e00000, 0x0000000623e00000| Untracked 
| 239|0x0000000624000000, 0x0000000624000000, 0x0000000624200000|  0%| F|  |TAMS 0x0000000624000000, 0x0000000624000000| Untracked 
| 240|0x0000000624200000, 0x0000000624200000, 0x0000000624400000|  0%| F|  |TAMS 0x0000000624200000, 0x0000000624200000| Untracked 
| 241|0x0000000624400000, 0x0000000624600000, 0x0000000624600000|100%| E|CS|TAMS 0x0000000624400000, 0x0000000624400000| Complete 
| 242|0x0000000624600000, 0x0000000624800000, 0x0000000624800000|100%| E|CS|TAMS 0x0000000624600000, 0x0000000624600000| Complete 
| 243|0x0000000624800000, 0x0000000624a00000, 0x0000000624a00000|100%| E|CS|TAMS 0x0000000624800000, 0x0000000624800000| Complete 
| 244|0x0000000624a00000, 0x0000000624c00000, 0x0000000624c00000|100%| E|CS|TAMS 0x0000000624a00000, 0x0000000624a00000| Complete 
| 245|0x0000000624c00000, 0x0000000624e00000, 0x0000000624e00000|100%| E|CS|TAMS 0x0000000624c00000, 0x0000000624c00000| Complete 
| 246|0x0000000624e00000, 0x0000000625000000, 0x0000000625000000|100%| E|CS|TAMS 0x0000000624e00000, 0x0000000624e00000| Complete 
| 247|0x0000000625000000, 0x0000000625200000, 0x0000000625200000|100%| E|CS|TAMS 0x0000000625000000, 0x0000000625000000| Complete 
| 248|0x0000000625200000, 0x0000000625400000, 0x0000000625400000|100%| E|  |TAMS 0x0000000625200000, 0x0000000625200000| Complete 
| 249|0x0000000625400000, 0x0000000625600000, 0x0000000625600000|100%| E|CS|TAMS 0x0000000625400000, 0x0000000625400000| Complete 
| 250|0x0000000625600000, 0x0000000625800000, 0x0000000625800000|100%| E|CS|TAMS 0x0000000625600000, 0x0000000625600000| Complete 
| 251|0x0000000625800000, 0x0000000625a00000, 0x0000000625a00000|100%| E|CS|TAMS 0x0000000625800000, 0x0000000625800000| Complete 
| 252|0x0000000625a00000, 0x0000000625c00000, 0x0000000625c00000|100%| E|CS|TAMS 0x0000000625a00000, 0x0000000625a00000| Complete 

Card table byte_map: [0x0000011339520000,0x000001133a4f0000] _byte_map_base: 0x00000113364ef000

Marking Bits (Prev, Next): (CMBitMap*) 0x0000011320d72dd8, (CMBitMap*) 0x0000011320d72e10
 Prev Bits: [0x000001133b4c0000, 0x0000011343338000)
 Next Bits: [0x0000011343340000, 0x000001134b1b8000)

Polling page: 0x000001131eb60000

Metaspace:

Usage:
  Non-class:     11.08 MB capacity,    10.85 MB ( 98%) used,   207.16 KB (  2%) free+waste,    29.88 KB ( <1%) overhead. 
      Class:      1.40 MB capacity,     1.28 MB ( 91%) used,   115.32 KB (  8%) free+waste,    14.88 KB (  1%) overhead. 
       Both:     12.48 MB capacity,    12.12 MB ( 97%) used,   322.48 KB (  3%) free+waste,    44.75 KB ( <1%) overhead. 

Virtual space:
  Non-class space:       12.00 MB reserved,      11.25 MB ( 94%) committed 
      Class space:        1.00 GB reserved,       1.50 MB ( <1%) committed 
             Both:        1.01 GB reserved,      12.75 MB (  1%) committed 

Chunk freelists:
   Non-Class:  5.63 KB
       Class:  512 bytes
        Both:  6.13 KB

CodeHeap 'non-profiled nmethods': size=238336Kb used=1493Kb max_used=1493Kb free=236842Kb
 bounds [0x0000011329730000, 0x00000113299a0000, 0x0000011337ff0000]
CodeHeap 'non-nmethods': size=7424Kb used=1672Kb max_used=1672Kb free=5751Kb
 bounds [0x0000011328ff0000, 0x0000011329260000, 0x0000011329730000]
 total_blobs=1485 nmethods=1067 adapters=327
 compilation: enabled
              stopped_count=0, restarted_count=0
 full_count=0

Compilation events (10 events):
Event: 0.372 Thread 0x000001134f09c800 1064       1       java.net.URL::getUserInfo (5 bytes)
Event: 0.372 Thread 0x000001134f09c800 nmethod 1064 0x00000113298a3a90 code [0x00000113298a3c40, 0x00000113298a3d58]
Event: 0.372 Thread 0x000001134f09c800 1065       1       java.security.CodeSource::getLocation (5 bytes)
Event: 0.372 Thread 0x000001134f09c800 nmethod 1065 0x00000113298a3e10 code [0x00000113298a3fc0, 0x00000113298a40d8]
Event: 0.373 Thread 0x000001134f09c800 1066       1       sun.net.util.URLUtil::urlNoFragString (114 bytes)
Event: 0.373 Thread 0x000001134f09c800 nmethod 1066 0x00000113298a4190 code [0x00000113298a4400, 0x00000113298a4990]
Event: 0.373 Thread 0x000001134f09c800 1067       1       java.net.URL::getDefaultPort (8 bytes)
Event: 0.373 Thread 0x000001134f09c800 nmethod 1067 0x00000113298a4d10 code [0x00000113298a4ec0, 0x00000113298a4ff8]
Event: 0.373 Thread 0x000001134f09c800 1068       1       java.lang.String::regionMatches (150 bytes)
Event: 0.373 Thread 0x000001134f09c800 nmethod 1068 0x00000113298a5090 code [0x00000113298a5280, 0x00000113298a55b0]

GC Heap History (0 events):
No events

Deoptimization events (0 events):
No events

Classes redefined (0 events):
No events

Internal exceptions (10 events):
Event: 0.306 Thread 0x0000011320cee000 Exception <a 'java/lang/NoSuchMethodError'{0x0000000624881088}: java.lang.invoke.DirectMethodHandle$Holder.invokeSpecialIFC(Ljava/lang/Object;Ljava/lang/Object;Ljava/lang/Object;)I> (0x0000000624881088) thrown at [c:/sb/prod/1715189812/workspace/open/src/
Event: 0.312 Thread 0x0000011320cee000 Exception <a 'java/lang/NoSuchMethodError'{0x00000006248e35a0}: java.lang.invoke.DirectMethodHandle$Holder.invokeStatic(Ljava/lang/Object;IIII)Ljava/lang/Object;> (0x00000006248e35a0) thrown at [c:/sb/prod/1715189812/workspace/open/src/hotspot/share/inter
Event: 0.312 Thread 0x0000011320cee000 Exception <a 'java/lang/NoSuchMethodError'{0x00000006248e66b8}: java.lang.invoke.DirectMethodHandle$Holder.invokeStaticInit(Ljava/lang/Object;IIII)Ljava/lang/Object;> (0x00000006248e66b8) thrown at [c:/sb/prod/1715189812/workspace/open/src/hotspot/share/i
Event: 0.335 Thread 0x0000011320cee000 Exception <a 'java/lang/NoSuchMethodError'{0x000000062493a720}: java.lang.invoke.DirectMethodHandle$Holder.invokeStatic(Ljava/lang/Object;Ljava/lang/Object;IIII)Ljava/lang/Object;> (0x000000062493a720) thrown at [c:/sb/prod/1715189812/workspace/open/src/h
Event: 0.335 Thread 0x0000011320cee000 Exception <a 'java/lang/NoSuchMethodError'{0x000000062493da68}: java.lang.invoke.DirectMethodHandle$Holder.invokeStaticInit(Ljava/lang/Object;Ljava/lang/Object;IIII)Ljava/lang/Object;> (0x000000062493da68) thrown at [c:/sb/prod/1715189812/workspace/open/s
Event: 0.339 Thread 0x0000011320cee000 Exception <a 'java/lang/ClassNotFoundException'{0x000000062495b280}: javax/management/remote/rmi/RMIServerImpl_Skel> (0x000000062495b280) thrown at [c:/sb/prod/1715189812/workspace/open/src/hotspot/share/classfile/systemDictionary.cpp, line 231]
Event: 0.352 Thread 0x0000011320cee000 Exception <a 'java/lang/ClassNotFoundException'{0x00000006249e7380}: jdk/internal/agent/resources/spi/agentProvider> (0x00000006249e7380) thrown at [c:/sb/prod/1715189812/workspace/open/src/hotspot/share/classfile/systemDictionary.cpp, line 231]
Event: 0.354 Thread 0x0000011320cee000 Exception <a 'java/lang/NoSuchMethodError'{0x00000006246514e0}: java.lang.invoke.DirectMethodHandle$Holder.invokeStatic(Ljava/lang/Object;Ljava/lang/Object;Ljava/lang/Object;Ljava/lang/Object;Ljava/lang/Object;Ljava/lang/Object;Ljava/lang/Object;Ljava/lan
Event: 0.355 Thread 0x0000011320cee000 Exception <a 'java/lang/NoSuchMethodError'{0x000000062465dd00}: java.lang.invoke.DirectMethodHandle$Holder.invokeStatic(Ljava/lang/Object;Ljava/lang/Object;Ljava/lang/Object;Ljava/lang/Object;Ljava/lang/Object;Ljava/lang/Object;Ljava/lang/Object;Ljava/lan
Event: 0.355 Thread 0x0000011320cee000 Exception <a 'java/lang/NoSuchMethodError'{0x00000006246777d8}: java.lang.invoke.DelegatingMethodHandle$Holder.reinvoke_L(Ljava/lang/Object;ILjava/lang/Object;)Ljava/lang/Object;> (0x00000006246777d8) thrown at [c:/sb/prod/1715189812/workspace/open/src/ho

Events (10 events):
Event: 0.372 loading class ch/qos/logback/core/spi/LifeCycle done
Event: 0.373 loading class ch/qos/logback/core/ContextBase
Event: 0.373 loading class ch/qos/logback/core/ContextBase done
Event: 0.373 loading class ch/qos/logback/core/status/StatusManager
Event: 0.373 loading class ch/qos/logback/core/status/StatusManager done
Event: 0.373 loading class ch/qos/logback/core/status/Status
Event: 0.373 loading class ch/qos/logback/core/status/Status done
Event: 0.373 loading class ch/qos/logback/core/BasicStatusManager
Event: 0.373 loading class ch/qos/logback/core/BasicStatusManager done
Event: 0.373 Executing VM operation: G1CollectForAllocation


Dynamic libraries:
0x00007ff784010000 - 0x00007ff784055000 	C:\spring\jdk-11.0.0.2\bin\javaw.exe
0x00007ffdcb630000 - 0x00007ffdcb828000 	C:\Windows\SYSTEM32\ntdll.dll
0x00007ffdca860000 - 0x00007ffdca922000 	C:\Windows\System32\KERNEL32.DLL
0x00007ffdc9350000 - 0x00007ffdc964e000 	C:\Windows\System32\KERNELBASE.dll
0x00007ffdca260000 - 0x00007ffdca3fd000 	C:\Windows\System32\USER32.dll
0x00007ffdc9200000 - 0x00007ffdc9222000 	C:\Windows\System32\win32u.dll
0x00007ffdca1c0000 - 0x00007ffdca1eb000 	C:\Windows\System32\GDI32.dll
0x00007ffdc9230000 - 0x00007ffdc9347000 	C:\Windows\System32\gdi32full.dll
0x00007ffdc8d20000 - 0x00007ffdc8dbd000 	C:\Windows\System32\msvcp_win.dll
0x00007ffdc8fa0000 - 0x00007ffdc90a0000 	C:\Windows\System32\ucrtbase.dll
0x00007ffdba9e0000 - 0x00007ffdbac7a000 	C:\Windows\WinSxS\amd64_microsoft.windows.common-controls_6595b64144ccf1df_6.0.19041.4355_none_60b8b9eb71f62e16\COMCTL32.dll
0x00007ffdc9e20000 - 0x00007ffdc9ebe000 	C:\Windows\System32\msvcrt.dll
0x00007ffdca400000 - 0x00007ffdca42f000 	C:\Windows\System32\IMM32.DLL
0x00007ffdc2360000 - 0x00007ffdc2376000 	C:\spring\jdk-11.0.0.2\bin\vcruntime140.dll
0x00007ffd9fae0000 - 0x00007ffd9fb8a000 	C:\spring\jdk-11.0.0.2\bin\msvcp140.dll
0x00007ffd6b420000 - 0x00007ffd6bf63000 	C:\spring\jdk-11.0.0.2\bin\server\jvm.dll
0x00007ffdca440000 - 0x00007ffdca4f2000 	C:\Windows\System32\ADVAPI32.dll
0x00007ffdcb350000 - 0x00007ffdcb3f0000 	C:\Windows\System32\sechost.dll
0x00007ffdc9800000 - 0x00007ffdc9923000 	C:\Windows\System32\RPCRT4.dll
0x00007ffdc8dc0000 - 0x00007ffdc8de7000 	C:\Windows\System32\bcrypt.dll
0x00007ffdca430000 - 0x00007ffdca438000 	C:\Windows\System32\PSAPI.DLL
0x00007ffdc3250000 - 0x00007ffdc325a000 	C:\Windows\SYSTEM32\VERSION.dll
0x00007ffdc06e0000 - 0x00007ffdc0707000 	C:\Windows\SYSTEM32\WINMM.dll
0x00007ffdbed60000 - 0x00007ffdbed69000 	C:\Windows\SYSTEM32\WSOCK32.dll
0x00007ffdca1f0000 - 0x00007ffdca25b000 	C:\Windows\System32\WS2_32.dll
0x00007ffdc6b70000 - 0x00007ffdc6b82000 	C:\Windows\SYSTEM32\kernel.appcore.dll
0x00007ffdb5ca0000 - 0x00007ffdb5cb1000 	C:\spring\jdk-11.0.0.2\bin\verify.dll
0x00007ffdc2b80000 - 0x00007ffdc2d64000 	C:\Windows\SYSTEM32\DBGHELP.DLL
0x00007ffdc29c0000 - 0x00007ffdc29f4000 	C:\Windows\SYSTEM32\dbgcore.DLL
0x00007ffdc8ea0000 - 0x00007ffdc8f22000 	C:\Windows\System32\bcryptPrimitives.dll
0x00007ffdab710000 - 0x00007ffdab738000 	C:\spring\jdk-11.0.0.2\bin\java.dll
0x00007ffdab400000 - 0x00007ffdab416000 	C:\spring\jdk-11.0.0.2\bin\zip.dll
0x00007ffdb4e50000 - 0x00007ffdb4e5a000 	C:\spring\jdk-11.0.0.2\bin\jimage.dll
0x00007ffdcaaa0000 - 0x00007ffdcb20f000 	C:\Windows\System32\SHELL32.dll
0x00007ffdc6d70000 - 0x00007ffdc7514000 	C:\Windows\SYSTEM32\windows.storage.dll
0x00007ffdca500000 - 0x00007ffdca853000 	C:\Windows\System32\combase.dll
0x00007ffdc8700000 - 0x00007ffdc872e000 	C:\Windows\SYSTEM32\Wldp.dll
0x00007ffdcb3f0000 - 0x00007ffdcb4bd000 	C:\Windows\System32\OLEAUT32.dll
0x00007ffdca110000 - 0x00007ffdca1bd000 	C:\Windows\System32\SHCORE.dll
0x00007ffdca930000 - 0x00007ffdca985000 	C:\Windows\System32\shlwapi.dll
0x00007ffdc8c00000 - 0x00007ffdc8c24000 	C:\Windows\SYSTEM32\profapi.dll
0x00007ffda2ba0000 - 0x00007ffda2bb9000 	C:\spring\jdk-11.0.0.2\bin\net.dll
0x00007ffdc35d0000 - 0x00007ffdc36dd000 	C:\Windows\SYSTEM32\WINHTTP.dll
0x00007ffdc8460000 - 0x00007ffdc84ca000 	C:\Windows\system32\mswsock.dll
0x00007ffda2b80000 - 0x00007ffda2b93000 	C:\spring\jdk-11.0.0.2\bin\nio.dll
0x00007ffdc2060000 - 0x00007ffdc2069000 	C:\spring\jdk-11.0.0.2\bin\management.dll
0x00007ffdafaf0000 - 0x00007ffdafafc000 	C:\spring\jdk-11.0.0.2\bin\management_ext.dll
0x00007ffda4730000 - 0x00007ffda4747000 	C:\Windows\system32\napinsp.dll
0x00007ffda32b0000 - 0x00007ffda32cb000 	C:\Windows\system32\pnrpnsp.dll
0x00007ffda5190000 - 0x00007ffda51a5000 	C:\Windows\system32\wshbth.dll
0x00007ffdc5b50000 - 0x00007ffdc5b6d000 	C:\Windows\system32\NLAapi.dll
